<?xml version="1.0" encoding="UTF-8"?>
<testsuite xmlns:xsi="http://www.w3.org/2001/XMLSchema-instance" xsi:noNamespaceSchemaLocation="https://maven.apache.org/surefire/maven-surefire-plugin/xsd/surefire-test-report.xsd" version="3.0.2" name="com.Spring_Boot_Start.Spring_Boot_Start.SpringBootStartApplicationTests" time="4.503" tests="1" errors="0" skipped="0" failures="0">
  <properties>
    <property name="java.specification.version" value="24"/>
    <property name="sun.cpu.isalist" value="amd64"/>
    <property name="sun.jnu.encoding" value="Cp1252"/>
    <property name="java.class.path" value="E:\Udemy Spring\Spring_Boot_Start\target\test-classes;E:\Udemy Spring\Spring_Boot_Start\target\classes;C:\Users\Rutik Darekar\.m2\repository\org\springframework\boot\spring-boot-starter-web\3.5.4\spring-boot-starter-web-3.5.4.jar;C:\Users\Rutik Darekar\.m2\repository\org\springframework\boot\spring-boot-starter\3.5.4\spring-boot-starter-3.5.4.jar;C:\Users\Rutik Darekar\.m2\repository\org\springframework\boot\spring-boot-starter-logging\3.5.4\spring-boot-starter-logging-3.5.4.jar;C:\Users\Rutik Darekar\.m2\repository\ch\qos\logback\logback-classic\1.5.18\logback-classic-1.5.18.jar;C:\Users\Rutik Darekar\.m2\repository\ch\qos\logback\logback-core\1.5.18\logback-core-1.5.18.jar;C:\Users\Rutik Darekar\.m2\repository\org\apache\logging\log4j\log4j-to-slf4j\2.24.3\log4j-to-slf4j-2.24.3.jar;C:\Users\Rutik Darekar\.m2\repository\org\apache\logging\log4j\log4j-api\2.24.3\log4j-api-2.24.3.jar;C:\Users\Rutik Darekar\.m2\repository\org\slf4j\jul-to-slf4j\2.0.17\jul-to-slf4j-2.0.17.jar;C:\Users\Rutik Darekar\.m2\repository\jakarta\annotation\jakarta.annotation-api\2.1.1\jakarta.annotation-api-2.1.1.jar;C:\Users\Rutik Darekar\.m2\repository\org\yaml\snakeyaml\2.4\snakeyaml-2.4.jar;C:\Users\Rutik Darekar\.m2\repository\org\springframework\boot\spring-boot-starter-json\3.5.4\spring-boot-starter-json-3.5.4.jar;C:\Users\Rutik Darekar\.m2\repository\com\fasterxml\jackson\core\jackson-databind\2.19.2\jackson-databind-2.19.2.jar;C:\Users\Rutik Darekar\.m2\repository\com\fasterxml\jackson\core\jackson-annotations\2.19.2\jackson-annotations-2.19.2.jar;C:\Users\Rutik Darekar\.m2\repository\com\fasterxml\jackson\core\jackson-core\2.19.2\jackson-core-2.19.2.jar;C:\Users\Rutik Darekar\.m2\repository\com\fasterxml\jackson\datatype\jackson-datatype-jdk8\2.19.2\jackson-datatype-jdk8-2.19.2.jar;C:\Users\Rutik Darekar\.m2\repository\com\fasterxml\jackson\datatype\jackson-datatype-jsr310\2.19.2\jackson-datatype-jsr310-2.19.2.jar;C:\Users\Rutik Darekar\.m2\repository\com\fasterxml\jackson\module\jackson-module-parameter-names\2.19.2\jackson-module-parameter-names-2.19.2.jar;C:\Users\Rutik Darekar\.m2\repository\org\springframework\boot\spring-boot-starter-tomcat\3.5.4\spring-boot-starter-tomcat-3.5.4.jar;C:\Users\Rutik Darekar\.m2\repository\org\apache\tomcat\embed\tomcat-embed-core\10.1.43\tomcat-embed-core-10.1.43.jar;C:\Users\Rutik Darekar\.m2\repository\org\apache\tomcat\embed\tomcat-embed-el\10.1.43\tomcat-embed-el-10.1.43.jar;C:\Users\Rutik Darekar\.m2\repository\org\apache\tomcat\embed\tomcat-embed-websocket\10.1.43\tomcat-embed-websocket-10.1.43.jar;C:\Users\Rutik Darekar\.m2\repository\org\springframework\spring-web\6.2.9\spring-web-6.2.9.jar;C:\Users\Rutik Darekar\.m2\repository\org\springframework\spring-beans\6.2.9\spring-beans-6.2.9.jar;C:\Users\Rutik Darekar\.m2\repository\io\micrometer\micrometer-observation\1.15.2\micrometer-observation-1.15.2.jar;C:\Users\Rutik Darekar\.m2\repository\io\micrometer\micrometer-commons\1.15.2\micrometer-commons-1.15.2.jar;C:\Users\Rutik Darekar\.m2\repository\org\springframework\spring-webmvc\6.2.9\spring-webmvc-6.2.9.jar;C:\Users\Rutik Darekar\.m2\repository\org\springframework\spring-aop\6.2.9\spring-aop-6.2.9.jar;C:\Users\Rutik Darekar\.m2\repository\org\springframework\spring-context\6.2.9\spring-context-6.2.9.jar;C:\Users\Rutik Darekar\.m2\repository\org\springframework\spring-expression\6.2.9\spring-expression-6.2.9.jar;C:\Users\Rutik Darekar\.m2\repository\org\springframework\boot\spring-boot-starter-test\3.5.4\spring-boot-starter-test-3.5.4.jar;C:\Users\Rutik Darekar\.m2\repository\org\springframework\boot\spring-boot-test\3.5.4\spring-boot-test-3.5.4.jar;C:\Users\Rutik Darekar\.m2\repository\org\springframework\boot\spring-boot-test-autoconfigure\3.5.4\spring-boot-test-autoconfigure-3.5.4.jar;C:\Users\Rutik Darekar\.m2\repository\com\jayway\jsonpath\json-path\2.9.0\json-path-2.9.0.jar;C:\Users\Rutik Darekar\.m2\repository\org\slf4j\slf4j-api\2.0.17\slf4j-api-2.0.17.jar;C:\Users\Rutik Darekar\.m2\repository\jakarta\xml\bind\jakarta.xml.bind-api\4.0.2\jakarta.xml.bind-api-4.0.2.jar;C:\Users\Rutik Darekar\.m2\repository\jakarta\activation\jakarta.activation-api\2.1.3\jakarta.activation-api-2.1.3.jar;C:\Users\Rutik Darekar\.m2\repository\net\minidev\json-smart\2.5.2\json-smart-2.5.2.jar;C:\Users\Rutik Darekar\.m2\repository\net\minidev\accessors-smart\2.5.2\accessors-smart-2.5.2.jar;C:\Users\Rutik Darekar\.m2\repository\org\ow2\asm\asm\9.7.1\asm-9.7.1.jar;C:\Users\Rutik Darekar\.m2\repository\org\assertj\assertj-core\3.27.3\assertj-core-3.27.3.jar;C:\Users\Rutik Darekar\.m2\repository\net\bytebuddy\byte-buddy\1.17.6\byte-buddy-1.17.6.jar;C:\Users\Rutik Darekar\.m2\repository\org\awaitility\awaitility\4.2.2\awaitility-4.2.2.jar;C:\Users\Rutik Darekar\.m2\repository\org\hamcrest\hamcrest\3.0\hamcrest-3.0.jar;C:\Users\Rutik Darekar\.m2\repository\org\junit\jupiter\junit-jupiter\5.12.2\junit-jupiter-5.12.2.jar;C:\Users\Rutik Darekar\.m2\repository\org\junit\jupiter\junit-jupiter-api\5.12.2\junit-jupiter-api-5.12.2.jar;C:\Users\Rutik Darekar\.m2\repository\org\opentest4j\opentest4j\1.3.0\opentest4j-1.3.0.jar;C:\Users\Rutik Darekar\.m2\repository\org\junit\platform\junit-platform-commons\1.12.2\junit-platform-commons-1.12.2.jar;C:\Users\Rutik Darekar\.m2\repository\org\apiguardian\apiguardian-api\1.1.2\apiguardian-api-1.1.2.jar;C:\Users\Rutik Darekar\.m2\repository\org\junit\jupiter\junit-jupiter-params\5.12.2\junit-jupiter-params-5.12.2.jar;C:\Users\Rutik Darekar\.m2\repository\org\junit\jupiter\junit-jupiter-engine\5.12.2\junit-jupiter-engine-5.12.2.jar;C:\Users\Rutik Darekar\.m2\repository\org\junit\platform\junit-platform-engine\1.12.2\junit-platform-engine-1.12.2.jar;C:\Users\Rutik Darekar\.m2\repository\org\mockito\mockito-core\5.17.0\mockito-core-5.17.0.jar;C:\Users\Rutik Darekar\.m2\repository\net\bytebuddy\byte-buddy-agent\1.17.6\byte-buddy-agent-1.17.6.jar;C:\Users\Rutik Darekar\.m2\repository\org\objenesis\objenesis\3.3\objenesis-3.3.jar;C:\Users\Rutik Darekar\.m2\repository\org\mockito\mockito-junit-jupiter\5.17.0\mockito-junit-jupiter-5.17.0.jar;C:\Users\Rutik Darekar\.m2\repository\org\skyscreamer\jsonassert\1.5.3\jsonassert-1.5.3.jar;C:\Users\Rutik Darekar\.m2\repository\com\vaadin\external\google\android-json\0.0.20131108.vaadin1\android-json-0.0.20131108.vaadin1.jar;C:\Users\Rutik Darekar\.m2\repository\org\springframework\spring-core\6.2.9\spring-core-6.2.9.jar;C:\Users\Rutik Darekar\.m2\repository\org\springframework\spring-jcl\6.2.9\spring-jcl-6.2.9.jar;C:\Users\Rutik Darekar\.m2\repository\org\springframework\spring-test\6.2.9\spring-test-6.2.9.jar;C:\Users\Rutik Darekar\.m2\repository\org\xmlunit\xmlunit-core\2.10.3\xmlunit-core-2.10.3.jar;C:\Users\Rutik Darekar\.m2\repository\org\springframework\boot\spring-boot-devtools\3.5.4\spring-boot-devtools-3.5.4.jar;C:\Users\Rutik Darekar\.m2\repository\org\springframework\boot\spring-boot\3.5.4\spring-boot-3.5.4.jar;C:\Users\Rutik Darekar\.m2\repository\org\springframework\boot\spring-boot-autoconfigure\3.5.4\spring-boot-autoconfigure-3.5.4.jar;"/>
    <property name="java.vm.vendor" value="Oracle Corporation"/>
    <property name="sun.arch.data.model" value="64"/>
    <property name="user.variant" value=""/>
    <property name="java.vendor.url" value="https://java.oracle.com/"/>
    <property name="user.timezone" value="Asia/Calcutta"/>
    <property name="os.name" value="Windows 11"/>
    <property name="java.vm.specification.version" value="24"/>
    <property name="APPLICATION_NAME" value="Spring_Boot_Start"/>
    <property name="sun.java.launcher" value="SUN_STANDARD"/>
    <property name="user.country" value="IN"/>
    <property name="sun.boot.library.path" value="C:\Program Files\Java\jdk-24\bin"/>
    <property name="sun.java.command" value="C:\Users\Rutik Darekar\AppData\Local\Temp\surefire10060624280250979961\surefirebooter-20250730170335391_3.jar C:\Users\Rutik Darekar\AppData\Local\Temp\surefire10060624280250979961 2025-07-30T17-03-33_645-jvmRun1 surefire-20250730170335391_1tmp surefire_0-20250730170335391_2tmp"/>
    <property name="jdk.debug" value="release"/>
    <property name="surefire.test.class.path" value="E:\Udemy Spring\Spring_Boot_Start\target\test-classes;E:\Udemy Spring\Spring_Boot_Start\target\classes;C:\Users\Rutik Darekar\.m2\repository\org\springframework\boot\spring-boot-starter-web\3.5.4\spring-boot-starter-web-3.5.4.jar;C:\Users\Rutik Darekar\.m2\repository\org\springframework\boot\spring-boot-starter\3.5.4\spring-boot-starter-3.5.4.jar;C:\Users\Rutik Darekar\.m2\repository\org\springframework\boot\spring-boot-starter-logging\3.5.4\spring-boot-starter-logging-3.5.4.jar;C:\Users\Rutik Darekar\.m2\repository\ch\qos\logback\logback-classic\1.5.18\logback-classic-1.5.18.jar;C:\Users\Rutik Darekar\.m2\repository\ch\qos\logback\logback-core\1.5.18\logback-core-1.5.18.jar;C:\Users\Rutik Darekar\.m2\repository\org\apache\logging\log4j\log4j-to-slf4j\2.24.3\log4j-to-slf4j-2.24.3.jar;C:\Users\Rutik Darekar\.m2\repository\org\apache\logging\log4j\log4j-api\2.24.3\log4j-api-2.24.3.jar;C:\Users\Rutik Darekar\.m2\repository\org\slf4j\jul-to-slf4j\2.0.17\jul-to-slf4j-2.0.17.jar;C:\Users\Rutik Darekar\.m2\repository\jakarta\annotation\jakarta.annotation-api\2.1.1\jakarta.annotation-api-2.1.1.jar;C:\Users\Rutik Darekar\.m2\repository\org\yaml\snakeyaml\2.4\snakeyaml-2.4.jar;C:\Users\Rutik Darekar\.m2\repository\org\springframework\boot\spring-boot-starter-json\3.5.4\spring-boot-starter-json-3.5.4.jar;C:\Users\Rutik Darekar\.m2\repository\com\fasterxml\jackson\core\jackson-databind\2.19.2\jackson-databind-2.19.2.jar;C:\Users\Rutik Darekar\.m2\repository\com\fasterxml\jackson\core\jackson-annotations\2.19.2\jackson-annotations-2.19.2.jar;C:\Users\Rutik Darekar\.m2\repository\com\fasterxml\jackson\core\jackson-core\2.19.2\jackson-core-2.19.2.jar;C:\Users\Rutik Darekar\.m2\repository\com\fasterxml\jackson\datatype\jackson-datatype-jdk8\2.19.2\jackson-datatype-jdk8-2.19.2.jar;C:\Users\Rutik Darekar\.m2\repository\com\fasterxml\jackson\datatype\jackson-datatype-jsr310\2.19.2\jackson-datatype-jsr310-2.19.2.jar;C:\Users\Rutik Darekar\.m2\repository\com\fasterxml\jackson\module\jackson-module-parameter-names\2.19.2\jackson-module-parameter-names-2.19.2.jar;C:\Users\Rutik Darekar\.m2\repository\org\springframework\boot\spring-boot-starter-tomcat\3.5.4\spring-boot-starter-tomcat-3.5.4.jar;C:\Users\Rutik Darekar\.m2\repository\org\apache\tomcat\embed\tomcat-embed-core\10.1.43\tomcat-embed-core-10.1.43.jar;C:\Users\Rutik Darekar\.m2\repository\org\apache\tomcat\embed\tomcat-embed-el\10.1.43\tomcat-embed-el-10.1.43.jar;C:\Users\Rutik Darekar\.m2\repository\org\apache\tomcat\embed\tomcat-embed-websocket\10.1.43\tomcat-embed-websocket-10.1.43.jar;C:\Users\Rutik Darekar\.m2\repository\org\springframework\spring-web\6.2.9\spring-web-6.2.9.jar;C:\Users\Rutik Darekar\.m2\repository\org\springframework\spring-beans\6.2.9\spring-beans-6.2.9.jar;C:\Users\Rutik Darekar\.m2\repository\io\micrometer\micrometer-observation\1.15.2\micrometer-observation-1.15.2.jar;C:\Users\Rutik Darekar\.m2\repository\io\micrometer\micrometer-commons\1.15.2\micrometer-commons-1.15.2.jar;C:\Users\Rutik Darekar\.m2\repository\org\springframework\spring-webmvc\6.2.9\spring-webmvc-6.2.9.jar;C:\Users\Rutik Darekar\.m2\repository\org\springframework\spring-aop\6.2.9\spring-aop-6.2.9.jar;C:\Users\Rutik Darekar\.m2\repository\org\springframework\spring-context\6.2.9\spring-context-6.2.9.jar;C:\Users\Rutik Darekar\.m2\repository\org\springframework\spring-expression\6.2.9\spring-expression-6.2.9.jar;C:\Users\Rutik Darekar\.m2\repository\org\springframework\boot\spring-boot-starter-test\3.5.4\spring-boot-starter-test-3.5.4.jar;C:\Users\Rutik Darekar\.m2\repository\org\springframework\boot\spring-boot-test\3.5.4\spring-boot-test-3.5.4.jar;C:\Users\Rutik Darekar\.m2\repository\org\springframework\boot\spring-boot-test-autoconfigure\3.5.4\spring-boot-test-autoconfigure-3.5.4.jar;C:\Users\Rutik Darekar\.m2\repository\com\jayway\jsonpath\json-path\2.9.0\json-path-2.9.0.jar;C:\Users\Rutik Darekar\.m2\repository\org\slf4j\slf4j-api\2.0.17\slf4j-api-2.0.17.jar;C:\Users\Rutik Darekar\.m2\repository\jakarta\xml\bind\jakarta.xml.bind-api\4.0.2\jakarta.xml.bind-api-4.0.2.jar;C:\Users\Rutik Darekar\.m2\repository\jakarta\activation\jakarta.activation-api\2.1.3\jakarta.activation-api-2.1.3.jar;C:\Users\Rutik Darekar\.m2\repository\net\minidev\json-smart\2.5.2\json-smart-2.5.2.jar;C:\Users\Rutik Darekar\.m2\repository\net\minidev\accessors-smart\2.5.2\accessors-smart-2.5.2.jar;C:\Users\Rutik Darekar\.m2\repository\org\ow2\asm\asm\9.7.1\asm-9.7.1.jar;C:\Users\Rutik Darekar\.m2\repository\org\assertj\assertj-core\3.27.3\assertj-core-3.27.3.jar;C:\Users\Rutik Darekar\.m2\repository\net\bytebuddy\byte-buddy\1.17.6\byte-buddy-1.17.6.jar;C:\Users\Rutik Darekar\.m2\repository\org\awaitility\awaitility\4.2.2\awaitility-4.2.2.jar;C:\Users\Rutik Darekar\.m2\repository\org\hamcrest\hamcrest\3.0\hamcrest-3.0.jar;C:\Users\Rutik Darekar\.m2\repository\org\junit\jupiter\junit-jupiter\5.12.2\junit-jupiter-5.12.2.jar;C:\Users\Rutik Darekar\.m2\repository\org\junit\jupiter\junit-jupiter-api\5.12.2\junit-jupiter-api-5.12.2.jar;C:\Users\Rutik Darekar\.m2\repository\org\opentest4j\opentest4j\1.3.0\opentest4j-1.3.0.jar;C:\Users\Rutik Darekar\.m2\repository\org\junit\platform\junit-platform-commons\1.12.2\junit-platform-commons-1.12.2.jar;C:\Users\Rutik Darekar\.m2\repository\org\apiguardian\apiguardian-api\1.1.2\apiguardian-api-1.1.2.jar;C:\Users\Rutik Darekar\.m2\repository\org\junit\jupiter\junit-jupiter-params\5.12.2\junit-jupiter-params-5.12.2.jar;C:\Users\Rutik Darekar\.m2\repository\org\junit\jupiter\junit-jupiter-engine\5.12.2\junit-jupiter-engine-5.12.2.jar;C:\Users\Rutik Darekar\.m2\repository\org\junit\platform\junit-platform-engine\1.12.2\junit-platform-engine-1.12.2.jar;C:\Users\Rutik Darekar\.m2\repository\org\mockito\mockito-core\5.17.0\mockito-core-5.17.0.jar;C:\Users\Rutik Darekar\.m2\repository\net\bytebuddy\byte-buddy-agent\1.17.6\byte-buddy-agent-1.17.6.jar;C:\Users\Rutik Darekar\.m2\repository\org\objenesis\objenesis\3.3\objenesis-3.3.jar;C:\Users\Rutik Darekar\.m2\repository\org\mockito\mockito-junit-jupiter\5.17.0\mockito-junit-jupiter-5.17.0.jar;C:\Users\Rutik Darekar\.m2\repository\org\skyscreamer\jsonassert\1.5.3\jsonassert-1.5.3.jar;C:\Users\Rutik Darekar\.m2\repository\com\vaadin\external\google\android-json\0.0.20131108.vaadin1\android-json-0.0.20131108.vaadin1.jar;C:\Users\Rutik Darekar\.m2\repository\org\springframework\spring-core\6.2.9\spring-core-6.2.9.jar;C:\Users\Rutik Darekar\.m2\repository\org\springframework\spring-jcl\6.2.9\spring-jcl-6.2.9.jar;C:\Users\Rutik Darekar\.m2\repository\org\springframework\spring-test\6.2.9\spring-test-6.2.9.jar;C:\Users\Rutik Darekar\.m2\repository\org\xmlunit\xmlunit-core\2.10.3\xmlunit-core-2.10.3.jar;C:\Users\Rutik Darekar\.m2\repository\org\springframework\boot\spring-boot-devtools\3.5.4\spring-boot-devtools-3.5.4.jar;C:\Users\Rutik Darekar\.m2\repository\org\springframework\boot\spring-boot\3.5.4\spring-boot-3.5.4.jar;C:\Users\Rutik Darekar\.m2\repository\org\springframework\boot\spring-boot-autoconfigure\3.5.4\spring-boot-autoconfigure-3.5.4.jar;"/>
    <property name="sun.cpu.endian" value="little"/>
    <property name="user.home" value="C:\Users\Rutik Darekar"/>
    <property name="user.language" value="en"/>
    <property name="java.specification.vendor" value="Oracle Corporation"/>
    <property name="java.version.date" value="2025-07-15"/>
    <property name="java.home" value="C:\Program Files\Java\jdk-24"/>
    <property name="file.separator" value="\"/>
    <property name="basedir" value="E:\Udemy Spring\Spring_Boot_Start"/>
    <property name="style.color" value="always"/>
    <property name="java.vm.compressedOopsMode" value="32-bit"/>
    <property name="line.separator" value="&#10;"/>
    <property name="java.vm.specification.vendor" value="Oracle Corporation"/>
    <property name="java.specification.name" value="Java Platform API Specification"/>
    <property name="FILE_LOG_CHARSET" value="UTF-8"/>
    <property name="java.awt.headless" value="true"/>
    <property name="surefire.real.class.path" value="C:\Users\Rutik Darekar\AppData\Local\Temp\surefire10060624280250979961\surefirebooter-20250730170335391_3.jar"/>
    <property name="user.script" value=""/>
    <property name="sun.management.compiler" value="HotSpot 64-Bit Tiered Compilers"/>
    <property name="java.runtime.version" value="24.0.2+12-54"/>
    <property name="user.name" value="Rutik Darekar"/>
    <property name="stdout.encoding" value="Cp1252"/>
    <property name="path.separator" value=";"/>
    <property name="os.version" value="10.0"/>
    <property name="java.runtime.name" value="Java(TM) SE Runtime Environment"/>
    <property name="file.encoding" value="UTF-8"/>
    <property name="java.vm.name" value="Java HotSpot(TM) 64-Bit Server VM"/>
    <property name="localRepository" value="C:\Users\Rutik Darekar\.m2\repository"/>
    <property name="java.vendor.url.bug" value="https://bugreport.java.com/bugreport/"/>
    <property name="java.io.tmpdir" value="C:\Users\Rutik Darekar\AppData\Local\Temp\"/>
    <property name="java.version" value="24.0.2"/>
    <property name="user.dir" value="E:\Udemy Spring\Spring_Boot_Start"/>
    <property name="os.arch" value="amd64"/>
    <property name="java.vm.specification.name" value="Java Virtual Machine Specification"/>
    <property name="PID" value="16196"/>
    <property name="sun.os.patch.level" value=""/>
    <property name="CONSOLE_LOG_CHARSET" value="windows-1252"/>
    <property name="native.encoding" value="Cp1252"/>
    <property name="java.library.path" value="C:\Program Files\Java\jdk-24\bin;C:\WINDOWS\Sun\Java\bin;C:\WINDOWS\system32;C:\WINDOWS;C:/Users/Rutik Darekar/.p2/pool/plugins/org.eclipse.justj.openjdk.hotspot.jre.full.win32.x86_64_21.0.7.v20250502-0916/jre/bin/server;C:/Users/Rutik Darekar/.p2/pool/plugins/org.eclipse.justj.openjdk.hotspot.jre.full.win32.x86_64_21.0.7.v20250502-0916/jre/bin;C:\Program Files\Common Files\Oracle\Java\javapath;c:\Users\Rutik Darekar\AppData\Local\Programs\cursor\resources\app\bin;C:\windows\system32;C:\windows;C:\windows\System32\Wbem;C:\windows\System32\WindowsPowerShell\v1.0\;C:\windows\System32\OpenSSH\;C:\Program Files (x86)\NVIDIA Corporation\PhysX\Common;C:\Program Files\NVIDIA Corporation\NVIDIA NvDLISR;C:\MinGW\bin;C:\WINDOWS\system32;C:\WINDOWS;C:\WINDOWS\System32\Wbem;C:\WINDOWS\System32\WindowsPowerShell\v1.0\;C:\WINDOWS\System32\OpenSSH\;C:\Program Files (x86)\dotnet\;C:\TDM-GCC-32\bin;C:\Program Files\MongoDB\Server\7.0\bin;C:\mongosh-2.0.2-win32-x64\bin;C:\ProgramData\chocolatey\bin;C:\Program Files\MySQL\MySQL Server 8.0\bin;C:\Program Files\HP\HP One Agent;C:\Program Files\Git\cmd;C:\Program Files\nodejs\;C:\Program Files\MySQL\MySQL Shell 8.0\bin\;C:\Users\Rutik Darekar\AppData\Local\Programs\Python\Python311\Scripts\;C:\Users\Rutik Darekar\AppData\Local\Programs\Python\Python311\;C:\Users\Rutik Darekar\AppData\Local\Programs\Eclipse Adoptium\jdk-17.0.4.101-hotsp;C:\WINDOWS\system32;C:\WINDOWS;C:\WINDOWS\System32\Wbem;C:\WINDOWS\System32\WindowsPowerShell\v1.0\;C:\WINDOWS\System32\OpenSSH\;C:\Program Files\dotnet\;C:\Program Files (x86)\Microsoft SQL Server\160\Tools\Binn\;C:\Program Files\Microsoft SQL Server\160\Tools\Binn\;C:\Program Files\Microsoft SQL Server\Client SDK\ODBC\170\Tools\Binn\;C:\Program Files\Microsoft SQL Server\160\DTS\Binn\;C:\Users\Rutik Darekar\AppData\Local\Programs\Python\Python311\Scripts\;C:\Users\Rutik Darekar\AppData\Local\Programs\Python\Python311\;C:\Users\Rutik Darekar\AppData\Local\Microsoft\WindowsApps;C:\MinGW\bin;C:\Users\Rutik Darekar\AppData\Roaming\npm;C:\Users\Rutik Darekar\AppData\Local\Programs\cursor\resources\app\bin;C:\Users\Rutik Darekar\AppData\Roaming\Python\Python312\Scripts;;C:\Program Files\JetBrains\IntelliJ IDEA 2025.1.3\bin;;C:\Users\Rutik Darekar\AppData\Local\Programs\Microsoft VS Code\bin;C:\Program Files\JetBrains\IntelliJ IDEA Community Edition 2025.1.3\bin;;C:\Users\Rutik Darekar\OneDrive\Desktop;;."/>
    <property name="java.vm.info" value="mixed mode, sharing"/>
    <property name="stderr.encoding" value="Cp1252"/>
    <property name="java.vendor" value="Oracle Corporation"/>
    <property name="java.vm.version" value="24.0.2+12-54"/>
    <property name="sun.io.unicode.encoding" value="UnicodeLittle"/>
    <property name="java.class.version" value="68.0"/>
    <property name="LOGGED_APPLICATION_NAME" value="[Spring_Boot_Start] "/>
  </properties>
  <testcase name="contextLoads" classname="com.Spring_Boot_Start.Spring_Boot_Start.SpringBootStartApplicationTests" time="1.032">
    <system-out><![CDATA[17:03:36.795 [main] INFO org.springframework.test.context.support.AnnotationConfigContextLoaderUtils -- Could not detect default configuration classes for test class [com.Spring_Boot_Start.Spring_Boot_Start.SpringBootStartApplicationTests]: SpringBootStartApplicationTests does not declare any static, non-private, non-final, nested classes annotated with @Configuration.
17:03:37.024 [main] INFO org.springframework.boot.test.context.SpringBootTestContextBootstrapper -- Found @SpringBootConfiguration com.Spring_Boot_Start.Spring_Boot_Start.SpringBootStartApplication for test class com.Spring_Boot_Start.Spring_Boot_Start.SpringBootStartApplicationTests
17:03:37.313 [main] INFO org.springframework.boot.devtools.restart.RestartApplicationListener -- Restart disabled due to context in which it is running
2025-07-30T17:03:37.758+05:30 TRACE 16196 --- [Spring_Boot_Start] [           main] o.s.c.io.support.SpringFactoriesLoader   : Loaded [org.springframework.boot.ApplicationContextFactory] names: [org.springframework.boot.web.reactive.context.ReactiveWebServerApplicationContextFactory, org.springframework.boot.web.servlet.context.ServletWebServerApplicationContextFactory]

  .   ____          _            __ _ _
 /\\ / ___'_ __ _ _(_)_ __  __ _ \ \ \ \
( ( )\___ | '_ | '_| | '_ \/ _` | \ \ \ \
 \\/  ___)| |_)| | | | | || (_| |  ) ) ) )
  '  |____| .__|_| |_|_| |_\__, | / / / /
 =========|_|==============|___/=/_/_/_/

 :: Spring Boot ::                (v3.5.4)

2025-07-30T17:03:37.835+05:30 TRACE 16196 --- [Spring_Boot_Start] [           main] o.s.b.f.s.DefaultListableBeanFactory     : Registering scope 'restart' with implementation [org.springframework.boot.devtools.restart.RestartScopeInitializer$RestartScope@3d9fc57a]
2025-07-30T17:03:37.837+05:30 TRACE 16196 --- [Spring_Boot_Start] [           main] o.s.c.io.support.SpringFactoriesLoader   : Loaded [org.springframework.core.io.ProtocolResolver] names: [org.springframework.boot.io.Base64ProtocolResolver]
2025-07-30T17:03:37.841+05:30 TRACE 16196 --- [Spring_Boot_Start] [           main] o.s.b.f.s.DefaultListableBeanFactory     : Returning cached instance of singleton bean 'autoConfigurationReport'
2025-07-30T17:03:37.853+05:30  INFO 16196 --- [Spring_Boot_Start] [           main] c.S.S.SpringBootStartApplicationTests    : Starting SpringBootStartApplicationTests using Java 24.0.2 with PID 16196 (started by Rutik Darekar in E:\Udemy Spring\Spring_Boot_Start)
2025-07-30T17:03:37.854+05:30  INFO 16196 --- [Spring_Boot_Start] [           main] c.S.S.SpringBootStartApplicationTests    : The following 1 profile is active: "dev"
2025-07-30T17:03:37.856+05:30 DEBUG 16196 --- [Spring_Boot_Start] [           main] o.s.boot.SpringApplication               : Loading source class com.Spring_Boot_Start.Spring_Boot_Start.SpringBootStartApplication
2025-07-30T17:03:37.887+05:30 TRACE 16196 --- [Spring_Boot_Start] [           main] o.s.c.a.ClassPathBeanDefinitionScanner   : JSR-250 'jakarta.annotation.ManagedBean' found and supported for component scanning
2025-07-30T17:03:37.914+05:30 DEBUG 16196 --- [Spring_Boot_Start] [           main] o.s.w.c.s.GenericWebApplicationContext   : Refreshing org.springframework.web.context.support.GenericWebApplicationContext@7577b641
2025-07-30T17:03:37.929+05:30 TRACE 16196 --- [Spring_Boot_Start] [           main] o.s.b.f.s.DefaultListableBeanFactory     : Registering scope 'request' with implementation [org.springframework.web.context.request.RequestScope@538cd0f2]
2025-07-30T17:03:37.930+05:30 TRACE 16196 --- [Spring_Boot_Start] [           main] o.s.b.f.s.DefaultListableBeanFactory     : Registering scope 'session' with implementation [org.springframework.web.context.request.SessionScope@22df874e]
2025-07-30T17:03:37.931+05:30 TRACE 16196 --- [Spring_Boot_Start] [           main] o.s.b.f.s.DefaultListableBeanFactory     : Registering scope 'application' with implementation [org.springframework.web.context.support.ServletContextScope@19f21b6b]
2025-07-30T17:03:37.952+05:30 DEBUG 16196 --- [Spring_Boot_Start] [           main] o.s.b.f.s.DefaultListableBeanFactory     : Creating shared instance of singleton bean 'org.springframework.context.annotation.internalConfigurationAnnotationProcessor'
2025-07-30T17:03:37.953+05:30 TRACE 16196 --- [Spring_Boot_Start] [           main] o.s.b.f.s.DefaultListableBeanFactory     : Creating instance of bean 'org.springframework.context.annotation.internalConfigurationAnnotationProcessor'
2025-07-30T17:03:37.985+05:30 DEBUG 16196 --- [Spring_Boot_Start] [           main] o.s.b.f.s.DefaultListableBeanFactory     : Creating shared instance of singleton bean 'org.springframework.boot.autoconfigure.internalCachingMetadataReaderFactory'
2025-07-30T17:03:37.986+05:30 TRACE 16196 --- [Spring_Boot_Start] [           main] o.s.b.f.s.DefaultListableBeanFactory     : Creating instance of bean 'org.springframework.boot.autoconfigure.internalCachingMetadataReaderFactory'
2025-07-30T17:03:37.989+05:30 TRACE 16196 --- [Spring_Boot_Start] [           main] o.s.b.f.s.DefaultListableBeanFactory     : Finished creating instance of bean 'org.springframework.boot.autoconfigure.internalCachingMetadataReaderFactory'
2025-07-30T17:03:37.998+05:30 TRACE 16196 --- [Spring_Boot_Start] [           main] o.s.c.io.support.SpringFactoriesLoader   : Loaded [org.springframework.beans.BeanInfoFactory] names: []
2025-07-30T17:03:38.000+05:30 TRACE 16196 --- [Spring_Boot_Start] [           main] o.s.beans.CachedIntrospectionResults     : Getting BeanInfo for class [org.springframework.context.annotation.ConfigurationClassPostProcessor]
2025-07-30T17:03:38.006+05:30 TRACE 16196 --- [Spring_Boot_Start] [           main] o.s.beans.CachedIntrospectionResults     : Caching PropertyDescriptors for class [org.springframework.context.annotation.ConfigurationClassPostProcessor]
2025-07-30T17:03:38.008+05:30 TRACE 16196 --- [Spring_Boot_Start] [           main] o.s.beans.CachedIntrospectionResults     : Found bean property 'applicationStartup' of type [org.springframework.core.metrics.ApplicationStartup]
2025-07-30T17:03:38.009+05:30 TRACE 16196 --- [Spring_Boot_Start] [           main] o.s.beans.CachedIntrospectionResults     : Found bean property 'beanClassLoader' of type [java.lang.ClassLoader]
2025-07-30T17:03:38.009+05:30 TRACE 16196 --- [Spring_Boot_Start] [           main] o.s.beans.CachedIntrospectionResults     : Found bean property 'beanExcludedFromAotProcessing' of type [boolean]
2025-07-30T17:03:38.010+05:30 TRACE 16196 --- [Spring_Boot_Start] [           main] o.s.beans.CachedIntrospectionResults     : Found bean property 'beanNameGenerator' of type [org.springframework.beans.factory.support.BeanNameGenerator]
2025-07-30T17:03:38.011+05:30 TRACE 16196 --- [Spring_Boot_Start] [           main] o.s.beans.CachedIntrospectionResults     : Found bean property 'class' of type [java.lang.Class]
2025-07-30T17:03:38.012+05:30 TRACE 16196 --- [Spring_Boot_Start] [           main] o.s.beans.CachedIntrospectionResults     : Found bean property 'environment' of type [org.springframework.core.env.Environment]
2025-07-30T17:03:38.012+05:30 TRACE 16196 --- [Spring_Boot_Start] [           main] o.s.beans.CachedIntrospectionResults     : Found bean property 'metadataReaderFactory' of type [org.springframework.core.type.classreading.MetadataReaderFactory]
2025-07-30T17:03:38.012+05:30 TRACE 16196 --- [Spring_Boot_Start] [           main] o.s.beans.CachedIntrospectionResults     : Found bean property 'order' of type [int]
2025-07-30T17:03:38.012+05:30 TRACE 16196 --- [Spring_Boot_Start] [           main] o.s.beans.CachedIntrospectionResults     : Found bean property 'problemReporter' of type [org.springframework.beans.factory.parsing.ProblemReporter]
2025-07-30T17:03:38.013+05:30 TRACE 16196 --- [Spring_Boot_Start] [           main] o.s.beans.CachedIntrospectionResults     : Found bean property 'resourceLoader' of type [org.springframework.core.io.ResourceLoader]
2025-07-30T17:03:38.013+05:30 TRACE 16196 --- [Spring_Boot_Start] [           main] o.s.beans.CachedIntrospectionResults     : Found bean property 'sourceExtractor' of type [org.springframework.beans.factory.parsing.SourceExtractor]
2025-07-30T17:03:38.021+05:30 TRACE 16196 --- [Spring_Boot_Start] [           main] o.s.b.f.s.DefaultListableBeanFactory     : Finished creating instance of bean 'org.springframework.context.annotation.internalConfigurationAnnotationProcessor'
2025-07-30T17:03:38.044+05:30 TRACE 16196 --- [Spring_Boot_Start] [           main] o.s.c.a.ClassPathBeanDefinitionScanner   : JSR-250 'jakarta.annotation.ManagedBean' found and supported for component scanning
2025-07-30T17:03:38.048+05:30 TRACE 16196 --- [Spring_Boot_Start] [           main] .i.s.PathMatchingResourcePatternResolver : Resolved module-path location pattern [com/Spring_Boot_Start/Spring_Boot_Start/**/*.class] to resources []
2025-07-30T17:03:38.049+05:30 TRACE 16196 --- [Spring_Boot_Start] [           main] .i.s.PathMatchingResourcePatternResolver : Resolved module-path location pattern [com/Spring_Boot_Start/Spring_Boot_Start/] to resources []
2025-07-30T17:03:38.050+05:30 TRACE 16196 --- [Spring_Boot_Start] [           main] .i.s.PathMatchingResourcePatternResolver : Resolved class path location [com/Spring_Boot_Start/Spring_Boot_Start/] to resources [file [E:\Udemy Spring\Spring_Boot_Start\target\test-classes\com\Spring_Boot_Start\Spring_Boot_Start], file [E:\Udemy Spring\Spring_Boot_Start\target\classes\com\Spring_Boot_Start\Spring_Boot_Start]]
2025-07-30T17:03:38.051+05:30 TRACE 16196 --- [Spring_Boot_Start] [           main] .i.s.PathMatchingResourcePatternResolver : Searching directory [E:\Udemy Spring\Spring_Boot_Start\target\test-classes\com\Spring_Boot_Start\Spring_Boot_Start] for files matching pattern [**/*.class]
2025-07-30T17:03:38.054+05:30 TRACE 16196 --- [Spring_Boot_Start] [           main] .i.s.PathMatchingResourcePatternResolver : Searching directory [E:\Udemy Spring\Spring_Boot_Start\target\classes\com\Spring_Boot_Start\Spring_Boot_Start] for files matching pattern [**/*.class]
2025-07-30T17:03:38.055+05:30 TRACE 16196 --- [Spring_Boot_Start] [           main] .i.s.PathMatchingResourcePatternResolver : Resolved location pattern [classpath*:com/Spring_Boot_Start/Spring_Boot_Start/**/*.class] to resources [file [E:\Udemy Spring\Spring_Boot_Start\target\test-classes\com\Spring_Boot_Start\Spring_Boot_Start\SpringBootStartApplicationTests.class], file [E:\Udemy Spring\Spring_Boot_Start\target\classes\com\Spring_Boot_Start\Spring_Boot_Start\Course.class], file [E:\Udemy Spring\Spring_Boot_Start\target\classes\com\Spring_Boot_Start\Spring_Boot_Start\CourseController.class], file [E:\Udemy Spring\Spring_Boot_Start\target\classes\com\Spring_Boot_Start\Spring_Boot_Start\CurrencyConfigController.class], file [E:\Udemy Spring\Spring_Boot_Start\target\classes\com\Spring_Boot_Start\Spring_Boot_Start\CurrencyServiceConfig.class], file [E:\Udemy Spring\Spring_Boot_Start\target\classes\com\Spring_Boot_Start\Spring_Boot_Start\SpringBootStartApplication.class]]
2025-07-30T17:03:38.056+05:30 TRACE 16196 --- [Spring_Boot_Start] [           main] o.s.c.a.ClassPathBeanDefinitionScanner   : Scanning file [E:\Udemy Spring\Spring_Boot_Start\target\test-classes\com\Spring_Boot_Start\Spring_Boot_Start\SpringBootStartApplicationTests.class]
2025-07-30T17:03:38.058+05:30 TRACE 16196 --- [Spring_Boot_Start] [           main] o.s.b.f.s.DefaultListableBeanFactory     : Returning cached instance of singleton bean 'org.springframework.boot.test.context.filter.TestTypeExcludeFilter'
2025-07-30T17:03:38.058+05:30 TRACE 16196 --- [Spring_Boot_Start] [           main] o.s.c.a.ClassPathBeanDefinitionScanner   : Ignored because not matching any filter: file [E:\Udemy Spring\Spring_Boot_Start\target\test-classes\com\Spring_Boot_Start\Spring_Boot_Start\SpringBootStartApplicationTests.class]
2025-07-30T17:03:38.059+05:30 TRACE 16196 --- [Spring_Boot_Start] [           main] o.s.c.a.ClassPathBeanDefinitionScanner   : Scanning file [E:\Udemy Spring\Spring_Boot_Start\target\classes\com\Spring_Boot_Start\Spring_Boot_Start\Course.class]
2025-07-30T17:03:38.060+05:30 TRACE 16196 --- [Spring_Boot_Start] [           main] o.s.c.a.ClassPathBeanDefinitionScanner   : Ignored because not matching any filter: file [E:\Udemy Spring\Spring_Boot_Start\target\classes\com\Spring_Boot_Start\Spring_Boot_Start\Course.class]
2025-07-30T17:03:38.060+05:30 TRACE 16196 --- [Spring_Boot_Start] [           main] o.s.c.a.ClassPathBeanDefinitionScanner   : Scanning file [E:\Udemy Spring\Spring_Boot_Start\target\classes\com\Spring_Boot_Start\Spring_Boot_Start\CourseController.class]
2025-07-30T17:03:38.062+05:30 DEBUG 16196 --- [Spring_Boot_Start] [           main] o.s.c.a.ClassPathBeanDefinitionScanner   : Identified candidate component class: file [E:\Udemy Spring\Spring_Boot_Start\target\classes\com\Spring_Boot_Start\Spring_Boot_Start\CourseController.class]
2025-07-30T17:03:38.062+05:30 TRACE 16196 --- [Spring_Boot_Start] [           main] o.s.c.a.ClassPathBeanDefinitionScanner   : Scanning file [E:\Udemy Spring\Spring_Boot_Start\target\classes\com\Spring_Boot_Start\Spring_Boot_Start\CurrencyConfigController.class]
2025-07-30T17:03:38.064+05:30 DEBUG 16196 --- [Spring_Boot_Start] [           main] o.s.c.a.ClassPathBeanDefinitionScanner   : Identified candidate component class: file [E:\Udemy Spring\Spring_Boot_Start\target\classes\com\Spring_Boot_Start\Spring_Boot_Start\CurrencyConfigController.class]
2025-07-30T17:03:38.064+05:30 TRACE 16196 --- [Spring_Boot_Start] [           main] o.s.c.a.ClassPathBeanDefinitionScanner   : Scanning file [E:\Udemy Spring\Spring_Boot_Start\target\classes\com\Spring_Boot_Start\Spring_Boot_Start\CurrencyServiceConfig.class]
2025-07-30T17:03:38.066+05:30 DEBUG 16196 --- [Spring_Boot_Start] [           main] o.s.c.a.ClassPathBeanDefinitionScanner   : Identified candidate component class: file [E:\Udemy Spring\Spring_Boot_Start\target\classes\com\Spring_Boot_Start\Spring_Boot_Start\CurrencyServiceConfig.class]
2025-07-30T17:03:38.066+05:30 TRACE 16196 --- [Spring_Boot_Start] [           main] o.s.c.a.ClassPathBeanDefinitionScanner   : Scanning file [E:\Udemy Spring\Spring_Boot_Start\target\classes\com\Spring_Boot_Start\Spring_Boot_Start\SpringBootStartApplication.class]
2025-07-30T17:03:38.067+05:30 TRACE 16196 --- [Spring_Boot_Start] [           main] o.s.c.a.ClassPathBeanDefinitionScanner   : Ignored because not matching any filter: file [E:\Udemy Spring\Spring_Boot_Start\target\classes\com\Spring_Boot_Start\Spring_Boot_Start\SpringBootStartApplication.class]
2025-07-30T17:03:38.107+05:30 TRACE 16196 --- [Spring_Boot_Start] [           main] o.s.c.io.support.SpringFactoriesLoader   : Loaded [org.springframework.boot.autoconfigure.AutoConfigurationImportFilter] names: [org.springframework.boot.autoconfigure.condition.OnBeanCondition, org.springframework.boot.autoconfigure.condition.OnClassCondition, org.springframework.boot.autoconfigure.condition.OnWebApplicationCondition]
2025-07-30T17:03:38.159+05:30 TRACE 16196 --- [Spring_Boot_Start] [           main] o.s.b.f.s.DefaultListableBeanFactory     : Returning cached instance of singleton bean 'autoConfigurationReport'
2025-07-30T17:03:38.224+05:30 TRACE 16196 --- [Spring_Boot_Start] [           main] o.s.b.f.s.DefaultListableBeanFactory     : Returning cached instance of singleton bean 'autoConfigurationReport'
2025-07-30T17:03:38.226+05:30 TRACE 16196 --- [Spring_Boot_Start] [           main] o.s.b.f.s.DefaultListableBeanFactory     : Returning cached instance of singleton bean 'autoConfigurationReport'
2025-07-30T17:03:38.233+05:30 TRACE 16196 --- [Spring_Boot_Start] [           main] o.s.c.io.support.SpringFactoriesLoader   : Loaded [org.springframework.boot.autoconfigure.AutoConfigurationImportListener] names: [org.springframework.boot.autoconfigure.condition.ConditionEvaluationReportAutoConfigurationImportListener]
2025-07-30T17:03:38.234+05:30 TRACE 16196 --- [Spring_Boot_Start] [           main] o.s.b.f.s.DefaultListableBeanFactory     : Returning cached instance of singleton bean 'autoConfigurationReport'
2025-07-30T17:03:38.244+05:30 TRACE 16196 --- [Spring_Boot_Start] [           main] o.s.b.f.s.DefaultListableBeanFactory     : Returning cached instance of singleton bean 'org.springframework.boot.autoconfigure.internalCachingMetadataReaderFactory'
2025-07-30T17:03:38.256+05:30 TRACE 16196 --- [Spring_Boot_Start] [           main] o.s.b.f.s.DefaultListableBeanFactory     : Returning cached instance of singleton bean 'autoConfigurationReport'
2025-07-30T17:03:38.256+05:30 TRACE 16196 --- [Spring_Boot_Start] [           main] o.s.b.f.s.DefaultListableBeanFactory     : Returning cached instance of singleton bean 'autoConfigurationReport'
2025-07-30T17:03:38.256+05:30 TRACE 16196 --- [Spring_Boot_Start] [           main] o.s.b.f.s.DefaultListableBeanFactory     : Returning cached instance of singleton bean 'autoConfigurationReport'
2025-07-30T17:03:38.257+05:30 TRACE 16196 --- [Spring_Boot_Start] [           main] o.s.b.f.s.DefaultListableBeanFactory     : Returning cached instance of singleton bean 'autoConfigurationReport'
2025-07-30T17:03:38.257+05:30 TRACE 16196 --- [Spring_Boot_Start] [           main] o.s.b.f.s.DefaultListableBeanFactory     : Returning cached instance of singleton bean 'autoConfigurationReport'
2025-07-30T17:03:38.257+05:30 TRACE 16196 --- [Spring_Boot_Start] [           main] o.s.b.f.s.DefaultListableBeanFactory     : Returning cached instance of singleton bean 'autoConfigurationReport'
2025-07-30T17:03:38.279+05:30 TRACE 16196 --- [Spring_Boot_Start] [           main] .i.s.PathMatchingResourcePatternResolver : Resolved module-path location pattern [messages.properties] to resources []
2025-07-30T17:03:38.279+05:30 TRACE 16196 --- [Spring_Boot_Start] [           main] .i.s.PathMatchingResourcePatternResolver : Resolved class path location [messages.properties] to resources []
2025-07-30T17:03:38.280+05:30 TRACE 16196 --- [Spring_Boot_Start] [           main] o.s.b.f.s.DefaultListableBeanFactory     : Returning cached instance of singleton bean 'autoConfigurationReport'
2025-07-30T17:03:38.280+05:30 TRACE 16196 --- [Spring_Boot_Start] [           main] o.s.b.f.s.DefaultListableBeanFactory     : Returning cached instance of singleton bean 'autoConfigurationReport'
2025-07-30T17:03:38.280+05:30 TRACE 16196 --- [Spring_Boot_Start] [           main] o.s.b.f.s.DefaultListableBeanFactory     : Returning cached instance of singleton bean 'autoConfigurationReport'
2025-07-30T17:03:38.281+05:30 TRACE 16196 --- [Spring_Boot_Start] [           main] o.s.b.f.s.DefaultListableBeanFactory     : Returning cached instance of singleton bean 'autoConfigurationReport'
2025-07-30T17:03:38.281+05:30 TRACE 16196 --- [Spring_Boot_Start] [           main] o.s.b.f.s.DefaultListableBeanFactory     : Returning cached instance of singleton bean 'autoConfigurationReport'
2025-07-30T17:03:38.281+05:30 TRACE 16196 --- [Spring_Boot_Start] [           main] o.s.b.f.s.DefaultListableBeanFactory     : Returning cached instance of singleton bean 'autoConfigurationReport'
2025-07-30T17:03:38.281+05:30 TRACE 16196 --- [Spring_Boot_Start] [           main] o.s.b.f.s.DefaultListableBeanFactory     : Returning cached instance of singleton bean 'autoConfigurationReport'
2025-07-30T17:03:38.282+05:30 TRACE 16196 --- [Spring_Boot_Start] [           main] o.s.b.f.s.DefaultListableBeanFactory     : Returning cached instance of singleton bean 'autoConfigurationReport'
2025-07-30T17:03:38.282+05:30 TRACE 16196 --- [Spring_Boot_Start] [           main] o.s.b.f.s.DefaultListableBeanFactory     : Returning cached instance of singleton bean 'autoConfigurationReport'
2025-07-30T17:03:38.283+05:30 TRACE 16196 --- [Spring_Boot_Start] [           main] o.s.b.f.s.DefaultListableBeanFactory     : Returning cached instance of singleton bean 'autoConfigurationReport'
2025-07-30T17:03:38.290+05:30 TRACE 16196 --- [Spring_Boot_Start] [           main] o.s.b.f.s.DefaultListableBeanFactory     : Returning cached instance of singleton bean 'autoConfigurationReport'
2025-07-30T17:03:38.290+05:30 TRACE 16196 --- [Spring_Boot_Start] [           main] o.s.b.f.s.DefaultListableBeanFactory     : Returning cached instance of singleton bean 'autoConfigurationReport'
2025-07-30T17:03:38.291+05:30 TRACE 16196 --- [Spring_Boot_Start] [           main] o.s.b.f.s.DefaultListableBeanFactory     : Returning cached instance of singleton bean 'autoConfigurationReport'
2025-07-30T17:03:38.291+05:30 TRACE 16196 --- [Spring_Boot_Start] [           main] o.s.b.f.s.DefaultListableBeanFactory     : Returning cached instance of singleton bean 'autoConfigurationReport'
2025-07-30T17:03:38.291+05:30 TRACE 16196 --- [Spring_Boot_Start] [           main] o.s.b.f.s.DefaultListableBeanFactory     : Returning cached instance of singleton bean 'autoConfigurationReport'
2025-07-30T17:03:38.291+05:30 TRACE 16196 --- [Spring_Boot_Start] [           main] o.s.b.f.s.DefaultListableBeanFactory     : Returning cached instance of singleton bean 'autoConfigurationReport'
2025-07-30T17:03:38.292+05:30 TRACE 16196 --- [Spring_Boot_Start] [           main] o.s.b.f.s.DefaultListableBeanFactory     : Returning cached instance of singleton bean 'autoConfigurationReport'
2025-07-30T17:03:38.293+05:30 TRACE 16196 --- [Spring_Boot_Start] [           main] o.s.b.f.s.DefaultListableBeanFactory     : Returning cached instance of singleton bean 'autoConfigurationReport'
2025-07-30T17:03:38.293+05:30 TRACE 16196 --- [Spring_Boot_Start] [           main] o.s.b.f.s.DefaultListableBeanFactory     : Returning cached instance of singleton bean 'autoConfigurationReport'
2025-07-30T17:03:38.296+05:30 TRACE 16196 --- [Spring_Boot_Start] [           main] o.s.b.f.s.DefaultListableBeanFactory     : Returning cached instance of singleton bean 'autoConfigurationReport'
2025-07-30T17:03:38.297+05:30 TRACE 16196 --- [Spring_Boot_Start] [           main] o.s.b.f.s.DefaultListableBeanFactory     : Returning cached instance of singleton bean 'autoConfigurationReport'
2025-07-30T17:03:38.297+05:30 TRACE 16196 --- [Spring_Boot_Start] [           main] o.s.b.f.s.DefaultListableBeanFactory     : Returning cached instance of singleton bean 'autoConfigurationReport'
2025-07-30T17:03:38.297+05:30 TRACE 16196 --- [Spring_Boot_Start] [           main] o.s.b.f.s.DefaultListableBeanFactory     : Returning cached instance of singleton bean 'autoConfigurationReport'
2025-07-30T17:03:38.298+05:30 TRACE 16196 --- [Spring_Boot_Start] [           main] o.s.b.f.s.DefaultListableBeanFactory     : Returning cached instance of singleton bean 'autoConfigurationReport'
2025-07-30T17:03:38.298+05:30 TRACE 16196 --- [Spring_Boot_Start] [           main] o.s.b.f.s.DefaultListableBeanFactory     : Returning cached instance of singleton bean 'autoConfigurationReport'
2025-07-30T17:03:38.301+05:30 TRACE 16196 --- [Spring_Boot_Start] [           main] o.s.b.f.s.DefaultListableBeanFactory     : Returning cached instance of singleton bean 'autoConfigurationReport'
2025-07-30T17:03:38.302+05:30 TRACE 16196 --- [Spring_Boot_Start] [           main] o.s.b.f.s.DefaultListableBeanFactory     : Returning cached instance of singleton bean 'autoConfigurationReport'
2025-07-30T17:03:38.302+05:30 TRACE 16196 --- [Spring_Boot_Start] [           main] o.s.b.f.s.DefaultListableBeanFactory     : Returning cached instance of singleton bean 'autoConfigurationReport'
2025-07-30T17:03:38.303+05:30 TRACE 16196 --- [Spring_Boot_Start] [           main] o.s.b.f.s.DefaultListableBeanFactory     : Returning cached instance of singleton bean 'autoConfigurationReport'
2025-07-30T17:03:38.303+05:30 TRACE 16196 --- [Spring_Boot_Start] [           main] o.s.b.f.s.DefaultListableBeanFactory     : Returning cached instance of singleton bean 'autoConfigurationReport'
2025-07-30T17:03:38.307+05:30 TRACE 16196 --- [Spring_Boot_Start] [           main] o.s.b.f.s.DefaultListableBeanFactory     : Returning cached instance of singleton bean 'autoConfigurationReport'
2025-07-30T17:03:38.308+05:30 TRACE 16196 --- [Spring_Boot_Start] [           main] o.s.b.f.s.DefaultListableBeanFactory     : Returning cached instance of singleton bean 'autoConfigurationReport'
2025-07-30T17:03:38.311+05:30 TRACE 16196 --- [Spring_Boot_Start] [           main] o.s.b.f.s.DefaultListableBeanFactory     : Returning cached instance of singleton bean 'autoConfigurationReport'
2025-07-30T17:03:38.312+05:30 TRACE 16196 --- [Spring_Boot_Start] [           main] o.s.b.f.s.DefaultListableBeanFactory     : Returning cached instance of singleton bean 'autoConfigurationReport'
2025-07-30T17:03:38.312+05:30 TRACE 16196 --- [Spring_Boot_Start] [           main] o.s.b.f.s.DefaultListableBeanFactory     : Returning cached instance of singleton bean 'autoConfigurationReport'
2025-07-30T17:03:38.312+05:30 TRACE 16196 --- [Spring_Boot_Start] [           main] o.s.b.f.s.DefaultListableBeanFactory     : Returning cached instance of singleton bean 'autoConfigurationReport'
2025-07-30T17:03:38.316+05:30 TRACE 16196 --- [Spring_Boot_Start] [           main] o.s.b.f.s.DefaultListableBeanFactory     : Returning cached instance of singleton bean 'autoConfigurationReport'
2025-07-30T17:03:38.317+05:30 TRACE 16196 --- [Spring_Boot_Start] [           main] o.s.b.f.s.DefaultListableBeanFactory     : Returning cached instance of singleton bean 'autoConfigurationReport'
2025-07-30T17:03:38.317+05:30 TRACE 16196 --- [Spring_Boot_Start] [           main] o.s.b.f.s.DefaultListableBeanFactory     : Returning cached instance of singleton bean 'autoConfigurationReport'
2025-07-30T17:03:38.317+05:30 TRACE 16196 --- [Spring_Boot_Start] [           main] o.s.b.f.s.DefaultListableBeanFactory     : Returning cached instance of singleton bean 'autoConfigurationReport'
2025-07-30T17:03:38.317+05:30 TRACE 16196 --- [Spring_Boot_Start] [           main] o.s.b.f.s.DefaultListableBeanFactory     : Returning cached instance of singleton bean 'autoConfigurationReport'
2025-07-30T17:03:38.317+05:30 TRACE 16196 --- [Spring_Boot_Start] [           main] o.s.b.f.s.DefaultListableBeanFactory     : Returning cached instance of singleton bean 'autoConfigurationReport'
2025-07-30T17:03:38.319+05:30 TRACE 16196 --- [Spring_Boot_Start] [           main] o.s.b.f.s.DefaultListableBeanFactory     : Returning cached instance of singleton bean 'autoConfigurationReport'
2025-07-30T17:03:38.320+05:30 TRACE 16196 --- [Spring_Boot_Start] [           main] o.s.b.f.s.DefaultListableBeanFactory     : Returning cached instance of singleton bean 'autoConfigurationReport'
2025-07-30T17:03:38.320+05:30 TRACE 16196 --- [Spring_Boot_Start] [           main] o.s.b.f.s.DefaultListableBeanFactory     : Returning cached instance of singleton bean 'autoConfigurationReport'
2025-07-30T17:03:38.320+05:30 TRACE 16196 --- [Spring_Boot_Start] [           main] o.s.b.f.s.DefaultListableBeanFactory     : Returning cached instance of singleton bean 'autoConfigurationReport'
2025-07-30T17:03:38.320+05:30 TRACE 16196 --- [Spring_Boot_Start] [           main] o.s.b.f.s.DefaultListableBeanFactory     : Returning cached instance of singleton bean 'autoConfigurationReport'
2025-07-30T17:03:38.336+05:30 TRACE 16196 --- [Spring_Boot_Start] [           main] o.s.b.f.s.DefaultListableBeanFactory     : Returning cached instance of singleton bean 'autoConfigurationReport'
2025-07-30T17:03:38.343+05:30 TRACE 16196 --- [Spring_Boot_Start] [           main] o.s.b.f.s.DefaultListableBeanFactory     : Returning cached instance of singleton bean 'autoConfigurationReport'
2025-07-30T17:03:38.343+05:30 TRACE 16196 --- [Spring_Boot_Start] [           main] o.s.b.f.s.DefaultListableBeanFactory     : Returning cached instance of singleton bean 'autoConfigurationReport'
2025-07-30T17:03:38.343+05:30 TRACE 16196 --- [Spring_Boot_Start] [           main] o.s.b.f.s.DefaultListableBeanFactory     : Returning cached instance of singleton bean 'autoConfigurationReport'
2025-07-30T17:03:38.343+05:30 TRACE 16196 --- [Spring_Boot_Start] [           main] o.s.b.f.s.DefaultListableBeanFactory     : Returning cached instance of singleton bean 'autoConfigurationReport'
2025-07-30T17:03:38.345+05:30 TRACE 16196 --- [Spring_Boot_Start] [           main] o.s.b.f.s.DefaultListableBeanFactory     : Returning cached instance of singleton bean 'autoConfigurationReport'
2025-07-30T17:03:38.346+05:30 TRACE 16196 --- [Spring_Boot_Start] [           main] o.s.b.f.s.DefaultListableBeanFactory     : Returning cached instance of singleton bean 'autoConfigurationReport'
2025-07-30T17:03:38.346+05:30 TRACE 16196 --- [Spring_Boot_Start] [           main] o.s.b.f.s.DefaultListableBeanFactory     : Returning cached instance of singleton bean 'autoConfigurationReport'
2025-07-30T17:03:38.346+05:30 TRACE 16196 --- [Spring_Boot_Start] [           main] o.s.b.f.s.DefaultListableBeanFactory     : Returning cached instance of singleton bean 'autoConfigurationReport'
2025-07-30T17:03:38.347+05:30 TRACE 16196 --- [Spring_Boot_Start] [           main] o.s.b.f.s.DefaultListableBeanFactory     : Returning cached instance of singleton bean 'autoConfigurationReport'
2025-07-30T17:03:38.347+05:30 TRACE 16196 --- [Spring_Boot_Start] [           main] o.s.b.f.s.DefaultListableBeanFactory     : Returning cached instance of singleton bean 'autoConfigurationReport'
2025-07-30T17:03:38.347+05:30 TRACE 16196 --- [Spring_Boot_Start] [           main] o.s.b.f.s.DefaultListableBeanFactory     : Returning cached instance of singleton bean 'autoConfigurationReport'
2025-07-30T17:03:38.347+05:30 TRACE 16196 --- [Spring_Boot_Start] [           main] o.s.b.f.s.DefaultListableBeanFactory     : Returning cached instance of singleton bean 'autoConfigurationReport'
2025-07-30T17:03:38.348+05:30 TRACE 16196 --- [Spring_Boot_Start] [           main] o.s.b.f.s.DefaultListableBeanFactory     : Returning cached instance of singleton bean 'autoConfigurationReport'
2025-07-30T17:03:38.349+05:30 TRACE 16196 --- [Spring_Boot_Start] [           main] o.s.b.f.s.DefaultListableBeanFactory     : Returning cached instance of singleton bean 'autoConfigurationReport'
2025-07-30T17:03:38.349+05:30 TRACE 16196 --- [Spring_Boot_Start] [           main] o.s.b.f.s.DefaultListableBeanFactory     : Returning cached instance of singleton bean 'autoConfigurationReport'
2025-07-30T17:03:38.349+05:30 TRACE 16196 --- [Spring_Boot_Start] [           main] o.s.b.f.s.DefaultListableBeanFactory     : Returning cached instance of singleton bean 'autoConfigurationReport'
2025-07-30T17:03:38.349+05:30 TRACE 16196 --- [Spring_Boot_Start] [           main] o.s.b.f.s.DefaultListableBeanFactory     : Returning cached instance of singleton bean 'autoConfigurationReport'
2025-07-30T17:03:38.354+05:30 TRACE 16196 --- [Spring_Boot_Start] [           main] o.s.b.f.s.DefaultListableBeanFactory     : Returning cached instance of singleton bean 'autoConfigurationReport'
2025-07-30T17:03:38.358+05:30 TRACE 16196 --- [Spring_Boot_Start] [           main] o.s.b.f.s.DefaultListableBeanFactory     : Returning cached instance of singleton bean 'autoConfigurationReport'
2025-07-30T17:03:38.359+05:30 TRACE 16196 --- [Spring_Boot_Start] [           main] o.s.b.f.s.DefaultListableBeanFactory     : Returning cached instance of singleton bean 'autoConfigurationReport'
2025-07-30T17:03:38.359+05:30 TRACE 16196 --- [Spring_Boot_Start] [           main] o.s.b.f.s.DefaultListableBeanFactory     : Returning cached instance of singleton bean 'autoConfigurationReport'
2025-07-30T17:03:38.359+05:30 TRACE 16196 --- [Spring_Boot_Start] [           main] o.s.b.f.s.DefaultListableBeanFactory     : Returning cached instance of singleton bean 'autoConfigurationReport'
2025-07-30T17:03:38.361+05:30 TRACE 16196 --- [Spring_Boot_Start] [           main] o.s.b.f.s.DefaultListableBeanFactory     : Returning cached instance of singleton bean 'autoConfigurationReport'
2025-07-30T17:03:38.362+05:30 TRACE 16196 --- [Spring_Boot_Start] [           main] o.s.b.f.s.DefaultListableBeanFactory     : Returning cached instance of singleton bean 'autoConfigurationReport'
2025-07-30T17:03:38.362+05:30 TRACE 16196 --- [Spring_Boot_Start] [           main] o.s.b.f.s.DefaultListableBeanFactory     : Returning cached instance of singleton bean 'autoConfigurationReport'
2025-07-30T17:03:38.362+05:30 TRACE 16196 --- [Spring_Boot_Start] [           main] o.s.b.f.s.DefaultListableBeanFactory     : Returning cached instance of singleton bean 'autoConfigurationReport'
2025-07-30T17:03:38.363+05:30 TRACE 16196 --- [Spring_Boot_Start] [           main] o.s.b.f.s.DefaultListableBeanFactory     : Returning cached instance of singleton bean 'autoConfigurationReport'
2025-07-30T17:03:38.364+05:30 TRACE 16196 --- [Spring_Boot_Start] [           main] o.s.b.f.s.DefaultListableBeanFactory     : Returning cached instance of singleton bean 'autoConfigurationReport'
2025-07-30T17:03:38.364+05:30 TRACE 16196 --- [Spring_Boot_Start] [           main] o.s.b.f.s.DefaultListableBeanFactory     : Returning cached instance of singleton bean 'autoConfigurationReport'
2025-07-30T17:03:38.365+05:30 TRACE 16196 --- [Spring_Boot_Start] [           main] o.s.b.f.s.DefaultListableBeanFactory     : Returning cached instance of singleton bean 'autoConfigurationReport'
2025-07-30T17:03:38.365+05:30 TRACE 16196 --- [Spring_Boot_Start] [           main] o.s.b.f.s.DefaultListableBeanFactory     : Returning cached instance of singleton bean 'autoConfigurationReport'
2025-07-30T17:03:38.365+05:30 TRACE 16196 --- [Spring_Boot_Start] [           main] o.s.b.f.s.DefaultListableBeanFactory     : Returning cached instance of singleton bean 'autoConfigurationReport'
2025-07-30T17:03:38.365+05:30 TRACE 16196 --- [Spring_Boot_Start] [           main] o.s.b.f.s.DefaultListableBeanFactory     : Returning cached instance of singleton bean 'autoConfigurationReport'
2025-07-30T17:03:38.365+05:30 TRACE 16196 --- [Spring_Boot_Start] [           main] o.s.b.f.s.DefaultListableBeanFactory     : Returning cached instance of singleton bean 'autoConfigurationReport'
2025-07-30T17:03:38.366+05:30 TRACE 16196 --- [Spring_Boot_Start] [           main] o.s.b.f.s.DefaultListableBeanFactory     : Returning cached instance of singleton bean 'autoConfigurationReport'
2025-07-30T17:03:38.367+05:30 TRACE 16196 --- [Spring_Boot_Start] [           main] o.s.b.f.s.DefaultListableBeanFactory     : Returning cached instance of singleton bean 'autoConfigurationReport'
2025-07-30T17:03:38.367+05:30 TRACE 16196 --- [Spring_Boot_Start] [           main] o.s.b.f.s.DefaultListableBeanFactory     : Returning cached instance of singleton bean 'autoConfigurationReport'
2025-07-30T17:03:38.368+05:30 TRACE 16196 --- [Spring_Boot_Start] [           main] o.s.b.f.s.DefaultListableBeanFactory     : Returning cached instance of singleton bean 'autoConfigurationReport'
2025-07-30T17:03:38.368+05:30 TRACE 16196 --- [Spring_Boot_Start] [           main] o.s.b.f.s.DefaultListableBeanFactory     : Returning cached instance of singleton bean 'autoConfigurationReport'
2025-07-30T17:03:38.376+05:30 TRACE 16196 --- [Spring_Boot_Start] [           main] o.s.b.f.s.DefaultListableBeanFactory     : Returning cached instance of singleton bean 'autoConfigurationReport'
2025-07-30T17:03:38.377+05:30 TRACE 16196 --- [Spring_Boot_Start] [           main] o.s.b.f.s.DefaultListableBeanFactory     : Returning cached instance of singleton bean 'autoConfigurationReport'
2025-07-30T17:03:38.377+05:30 TRACE 16196 --- [Spring_Boot_Start] [           main] o.s.b.f.s.DefaultListableBeanFactory     : Returning cached instance of singleton bean 'autoConfigurationReport'
2025-07-30T17:03:38.378+05:30 TRACE 16196 --- [Spring_Boot_Start] [           main] o.s.b.f.s.DefaultListableBeanFactory     : Returning cached instance of singleton bean 'autoConfigurationReport'
2025-07-30T17:03:38.378+05:30 TRACE 16196 --- [Spring_Boot_Start] [           main] o.s.b.f.s.DefaultListableBeanFactory     : Returning cached instance of singleton bean 'autoConfigurationReport'
2025-07-30T17:03:38.378+05:30 TRACE 16196 --- [Spring_Boot_Start] [           main] o.s.b.f.s.DefaultListableBeanFactory     : Returning cached instance of singleton bean 'autoConfigurationReport'
2025-07-30T17:03:38.380+05:30 TRACE 16196 --- [Spring_Boot_Start] [           main] o.s.b.f.s.DefaultListableBeanFactory     : Returning cached instance of singleton bean 'autoConfigurationReport'
2025-07-30T17:03:38.381+05:30 TRACE 16196 --- [Spring_Boot_Start] [           main] o.s.b.f.s.DefaultListableBeanFactory     : Returning cached instance of singleton bean 'autoConfigurationReport'
2025-07-30T17:03:38.381+05:30 TRACE 16196 --- [Spring_Boot_Start] [           main] o.s.b.f.s.DefaultListableBeanFactory     : Returning cached instance of singleton bean 'autoConfigurationReport'
2025-07-30T17:03:38.382+05:30 TRACE 16196 --- [Spring_Boot_Start] [           main] o.s.b.f.s.DefaultListableBeanFactory     : Returning cached instance of singleton bean 'autoConfigurationReport'
2025-07-30T17:03:38.383+05:30 TRACE 16196 --- [Spring_Boot_Start] [           main] o.s.b.f.s.DefaultListableBeanFactory     : Returning cached instance of singleton bean 'autoConfigurationReport'
2025-07-30T17:03:38.383+05:30 TRACE 16196 --- [Spring_Boot_Start] [           main] o.s.b.f.s.DefaultListableBeanFactory     : Returning cached instance of singleton bean 'autoConfigurationReport'
2025-07-30T17:03:38.383+05:30 TRACE 16196 --- [Spring_Boot_Start] [           main] o.s.b.f.s.DefaultListableBeanFactory     : Returning cached instance of singleton bean 'autoConfigurationReport'
2025-07-30T17:03:38.383+05:30 TRACE 16196 --- [Spring_Boot_Start] [           main] o.s.b.f.s.DefaultListableBeanFactory     : Returning cached instance of singleton bean 'autoConfigurationReport'
2025-07-30T17:03:38.384+05:30 TRACE 16196 --- [Spring_Boot_Start] [           main] o.s.b.f.s.DefaultListableBeanFactory     : Returning cached instance of singleton bean 'autoConfigurationReport'
2025-07-30T17:03:38.384+05:30 TRACE 16196 --- [Spring_Boot_Start] [           main] o.s.b.f.s.DefaultListableBeanFactory     : Returning cached instance of singleton bean 'autoConfigurationReport'
2025-07-30T17:03:38.384+05:30 TRACE 16196 --- [Spring_Boot_Start] [           main] o.s.b.f.s.DefaultListableBeanFactory     : Returning cached instance of singleton bean 'autoConfigurationReport'
2025-07-30T17:03:38.384+05:30 TRACE 16196 --- [Spring_Boot_Start] [           main] o.s.b.f.s.DefaultListableBeanFactory     : Returning cached instance of singleton bean 'autoConfigurationReport'
2025-07-30T17:03:38.384+05:30 TRACE 16196 --- [Spring_Boot_Start] [           main] o.s.b.f.s.DefaultListableBeanFactory     : Returning cached instance of singleton bean 'autoConfigurationReport'
2025-07-30T17:03:38.384+05:30 TRACE 16196 --- [Spring_Boot_Start] [           main] o.s.b.f.s.DefaultListableBeanFactory     : Returning cached instance of singleton bean 'autoConfigurationReport'
2025-07-30T17:03:38.385+05:30 TRACE 16196 --- [Spring_Boot_Start] [           main] o.s.b.f.s.DefaultListableBeanFactory     : Returning cached instance of singleton bean 'autoConfigurationReport'
2025-07-30T17:03:38.387+05:30 TRACE 16196 --- [Spring_Boot_Start] [           main] o.s.b.f.s.DefaultListableBeanFactory     : Returning cached instance of singleton bean 'autoConfigurationReport'
2025-07-30T17:03:38.387+05:30 TRACE 16196 --- [Spring_Boot_Start] [           main] o.s.b.f.s.DefaultListableBeanFactory     : Returning cached instance of singleton bean 'autoConfigurationReport'
2025-07-30T17:03:38.387+05:30 TRACE 16196 --- [Spring_Boot_Start] [           main] o.s.b.f.s.DefaultListableBeanFactory     : Returning cached instance of singleton bean 'autoConfigurationReport'
2025-07-30T17:03:38.388+05:30 TRACE 16196 --- [Spring_Boot_Start] [           main] o.s.b.f.s.DefaultListableBeanFactory     : Returning cached instance of singleton bean 'autoConfigurationReport'
2025-07-30T17:03:38.388+05:30 TRACE 16196 --- [Spring_Boot_Start] [           main] o.s.b.f.s.DefaultListableBeanFactory     : Returning cached instance of singleton bean 'autoConfigurationReport'
2025-07-30T17:03:38.393+05:30 TRACE 16196 --- [Spring_Boot_Start] [           main] o.s.b.f.s.DefaultListableBeanFactory     : Returning cached instance of singleton bean 'autoConfigurationReport'
2025-07-30T17:03:38.396+05:30 TRACE 16196 --- [Spring_Boot_Start] [           main] o.s.c.io.support.SpringFactoriesLoader   : Loaded [org.springframework.boot.autoconfigure.template.TemplateAvailabilityProvider] names: [org.springframework.boot.autoconfigure.freemarker.FreeMarkerTemplateAvailabilityProvider, org.springframework.boot.autoconfigure.groovy.template.GroovyTemplateAvailabilityProvider, org.springframework.boot.autoconfigure.mustache.MustacheTemplateAvailabilityProvider, org.springframework.boot.autoconfigure.thymeleaf.ThymeleafTemplateAvailabilityProvider, org.springframework.boot.autoconfigure.web.servlet.JspTemplateAvailabilityProvider]
2025-07-30T17:03:38.402+05:30 TRACE 16196 --- [Spring_Boot_Start] [           main] o.s.b.f.s.DefaultListableBeanFactory     : Returning cached instance of singleton bean 'autoConfigurationReport'
2025-07-30T17:03:38.403+05:30 TRACE 16196 --- [Spring_Boot_Start] [           main] o.s.b.f.s.DefaultListableBeanFactory     : Returning cached instance of singleton bean 'autoConfigurationReport'
2025-07-30T17:03:38.403+05:30 TRACE 16196 --- [Spring_Boot_Start] [           main] o.s.b.f.s.DefaultListableBeanFactory     : Returning cached instance of singleton bean 'autoConfigurationReport'
2025-07-30T17:03:38.403+05:30 TRACE 16196 --- [Spring_Boot_Start] [           main] o.s.b.f.s.DefaultListableBeanFactory     : Returning cached instance of singleton bean 'autoConfigurationReport'
2025-07-30T17:03:38.404+05:30 TRACE 16196 --- [Spring_Boot_Start] [           main] o.s.b.f.s.DefaultListableBeanFactory     : Returning cached instance of singleton bean 'autoConfigurationReport'
2025-07-30T17:03:38.405+05:30 TRACE 16196 --- [Spring_Boot_Start] [           main] o.s.b.f.s.DefaultListableBeanFactory     : Returning cached instance of singleton bean 'autoConfigurationReport'
2025-07-30T17:03:38.405+05:30 TRACE 16196 --- [Spring_Boot_Start] [           main] o.s.b.f.s.DefaultListableBeanFactory     : Returning cached instance of singleton bean 'autoConfigurationReport'
2025-07-30T17:03:38.406+05:30 TRACE 16196 --- [Spring_Boot_Start] [           main] o.s.b.f.s.DefaultListableBeanFactory     : Returning cached instance of singleton bean 'autoConfigurationReport'
2025-07-30T17:03:38.406+05:30 TRACE 16196 --- [Spring_Boot_Start] [           main] o.s.b.f.s.DefaultListableBeanFactory     : Returning cached instance of singleton bean 'autoConfigurationReport'
2025-07-30T17:03:38.406+05:30 TRACE 16196 --- [Spring_Boot_Start] [           main] o.s.b.f.s.DefaultListableBeanFactory     : Returning cached instance of singleton bean 'autoConfigurationReport'
2025-07-30T17:03:38.406+05:30 TRACE 16196 --- [Spring_Boot_Start] [           main] o.s.b.f.s.DefaultListableBeanFactory     : Returning cached instance of singleton bean 'autoConfigurationReport'
2025-07-30T17:03:38.406+05:30 TRACE 16196 --- [Spring_Boot_Start] [           main] o.s.b.f.s.DefaultListableBeanFactory     : Returning cached instance of singleton bean 'autoConfigurationReport'
2025-07-30T17:03:38.406+05:30 TRACE 16196 --- [Spring_Boot_Start] [           main] o.s.b.f.s.DefaultListableBeanFactory     : Returning cached instance of singleton bean 'autoConfigurationReport'
2025-07-30T17:03:38.408+05:30 TRACE 16196 --- [Spring_Boot_Start] [           main] o.s.b.f.s.DefaultListableBeanFactory     : Returning cached instance of singleton bean 'autoConfigurationReport'
2025-07-30T17:03:38.408+05:30 TRACE 16196 --- [Spring_Boot_Start] [           main] o.s.b.f.s.DefaultListableBeanFactory     : Returning cached instance of singleton bean 'autoConfigurationReport'
2025-07-30T17:03:38.408+05:30 TRACE 16196 --- [Spring_Boot_Start] [           main] o.s.b.f.s.DefaultListableBeanFactory     : Returning cached instance of singleton bean 'autoConfigurationReport'
2025-07-30T17:03:38.408+05:30 TRACE 16196 --- [Spring_Boot_Start] [           main] o.s.b.f.s.DefaultListableBeanFactory     : Returning cached instance of singleton bean 'autoConfigurationReport'
2025-07-30T17:03:38.408+05:30 TRACE 16196 --- [Spring_Boot_Start] [           main] o.s.b.f.s.DefaultListableBeanFactory     : Returning cached instance of singleton bean 'autoConfigurationReport'
2025-07-30T17:03:38.418+05:30 TRACE 16196 --- [Spring_Boot_Start] [           main] o.s.b.f.s.DefaultListableBeanFactory     : Returning cached instance of singleton bean 'autoConfigurationReport'
2025-07-30T17:03:38.419+05:30 TRACE 16196 --- [Spring_Boot_Start] [           main] o.s.b.f.s.DefaultListableBeanFactory     : Returning cached instance of singleton bean 'autoConfigurationReport'
2025-07-30T17:03:38.419+05:30 TRACE 16196 --- [Spring_Boot_Start] [           main] o.s.b.f.s.DefaultListableBeanFactory     : Returning cached instance of singleton bean 'autoConfigurationReport'
2025-07-30T17:03:38.428+05:30 TRACE 16196 --- [Spring_Boot_Start] [           main] o.s.b.f.s.DefaultListableBeanFactory     : Returning cached instance of singleton bean 'autoConfigurationReport'
2025-07-30T17:03:38.428+05:30 TRACE 16196 --- [Spring_Boot_Start] [           main] o.s.b.f.s.DefaultListableBeanFactory     : Returning cached instance of singleton bean 'autoConfigurationReport'
2025-07-30T17:03:38.428+05:30 TRACE 16196 --- [Spring_Boot_Start] [           main] o.s.b.f.s.DefaultListableBeanFactory     : Returning cached instance of singleton bean 'autoConfigurationReport'
2025-07-30T17:03:38.432+05:30 TRACE 16196 --- [Spring_Boot_Start] [           main] o.s.b.f.s.DefaultListableBeanFactory     : Returning cached instance of singleton bean 'autoConfigurationReport'
2025-07-30T17:03:38.436+05:30 TRACE 16196 --- [Spring_Boot_Start] [           main] o.s.b.f.s.DefaultListableBeanFactory     : Returning cached instance of singleton bean 'autoConfigurationReport'
2025-07-30T17:03:38.438+05:30 TRACE 16196 --- [Spring_Boot_Start] [           main] o.s.b.f.s.DefaultListableBeanFactory     : Returning cached instance of singleton bean 'autoConfigurationReport'
2025-07-30T17:03:38.438+05:30 TRACE 16196 --- [Spring_Boot_Start] [           main] o.s.b.f.s.DefaultListableBeanFactory     : Returning cached instance of singleton bean 'autoConfigurationReport'
2025-07-30T17:03:38.438+05:30 TRACE 16196 --- [Spring_Boot_Start] [           main] o.s.b.f.s.DefaultListableBeanFactory     : Returning cached instance of singleton bean 'autoConfigurationReport'
2025-07-30T17:03:38.438+05:30 TRACE 16196 --- [Spring_Boot_Start] [           main] o.s.b.f.s.DefaultListableBeanFactory     : Returning cached instance of singleton bean 'autoConfigurationReport'
2025-07-30T17:03:38.438+05:30 TRACE 16196 --- [Spring_Boot_Start] [           main] o.s.b.f.s.DefaultListableBeanFactory     : Returning cached instance of singleton bean 'autoConfigurationReport'
2025-07-30T17:03:38.439+05:30 TRACE 16196 --- [Spring_Boot_Start] [           main] o.s.b.f.s.DefaultListableBeanFactory     : Returning cached instance of singleton bean 'autoConfigurationReport'
2025-07-30T17:03:38.440+05:30 TRACE 16196 --- [Spring_Boot_Start] [           main] o.s.b.f.s.DefaultListableBeanFactory     : Returning cached instance of singleton bean 'autoConfigurationReport'
2025-07-30T17:03:38.441+05:30 TRACE 16196 --- [Spring_Boot_Start] [           main] o.s.b.f.s.DefaultListableBeanFactory     : Returning cached instance of singleton bean 'autoConfigurationReport'
2025-07-30T17:03:38.441+05:30 TRACE 16196 --- [Spring_Boot_Start] [           main] o.s.b.f.s.DefaultListableBeanFactory     : Returning cached instance of singleton bean 'autoConfigurationReport'
2025-07-30T17:03:38.441+05:30 TRACE 16196 --- [Spring_Boot_Start] [           main] o.s.b.f.s.DefaultListableBeanFactory     : Returning cached instance of singleton bean 'autoConfigurationReport'
2025-07-30T17:03:38.441+05:30 TRACE 16196 --- [Spring_Boot_Start] [           main] o.s.b.f.s.DefaultListableBeanFactory     : Returning cached instance of singleton bean 'autoConfigurationReport'
2025-07-30T17:03:38.441+05:30 TRACE 16196 --- [Spring_Boot_Start] [           main] o.s.b.f.s.DefaultListableBeanFactory     : Returning cached instance of singleton bean 'autoConfigurationReport'
2025-07-30T17:03:38.441+05:30 TRACE 16196 --- [Spring_Boot_Start] [           main] o.s.b.f.s.DefaultListableBeanFactory     : Returning cached instance of singleton bean 'autoConfigurationReport'
2025-07-30T17:03:38.442+05:30 TRACE 16196 --- [Spring_Boot_Start] [           main] o.s.b.f.s.DefaultListableBeanFactory     : Returning cached instance of singleton bean 'autoConfigurationReport'
2025-07-30T17:03:38.443+05:30 TRACE 16196 --- [Spring_Boot_Start] [           main] o.s.b.f.s.DefaultListableBeanFactory     : Returning cached instance of singleton bean 'autoConfigurationReport'
2025-07-30T17:03:38.443+05:30 TRACE 16196 --- [Spring_Boot_Start] [           main] o.s.b.f.s.DefaultListableBeanFactory     : Returning cached instance of singleton bean 'autoConfigurationReport'
2025-07-30T17:03:38.443+05:30 TRACE 16196 --- [Spring_Boot_Start] [           main] o.s.b.f.s.DefaultListableBeanFactory     : Returning cached instance of singleton bean 'autoConfigurationReport'
2025-07-30T17:03:38.443+05:30 TRACE 16196 --- [Spring_Boot_Start] [           main] o.s.b.f.s.DefaultListableBeanFactory     : Returning cached instance of singleton bean 'autoConfigurationReport'
2025-07-30T17:03:38.444+05:30 TRACE 16196 --- [Spring_Boot_Start] [           main] o.s.b.f.s.DefaultListableBeanFactory     : Returning cached instance of singleton bean 'autoConfigurationReport'
2025-07-30T17:03:38.444+05:30 TRACE 16196 --- [Spring_Boot_Start] [           main] o.s.b.f.s.DefaultListableBeanFactory     : Returning cached instance of singleton bean 'autoConfigurationReport'
2025-07-30T17:03:38.444+05:30 TRACE 16196 --- [Spring_Boot_Start] [           main] o.s.b.f.s.DefaultListableBeanFactory     : Returning cached instance of singleton bean 'autoConfigurationReport'
2025-07-30T17:03:38.446+05:30 TRACE 16196 --- [Spring_Boot_Start] [           main] o.s.b.f.s.DefaultListableBeanFactory     : Returning cached instance of singleton bean 'autoConfigurationReport'
2025-07-30T17:03:38.446+05:30 TRACE 16196 --- [Spring_Boot_Start] [           main] o.s.b.f.s.DefaultListableBeanFactory     : Returning cached instance of singleton bean 'autoConfigurationReport'
2025-07-30T17:03:38.446+05:30 TRACE 16196 --- [Spring_Boot_Start] [           main] o.s.b.f.s.DefaultListableBeanFactory     : Returning cached instance of singleton bean 'autoConfigurationReport'
2025-07-30T17:03:38.446+05:30 TRACE 16196 --- [Spring_Boot_Start] [           main] o.s.b.f.s.DefaultListableBeanFactory     : Returning cached instance of singleton bean 'autoConfigurationReport'
2025-07-30T17:03:38.449+05:30 TRACE 16196 --- [Spring_Boot_Start] [           main] o.s.b.f.s.DefaultListableBeanFactory     : Returning cached instance of singleton bean 'autoConfigurationReport'
2025-07-30T17:03:38.449+05:30 TRACE 16196 --- [Spring_Boot_Start] [           main] o.s.b.f.s.DefaultListableBeanFactory     : Returning cached instance of singleton bean 'autoConfigurationReport'
2025-07-30T17:03:38.449+05:30 TRACE 16196 --- [Spring_Boot_Start] [           main] o.s.b.f.s.DefaultListableBeanFactory     : Returning cached instance of singleton bean 'autoConfigurationReport'
2025-07-30T17:03:38.450+05:30 TRACE 16196 --- [Spring_Boot_Start] [           main] o.s.b.f.s.DefaultListableBeanFactory     : Returning cached instance of singleton bean 'autoConfigurationReport'
2025-07-30T17:03:38.450+05:30 TRACE 16196 --- [Spring_Boot_Start] [           main] o.s.b.f.s.DefaultListableBeanFactory     : Returning cached instance of singleton bean 'autoConfigurationReport'
2025-07-30T17:03:38.451+05:30 TRACE 16196 --- [Spring_Boot_Start] [           main] o.s.b.f.s.DefaultListableBeanFactory     : Returning cached instance of singleton bean 'autoConfigurationReport'
2025-07-30T17:03:38.452+05:30 TRACE 16196 --- [Spring_Boot_Start] [           main] o.s.b.f.s.DefaultListableBeanFactory     : Returning cached instance of singleton bean 'autoConfigurationReport'
2025-07-30T17:03:38.452+05:30 TRACE 16196 --- [Spring_Boot_Start] [           main] o.s.b.f.s.DefaultListableBeanFactory     : Returning cached instance of singleton bean 'autoConfigurationReport'
2025-07-30T17:03:38.452+05:30 TRACE 16196 --- [Spring_Boot_Start] [           main] o.s.b.f.s.DefaultListableBeanFactory     : Returning cached instance of singleton bean 'autoConfigurationReport'
2025-07-30T17:03:38.452+05:30 TRACE 16196 --- [Spring_Boot_Start] [           main] o.s.b.f.s.DefaultListableBeanFactory     : Returning cached instance of singleton bean 'autoConfigurationReport'
2025-07-30T17:03:38.452+05:30 TRACE 16196 --- [Spring_Boot_Start] [           main] o.s.b.f.s.DefaultListableBeanFactory     : Returning cached instance of singleton bean 'autoConfigurationReport'
2025-07-30T17:03:38.452+05:30 TRACE 16196 --- [Spring_Boot_Start] [           main] o.s.b.f.s.DefaultListableBeanFactory     : Returning cached instance of singleton bean 'autoConfigurationReport'
2025-07-30T17:03:38.453+05:30 TRACE 16196 --- [Spring_Boot_Start] [           main] o.s.b.f.s.DefaultListableBeanFactory     : Returning cached instance of singleton bean 'autoConfigurationReport'
2025-07-30T17:03:38.453+05:30 TRACE 16196 --- [Spring_Boot_Start] [           main] o.s.b.f.s.DefaultListableBeanFactory     : Returning cached instance of singleton bean 'autoConfigurationReport'
2025-07-30T17:03:38.453+05:30 TRACE 16196 --- [Spring_Boot_Start] [           main] o.s.b.f.s.DefaultListableBeanFactory     : Returning cached instance of singleton bean 'autoConfigurationReport'
2025-07-30T17:03:38.454+05:30 TRACE 16196 --- [Spring_Boot_Start] [           main] o.s.b.f.s.DefaultListableBeanFactory     : Returning cached instance of singleton bean 'autoConfigurationReport'
2025-07-30T17:03:38.454+05:30 TRACE 16196 --- [Spring_Boot_Start] [           main] o.s.b.f.s.DefaultListableBeanFactory     : Returning cached instance of singleton bean 'autoConfigurationReport'
2025-07-30T17:03:38.454+05:30 TRACE 16196 --- [Spring_Boot_Start] [           main] o.s.b.f.s.DefaultListableBeanFactory     : Returning cached instance of singleton bean 'autoConfigurationReport'
2025-07-30T17:03:38.454+05:30 TRACE 16196 --- [Spring_Boot_Start] [           main] o.s.b.f.s.DefaultListableBeanFactory     : Returning cached instance of singleton bean 'autoConfigurationReport'
2025-07-30T17:03:38.454+05:30 TRACE 16196 --- [Spring_Boot_Start] [           main] o.s.b.f.s.DefaultListableBeanFactory     : Returning cached instance of singleton bean 'autoConfigurationReport'
2025-07-30T17:03:38.454+05:30 TRACE 16196 --- [Spring_Boot_Start] [           main] o.s.b.f.s.DefaultListableBeanFactory     : Returning cached instance of singleton bean 'autoConfigurationReport'
2025-07-30T17:03:38.455+05:30 TRACE 16196 --- [Spring_Boot_Start] [           main] o.s.b.f.s.DefaultListableBeanFactory     : Returning cached instance of singleton bean 'autoConfigurationReport'
2025-07-30T17:03:38.455+05:30 TRACE 16196 --- [Spring_Boot_Start] [           main] o.s.b.f.s.DefaultListableBeanFactory     : Returning cached instance of singleton bean 'autoConfigurationReport'
2025-07-30T17:03:38.456+05:30 TRACE 16196 --- [Spring_Boot_Start] [           main] o.s.b.f.s.DefaultListableBeanFactory     : Returning cached instance of singleton bean 'autoConfigurationReport'
2025-07-30T17:03:38.456+05:30 TRACE 16196 --- [Spring_Boot_Start] [           main] o.s.b.f.s.DefaultListableBeanFactory     : Returning cached instance of singleton bean 'autoConfigurationReport'
2025-07-30T17:03:38.460+05:30 TRACE 16196 --- [Spring_Boot_Start] [           main] o.s.b.f.s.DefaultListableBeanFactory     : Returning cached instance of singleton bean 'autoConfigurationReport'
2025-07-30T17:03:38.460+05:30 TRACE 16196 --- [Spring_Boot_Start] [           main] o.s.b.f.s.DefaultListableBeanFactory     : Returning cached instance of singleton bean 'autoConfigurationReport'
2025-07-30T17:03:38.460+05:30 TRACE 16196 --- [Spring_Boot_Start] [           main] o.s.b.f.s.DefaultListableBeanFactory     : Returning cached instance of singleton bean 'autoConfigurationReport'
2025-07-30T17:03:38.460+05:30 TRACE 16196 --- [Spring_Boot_Start] [           main] o.s.b.f.s.DefaultListableBeanFactory     : Returning cached instance of singleton bean 'autoConfigurationReport'
2025-07-30T17:03:38.462+05:30 TRACE 16196 --- [Spring_Boot_Start] [           main] o.s.b.f.s.DefaultListableBeanFactory     : Returning cached instance of singleton bean 'autoConfigurationReport'
2025-07-30T17:03:38.462+05:30 TRACE 16196 --- [Spring_Boot_Start] [           main] o.s.b.f.s.DefaultListableBeanFactory     : Returning cached instance of singleton bean 'autoConfigurationReport'
2025-07-30T17:03:38.462+05:30 TRACE 16196 --- [Spring_Boot_Start] [           main] o.s.b.f.s.DefaultListableBeanFactory     : Returning cached instance of singleton bean 'autoConfigurationReport'
2025-07-30T17:03:38.462+05:30 TRACE 16196 --- [Spring_Boot_Start] [           main] o.s.b.f.s.DefaultListableBeanFactory     : Returning cached instance of singleton bean 'autoConfigurationReport'
2025-07-30T17:03:38.463+05:30 TRACE 16196 --- [Spring_Boot_Start] [           main] o.s.b.f.s.DefaultListableBeanFactory     : Returning cached instance of singleton bean 'autoConfigurationReport'
2025-07-30T17:03:38.463+05:30 TRACE 16196 --- [Spring_Boot_Start] [           main] o.s.b.f.s.DefaultListableBeanFactory     : Returning cached instance of singleton bean 'autoConfigurationReport'
2025-07-30T17:03:38.463+05:30 TRACE 16196 --- [Spring_Boot_Start] [           main] o.s.b.f.s.DefaultListableBeanFactory     : Returning cached instance of singleton bean 'autoConfigurationReport'
2025-07-30T17:03:38.463+05:30 TRACE 16196 --- [Spring_Boot_Start] [           main] o.s.b.f.s.DefaultListableBeanFactory     : Returning cached instance of singleton bean 'autoConfigurationReport'
2025-07-30T17:03:38.464+05:30 TRACE 16196 --- [Spring_Boot_Start] [           main] o.s.b.f.s.DefaultListableBeanFactory     : Returning cached instance of singleton bean 'autoConfigurationReport'
2025-07-30T17:03:38.464+05:30 TRACE 16196 --- [Spring_Boot_Start] [           main] o.s.b.f.s.DefaultListableBeanFactory     : Returning cached instance of singleton bean 'autoConfigurationReport'
2025-07-30T17:03:38.464+05:30 TRACE 16196 --- [Spring_Boot_Start] [           main] o.s.b.f.s.DefaultListableBeanFactory     : Returning cached instance of singleton bean 'autoConfigurationReport'
2025-07-30T17:03:38.464+05:30 TRACE 16196 --- [Spring_Boot_Start] [           main] o.s.b.f.s.DefaultListableBeanFactory     : Returning cached instance of singleton bean 'autoConfigurationReport'
2025-07-30T17:03:38.464+05:30 TRACE 16196 --- [Spring_Boot_Start] [           main] o.s.b.f.s.DefaultListableBeanFactory     : Returning cached instance of singleton bean 'autoConfigurationReport'
2025-07-30T17:03:38.464+05:30 TRACE 16196 --- [Spring_Boot_Start] [           main] o.s.b.f.s.DefaultListableBeanFactory     : Returning cached instance of singleton bean 'autoConfigurationReport'
2025-07-30T17:03:38.464+05:30 TRACE 16196 --- [Spring_Boot_Start] [           main] o.s.b.f.s.DefaultListableBeanFactory     : Returning cached instance of singleton bean 'autoConfigurationReport'
2025-07-30T17:03:38.465+05:30 TRACE 16196 --- [Spring_Boot_Start] [           main] o.s.b.f.s.DefaultListableBeanFactory     : Returning cached instance of singleton bean 'autoConfigurationReport'
2025-07-30T17:03:38.466+05:30 TRACE 16196 --- [Spring_Boot_Start] [           main] o.s.b.f.s.DefaultListableBeanFactory     : Returning cached instance of singleton bean 'autoConfigurationReport'
2025-07-30T17:03:38.466+05:30 TRACE 16196 --- [Spring_Boot_Start] [           main] o.s.b.f.s.DefaultListableBeanFactory     : Returning cached instance of singleton bean 'autoConfigurationReport'
2025-07-30T17:03:38.466+05:30 TRACE 16196 --- [Spring_Boot_Start] [           main] o.s.b.f.s.DefaultListableBeanFactory     : Returning cached instance of singleton bean 'autoConfigurationReport'
2025-07-30T17:03:38.466+05:30 TRACE 16196 --- [Spring_Boot_Start] [           main] o.s.b.f.s.DefaultListableBeanFactory     : Returning cached instance of singleton bean 'autoConfigurationReport'
2025-07-30T17:03:38.466+05:30 TRACE 16196 --- [Spring_Boot_Start] [           main] o.s.b.f.s.DefaultListableBeanFactory     : Returning cached instance of singleton bean 'autoConfigurationReport'
2025-07-30T17:03:38.468+05:30 TRACE 16196 --- [Spring_Boot_Start] [           main] o.s.b.f.s.DefaultListableBeanFactory     : Returning cached instance of singleton bean 'autoConfigurationReport'
2025-07-30T17:03:38.468+05:30 TRACE 16196 --- [Spring_Boot_Start] [           main] o.s.b.f.s.DefaultListableBeanFactory     : Returning cached instance of singleton bean 'autoConfigurationReport'
2025-07-30T17:03:38.468+05:30 TRACE 16196 --- [Spring_Boot_Start] [           main] o.s.b.f.s.DefaultListableBeanFactory     : Returning cached instance of singleton bean 'autoConfigurationReport'
2025-07-30T17:03:38.468+05:30 TRACE 16196 --- [Spring_Boot_Start] [           main] o.s.b.f.s.DefaultListableBeanFactory     : Returning cached instance of singleton bean 'autoConfigurationReport'
2025-07-30T17:03:38.478+05:30 TRACE 16196 --- [Spring_Boot_Start] [           main] o.s.b.f.s.DefaultListableBeanFactory     : Returning cached instance of singleton bean 'autoConfigurationReport'
2025-07-30T17:03:38.478+05:30 TRACE 16196 --- [Spring_Boot_Start] [           main] o.s.b.f.s.DefaultListableBeanFactory     : Returning cached instance of singleton bean 'autoConfigurationReport'
2025-07-30T17:03:38.478+05:30 TRACE 16196 --- [Spring_Boot_Start] [           main] o.s.b.f.s.DefaultListableBeanFactory     : Returning cached instance of singleton bean 'autoConfigurationReport'
2025-07-30T17:03:38.481+05:30 TRACE 16196 --- [Spring_Boot_Start] [           main] o.s.b.f.s.DefaultListableBeanFactory     : Returning cached instance of singleton bean 'autoConfigurationReport'
2025-07-30T17:03:38.481+05:30 TRACE 16196 --- [Spring_Boot_Start] [           main] o.s.b.f.s.DefaultListableBeanFactory     : Returning cached instance of singleton bean 'autoConfigurationReport'
2025-07-30T17:03:38.482+05:30 TRACE 16196 --- [Spring_Boot_Start] [           main] o.s.b.f.s.DefaultListableBeanFactory     : Returning cached instance of singleton bean 'autoConfigurationReport'
2025-07-30T17:03:38.482+05:30 TRACE 16196 --- [Spring_Boot_Start] [           main] o.s.b.f.s.DefaultListableBeanFactory     : Returning cached instance of singleton bean 'autoConfigurationReport'
2025-07-30T17:03:38.482+05:30 TRACE 16196 --- [Spring_Boot_Start] [           main] o.s.b.f.s.DefaultListableBeanFactory     : Returning cached instance of singleton bean 'autoConfigurationReport'
2025-07-30T17:03:38.482+05:30 TRACE 16196 --- [Spring_Boot_Start] [           main] o.s.b.f.s.DefaultListableBeanFactory     : Returning cached instance of singleton bean 'autoConfigurationReport'
2025-07-30T17:03:38.482+05:30 TRACE 16196 --- [Spring_Boot_Start] [           main] o.s.b.f.s.DefaultListableBeanFactory     : Returning cached instance of singleton bean 'autoConfigurationReport'
2025-07-30T17:03:38.483+05:30 TRACE 16196 --- [Spring_Boot_Start] [           main] o.s.b.f.s.DefaultListableBeanFactory     : Returning cached instance of singleton bean 'autoConfigurationReport'
2025-07-30T17:03:38.483+05:30 TRACE 16196 --- [Spring_Boot_Start] [           main] o.s.b.f.s.DefaultListableBeanFactory     : Returning cached instance of singleton bean 'autoConfigurationReport'
2025-07-30T17:03:38.483+05:30 TRACE 16196 --- [Spring_Boot_Start] [           main] o.s.b.f.s.DefaultListableBeanFactory     : Returning cached instance of singleton bean 'autoConfigurationReport'
2025-07-30T17:03:38.483+05:30 TRACE 16196 --- [Spring_Boot_Start] [           main] o.s.b.f.s.DefaultListableBeanFactory     : Returning cached instance of singleton bean 'autoConfigurationReport'
2025-07-30T17:03:38.483+05:30 TRACE 16196 --- [Spring_Boot_Start] [           main] o.s.b.f.s.DefaultListableBeanFactory     : Returning cached instance of singleton bean 'autoConfigurationReport'
2025-07-30T17:03:38.484+05:30 TRACE 16196 --- [Spring_Boot_Start] [           main] o.s.b.f.s.DefaultListableBeanFactory     : Returning cached instance of singleton bean 'autoConfigurationReport'
2025-07-30T17:03:38.484+05:30 TRACE 16196 --- [Spring_Boot_Start] [           main] o.s.b.f.s.DefaultListableBeanFactory     : Returning cached instance of singleton bean 'autoConfigurationReport'
2025-07-30T17:03:38.484+05:30 TRACE 16196 --- [Spring_Boot_Start] [           main] o.s.b.f.s.DefaultListableBeanFactory     : Returning cached instance of singleton bean 'autoConfigurationReport'
2025-07-30T17:03:38.484+05:30 TRACE 16196 --- [Spring_Boot_Start] [           main] o.s.b.f.s.DefaultListableBeanFactory     : Returning cached instance of singleton bean 'autoConfigurationReport'
2025-07-30T17:03:38.484+05:30 TRACE 16196 --- [Spring_Boot_Start] [           main] o.s.b.f.s.DefaultListableBeanFactory     : Returning cached instance of singleton bean 'autoConfigurationReport'
2025-07-30T17:03:38.485+05:30 TRACE 16196 --- [Spring_Boot_Start] [           main] o.s.b.f.s.DefaultListableBeanFactory     : Returning cached instance of singleton bean 'autoConfigurationReport'
2025-07-30T17:03:38.485+05:30 TRACE 16196 --- [Spring_Boot_Start] [           main] o.s.b.f.s.DefaultListableBeanFactory     : Returning cached instance of singleton bean 'autoConfigurationReport'
2025-07-30T17:03:38.485+05:30 TRACE 16196 --- [Spring_Boot_Start] [           main] o.s.b.f.s.DefaultListableBeanFactory     : Returning cached instance of singleton bean 'autoConfigurationReport'
2025-07-30T17:03:38.485+05:30 TRACE 16196 --- [Spring_Boot_Start] [           main] o.s.b.f.s.DefaultListableBeanFactory     : Returning cached instance of singleton bean 'autoConfigurationReport'
2025-07-30T17:03:38.485+05:30 TRACE 16196 --- [Spring_Boot_Start] [           main] o.s.b.f.s.DefaultListableBeanFactory     : Returning cached instance of singleton bean 'autoConfigurationReport'
2025-07-30T17:03:38.485+05:30 TRACE 16196 --- [Spring_Boot_Start] [           main] o.s.b.f.s.DefaultListableBeanFactory     : Returning cached instance of singleton bean 'autoConfigurationReport'
2025-07-30T17:03:38.485+05:30 TRACE 16196 --- [Spring_Boot_Start] [           main] o.s.b.f.s.DefaultListableBeanFactory     : Returning cached instance of singleton bean 'autoConfigurationReport'
2025-07-30T17:03:38.486+05:30 TRACE 16196 --- [Spring_Boot_Start] [           main] o.s.b.f.s.DefaultListableBeanFactory     : Returning cached instance of singleton bean 'autoConfigurationReport'
2025-07-30T17:03:38.486+05:30 TRACE 16196 --- [Spring_Boot_Start] [           main] o.s.b.f.s.DefaultListableBeanFactory     : Returning cached instance of singleton bean 'autoConfigurationReport'
2025-07-30T17:03:38.486+05:30 TRACE 16196 --- [Spring_Boot_Start] [           main] o.s.b.f.s.DefaultListableBeanFactory     : Returning cached instance of singleton bean 'autoConfigurationReport'
2025-07-30T17:03:38.489+05:30 TRACE 16196 --- [Spring_Boot_Start] [           main] o.s.b.f.s.DefaultListableBeanFactory     : Returning cached instance of singleton bean 'autoConfigurationReport'
2025-07-30T17:03:38.489+05:30 TRACE 16196 --- [Spring_Boot_Start] [           main] o.s.b.f.s.DefaultListableBeanFactory     : Returning cached instance of singleton bean 'autoConfigurationReport'
2025-07-30T17:03:38.489+05:30 TRACE 16196 --- [Spring_Boot_Start] [           main] o.s.b.f.s.DefaultListableBeanFactory     : Returning cached instance of singleton bean 'autoConfigurationReport'
2025-07-30T17:03:38.490+05:30 TRACE 16196 --- [Spring_Boot_Start] [           main] o.s.b.f.s.DefaultListableBeanFactory     : Returning cached instance of singleton bean 'autoConfigurationReport'
2025-07-30T17:03:38.491+05:30 TRACE 16196 --- [Spring_Boot_Start] [           main] o.s.b.f.s.DefaultListableBeanFactory     : Returning cached instance of singleton bean 'autoConfigurationReport'
2025-07-30T17:03:38.491+05:30 TRACE 16196 --- [Spring_Boot_Start] [           main] o.s.b.f.s.DefaultListableBeanFactory     : Returning cached instance of singleton bean 'autoConfigurationReport'
2025-07-30T17:03:38.491+05:30 TRACE 16196 --- [Spring_Boot_Start] [           main] o.s.b.f.s.DefaultListableBeanFactory     : Returning cached instance of singleton bean 'autoConfigurationReport'
2025-07-30T17:03:38.491+05:30 TRACE 16196 --- [Spring_Boot_Start] [           main] o.s.b.f.s.DefaultListableBeanFactory     : Returning cached instance of singleton bean 'autoConfigurationReport'
2025-07-30T17:03:38.492+05:30 TRACE 16196 --- [Spring_Boot_Start] [           main] o.s.b.f.s.DefaultListableBeanFactory     : Returning cached instance of singleton bean 'autoConfigurationReport'
2025-07-30T17:03:38.492+05:30 TRACE 16196 --- [Spring_Boot_Start] [           main] o.s.b.f.s.DefaultListableBeanFactory     : Returning cached instance of singleton bean 'autoConfigurationReport'
2025-07-30T17:03:38.492+05:30 TRACE 16196 --- [Spring_Boot_Start] [           main] o.s.b.f.s.DefaultListableBeanFactory     : Returning cached instance of singleton bean 'autoConfigurationReport'
2025-07-30T17:03:38.492+05:30 TRACE 16196 --- [Spring_Boot_Start] [           main] o.s.b.f.s.DefaultListableBeanFactory     : Returning cached instance of singleton bean 'autoConfigurationReport'
2025-07-30T17:03:38.495+05:30 TRACE 16196 --- [Spring_Boot_Start] [           main] o.s.b.f.s.DefaultListableBeanFactory     : Returning cached instance of singleton bean 'autoConfigurationReport'
2025-07-30T17:03:38.496+05:30 TRACE 16196 --- [Spring_Boot_Start] [           main] o.s.b.f.s.DefaultListableBeanFactory     : Returning cached instance of singleton bean 'autoConfigurationReport'
2025-07-30T17:03:38.496+05:30 TRACE 16196 --- [Spring_Boot_Start] [           main] o.s.b.f.s.DefaultListableBeanFactory     : Returning cached instance of singleton bean 'autoConfigurationReport'
2025-07-30T17:03:38.496+05:30 TRACE 16196 --- [Spring_Boot_Start] [           main] o.s.b.f.s.DefaultListableBeanFactory     : Returning cached instance of singleton bean 'autoConfigurationReport'
2025-07-30T17:03:38.496+05:30 TRACE 16196 --- [Spring_Boot_Start] [           main] o.s.b.f.s.DefaultListableBeanFactory     : Returning cached instance of singleton bean 'autoConfigurationReport'
2025-07-30T17:03:38.496+05:30 TRACE 16196 --- [Spring_Boot_Start] [           main] o.s.b.f.s.DefaultListableBeanFactory     : Returning cached instance of singleton bean 'autoConfigurationReport'
2025-07-30T17:03:38.496+05:30 TRACE 16196 --- [Spring_Boot_Start] [           main] o.s.b.f.s.DefaultListableBeanFactory     : Returning cached instance of singleton bean 'autoConfigurationReport'
2025-07-30T17:03:38.497+05:30 TRACE 16196 --- [Spring_Boot_Start] [           main] o.s.b.f.s.DefaultListableBeanFactory     : Returning cached instance of singleton bean 'autoConfigurationReport'
2025-07-30T17:03:38.497+05:30 TRACE 16196 --- [Spring_Boot_Start] [           main] o.s.b.f.s.DefaultListableBeanFactory     : Returning cached instance of singleton bean 'autoConfigurationReport'
2025-07-30T17:03:38.497+05:30 TRACE 16196 --- [Spring_Boot_Start] [           main] o.s.b.f.s.DefaultListableBeanFactory     : Returning cached instance of singleton bean 'autoConfigurationReport'
2025-07-30T17:03:38.498+05:30 TRACE 16196 --- [Spring_Boot_Start] [           main] o.s.b.f.s.DefaultListableBeanFactory     : Returning cached instance of singleton bean 'autoConfigurationReport'
2025-07-30T17:03:38.498+05:30 TRACE 16196 --- [Spring_Boot_Start] [           main] o.s.b.f.s.DefaultListableBeanFactory     : Returning cached instance of singleton bean 'autoConfigurationReport'
2025-07-30T17:03:38.498+05:30 TRACE 16196 --- [Spring_Boot_Start] [           main] o.s.b.f.s.DefaultListableBeanFactory     : Returning cached instance of singleton bean 'autoConfigurationReport'
2025-07-30T17:03:38.498+05:30 TRACE 16196 --- [Spring_Boot_Start] [           main] o.s.b.f.s.DefaultListableBeanFactory     : Returning cached instance of singleton bean 'autoConfigurationReport'
2025-07-30T17:03:38.498+05:30 TRACE 16196 --- [Spring_Boot_Start] [           main] o.s.b.f.s.DefaultListableBeanFactory     : Returning cached instance of singleton bean 'autoConfigurationReport'
2025-07-30T17:03:38.498+05:30 TRACE 16196 --- [Spring_Boot_Start] [           main] o.s.b.f.s.DefaultListableBeanFactory     : Returning cached instance of singleton bean 'autoConfigurationReport'
2025-07-30T17:03:38.499+05:30 TRACE 16196 --- [Spring_Boot_Start] [           main] o.s.b.f.s.DefaultListableBeanFactory     : Returning cached instance of singleton bean 'autoConfigurationReport'
2025-07-30T17:03:38.499+05:30 TRACE 16196 --- [Spring_Boot_Start] [           main] o.s.b.f.s.DefaultListableBeanFactory     : Returning cached instance of singleton bean 'autoConfigurationReport'
2025-07-30T17:03:38.499+05:30 TRACE 16196 --- [Spring_Boot_Start] [           main] o.s.b.f.s.DefaultListableBeanFactory     : Returning cached instance of singleton bean 'autoConfigurationReport'
2025-07-30T17:03:38.500+05:30 TRACE 16196 --- [Spring_Boot_Start] [           main] o.s.b.f.s.DefaultListableBeanFactory     : Returning cached instance of singleton bean 'autoConfigurationReport'
2025-07-30T17:03:38.500+05:30 TRACE 16196 --- [Spring_Boot_Start] [           main] o.s.b.f.s.DefaultListableBeanFactory     : Returning cached instance of singleton bean 'autoConfigurationReport'
2025-07-30T17:03:38.500+05:30 TRACE 16196 --- [Spring_Boot_Start] [           main] o.s.b.f.s.DefaultListableBeanFactory     : Returning cached instance of singleton bean 'autoConfigurationReport'
2025-07-30T17:03:38.500+05:30 TRACE 16196 --- [Spring_Boot_Start] [           main] o.s.b.f.s.DefaultListableBeanFactory     : Returning cached instance of singleton bean 'autoConfigurationReport'
2025-07-30T17:03:38.500+05:30 TRACE 16196 --- [Spring_Boot_Start] [           main] o.s.b.f.s.DefaultListableBeanFactory     : Returning cached instance of singleton bean 'autoConfigurationReport'
2025-07-30T17:03:38.501+05:30 TRACE 16196 --- [Spring_Boot_Start] [           main] o.s.b.f.s.DefaultListableBeanFactory     : Returning cached instance of singleton bean 'autoConfigurationReport'
2025-07-30T17:03:38.502+05:30 TRACE 16196 --- [Spring_Boot_Start] [           main] o.s.b.f.s.DefaultListableBeanFactory     : Returning cached instance of singleton bean 'autoConfigurationReport'
2025-07-30T17:03:38.509+05:30 TRACE 16196 --- [Spring_Boot_Start] [           main] o.s.b.f.s.DefaultListableBeanFactory     : Returning cached instance of singleton bean 'autoConfigurationReport'
2025-07-30T17:03:38.509+05:30 TRACE 16196 --- [Spring_Boot_Start] [           main] o.s.b.f.s.DefaultListableBeanFactory     : Returning cached instance of singleton bean 'autoConfigurationReport'
2025-07-30T17:03:38.509+05:30 TRACE 16196 --- [Spring_Boot_Start] [           main] o.s.b.f.s.DefaultListableBeanFactory     : Returning cached instance of singleton bean 'autoConfigurationReport'
2025-07-30T17:03:38.509+05:30 TRACE 16196 --- [Spring_Boot_Start] [           main] o.s.b.f.s.DefaultListableBeanFactory     : Returning cached instance of singleton bean 'autoConfigurationReport'
2025-07-30T17:03:38.511+05:30 TRACE 16196 --- [Spring_Boot_Start] [           main] o.s.b.f.s.DefaultListableBeanFactory     : Returning cached instance of singleton bean 'autoConfigurationReport'
2025-07-30T17:03:38.511+05:30 TRACE 16196 --- [Spring_Boot_Start] [           main] o.s.b.f.s.DefaultListableBeanFactory     : Returning cached instance of singleton bean 'autoConfigurationReport'
2025-07-30T17:03:38.511+05:30 TRACE 16196 --- [Spring_Boot_Start] [           main] o.s.b.f.s.DefaultListableBeanFactory     : Returning cached instance of singleton bean 'autoConfigurationReport'
2025-07-30T17:03:38.512+05:30 TRACE 16196 --- [Spring_Boot_Start] [           main] o.s.b.f.s.DefaultListableBeanFactory     : Returning cached instance of singleton bean 'autoConfigurationReport'
2025-07-30T17:03:38.514+05:30 TRACE 16196 --- [Spring_Boot_Start] [           main] o.s.b.f.s.DefaultListableBeanFactory     : Returning cached instance of singleton bean 'autoConfigurationReport'
2025-07-30T17:03:38.514+05:30 TRACE 16196 --- [Spring_Boot_Start] [           main] o.s.b.f.s.DefaultListableBeanFactory     : Returning cached instance of singleton bean 'autoConfigurationReport'
2025-07-30T17:03:38.514+05:30 TRACE 16196 --- [Spring_Boot_Start] [           main] o.s.b.f.s.DefaultListableBeanFactory     : Returning cached instance of singleton bean 'autoConfigurationReport'
2025-07-30T17:03:38.519+05:30 TRACE 16196 --- [Spring_Boot_Start] [           main] o.s.b.f.s.DefaultListableBeanFactory     : Returning cached instance of singleton bean 'autoConfigurationReport'
2025-07-30T17:03:38.520+05:30 TRACE 16196 --- [Spring_Boot_Start] [           main] o.s.b.f.s.DefaultListableBeanFactory     : Returning cached instance of singleton bean 'autoConfigurationReport'
2025-07-30T17:03:38.520+05:30 TRACE 16196 --- [Spring_Boot_Start] [           main] o.s.b.f.s.DefaultListableBeanFactory     : Returning cached instance of singleton bean 'autoConfigurationReport'
2025-07-30T17:03:38.520+05:30 TRACE 16196 --- [Spring_Boot_Start] [           main] o.s.b.f.s.DefaultListableBeanFactory     : Returning cached instance of singleton bean 'autoConfigurationReport'
2025-07-30T17:03:38.521+05:30 TRACE 16196 --- [Spring_Boot_Start] [           main] o.s.b.f.s.DefaultListableBeanFactory     : Returning cached instance of singleton bean 'autoConfigurationReport'
2025-07-30T17:03:38.521+05:30 TRACE 16196 --- [Spring_Boot_Start] [           main] o.s.b.f.s.DefaultListableBeanFactory     : Returning cached instance of singleton bean 'autoConfigurationReport'
2025-07-30T17:03:38.522+05:30 TRACE 16196 --- [Spring_Boot_Start] [           main] o.s.b.f.s.DefaultListableBeanFactory     : Returning cached instance of singleton bean 'autoConfigurationReport'
2025-07-30T17:03:38.523+05:30 TRACE 16196 --- [Spring_Boot_Start] [           main] o.s.b.f.s.DefaultListableBeanFactory     : Returning cached instance of singleton bean 'autoConfigurationReport'
2025-07-30T17:03:38.523+05:30 TRACE 16196 --- [Spring_Boot_Start] [           main] o.s.b.f.s.DefaultListableBeanFactory     : Returning cached instance of singleton bean 'autoConfigurationReport'
2025-07-30T17:03:38.523+05:30 TRACE 16196 --- [Spring_Boot_Start] [           main] o.s.b.f.s.DefaultListableBeanFactory     : Returning cached instance of singleton bean 'autoConfigurationReport'
2025-07-30T17:03:38.523+05:30 TRACE 16196 --- [Spring_Boot_Start] [           main] o.s.b.f.s.DefaultListableBeanFactory     : Returning cached instance of singleton bean 'autoConfigurationReport'
2025-07-30T17:03:38.523+05:30 TRACE 16196 --- [Spring_Boot_Start] [           main] o.s.b.f.s.DefaultListableBeanFactory     : Returning cached instance of singleton bean 'autoConfigurationReport'
2025-07-30T17:03:38.524+05:30 TRACE 16196 --- [Spring_Boot_Start] [           main] o.s.b.f.s.DefaultListableBeanFactory     : Returning cached instance of singleton bean 'autoConfigurationReport'
2025-07-30T17:03:38.524+05:30 TRACE 16196 --- [Spring_Boot_Start] [           main] o.s.b.f.s.DefaultListableBeanFactory     : Returning cached instance of singleton bean 'autoConfigurationReport'
2025-07-30T17:03:38.526+05:30 TRACE 16196 --- [Spring_Boot_Start] [           main] o.s.b.f.s.DefaultListableBeanFactory     : Returning cached instance of singleton bean 'autoConfigurationReport'
2025-07-30T17:03:38.527+05:30 TRACE 16196 --- [Spring_Boot_Start] [           main] o.s.b.f.s.DefaultListableBeanFactory     : Returning cached instance of singleton bean 'autoConfigurationReport'
2025-07-30T17:03:38.528+05:30 TRACE 16196 --- [Spring_Boot_Start] [           main] o.s.b.f.s.DefaultListableBeanFactory     : Returning cached instance of singleton bean 'autoConfigurationReport'
2025-07-30T17:03:38.528+05:30 TRACE 16196 --- [Spring_Boot_Start] [           main] o.s.b.f.s.DefaultListableBeanFactory     : Returning cached instance of singleton bean 'autoConfigurationReport'
2025-07-30T17:03:38.528+05:30 TRACE 16196 --- [Spring_Boot_Start] [           main] o.s.b.f.s.DefaultListableBeanFactory     : Returning cached instance of singleton bean 'autoConfigurationReport'
2025-07-30T17:03:38.528+05:30 TRACE 16196 --- [Spring_Boot_Start] [           main] o.s.b.f.s.DefaultListableBeanFactory     : Returning cached instance of singleton bean 'autoConfigurationReport'
2025-07-30T17:03:38.529+05:30 TRACE 16196 --- [Spring_Boot_Start] [           main] o.s.b.f.s.DefaultListableBeanFactory     : Returning cached instance of singleton bean 'autoConfigurationReport'
2025-07-30T17:03:38.529+05:30 TRACE 16196 --- [Spring_Boot_Start] [           main] o.s.b.f.s.DefaultListableBeanFactory     : Returning cached instance of singleton bean 'autoConfigurationReport'
2025-07-30T17:03:38.529+05:30 TRACE 16196 --- [Spring_Boot_Start] [           main] o.s.b.f.s.DefaultListableBeanFactory     : Returning cached instance of singleton bean 'autoConfigurationReport'
2025-07-30T17:03:38.529+05:30 TRACE 16196 --- [Spring_Boot_Start] [           main] o.s.b.f.s.DefaultListableBeanFactory     : Returning cached instance of singleton bean 'autoConfigurationReport'
2025-07-30T17:03:38.529+05:30 TRACE 16196 --- [Spring_Boot_Start] [           main] o.s.b.f.s.DefaultListableBeanFactory     : Returning cached instance of singleton bean 'autoConfigurationReport'
2025-07-30T17:03:38.531+05:30 TRACE 16196 --- [Spring_Boot_Start] [           main] o.s.b.f.s.DefaultListableBeanFactory     : Returning cached instance of singleton bean 'autoConfigurationReport'
2025-07-30T17:03:38.531+05:30 TRACE 16196 --- [Spring_Boot_Start] [           main] o.s.b.f.s.DefaultListableBeanFactory     : Returning cached instance of singleton bean 'autoConfigurationReport'
2025-07-30T17:03:38.531+05:30 TRACE 16196 --- [Spring_Boot_Start] [           main] o.s.b.f.s.DefaultListableBeanFactory     : Returning cached instance of singleton bean 'autoConfigurationReport'
2025-07-30T17:03:38.532+05:30 TRACE 16196 --- [Spring_Boot_Start] [           main] o.s.b.f.s.DefaultListableBeanFactory     : Returning cached instance of singleton bean 'autoConfigurationReport'
2025-07-30T17:03:38.532+05:30 TRACE 16196 --- [Spring_Boot_Start] [           main] o.s.b.f.s.DefaultListableBeanFactory     : Returning cached instance of singleton bean 'autoConfigurationReport'
2025-07-30T17:03:38.532+05:30 TRACE 16196 --- [Spring_Boot_Start] [           main] o.s.b.f.s.DefaultListableBeanFactory     : Returning cached instance of singleton bean 'autoConfigurationReport'
2025-07-30T17:03:38.533+05:30 TRACE 16196 --- [Spring_Boot_Start] [           main] o.s.b.f.s.DefaultListableBeanFactory     : Returning cached instance of singleton bean 'autoConfigurationReport'
2025-07-30T17:03:38.533+05:30 TRACE 16196 --- [Spring_Boot_Start] [           main] o.s.b.f.s.DefaultListableBeanFactory     : Returning cached instance of singleton bean 'autoConfigurationReport'
2025-07-30T17:03:38.533+05:30 TRACE 16196 --- [Spring_Boot_Start] [           main] o.s.b.f.s.DefaultListableBeanFactory     : Returning cached instance of singleton bean 'autoConfigurationReport'
2025-07-30T17:03:38.534+05:30 TRACE 16196 --- [Spring_Boot_Start] [           main] o.s.b.f.s.DefaultListableBeanFactory     : Returning cached instance of singleton bean 'autoConfigurationReport'
2025-07-30T17:03:38.536+05:30 TRACE 16196 --- [Spring_Boot_Start] [           main] o.s.b.f.s.DefaultListableBeanFactory     : Returning cached instance of singleton bean 'autoConfigurationReport'
2025-07-30T17:03:38.536+05:30 TRACE 16196 --- [Spring_Boot_Start] [           main] o.s.b.f.s.DefaultListableBeanFactory     : Returning cached instance of singleton bean 'autoConfigurationReport'
2025-07-30T17:03:38.536+05:30 TRACE 16196 --- [Spring_Boot_Start] [           main] o.s.b.f.s.DefaultListableBeanFactory     : Returning cached instance of singleton bean 'autoConfigurationReport'
2025-07-30T17:03:38.536+05:30 TRACE 16196 --- [Spring_Boot_Start] [           main] o.s.b.f.s.DefaultListableBeanFactory     : Returning cached instance of singleton bean 'autoConfigurationReport'
2025-07-30T17:03:38.540+05:30 TRACE 16196 --- [Spring_Boot_Start] [           main] o.s.b.f.s.DefaultListableBeanFactory     : Returning cached instance of singleton bean 'autoConfigurationReport'
2025-07-30T17:03:38.541+05:30 TRACE 16196 --- [Spring_Boot_Start] [           main] o.s.b.f.s.DefaultListableBeanFactory     : Returning cached instance of singleton bean 'autoConfigurationReport'
2025-07-30T17:03:38.541+05:30 TRACE 16196 --- [Spring_Boot_Start] [           main] o.s.b.f.s.DefaultListableBeanFactory     : Returning cached instance of singleton bean 'autoConfigurationReport'
2025-07-30T17:03:38.541+05:30 TRACE 16196 --- [Spring_Boot_Start] [           main] o.s.b.f.s.DefaultListableBeanFactory     : Returning cached instance of singleton bean 'autoConfigurationReport'
2025-07-30T17:03:38.541+05:30 TRACE 16196 --- [Spring_Boot_Start] [           main] o.s.b.f.s.DefaultListableBeanFactory     : Returning cached instance of singleton bean 'autoConfigurationReport'
2025-07-30T17:03:38.541+05:30 TRACE 16196 --- [Spring_Boot_Start] [           main] o.s.b.f.s.DefaultListableBeanFactory     : Returning cached instance of singleton bean 'autoConfigurationReport'
2025-07-30T17:03:38.541+05:30 TRACE 16196 --- [Spring_Boot_Start] [           main] o.s.b.f.s.DefaultListableBeanFactory     : Returning cached instance of singleton bean 'autoConfigurationReport'
2025-07-30T17:03:38.541+05:30 TRACE 16196 --- [Spring_Boot_Start] [           main] o.s.b.f.s.DefaultListableBeanFactory     : Returning cached instance of singleton bean 'autoConfigurationReport'
2025-07-30T17:03:38.542+05:30 TRACE 16196 --- [Spring_Boot_Start] [           main] o.s.b.f.s.DefaultListableBeanFactory     : Returning cached instance of singleton bean 'autoConfigurationReport'
2025-07-30T17:03:38.542+05:30 TRACE 16196 --- [Spring_Boot_Start] [           main] o.s.b.f.s.DefaultListableBeanFactory     : Returning cached instance of singleton bean 'autoConfigurationReport'
2025-07-30T17:03:38.542+05:30 TRACE 16196 --- [Spring_Boot_Start] [           main] o.s.b.f.s.DefaultListableBeanFactory     : Returning cached instance of singleton bean 'autoConfigurationReport'
2025-07-30T17:03:38.543+05:30 TRACE 16196 --- [Spring_Boot_Start] [           main] o.s.b.f.s.DefaultListableBeanFactory     : Returning cached instance of singleton bean 'autoConfigurationReport'
2025-07-30T17:03:38.545+05:30 TRACE 16196 --- [Spring_Boot_Start] [           main] o.s.b.f.s.DefaultListableBeanFactory     : Returning cached instance of singleton bean 'autoConfigurationReport'
2025-07-30T17:03:38.545+05:30 TRACE 16196 --- [Spring_Boot_Start] [           main] o.s.b.f.s.DefaultListableBeanFactory     : Returning cached instance of singleton bean 'autoConfigurationReport'
2025-07-30T17:03:38.545+05:30 TRACE 16196 --- [Spring_Boot_Start] [           main] o.s.b.f.s.DefaultListableBeanFactory     : Returning cached instance of singleton bean 'autoConfigurationReport'
2025-07-30T17:03:38.546+05:30 TRACE 16196 --- [Spring_Boot_Start] [           main] o.s.b.f.s.DefaultListableBeanFactory     : Returning cached instance of singleton bean 'autoConfigurationReport'
2025-07-30T17:03:38.546+05:30 TRACE 16196 --- [Spring_Boot_Start] [           main] o.s.b.f.s.DefaultListableBeanFactory     : Returning cached instance of singleton bean 'autoConfigurationReport'
2025-07-30T17:03:38.546+05:30 TRACE 16196 --- [Spring_Boot_Start] [           main] o.s.b.f.s.DefaultListableBeanFactory     : Returning cached instance of singleton bean 'autoConfigurationReport'
2025-07-30T17:03:38.546+05:30 TRACE 16196 --- [Spring_Boot_Start] [           main] o.s.b.f.s.DefaultListableBeanFactory     : Returning cached instance of singleton bean 'autoConfigurationReport'
2025-07-30T17:03:38.546+05:30 TRACE 16196 --- [Spring_Boot_Start] [           main] o.s.b.f.s.DefaultListableBeanFactory     : Returning cached instance of singleton bean 'autoConfigurationReport'
2025-07-30T17:03:38.546+05:30 TRACE 16196 --- [Spring_Boot_Start] [           main] o.s.b.f.s.DefaultListableBeanFactory     : Returning cached instance of singleton bean 'autoConfigurationReport'
2025-07-30T17:03:38.547+05:30 TRACE 16196 --- [Spring_Boot_Start] [           main] o.s.b.f.s.DefaultListableBeanFactory     : Returning cached instance of singleton bean 'autoConfigurationReport'
2025-07-30T17:03:38.547+05:30 TRACE 16196 --- [Spring_Boot_Start] [           main] o.s.b.f.s.DefaultListableBeanFactory     : Returning cached instance of singleton bean 'autoConfigurationReport'
2025-07-30T17:03:38.547+05:30 TRACE 16196 --- [Spring_Boot_Start] [           main] o.s.b.f.s.DefaultListableBeanFactory     : Returning cached instance of singleton bean 'autoConfigurationReport'
2025-07-30T17:03:38.547+05:30 TRACE 16196 --- [Spring_Boot_Start] [           main] o.s.b.f.s.DefaultListableBeanFactory     : Returning cached instance of singleton bean 'autoConfigurationReport'
2025-07-30T17:03:38.547+05:30 TRACE 16196 --- [Spring_Boot_Start] [           main] o.s.b.f.s.DefaultListableBeanFactory     : Returning cached instance of singleton bean 'autoConfigurationReport'
2025-07-30T17:03:38.547+05:30 TRACE 16196 --- [Spring_Boot_Start] [           main] o.s.b.f.s.DefaultListableBeanFactory     : Returning cached instance of singleton bean 'autoConfigurationReport'
2025-07-30T17:03:38.549+05:30 TRACE 16196 --- [Spring_Boot_Start] [           main] o.s.b.f.s.DefaultListableBeanFactory     : Returning cached instance of singleton bean 'autoConfigurationReport'
2025-07-30T17:03:38.549+05:30 TRACE 16196 --- [Spring_Boot_Start] [           main] o.s.b.f.s.DefaultListableBeanFactory     : Returning cached instance of singleton bean 'autoConfigurationReport'
2025-07-30T17:03:38.549+05:30 TRACE 16196 --- [Spring_Boot_Start] [           main] o.s.b.f.s.DefaultListableBeanFactory     : Returning cached instance of singleton bean 'autoConfigurationReport'
2025-07-30T17:03:38.549+05:30 TRACE 16196 --- [Spring_Boot_Start] [           main] o.s.b.f.s.DefaultListableBeanFactory     : Returning cached instance of singleton bean 'autoConfigurationReport'
2025-07-30T17:03:38.550+05:30 TRACE 16196 --- [Spring_Boot_Start] [           main] o.s.b.f.s.DefaultListableBeanFactory     : Returning cached instance of singleton bean 'autoConfigurationReport'
2025-07-30T17:03:38.550+05:30 TRACE 16196 --- [Spring_Boot_Start] [           main] o.s.b.f.s.DefaultListableBeanFactory     : Returning cached instance of singleton bean 'autoConfigurationReport'
2025-07-30T17:03:38.550+05:30 TRACE 16196 --- [Spring_Boot_Start] [           main] o.s.b.f.s.DefaultListableBeanFactory     : Returning cached instance of singleton bean 'autoConfigurationReport'
2025-07-30T17:03:38.550+05:30 TRACE 16196 --- [Spring_Boot_Start] [           main] o.s.b.f.s.DefaultListableBeanFactory     : Returning cached instance of singleton bean 'autoConfigurationReport'
2025-07-30T17:03:38.550+05:30 TRACE 16196 --- [Spring_Boot_Start] [           main] o.s.b.f.s.DefaultListableBeanFactory     : Returning cached instance of singleton bean 'autoConfigurationReport'
2025-07-30T17:03:38.550+05:30 TRACE 16196 --- [Spring_Boot_Start] [           main] o.s.b.f.s.DefaultListableBeanFactory     : Returning cached instance of singleton bean 'autoConfigurationReport'
2025-07-30T17:03:38.553+05:30 TRACE 16196 --- [Spring_Boot_Start] [           main] o.s.b.f.s.DefaultListableBeanFactory     : Returning cached instance of singleton bean 'autoConfigurationReport'
2025-07-30T17:03:38.556+05:30 TRACE 16196 --- [Spring_Boot_Start] [           main] o.s.b.f.s.DefaultListableBeanFactory     : Returning cached instance of singleton bean 'autoConfigurationReport'
2025-07-30T17:03:38.556+05:30 TRACE 16196 --- [Spring_Boot_Start] [           main] o.s.b.f.s.DefaultListableBeanFactory     : Returning cached instance of singleton bean 'autoConfigurationReport'
2025-07-30T17:03:38.556+05:30 TRACE 16196 --- [Spring_Boot_Start] [           main] o.s.b.f.s.DefaultListableBeanFactory     : Returning cached instance of singleton bean 'autoConfigurationReport'
2025-07-30T17:03:38.556+05:30 TRACE 16196 --- [Spring_Boot_Start] [           main] o.s.b.f.s.DefaultListableBeanFactory     : Returning cached instance of singleton bean 'autoConfigurationReport'
2025-07-30T17:03:38.557+05:30 TRACE 16196 --- [Spring_Boot_Start] [           main] o.s.b.f.s.DefaultListableBeanFactory     : Returning cached instance of singleton bean 'autoConfigurationReport'
2025-07-30T17:03:38.557+05:30 TRACE 16196 --- [Spring_Boot_Start] [           main] o.s.b.f.s.DefaultListableBeanFactory     : Returning cached instance of singleton bean 'autoConfigurationReport'
2025-07-30T17:03:38.558+05:30 TRACE 16196 --- [Spring_Boot_Start] [           main] o.s.b.f.s.DefaultListableBeanFactory     : Returning cached instance of singleton bean 'autoConfigurationReport'
2025-07-30T17:03:38.558+05:30 TRACE 16196 --- [Spring_Boot_Start] [           main] o.s.b.f.s.DefaultListableBeanFactory     : Returning cached instance of singleton bean 'autoConfigurationReport'
2025-07-30T17:03:38.558+05:30 TRACE 16196 --- [Spring_Boot_Start] [           main] o.s.b.f.s.DefaultListableBeanFactory     : Returning cached instance of singleton bean 'autoConfigurationReport'
2025-07-30T17:03:38.558+05:30 TRACE 16196 --- [Spring_Boot_Start] [           main] o.s.b.f.s.DefaultListableBeanFactory     : Returning cached instance of singleton bean 'autoConfigurationReport'
2025-07-30T17:03:38.560+05:30 TRACE 16196 --- [Spring_Boot_Start] [           main] o.s.b.f.s.DefaultListableBeanFactory     : Returning cached instance of singleton bean 'autoConfigurationReport'
2025-07-30T17:03:38.561+05:30 TRACE 16196 --- [Spring_Boot_Start] [           main] o.s.b.f.s.DefaultListableBeanFactory     : Returning cached instance of singleton bean 'autoConfigurationReport'
2025-07-30T17:03:38.561+05:30 TRACE 16196 --- [Spring_Boot_Start] [           main] o.s.b.f.s.DefaultListableBeanFactory     : Returning cached instance of singleton bean 'autoConfigurationReport'
2025-07-30T17:03:38.561+05:30 TRACE 16196 --- [Spring_Boot_Start] [           main] o.s.b.f.s.DefaultListableBeanFactory     : Returning cached instance of singleton bean 'autoConfigurationReport'
2025-07-30T17:03:38.562+05:30 TRACE 16196 --- [Spring_Boot_Start] [           main] o.s.b.f.s.DefaultListableBeanFactory     : Returning cached instance of singleton bean 'autoConfigurationReport'
2025-07-30T17:03:38.562+05:30 TRACE 16196 --- [Spring_Boot_Start] [           main] o.s.b.f.s.DefaultListableBeanFactory     : Returning cached instance of singleton bean 'autoConfigurationReport'
2025-07-30T17:03:38.562+05:30 TRACE 16196 --- [Spring_Boot_Start] [           main] o.s.b.f.s.DefaultListableBeanFactory     : Returning cached instance of singleton bean 'autoConfigurationReport'
2025-07-30T17:03:38.562+05:30 TRACE 16196 --- [Spring_Boot_Start] [           main] o.s.b.f.s.DefaultListableBeanFactory     : Returning cached instance of singleton bean 'autoConfigurationReport'
2025-07-30T17:03:38.564+05:30 TRACE 16196 --- [Spring_Boot_Start] [           main] o.s.b.f.s.DefaultListableBeanFactory     : Returning cached instance of singleton bean 'autoConfigurationReport'
2025-07-30T17:03:38.564+05:30 TRACE 16196 --- [Spring_Boot_Start] [           main] o.s.b.f.s.DefaultListableBeanFactory     : Returning cached instance of singleton bean 'autoConfigurationReport'
2025-07-30T17:03:38.565+05:30 TRACE 16196 --- [Spring_Boot_Start] [           main] o.s.b.f.s.DefaultListableBeanFactory     : Returning cached instance of singleton bean 'autoConfigurationReport'
2025-07-30T17:03:38.565+05:30 TRACE 16196 --- [Spring_Boot_Start] [           main] o.s.b.f.s.DefaultListableBeanFactory     : Returning cached instance of singleton bean 'autoConfigurationReport'
2025-07-30T17:03:38.565+05:30 TRACE 16196 --- [Spring_Boot_Start] [           main] o.s.b.f.s.DefaultListableBeanFactory     : Returning cached instance of singleton bean 'autoConfigurationReport'
2025-07-30T17:03:38.566+05:30 TRACE 16196 --- [Spring_Boot_Start] [           main] o.s.b.f.s.DefaultListableBeanFactory     : Returning cached instance of singleton bean 'autoConfigurationReport'
2025-07-30T17:03:38.567+05:30 TRACE 16196 --- [Spring_Boot_Start] [           main] o.s.b.f.s.DefaultListableBeanFactory     : Returning cached instance of singleton bean 'autoConfigurationReport'
2025-07-30T17:03:38.568+05:30 TRACE 16196 --- [Spring_Boot_Start] [           main] o.s.b.f.s.DefaultListableBeanFactory     : Returning cached instance of singleton bean 'autoConfigurationReport'
2025-07-30T17:03:38.568+05:30 TRACE 16196 --- [Spring_Boot_Start] [           main] o.s.b.f.s.DefaultListableBeanFactory     : Returning cached instance of singleton bean 'autoConfigurationReport'
2025-07-30T17:03:38.568+05:30 TRACE 16196 --- [Spring_Boot_Start] [           main] o.s.b.f.s.DefaultListableBeanFactory     : Returning cached instance of singleton bean 'autoConfigurationReport'
2025-07-30T17:03:38.568+05:30 TRACE 16196 --- [Spring_Boot_Start] [           main] o.s.b.f.s.DefaultListableBeanFactory     : Returning cached instance of singleton bean 'autoConfigurationReport'
2025-07-30T17:03:38.569+05:30 TRACE 16196 --- [Spring_Boot_Start] [           main] o.s.b.f.s.DefaultListableBeanFactory     : Returning cached instance of singleton bean 'autoConfigurationReport'
2025-07-30T17:03:38.572+05:30 TRACE 16196 --- [Spring_Boot_Start] [           main] o.s.b.f.s.DefaultListableBeanFactory     : Returning cached instance of singleton bean 'autoConfigurationReport'
2025-07-30T17:03:38.573+05:30 TRACE 16196 --- [Spring_Boot_Start] [           main] o.s.b.f.s.DefaultListableBeanFactory     : Returning cached instance of singleton bean 'autoConfigurationReport'
2025-07-30T17:03:38.573+05:30 TRACE 16196 --- [Spring_Boot_Start] [           main] o.s.b.f.s.DefaultListableBeanFactory     : Returning cached instance of singleton bean 'autoConfigurationReport'
2025-07-30T17:03:38.574+05:30 TRACE 16196 --- [Spring_Boot_Start] [           main] o.s.b.f.s.DefaultListableBeanFactory     : Returning cached instance of singleton bean 'autoConfigurationReport'
2025-07-30T17:03:38.574+05:30 TRACE 16196 --- [Spring_Boot_Start] [           main] o.s.b.f.s.DefaultListableBeanFactory     : Returning cached instance of singleton bean 'autoConfigurationReport'
2025-07-30T17:03:38.574+05:30 TRACE 16196 --- [Spring_Boot_Start] [           main] o.s.b.f.s.DefaultListableBeanFactory     : Returning cached instance of singleton bean 'autoConfigurationReport'
2025-07-30T17:03:38.575+05:30 TRACE 16196 --- [Spring_Boot_Start] [           main] o.s.b.f.s.DefaultListableBeanFactory     : Returning cached instance of singleton bean 'autoConfigurationReport'
2025-07-30T17:03:38.575+05:30 TRACE 16196 --- [Spring_Boot_Start] [           main] o.s.b.f.s.DefaultListableBeanFactory     : Returning cached instance of singleton bean 'autoConfigurationReport'
2025-07-30T17:03:38.575+05:30 TRACE 16196 --- [Spring_Boot_Start] [           main] o.s.b.f.s.DefaultListableBeanFactory     : Returning cached instance of singleton bean 'autoConfigurationReport'
2025-07-30T17:03:38.575+05:30 TRACE 16196 --- [Spring_Boot_Start] [           main] o.s.b.f.s.DefaultListableBeanFactory     : Returning cached instance of singleton bean 'autoConfigurationReport'
2025-07-30T17:03:38.575+05:30 TRACE 16196 --- [Spring_Boot_Start] [           main] o.s.b.f.s.DefaultListableBeanFactory     : Returning cached instance of singleton bean 'autoConfigurationReport'
2025-07-30T17:03:38.575+05:30 TRACE 16196 --- [Spring_Boot_Start] [           main] o.s.b.f.s.DefaultListableBeanFactory     : Returning cached instance of singleton bean 'autoConfigurationReport'
2025-07-30T17:03:38.580+05:30 TRACE 16196 --- [Spring_Boot_Start] [           main] o.s.b.f.s.DefaultListableBeanFactory     : Returning cached instance of singleton bean 'autoConfigurationReport'
2025-07-30T17:03:38.582+05:30 TRACE 16196 --- [Spring_Boot_Start] [           main] o.s.b.f.s.DefaultListableBeanFactory     : Returning cached instance of singleton bean 'autoConfigurationReport'
2025-07-30T17:03:38.582+05:30 TRACE 16196 --- [Spring_Boot_Start] [           main] o.s.b.f.s.DefaultListableBeanFactory     : Returning cached instance of singleton bean 'autoConfigurationReport'
2025-07-30T17:03:38.582+05:30 TRACE 16196 --- [Spring_Boot_Start] [           main] o.s.b.f.s.DefaultListableBeanFactory     : Returning cached instance of singleton bean 'autoConfigurationReport'
2025-07-30T17:03:38.582+05:30 TRACE 16196 --- [Spring_Boot_Start] [           main] o.s.b.f.s.DefaultListableBeanFactory     : Returning cached instance of singleton bean 'autoConfigurationReport'
2025-07-30T17:03:38.582+05:30 TRACE 16196 --- [Spring_Boot_Start] [           main] o.s.b.f.s.DefaultListableBeanFactory     : Returning cached instance of singleton bean 'autoConfigurationReport'
2025-07-30T17:03:38.582+05:30 TRACE 16196 --- [Spring_Boot_Start] [           main] o.s.b.f.s.DefaultListableBeanFactory     : Returning cached instance of singleton bean 'autoConfigurationReport'
2025-07-30T17:03:38.583+05:30 TRACE 16196 --- [Spring_Boot_Start] [           main] o.s.b.f.s.DefaultListableBeanFactory     : Returning cached instance of singleton bean 'autoConfigurationReport'
2025-07-30T17:03:38.586+05:30 TRACE 16196 --- [Spring_Boot_Start] [           main] o.s.b.f.s.DefaultListableBeanFactory     : Returning cached instance of singleton bean 'autoConfigurationReport'
2025-07-30T17:03:38.586+05:30 TRACE 16196 --- [Spring_Boot_Start] [           main] o.s.b.f.s.DefaultListableBeanFactory     : Returning cached instance of singleton bean 'autoConfigurationReport'
2025-07-30T17:03:38.586+05:30 TRACE 16196 --- [Spring_Boot_Start] [           main] o.s.b.f.s.DefaultListableBeanFactory     : Returning cached instance of singleton bean 'autoConfigurationReport'
2025-07-30T17:03:38.586+05:30 TRACE 16196 --- [Spring_Boot_Start] [           main] o.s.b.f.s.DefaultListableBeanFactory     : Returning cached instance of singleton bean 'autoConfigurationReport'
2025-07-30T17:03:38.586+05:30 TRACE 16196 --- [Spring_Boot_Start] [           main] o.s.b.f.s.DefaultListableBeanFactory     : Returning cached instance of singleton bean 'autoConfigurationReport'
2025-07-30T17:03:38.586+05:30 TRACE 16196 --- [Spring_Boot_Start] [           main] o.s.b.f.s.DefaultListableBeanFactory     : Returning cached instance of singleton bean 'autoConfigurationReport'
2025-07-30T17:03:38.587+05:30 TRACE 16196 --- [Spring_Boot_Start] [           main] o.s.b.f.s.DefaultListableBeanFactory     : Returning cached instance of singleton bean 'autoConfigurationReport'
2025-07-30T17:03:38.588+05:30 TRACE 16196 --- [Spring_Boot_Start] [           main] o.s.b.f.s.DefaultListableBeanFactory     : Returning cached instance of singleton bean 'autoConfigurationReport'
2025-07-30T17:03:38.589+05:30 TRACE 16196 --- [Spring_Boot_Start] [           main] o.s.b.f.s.DefaultListableBeanFactory     : Returning cached instance of singleton bean 'autoConfigurationReport'
2025-07-30T17:03:38.602+05:30 TRACE 16196 --- [Spring_Boot_Start] [           main] a.ConfigurationClassBeanDefinitionReader : Registered bean definition for imported class 'org.springframework.boot.autoconfigure.context.PropertyPlaceholderAutoConfiguration'
2025-07-30T17:03:38.616+05:30 TRACE 16196 --- [Spring_Boot_Start] [           main] o.s.b.f.s.DefaultListableBeanFactory     : Returning cached instance of singleton bean 'autoConfigurationReport'
2025-07-30T17:03:38.618+05:30 TRACE 16196 --- [Spring_Boot_Start] [           main] a.ConfigurationClassBeanDefinitionReader : Registering bean definition for @Bean method org.springframework.boot.autoconfigure.context.PropertyPlaceholderAutoConfiguration.propertySourcesPlaceholderConfigurer()
2025-07-30T17:03:38.619+05:30 TRACE 16196 --- [Spring_Boot_Start] [           main] a.ConfigurationClassBeanDefinitionReader : Registered bean definition for imported class 'org.springframework.boot.autoconfigure.ssl.SslAutoConfiguration'
2025-07-30T17:03:38.619+05:30 TRACE 16196 --- [Spring_Boot_Start] [           main] a.ConfigurationClassBeanDefinitionReader : Registering bean definition for @Bean method org.springframework.boot.autoconfigure.ssl.SslAutoConfiguration.fileWatcher()
2025-07-30T17:03:38.620+05:30 TRACE 16196 --- [Spring_Boot_Start] [           main] a.ConfigurationClassBeanDefinitionReader : Registering bean definition for @Bean method org.springframework.boot.autoconfigure.ssl.SslAutoConfiguration.sslPropertiesSslBundleRegistrar()
2025-07-30T17:03:38.626+05:30 TRACE 16196 --- [Spring_Boot_Start] [           main] o.s.b.f.s.DefaultListableBeanFactory     : Returning cached instance of singleton bean 'autoConfigurationReport'
2025-07-30T17:03:38.627+05:30 TRACE 16196 --- [Spring_Boot_Start] [           main] a.ConfigurationClassBeanDefinitionReader : Registering bean definition for @Bean method org.springframework.boot.autoconfigure.ssl.SslAutoConfiguration.sslBundleRegistry()
2025-07-30T17:03:38.641+05:30 TRACE 16196 --- [Spring_Boot_Start] [           main] o.s.b.f.s.DefaultListableBeanFactory     : Returning cached instance of singleton bean 'autoConfigurationReport'
2025-07-30T17:03:38.641+05:30 TRACE 16196 --- [Spring_Boot_Start] [           main] o.s.b.f.s.DefaultListableBeanFactory     : Returning cached instance of singleton bean 'autoConfigurationReport'
2025-07-30T17:03:38.642+05:30 TRACE 16196 --- [Spring_Boot_Start] [           main] o.s.b.f.s.DefaultListableBeanFactory     : Returning cached instance of singleton bean 'autoConfigurationReport'
2025-07-30T17:03:38.642+05:30 TRACE 16196 --- [Spring_Boot_Start] [           main] a.ConfigurationClassBeanDefinitionReader : Registered bean definition for imported class 'org.springframework.boot.autoconfigure.websocket.servlet.WebSocketServletAutoConfiguration$TomcatWebSocketConfiguration'
2025-07-30T17:03:38.643+05:30 TRACE 16196 --- [Spring_Boot_Start] [           main] o.s.b.f.s.DefaultListableBeanFactory     : Returning cached instance of singleton bean 'autoConfigurationReport'
2025-07-30T17:03:38.643+05:30 TRACE 16196 --- [Spring_Boot_Start] [           main] a.ConfigurationClassBeanDefinitionReader : Registering bean definition for @Bean method org.springframework.boot.autoconfigure.websocket.servlet.WebSocketServletAutoConfiguration$TomcatWebSocketConfiguration.websocketServletWebServerCustomizer()
2025-07-30T17:03:38.644+05:30 TRACE 16196 --- [Spring_Boot_Start] [           main] a.ConfigurationClassBeanDefinitionReader : Registered bean definition for imported class 'org.springframework.boot.autoconfigure.websocket.servlet.WebSocketServletAutoConfiguration'
2025-07-30T17:03:38.645+05:30 TRACE 16196 --- [Spring_Boot_Start] [           main] o.s.b.f.s.DefaultListableBeanFactory     : Returning cached instance of singleton bean 'autoConfigurationReport'
2025-07-30T17:03:38.645+05:30 TRACE 16196 --- [Spring_Boot_Start] [           main] o.s.b.f.s.DefaultListableBeanFactory     : Returning cached instance of singleton bean 'autoConfigurationReport'
2025-07-30T17:03:38.645+05:30 TRACE 16196 --- [Spring_Boot_Start] [           main] o.s.b.f.s.DefaultListableBeanFactory     : Returning cached instance of singleton bean 'autoConfigurationReport'
2025-07-30T17:03:38.649+05:30 TRACE 16196 --- [Spring_Boot_Start] [           main] o.s.b.f.s.DefaultListableBeanFactory     : Returning cached instance of singleton bean 'autoConfigurationReport'
2025-07-30T17:03:38.650+05:30 TRACE 16196 --- [Spring_Boot_Start] [           main] a.ConfigurationClassBeanDefinitionReader : Registered bean definition for imported class 'org.springframework.boot.autoconfigure.web.servlet.ServletWebServerFactoryConfiguration$EmbeddedTomcat'
2025-07-30T17:03:38.650+05:30 TRACE 16196 --- [Spring_Boot_Start] [           main] a.ConfigurationClassBeanDefinitionReader : Registering bean definition for @Bean method org.springframework.boot.autoconfigure.web.servlet.ServletWebServerFactoryConfiguration$EmbeddedTomcat.tomcatServletWebServerFactory()
2025-07-30T17:03:38.655+05:30 TRACE 16196 --- [Spring_Boot_Start] [           main] a.ConfigurationClassBeanDefinitionReader : Registered bean definition for imported class 'org.springframework.boot.autoconfigure.web.servlet.ServletWebServerFactoryAutoConfiguration'
2025-07-30T17:03:38.655+05:30 TRACE 16196 --- [Spring_Boot_Start] [           main] a.ConfigurationClassBeanDefinitionReader : Registering bean definition for @Bean method org.springframework.boot.autoconfigure.web.servlet.ServletWebServerFactoryAutoConfiguration.servletWebServerFactoryCustomizer()
2025-07-30T17:03:38.656+05:30 TRACE 16196 --- [Spring_Boot_Start] [           main] o.s.b.f.s.DefaultListableBeanFactory     : Returning cached instance of singleton bean 'autoConfigurationReport'
2025-07-30T17:03:38.656+05:30 TRACE 16196 --- [Spring_Boot_Start] [           main] a.ConfigurationClassBeanDefinitionReader : Registering bean definition for @Bean method org.springframework.boot.autoconfigure.web.servlet.ServletWebServerFactoryAutoConfiguration.tomcatServletWebServerFactoryCustomizer()
2025-07-30T17:03:38.676+05:30 TRACE 16196 --- [Spring_Boot_Start] [           main] o.s.b.f.s.DefaultListableBeanFactory     : Returning cached instance of singleton bean 'autoConfigurationReport'
2025-07-30T17:03:38.677+05:30 TRACE 16196 --- [Spring_Boot_Start] [           main] o.s.b.f.s.DefaultListableBeanFactory     : Returning cached instance of singleton bean 'autoConfigurationReport'
2025-07-30T17:03:38.677+05:30 TRACE 16196 --- [Spring_Boot_Start] [           main] o.s.b.f.s.DefaultListableBeanFactory     : Returning cached instance of singleton bean 'autoConfigurationReport'
2025-07-30T17:03:38.678+05:30 TRACE 16196 --- [Spring_Boot_Start] [           main] o.s.b.f.s.DefaultListableBeanFactory     : Returning cached instance of singleton bean 'autoConfigurationReport'
2025-07-30T17:03:38.678+05:30 TRACE 16196 --- [Spring_Boot_Start] [           main] o.s.b.f.s.DefaultListableBeanFactory     : Returning cached instance of singleton bean 'autoConfigurationReport'
2025-07-30T17:03:38.678+05:30 TRACE 16196 --- [Spring_Boot_Start] [           main] o.s.b.f.s.DefaultListableBeanFactory     : Returning cached instance of singleton bean 'autoConfigurationReport'
2025-07-30T17:03:38.679+05:30 TRACE 16196 --- [Spring_Boot_Start] [           main] a.ConfigurationClassBeanDefinitionReader : Registered bean definition for imported class 'org.springframework.boot.autoconfigure.web.servlet.DispatcherServletAutoConfiguration$DispatcherServletConfiguration'
2025-07-30T17:03:38.680+05:30 TRACE 16196 --- [Spring_Boot_Start] [           main] a.ConfigurationClassBeanDefinitionReader : Registering bean definition for @Bean method org.springframework.boot.autoconfigure.web.servlet.DispatcherServletAutoConfiguration$DispatcherServletConfiguration.dispatcherServlet()
2025-07-30T17:03:38.682+05:30 TRACE 16196 --- [Spring_Boot_Start] [           main] o.s.b.f.s.DefaultListableBeanFactory     : Returning cached instance of singleton bean 'autoConfigurationReport'
2025-07-30T17:03:38.686+05:30 TRACE 16196 --- [Spring_Boot_Start] [           main] a.ConfigurationClassBeanDefinitionReader : Registered bean definition for imported class 'org.springframework.boot.autoconfigure.web.servlet.DispatcherServletAutoConfiguration$DispatcherServletRegistrationConfiguration'
2025-07-30T17:03:38.689+05:30 TRACE 16196 --- [Spring_Boot_Start] [           main] o.s.b.f.s.DefaultListableBeanFactory     : Returning cached instance of singleton bean 'autoConfigurationReport'
2025-07-30T17:03:38.690+05:30 TRACE 16196 --- [Spring_Boot_Start] [           main] a.ConfigurationClassBeanDefinitionReader : Registering bean definition for @Bean method org.springframework.boot.autoconfigure.web.servlet.DispatcherServletAutoConfiguration$DispatcherServletRegistrationConfiguration.dispatcherServletRegistration()
2025-07-30T17:03:38.690+05:30 TRACE 16196 --- [Spring_Boot_Start] [           main] a.ConfigurationClassBeanDefinitionReader : Registered bean definition for imported class 'org.springframework.boot.autoconfigure.web.servlet.DispatcherServletAutoConfiguration'
2025-07-30T17:03:38.691+05:30 TRACE 16196 --- [Spring_Boot_Start] [           main] o.s.b.f.s.DefaultListableBeanFactory     : Returning cached instance of singleton bean 'autoConfigurationReport'
2025-07-30T17:03:38.691+05:30 TRACE 16196 --- [Spring_Boot_Start] [           main] a.ConfigurationClassBeanDefinitionReader : Registered bean definition for imported class 'org.springframework.boot.autoconfigure.task.TaskExecutorConfigurations$ThreadPoolTaskExecutorBuilderConfiguration'
2025-07-30T17:03:38.702+05:30 TRACE 16196 --- [Spring_Boot_Start] [           main] o.s.b.f.s.DefaultListableBeanFactory     : Returning cached instance of singleton bean 'autoConfigurationReport'
2025-07-30T17:03:38.702+05:30 TRACE 16196 --- [Spring_Boot_Start] [           main] a.ConfigurationClassBeanDefinitionReader : Registering bean definition for @Bean method org.springframework.boot.autoconfigure.task.TaskExecutorConfigurations$ThreadPoolTaskExecutorBuilderConfiguration.threadPoolTaskExecutorBuilder()
2025-07-30T17:03:38.703+05:30 TRACE 16196 --- [Spring_Boot_Start] [           main] a.ConfigurationClassBeanDefinitionReader : Registered bean definition for imported class 'org.springframework.boot.autoconfigure.task.TaskExecutorConfigurations$SimpleAsyncTaskExecutorBuilderConfiguration'
2025-07-30T17:03:38.708+05:30 TRACE 16196 --- [Spring_Boot_Start] [           main] o.s.b.f.s.DefaultListableBeanFactory     : Returning cached instance of singleton bean 'autoConfigurationReport'
2025-07-30T17:03:38.709+05:30 TRACE 16196 --- [Spring_Boot_Start] [           main] o.s.b.f.s.DefaultListableBeanFactory     : Returning cached instance of singleton bean 'autoConfigurationReport'
2025-07-30T17:03:38.709+05:30 TRACE 16196 --- [Spring_Boot_Start] [           main] a.ConfigurationClassBeanDefinitionReader : Registering bean definition for @Bean method org.springframework.boot.autoconfigure.task.TaskExecutorConfigurations$SimpleAsyncTaskExecutorBuilderConfiguration.simpleAsyncTaskExecutorBuilder()
2025-07-30T17:03:38.711+05:30 TRACE 16196 --- [Spring_Boot_Start] [           main] o.s.b.f.s.DefaultListableBeanFactory     : Returning cached instance of singleton bean 'autoConfigurationReport'
2025-07-30T17:03:38.715+05:30 TRACE 16196 --- [Spring_Boot_Start] [           main] o.s.b.f.s.DefaultListableBeanFactory     : Returning cached instance of singleton bean 'autoConfigurationReport'
2025-07-30T17:03:38.717+05:30 TRACE 16196 --- [Spring_Boot_Start] [           main] o.s.b.f.s.DefaultListableBeanFactory     : Returning cached instance of singleton bean 'autoConfigurationReport'
2025-07-30T17:03:38.717+05:30 TRACE 16196 --- [Spring_Boot_Start] [           main] a.ConfigurationClassBeanDefinitionReader : Registered bean definition for imported class 'org.springframework.boot.autoconfigure.task.TaskExecutorConfigurations$AsyncConfigurerConfiguration'
2025-07-30T17:03:38.722+05:30 TRACE 16196 --- [Spring_Boot_Start] [           main] o.s.b.f.s.DefaultListableBeanFactory     : Returning cached instance of singleton bean 'autoConfigurationReport'
2025-07-30T17:03:38.722+05:30 TRACE 16196 --- [Spring_Boot_Start] [           main] a.ConfigurationClassBeanDefinitionReader : Registering bean definition for @Bean method org.springframework.boot.autoconfigure.task.TaskExecutorConfigurations$AsyncConfigurerConfiguration.applicationTaskExecutorAsyncConfigurer()
2025-07-30T17:03:38.723+05:30 TRACE 16196 --- [Spring_Boot_Start] [           main] a.ConfigurationClassBeanDefinitionReader : Registered bean definition for imported class 'org.springframework.boot.autoconfigure.task.TaskExecutorConfigurations$TaskExecutorConfiguration'
2025-07-30T17:03:38.724+05:30 TRACE 16196 --- [Spring_Boot_Start] [           main] o.s.b.f.s.DefaultListableBeanFactory     : Returning cached instance of singleton bean 'autoConfigurationReport'
2025-07-30T17:03:38.724+05:30 TRACE 16196 --- [Spring_Boot_Start] [           main] o.s.b.f.s.DefaultListableBeanFactory     : Returning cached instance of singleton bean 'autoConfigurationReport'
2025-07-30T17:03:38.724+05:30 TRACE 16196 --- [Spring_Boot_Start] [           main] a.ConfigurationClassBeanDefinitionReader : Registering bean definition for @Bean method org.springframework.boot.autoconfigure.task.TaskExecutorConfigurations$TaskExecutorConfiguration.applicationTaskExecutor()
2025-07-30T17:03:38.725+05:30 TRACE 16196 --- [Spring_Boot_Start] [           main] a.ConfigurationClassBeanDefinitionReader : Registered bean definition for imported class 'org.springframework.boot.autoconfigure.task.TaskExecutorConfigurations$BootstrapExecutorConfiguration'
2025-07-30T17:03:38.725+05:30 TRACE 16196 --- [Spring_Boot_Start] [           main] a.ConfigurationClassBeanDefinitionReader : Registering bean definition for @Bean method org.springframework.boot.autoconfigure.task.TaskExecutorConfigurations$BootstrapExecutorConfiguration.bootstrapExecutorAliasPostProcessor()
2025-07-30T17:03:38.727+05:30 TRACE 16196 --- [Spring_Boot_Start] [           main] a.ConfigurationClassBeanDefinitionReader : Registered bean definition for imported class 'org.springframework.boot.autoconfigure.task.TaskExecutionAutoConfiguration'
2025-07-30T17:03:38.731+05:30 TRACE 16196 --- [Spring_Boot_Start] [           main] o.s.b.f.s.DefaultListableBeanFactory     : Returning cached instance of singleton bean 'autoConfigurationReport'
2025-07-30T17:03:38.732+05:30 TRACE 16196 --- [Spring_Boot_Start] [           main] o.s.b.f.s.DefaultListableBeanFactory     : Returning cached instance of singleton bean 'autoConfigurationReport'
2025-07-30T17:03:38.732+05:30 TRACE 16196 --- [Spring_Boot_Start] [           main] o.s.b.f.s.DefaultListableBeanFactory     : Returning cached instance of singleton bean 'autoConfigurationReport'
2025-07-30T17:03:38.733+05:30 TRACE 16196 --- [Spring_Boot_Start] [           main] o.s.c.io.support.SpringFactoriesLoader   : Loaded [org.springframework.boot.autoconfigure.template.TemplateAvailabilityProvider] names: [org.springframework.boot.autoconfigure.freemarker.FreeMarkerTemplateAvailabilityProvider, org.springframework.boot.autoconfigure.groovy.template.GroovyTemplateAvailabilityProvider, org.springframework.boot.autoconfigure.mustache.MustacheTemplateAvailabilityProvider, org.springframework.boot.autoconfigure.thymeleaf.ThymeleafTemplateAvailabilityProvider, org.springframework.boot.autoconfigure.web.servlet.JspTemplateAvailabilityProvider]
2025-07-30T17:03:38.734+05:30 TRACE 16196 --- [Spring_Boot_Start] [           main] o.s.b.f.s.DefaultListableBeanFactory     : Returning cached instance of singleton bean 'autoConfigurationReport'
2025-07-30T17:03:38.735+05:30 TRACE 16196 --- [Spring_Boot_Start] [           main] a.ConfigurationClassBeanDefinitionReader : Registered bean definition for imported class 'org.springframework.boot.autoconfigure.web.servlet.error.ErrorMvcAutoConfiguration$WhitelabelErrorViewConfiguration'
2025-07-30T17:03:38.736+05:30 TRACE 16196 --- [Spring_Boot_Start] [           main] o.s.b.f.s.DefaultListableBeanFactory     : Returning cached instance of singleton bean 'autoConfigurationReport'
2025-07-30T17:03:38.736+05:30 TRACE 16196 --- [Spring_Boot_Start] [           main] a.ConfigurationClassBeanDefinitionReader : Registering bean definition for @Bean method org.springframework.boot.autoconfigure.web.servlet.error.ErrorMvcAutoConfiguration$WhitelabelErrorViewConfiguration.error()
2025-07-30T17:03:38.746+05:30 TRACE 16196 --- [Spring_Boot_Start] [           main] o.s.b.f.s.DefaultListableBeanFactory     : Returning cached instance of singleton bean 'autoConfigurationReport'
2025-07-30T17:03:38.747+05:30 TRACE 16196 --- [Spring_Boot_Start] [           main] a.ConfigurationClassBeanDefinitionReader : Registering bean definition for @Bean method org.springframework.boot.autoconfigure.web.servlet.error.ErrorMvcAutoConfiguration$WhitelabelErrorViewConfiguration.beanNameViewResolver()
2025-07-30T17:03:38.748+05:30 TRACE 16196 --- [Spring_Boot_Start] [           main] a.ConfigurationClassBeanDefinitionReader : Registered bean definition for imported class 'org.springframework.boot.autoconfigure.web.servlet.error.ErrorMvcAutoConfiguration$DefaultErrorViewResolverConfiguration'
2025-07-30T17:03:38.751+05:30 TRACE 16196 --- [Spring_Boot_Start] [           main] o.s.b.f.s.DefaultListableBeanFactory     : Returning cached instance of singleton bean 'autoConfigurationReport'
2025-07-30T17:03:38.753+05:30 TRACE 16196 --- [Spring_Boot_Start] [           main] o.s.b.f.s.DefaultListableBeanFactory     : Returning cached instance of singleton bean 'autoConfigurationReport'
2025-07-30T17:03:38.753+05:30 TRACE 16196 --- [Spring_Boot_Start] [           main] a.ConfigurationClassBeanDefinitionReader : Registering bean definition for @Bean method org.springframework.boot.autoconfigure.web.servlet.error.ErrorMvcAutoConfiguration$DefaultErrorViewResolverConfiguration.conventionErrorViewResolver()
2025-07-30T17:03:38.756+05:30 TRACE 16196 --- [Spring_Boot_Start] [           main] a.ConfigurationClassBeanDefinitionReader : Registered bean definition for imported class 'org.springframework.boot.autoconfigure.web.servlet.error.ErrorMvcAutoConfiguration'
2025-07-30T17:03:38.758+05:30 TRACE 16196 --- [Spring_Boot_Start] [           main] o.s.b.f.s.DefaultListableBeanFactory     : Returning cached instance of singleton bean 'autoConfigurationReport'
2025-07-30T17:03:38.759+05:30 TRACE 16196 --- [Spring_Boot_Start] [           main] a.ConfigurationClassBeanDefinitionReader : Registering bean definition for @Bean method org.springframework.boot.autoconfigure.web.servlet.error.ErrorMvcAutoConfiguration.errorAttributes()
2025-07-30T17:03:38.764+05:30 TRACE 16196 --- [Spring_Boot_Start] [           main] o.s.b.f.s.DefaultListableBeanFactory     : Returning cached instance of singleton bean 'autoConfigurationReport'
2025-07-30T17:03:38.764+05:30 TRACE 16196 --- [Spring_Boot_Start] [           main] a.ConfigurationClassBeanDefinitionReader : Registering bean definition for @Bean method org.springframework.boot.autoconfigure.web.servlet.error.ErrorMvcAutoConfiguration.basicErrorController()
2025-07-30T17:03:38.764+05:30 TRACE 16196 --- [Spring_Boot_Start] [           main] a.ConfigurationClassBeanDefinitionReader : Registering bean definition for @Bean method org.springframework.boot.autoconfigure.web.servlet.error.ErrorMvcAutoConfiguration.errorPageCustomizer()
2025-07-30T17:03:38.764+05:30 TRACE 16196 --- [Spring_Boot_Start] [           main] a.ConfigurationClassBeanDefinitionReader : Registering bean definition for @Bean method org.springframework.boot.autoconfigure.web.servlet.error.ErrorMvcAutoConfiguration.preserveErrorControllerTargetClassPostProcessor()
2025-07-30T17:03:38.765+05:30 TRACE 16196 --- [Spring_Boot_Start] [           main] o.s.b.f.s.DefaultListableBeanFactory     : Returning cached instance of singleton bean 'autoConfigurationReport'
2025-07-30T17:03:38.765+05:30 TRACE 16196 --- [Spring_Boot_Start] [           main] o.s.b.f.s.DefaultListableBeanFactory     : Returning cached instance of singleton bean 'autoConfigurationReport'
2025-07-30T17:03:38.768+05:30 TRACE 16196 --- [Spring_Boot_Start] [           main] o.s.b.f.s.DefaultListableBeanFactory     : Returning cached instance of singleton bean 'autoConfigurationReport'
2025-07-30T17:03:38.769+05:30 TRACE 16196 --- [Spring_Boot_Start] [           main] a.ConfigurationClassBeanDefinitionReader : Registered bean definition for imported class 'org.springframework.boot.autoconfigure.web.servlet.WebMvcAutoConfiguration$EnableWebMvcConfiguration'
2025-07-30T17:03:38.769+05:30 TRACE 16196 --- [Spring_Boot_Start] [           main] a.ConfigurationClassBeanDefinitionReader : Registering bean definition for @Bean method org.springframework.boot.autoconfigure.web.servlet.WebMvcAutoConfiguration$EnableWebMvcConfiguration.welcomePageHandlerMapping()
2025-07-30T17:03:38.769+05:30 TRACE 16196 --- [Spring_Boot_Start] [           main] a.ConfigurationClassBeanDefinitionReader : Registering bean definition for @Bean method org.springframework.boot.autoconfigure.web.servlet.WebMvcAutoConfiguration$EnableWebMvcConfiguration.welcomePageNotAcceptableHandlerMapping()
2025-07-30T17:03:38.770+05:30 TRACE 16196 --- [Spring_Boot_Start] [           main] o.s.b.f.s.DefaultListableBeanFactory     : Returning cached instance of singleton bean 'autoConfigurationReport'
2025-07-30T17:03:38.770+05:30 TRACE 16196 --- [Spring_Boot_Start] [           main] a.ConfigurationClassBeanDefinitionReader : Registering bean definition for @Bean method org.springframework.boot.autoconfigure.web.servlet.WebMvcAutoConfiguration$EnableWebMvcConfiguration.localeResolver()
2025-07-30T17:03:38.770+05:30 TRACE 16196 --- [Spring_Boot_Start] [           main] o.s.b.f.s.DefaultListableBeanFactory     : Returning cached instance of singleton bean 'autoConfigurationReport'
2025-07-30T17:03:38.770+05:30 TRACE 16196 --- [Spring_Boot_Start] [           main] a.ConfigurationClassBeanDefinitionReader : Registering bean definition for @Bean method org.springframework.boot.autoconfigure.web.servlet.WebMvcAutoConfiguration$EnableWebMvcConfiguration.themeResolver()
2025-07-30T17:03:38.771+05:30 TRACE 16196 --- [Spring_Boot_Start] [           main] o.s.b.f.s.DefaultListableBeanFactory     : Returning cached instance of singleton bean 'autoConfigurationReport'
2025-07-30T17:03:38.771+05:30 TRACE 16196 --- [Spring_Boot_Start] [           main] a.ConfigurationClassBeanDefinitionReader : Registering bean definition for @Bean method org.springframework.boot.autoconfigure.web.servlet.WebMvcAutoConfiguration$EnableWebMvcConfiguration.flashMapManager()
2025-07-30T17:03:38.771+05:30 TRACE 16196 --- [Spring_Boot_Start] [           main] o.s.b.f.s.DefaultListableBeanFactory     : Returning cached instance of singleton bean 'autoConfigurationReport'
2025-07-30T17:03:38.772+05:30 TRACE 16196 --- [Spring_Boot_Start] [           main] a.ConfigurationClassBeanDefinitionReader : Registering bean definition for @Bean method org.springframework.boot.autoconfigure.web.servlet.WebMvcAutoConfiguration$EnableWebMvcConfiguration.viewNameTranslator()
2025-07-30T17:03:38.772+05:30 TRACE 16196 --- [Spring_Boot_Start] [           main] a.ConfigurationClassBeanDefinitionReader : Registering bean definition for @Bean method org.springframework.boot.autoconfigure.web.servlet.WebMvcAutoConfiguration$EnableWebMvcConfiguration.mvcConversionService()
2025-07-30T17:03:38.772+05:30 TRACE 16196 --- [Spring_Boot_Start] [           main] a.ConfigurationClassBeanDefinitionReader : Registering bean definition for @Bean method org.springframework.boot.autoconfigure.web.servlet.WebMvcAutoConfiguration$EnableWebMvcConfiguration.mvcValidator()
2025-07-30T17:03:38.772+05:30 TRACE 16196 --- [Spring_Boot_Start] [           main] a.ConfigurationClassBeanDefinitionReader : Registering bean definition for @Bean method org.springframework.boot.autoconfigure.web.servlet.WebMvcAutoConfiguration$EnableWebMvcConfiguration.mvcContentNegotiationManager()
2025-07-30T17:03:38.772+05:30 TRACE 16196 --- [Spring_Boot_Start] [           main] a.ConfigurationClassBeanDefinitionReader : Registering bean definition for @Bean method org.springframework.boot.autoconfigure.web.servlet.WebMvcAutoConfiguration$EnableWebMvcConfiguration.requestMappingHandlerMapping()
2025-07-30T17:03:38.773+05:30 TRACE 16196 --- [Spring_Boot_Start] [           main] a.ConfigurationClassBeanDefinitionReader : Registering bean definition for @Bean method org.springframework.boot.autoconfigure.web.servlet.WebMvcAutoConfiguration$EnableWebMvcConfiguration.mvcPatternParser()
2025-07-30T17:03:38.773+05:30 TRACE 16196 --- [Spring_Boot_Start] [           main] a.ConfigurationClassBeanDefinitionReader : Registering bean definition for @Bean method org.springframework.boot.autoconfigure.web.servlet.WebMvcAutoConfiguration$EnableWebMvcConfiguration.mvcUrlPathHelper()
2025-07-30T17:03:38.773+05:30 TRACE 16196 --- [Spring_Boot_Start] [           main] a.ConfigurationClassBeanDefinitionReader : Registering bean definition for @Bean method org.springframework.boot.autoconfigure.web.servlet.WebMvcAutoConfiguration$EnableWebMvcConfiguration.mvcPathMatcher()
2025-07-30T17:03:38.773+05:30 TRACE 16196 --- [Spring_Boot_Start] [           main] a.ConfigurationClassBeanDefinitionReader : Registering bean definition for @Bean method org.springframework.boot.autoconfigure.web.servlet.WebMvcAutoConfiguration$EnableWebMvcConfiguration.viewControllerHandlerMapping()
2025-07-30T17:03:38.773+05:30 TRACE 16196 --- [Spring_Boot_Start] [           main] a.ConfigurationClassBeanDefinitionReader : Registering bean definition for @Bean method org.springframework.boot.autoconfigure.web.servlet.WebMvcAutoConfiguration$EnableWebMvcConfiguration.beanNameHandlerMapping()
2025-07-30T17:03:38.773+05:30 TRACE 16196 --- [Spring_Boot_Start] [           main] a.ConfigurationClassBeanDefinitionReader : Registering bean definition for @Bean method org.springframework.boot.autoconfigure.web.servlet.WebMvcAutoConfiguration$EnableWebMvcConfiguration.routerFunctionMapping()
2025-07-30T17:03:38.773+05:30 TRACE 16196 --- [Spring_Boot_Start] [           main] a.ConfigurationClassBeanDefinitionReader : Registering bean definition for @Bean method org.springframework.boot.autoconfigure.web.servlet.WebMvcAutoConfiguration$EnableWebMvcConfiguration.resourceHandlerMapping()
2025-07-30T17:03:38.774+05:30 TRACE 16196 --- [Spring_Boot_Start] [           main] a.ConfigurationClassBeanDefinitionReader : Registering bean definition for @Bean method org.springframework.boot.autoconfigure.web.servlet.WebMvcAutoConfiguration$EnableWebMvcConfiguration.mvcResourceUrlProvider()
2025-07-30T17:03:38.774+05:30 TRACE 16196 --- [Spring_Boot_Start] [           main] a.ConfigurationClassBeanDefinitionReader : Registering bean definition for @Bean method org.springframework.boot.autoconfigure.web.servlet.WebMvcAutoConfiguration$EnableWebMvcConfiguration.defaultServletHandlerMapping()
2025-07-30T17:03:38.774+05:30 TRACE 16196 --- [Spring_Boot_Start] [           main] a.ConfigurationClassBeanDefinitionReader : Registering bean definition for @Bean method org.springframework.boot.autoconfigure.web.servlet.WebMvcAutoConfiguration$EnableWebMvcConfiguration.requestMappingHandlerAdapter()
2025-07-30T17:03:38.774+05:30 TRACE 16196 --- [Spring_Boot_Start] [           main] a.ConfigurationClassBeanDefinitionReader : Registering bean definition for @Bean method org.springframework.boot.autoconfigure.web.servlet.WebMvcAutoConfiguration$EnableWebMvcConfiguration.handlerFunctionAdapter()
2025-07-30T17:03:38.774+05:30 TRACE 16196 --- [Spring_Boot_Start] [           main] a.ConfigurationClassBeanDefinitionReader : Registering bean definition for @Bean method org.springframework.boot.autoconfigure.web.servlet.WebMvcAutoConfiguration$EnableWebMvcConfiguration.mvcUriComponentsContributor()
2025-07-30T17:03:38.774+05:30 TRACE 16196 --- [Spring_Boot_Start] [           main] a.ConfigurationClassBeanDefinitionReader : Registering bean definition for @Bean method org.springframework.boot.autoconfigure.web.servlet.WebMvcAutoConfiguration$EnableWebMvcConfiguration.httpRequestHandlerAdapter()
2025-07-30T17:03:38.775+05:30 TRACE 16196 --- [Spring_Boot_Start] [           main] a.ConfigurationClassBeanDefinitionReader : Registering bean definition for @Bean method org.springframework.boot.autoconfigure.web.servlet.WebMvcAutoConfiguration$EnableWebMvcConfiguration.simpleControllerHandlerAdapter()
2025-07-30T17:03:38.775+05:30 TRACE 16196 --- [Spring_Boot_Start] [           main] a.ConfigurationClassBeanDefinitionReader : Registering bean definition for @Bean method org.springframework.boot.autoconfigure.web.servlet.WebMvcAutoConfiguration$EnableWebMvcConfiguration.handlerExceptionResolver()
2025-07-30T17:03:38.775+05:30 TRACE 16196 --- [Spring_Boot_Start] [           main] a.ConfigurationClassBeanDefinitionReader : Registering bean definition for @Bean method org.springframework.boot.autoconfigure.web.servlet.WebMvcAutoConfiguration$EnableWebMvcConfiguration.mvcViewResolver()
2025-07-30T17:03:38.775+05:30 TRACE 16196 --- [Spring_Boot_Start] [           main] a.ConfigurationClassBeanDefinitionReader : Registering bean definition for @Bean method org.springframework.boot.autoconfigure.web.servlet.WebMvcAutoConfiguration$EnableWebMvcConfiguration.mvcHandlerMappingIntrospector()
2025-07-30T17:03:38.778+05:30 TRACE 16196 --- [Spring_Boot_Start] [           main] a.ConfigurationClassBeanDefinitionReader : Registered bean definition for imported class 'org.springframework.boot.autoconfigure.web.servlet.WebMvcAutoConfiguration$WebMvcAutoConfigurationAdapter'
2025-07-30T17:03:38.831+05:30 TRACE 16196 --- [Spring_Boot_Start] [           main] o.s.b.f.s.DefaultListableBeanFactory     : Returning cached instance of singleton bean 'autoConfigurationReport'
2025-07-30T17:03:38.832+05:30 TRACE 16196 --- [Spring_Boot_Start] [           main] a.ConfigurationClassBeanDefinitionReader : Registering bean definition for @Bean method org.springframework.boot.autoconfigure.web.servlet.WebMvcAutoConfiguration$WebMvcAutoConfigurationAdapter.defaultViewResolver()
2025-07-30T17:03:38.834+05:30 TRACE 16196 --- [Spring_Boot_Start] [           main] o.s.b.f.s.DefaultListableBeanFactory     : Returning cached instance of singleton bean 'autoConfigurationReport'
2025-07-30T17:03:38.836+05:30 TRACE 16196 --- [Spring_Boot_Start] [           main] o.s.b.f.s.DefaultListableBeanFactory     : Returning cached instance of singleton bean 'autoConfigurationReport'
2025-07-30T17:03:38.837+05:30 TRACE 16196 --- [Spring_Boot_Start] [           main] o.s.b.f.s.DefaultListableBeanFactory     : Returning cached instance of singleton bean 'autoConfigurationReport'
2025-07-30T17:03:38.837+05:30 TRACE 16196 --- [Spring_Boot_Start] [           main] a.ConfigurationClassBeanDefinitionReader : Registering bean definition for @Bean method org.springframework.boot.autoconfigure.web.servlet.WebMvcAutoConfiguration$WebMvcAutoConfigurationAdapter.viewResolver()
2025-07-30T17:03:38.842+05:30 TRACE 16196 --- [Spring_Boot_Start] [           main] o.s.b.f.s.DefaultListableBeanFactory     : Returning cached instance of singleton bean 'autoConfigurationReport'
2025-07-30T17:03:38.845+05:30 TRACE 16196 --- [Spring_Boot_Start] [           main] o.s.b.f.s.DefaultListableBeanFactory     : Returning cached instance of singleton bean 'autoConfigurationReport'
2025-07-30T17:03:38.845+05:30 TRACE 16196 --- [Spring_Boot_Start] [           main] a.ConfigurationClassBeanDefinitionReader : Registering bean definition for @Bean method org.springframework.boot.autoconfigure.web.servlet.WebMvcAutoConfiguration$WebMvcAutoConfigurationAdapter.requestContextFilter()
2025-07-30T17:03:38.847+05:30 TRACE 16196 --- [Spring_Boot_Start] [           main] a.ConfigurationClassBeanDefinitionReader : Registered bean definition for imported class 'org.springframework.boot.autoconfigure.web.servlet.WebMvcAutoConfiguration'
2025-07-30T17:03:38.848+05:30 TRACE 16196 --- [Spring_Boot_Start] [           main] o.s.b.f.s.DefaultListableBeanFactory     : Returning cached instance of singleton bean 'autoConfigurationReport'
2025-07-30T17:03:38.849+05:30 TRACE 16196 --- [Spring_Boot_Start] [           main] o.s.b.f.s.DefaultListableBeanFactory     : Returning cached instance of singleton bean 'autoConfigurationReport'
2025-07-30T17:03:38.853+05:30 TRACE 16196 --- [Spring_Boot_Start] [           main] o.s.b.f.s.DefaultListableBeanFactory     : Returning cached instance of singleton bean 'autoConfigurationReport'
2025-07-30T17:03:38.853+05:30 TRACE 16196 --- [Spring_Boot_Start] [           main] a.ConfigurationClassBeanDefinitionReader : Registering bean definition for @Bean method org.springframework.boot.autoconfigure.web.servlet.WebMvcAutoConfiguration.formContentFilter()
2025-07-30T17:03:38.854+05:30 TRACE 16196 --- [Spring_Boot_Start] [           main] o.s.b.f.s.DefaultListableBeanFactory     : Returning cached instance of singleton bean 'autoConfigurationReport'
2025-07-30T17:03:38.854+05:30 TRACE 16196 --- [Spring_Boot_Start] [           main] o.s.b.f.s.DefaultListableBeanFactory     : Returning cached instance of singleton bean 'autoConfigurationReport'
2025-07-30T17:03:38.855+05:30 TRACE 16196 --- [Spring_Boot_Start] [           main] o.s.b.f.s.DefaultListableBeanFactory     : Returning cached instance of singleton bean 'autoConfigurationReport'
2025-07-30T17:03:38.855+05:30 TRACE 16196 --- [Spring_Boot_Start] [           main] a.ConfigurationClassBeanDefinitionReader : Registered bean definition for imported class 'org.springframework.boot.autoconfigure.aop.AopAutoConfiguration$ClassProxyingConfiguration'
2025-07-30T17:03:38.855+05:30 TRACE 16196 --- [Spring_Boot_Start] [           main] a.ConfigurationClassBeanDefinitionReader : Registering bean definition for @Bean method org.springframework.boot.autoconfigure.aop.AopAutoConfiguration$ClassProxyingConfiguration.forceAutoProxyCreatorToUseClassProxying()
2025-07-30T17:03:38.855+05:30 TRACE 16196 --- [Spring_Boot_Start] [           main] a.ConfigurationClassBeanDefinitionReader : Registered bean definition for imported class 'org.springframework.boot.autoconfigure.aop.AopAutoConfiguration'
2025-07-30T17:03:38.856+05:30 TRACE 16196 --- [Spring_Boot_Start] [           main] a.ConfigurationClassBeanDefinitionReader : Registered bean definition for imported class 'org.springframework.boot.autoconfigure.availability.ApplicationAvailabilityAutoConfiguration'
2025-07-30T17:03:38.863+05:30 TRACE 16196 --- [Spring_Boot_Start] [           main] o.s.b.f.s.DefaultListableBeanFactory     : Returning cached instance of singleton bean 'autoConfigurationReport'
2025-07-30T17:03:38.864+05:30 TRACE 16196 --- [Spring_Boot_Start] [           main] a.ConfigurationClassBeanDefinitionReader : Registering bean definition for @Bean method org.springframework.boot.autoconfigure.availability.ApplicationAvailabilityAutoConfiguration.applicationAvailability()
2025-07-30T17:03:38.864+05:30 TRACE 16196 --- [Spring_Boot_Start] [           main] o.s.b.f.s.DefaultListableBeanFactory     : Returning cached instance of singleton bean 'autoConfigurationReport'
2025-07-30T17:03:38.865+05:30 TRACE 16196 --- [Spring_Boot_Start] [           main] o.s.b.f.s.DefaultListableBeanFactory     : Returning cached instance of singleton bean 'autoConfigurationReport'
2025-07-30T17:03:38.866+05:30 TRACE 16196 --- [Spring_Boot_Start] [           main] a.ConfigurationClassBeanDefinitionReader : Registered bean definition for imported class 'org.springframework.boot.autoconfigure.jackson.JacksonAutoConfiguration$Jackson2ObjectMapperBuilderCustomizerConfiguration'
2025-07-30T17:03:38.867+05:30 TRACE 16196 --- [Spring_Boot_Start] [           main] a.ConfigurationClassBeanDefinitionReader : Registering bean definition for @Bean method org.springframework.boot.autoconfigure.jackson.JacksonAutoConfiguration$Jackson2ObjectMapperBuilderCustomizerConfiguration.standardJacksonObjectMapperBuilderCustomizer()
2025-07-30T17:03:38.869+05:30 TRACE 16196 --- [Spring_Boot_Start] [           main] o.s.b.f.s.DefaultListableBeanFactory     : Returning cached instance of singleton bean 'autoConfigurationReport'
2025-07-30T17:03:38.869+05:30 TRACE 16196 --- [Spring_Boot_Start] [           main] a.ConfigurationClassBeanDefinitionReader : Registered bean definition for imported class 'org.springframework.boot.autoconfigure.jackson.JacksonAutoConfiguration$JacksonObjectMapperBuilderConfiguration'
2025-07-30T17:03:38.875+05:30 TRACE 16196 --- [Spring_Boot_Start] [           main] o.s.b.f.s.DefaultListableBeanFactory     : Returning cached instance of singleton bean 'autoConfigurationReport'
2025-07-30T17:03:38.875+05:30 TRACE 16196 --- [Spring_Boot_Start] [           main] a.ConfigurationClassBeanDefinitionReader : Registering bean definition for @Bean method org.springframework.boot.autoconfigure.jackson.JacksonAutoConfiguration$JacksonObjectMapperBuilderConfiguration.jacksonObjectMapperBuilder()
2025-07-30T17:03:38.875+05:30 TRACE 16196 --- [Spring_Boot_Start] [           main] o.s.b.f.s.DefaultListableBeanFactory     : Returning cached instance of singleton bean 'autoConfigurationReport'
2025-07-30T17:03:38.875+05:30 TRACE 16196 --- [Spring_Boot_Start] [           main] a.ConfigurationClassBeanDefinitionReader : Registered bean definition for imported class 'org.springframework.boot.autoconfigure.jackson.JacksonAutoConfiguration$ParameterNamesModuleConfiguration'
2025-07-30T17:03:38.877+05:30 TRACE 16196 --- [Spring_Boot_Start] [           main] o.s.b.f.s.DefaultListableBeanFactory     : Returning cached instance of singleton bean 'autoConfigurationReport'
2025-07-30T17:03:38.877+05:30 TRACE 16196 --- [Spring_Boot_Start] [           main] a.ConfigurationClassBeanDefinitionReader : Registering bean definition for @Bean method org.springframework.boot.autoconfigure.jackson.JacksonAutoConfiguration$ParameterNamesModuleConfiguration.parameterNamesModule()
2025-07-30T17:03:38.878+05:30 TRACE 16196 --- [Spring_Boot_Start] [           main] o.s.b.f.s.DefaultListableBeanFactory     : Returning cached instance of singleton bean 'autoConfigurationReport'
2025-07-30T17:03:38.878+05:30 TRACE 16196 --- [Spring_Boot_Start] [           main] a.ConfigurationClassBeanDefinitionReader : Registered bean definition for imported class 'org.springframework.boot.autoconfigure.jackson.JacksonAutoConfiguration$JacksonObjectMapperConfiguration'
2025-07-30T17:03:38.882+05:30 TRACE 16196 --- [Spring_Boot_Start] [           main] o.s.b.f.s.DefaultListableBeanFactory     : Returning cached instance of singleton bean 'autoConfigurationReport'
2025-07-30T17:03:38.883+05:30 TRACE 16196 --- [Spring_Boot_Start] [           main] a.ConfigurationClassBeanDefinitionReader : Registering bean definition for @Bean method org.springframework.boot.autoconfigure.jackson.JacksonAutoConfiguration$JacksonObjectMapperConfiguration.jacksonObjectMapper()
2025-07-30T17:03:38.883+05:30 TRACE 16196 --- [Spring_Boot_Start] [           main] a.ConfigurationClassBeanDefinitionReader : Registered bean definition for imported class 'org.springframework.boot.autoconfigure.jackson.JacksonAutoConfiguration$JacksonMixinConfiguration'
2025-07-30T17:03:38.883+05:30 TRACE 16196 --- [Spring_Boot_Start] [           main] a.ConfigurationClassBeanDefinitionReader : Registering bean definition for @Bean method org.springframework.boot.autoconfigure.jackson.JacksonAutoConfiguration$JacksonMixinConfiguration.jsonMixinModuleEntries()
2025-07-30T17:03:38.883+05:30 TRACE 16196 --- [Spring_Boot_Start] [           main] a.ConfigurationClassBeanDefinitionReader : Registering bean definition for @Bean method org.springframework.boot.autoconfigure.jackson.JacksonAutoConfiguration$JacksonMixinConfiguration.jsonMixinModule()
2025-07-30T17:03:38.883+05:30 TRACE 16196 --- [Spring_Boot_Start] [           main] a.ConfigurationClassBeanDefinitionReader : Registered bean definition for imported class 'org.springframework.boot.autoconfigure.jackson.JacksonAutoConfiguration'
2025-07-30T17:03:38.883+05:30 TRACE 16196 --- [Spring_Boot_Start] [           main] a.ConfigurationClassBeanDefinitionReader : Registering bean definition for @Bean method org.springframework.boot.autoconfigure.jackson.JacksonAutoConfiguration.jsonComponentModule()
2025-07-30T17:03:38.884+05:30 TRACE 16196 --- [Spring_Boot_Start] [           main] o.s.b.f.s.DefaultListableBeanFactory     : Returning cached instance of singleton bean 'autoConfigurationReport'
2025-07-30T17:03:38.888+05:30 TRACE 16196 --- [Spring_Boot_Start] [           main] o.s.b.f.s.DefaultListableBeanFactory     : Returning cached instance of singleton bean 'autoConfigurationReport'
2025-07-30T17:03:38.889+05:30 TRACE 16196 --- [Spring_Boot_Start] [           main] a.ConfigurationClassBeanDefinitionReader : Registered bean definition for imported class 'org.springframework.boot.autoconfigure.context.ConfigurationPropertiesAutoConfiguration'
2025-07-30T17:03:38.890+05:30 TRACE 16196 --- [Spring_Boot_Start] [           main] a.ConfigurationClassBeanDefinitionReader : Registered bean definition for imported class 'org.springframework.boot.autoconfigure.context.LifecycleAutoConfiguration'
2025-07-30T17:03:38.890+05:30 TRACE 16196 --- [Spring_Boot_Start] [           main] o.s.b.f.s.DefaultListableBeanFactory     : Returning cached instance of singleton bean 'autoConfigurationReport'
2025-07-30T17:03:38.891+05:30 TRACE 16196 --- [Spring_Boot_Start] [           main] a.ConfigurationClassBeanDefinitionReader : Registering bean definition for @Bean method org.springframework.boot.autoconfigure.context.LifecycleAutoConfiguration.lifecycleProcessor()
2025-07-30T17:03:38.892+05:30 TRACE 16196 --- [Spring_Boot_Start] [           main] o.s.b.f.s.DefaultListableBeanFactory     : Returning cached instance of singleton bean 'autoConfigurationReport'
2025-07-30T17:03:38.892+05:30 TRACE 16196 --- [Spring_Boot_Start] [           main] o.s.b.f.s.DefaultListableBeanFactory     : Returning cached instance of singleton bean 'autoConfigurationReport'
2025-07-30T17:03:38.892+05:30 TRACE 16196 --- [Spring_Boot_Start] [           main] a.ConfigurationClassBeanDefinitionReader : Registered bean definition for imported class 'org.springframework.boot.autoconfigure.http.HttpMessageConvertersAutoConfiguration$StringHttpMessageConverterConfiguration'
2025-07-30T17:03:38.897+05:30 TRACE 16196 --- [Spring_Boot_Start] [           main] o.s.b.f.s.DefaultListableBeanFactory     : Returning cached instance of singleton bean 'autoConfigurationReport'
2025-07-30T17:03:38.897+05:30 TRACE 16196 --- [Spring_Boot_Start] [           main] a.ConfigurationClassBeanDefinitionReader : Registering bean definition for @Bean method org.springframework.boot.autoconfigure.http.HttpMessageConvertersAutoConfiguration$StringHttpMessageConverterConfiguration.stringHttpMessageConverter()
2025-07-30T17:03:38.898+05:30 TRACE 16196 --- [Spring_Boot_Start] [           main] o.s.b.f.s.DefaultListableBeanFactory     : Returning cached instance of singleton bean 'autoConfigurationReport'
2025-07-30T17:03:38.899+05:30 TRACE 16196 --- [Spring_Boot_Start] [           main] o.s.b.f.s.DefaultListableBeanFactory     : Returning cached instance of singleton bean 'autoConfigurationReport'
2025-07-30T17:03:38.899+05:30 TRACE 16196 --- [Spring_Boot_Start] [           main] o.s.b.f.s.DefaultListableBeanFactory     : Returning cached instance of singleton bean 'autoConfigurationReport'
2025-07-30T17:03:38.899+05:30 TRACE 16196 --- [Spring_Boot_Start] [           main] a.ConfigurationClassBeanDefinitionReader : Registered bean definition for imported class 'org.springframework.boot.autoconfigure.http.JacksonHttpMessageConvertersConfiguration$MappingJackson2HttpMessageConverterConfiguration'
2025-07-30T17:03:38.902+05:30 TRACE 16196 --- [Spring_Boot_Start] [           main] o.s.b.f.s.DefaultListableBeanFactory     : Returning cached instance of singleton bean 'autoConfigurationReport'
2025-07-30T17:03:38.902+05:30 TRACE 16196 --- [Spring_Boot_Start] [           main] a.ConfigurationClassBeanDefinitionReader : Registering bean definition for @Bean method org.springframework.boot.autoconfigure.http.JacksonHttpMessageConvertersConfiguration$MappingJackson2HttpMessageConverterConfiguration.mappingJackson2HttpMessageConverter()
2025-07-30T17:03:38.902+05:30 TRACE 16196 --- [Spring_Boot_Start] [           main] a.ConfigurationClassBeanDefinitionReader : Registered bean definition for imported class 'org.springframework.boot.autoconfigure.http.JacksonHttpMessageConvertersConfiguration'
2025-07-30T17:03:38.905+05:30 TRACE 16196 --- [Spring_Boot_Start] [           main] a.ConfigurationClassBeanDefinitionReader : Registered bean definition for imported class 'org.springframework.boot.autoconfigure.http.HttpMessageConvertersAutoConfiguration'
2025-07-30T17:03:38.908+05:30 TRACE 16196 --- [Spring_Boot_Start] [           main] o.s.b.f.s.DefaultListableBeanFactory     : Returning cached instance of singleton bean 'autoConfigurationReport'
2025-07-30T17:03:38.908+05:30 TRACE 16196 --- [Spring_Boot_Start] [           main] a.ConfigurationClassBeanDefinitionReader : Registering bean definition for @Bean method org.springframework.boot.autoconfigure.http.HttpMessageConvertersAutoConfiguration.messageConverters()
2025-07-30T17:03:38.909+05:30 TRACE 16196 --- [Spring_Boot_Start] [           main] o.s.b.f.s.DefaultListableBeanFactory     : Returning cached instance of singleton bean 'autoConfigurationReport'
2025-07-30T17:03:38.912+05:30 TRACE 16196 --- [Spring_Boot_Start] [           main] a.ConfigurationClassBeanDefinitionReader : Registered bean definition for imported class 'org.springframework.boot.autoconfigure.http.client.HttpClientAutoConfiguration'
2025-07-30T17:03:38.923+05:30 TRACE 16196 --- [Spring_Boot_Start] [           main] o.s.b.f.s.DefaultListableBeanFactory     : Returning cached instance of singleton bean 'autoConfigurationReport'
2025-07-30T17:03:38.923+05:30 TRACE 16196 --- [Spring_Boot_Start] [           main] a.ConfigurationClassBeanDefinitionReader : Registering bean definition for @Bean method org.springframework.boot.autoconfigure.http.client.HttpClientAutoConfiguration.clientHttpRequestFactoryBuilder()
2025-07-30T17:03:38.924+05:30 TRACE 16196 --- [Spring_Boot_Start] [           main] o.s.b.f.s.DefaultListableBeanFactory     : Returning cached instance of singleton bean 'autoConfigurationReport'
2025-07-30T17:03:38.925+05:30 TRACE 16196 --- [Spring_Boot_Start] [           main] a.ConfigurationClassBeanDefinitionReader : Registering bean definition for @Bean method org.springframework.boot.autoconfigure.http.client.HttpClientAutoConfiguration.clientHttpRequestFactorySettings()
2025-07-30T17:03:38.927+05:30 TRACE 16196 --- [Spring_Boot_Start] [           main] a.ConfigurationClassBeanDefinitionReader : Registered bean definition for imported class 'org.springframework.boot.autoconfigure.info.ProjectInfoAutoConfiguration'
2025-07-30T17:03:38.928+05:30 TRACE 16196 --- [Spring_Boot_Start] [           main] o.s.b.f.s.DefaultListableBeanFactory     : Returning cached instance of singleton bean 'autoConfigurationReport'
2025-07-30T17:03:38.931+05:30 TRACE 16196 --- [Spring_Boot_Start] [           main] o.s.b.f.s.DefaultListableBeanFactory     : Returning cached instance of singleton bean 'autoConfigurationReport'
2025-07-30T17:03:38.932+05:30 TRACE 16196 --- [Spring_Boot_Start] [           main] o.s.b.f.s.DefaultListableBeanFactory     : Returning cached instance of singleton bean 'autoConfigurationReport'
2025-07-30T17:03:38.934+05:30 TRACE 16196 --- [Spring_Boot_Start] [           main] a.ConfigurationClassBeanDefinitionReader : Registered bean definition for imported class 'org.springframework.boot.autoconfigure.sql.init.SqlInitializationAutoConfiguration'
2025-07-30T17:03:38.937+05:30 TRACE 16196 --- [Spring_Boot_Start] [           main] o.s.b.f.s.DefaultListableBeanFactory     : Returning cached instance of singleton bean 'autoConfigurationReport'
2025-07-30T17:03:38.937+05:30 TRACE 16196 --- [Spring_Boot_Start] [           main] a.ConfigurationClassBeanDefinitionReader : Registered bean definition for imported class 'org.springframework.boot.autoconfigure.task.TaskSchedulingConfigurations$ThreadPoolTaskSchedulerBuilderConfiguration'
2025-07-30T17:03:38.942+05:30 TRACE 16196 --- [Spring_Boot_Start] [           main] o.s.b.f.s.DefaultListableBeanFactory     : Returning cached instance of singleton bean 'autoConfigurationReport'
2025-07-30T17:03:38.942+05:30 TRACE 16196 --- [Spring_Boot_Start] [           main] a.ConfigurationClassBeanDefinitionReader : Registering bean definition for @Bean method org.springframework.boot.autoconfigure.task.TaskSchedulingConfigurations$ThreadPoolTaskSchedulerBuilderConfiguration.threadPoolTaskSchedulerBuilder()
2025-07-30T17:03:38.943+05:30 TRACE 16196 --- [Spring_Boot_Start] [           main] a.ConfigurationClassBeanDefinitionReader : Registered bean definition for imported class 'org.springframework.boot.autoconfigure.task.TaskSchedulingConfigurations$SimpleAsyncTaskSchedulerBuilderConfiguration'
2025-07-30T17:03:38.946+05:30 TRACE 16196 --- [Spring_Boot_Start] [           main] o.s.b.f.s.DefaultListableBeanFactory     : Returning cached instance of singleton bean 'autoConfigurationReport'
2025-07-30T17:03:38.947+05:30 TRACE 16196 --- [Spring_Boot_Start] [           main] o.s.b.f.s.DefaultListableBeanFactory     : Returning cached instance of singleton bean 'autoConfigurationReport'
2025-07-30T17:03:38.947+05:30 TRACE 16196 --- [Spring_Boot_Start] [           main] a.ConfigurationClassBeanDefinitionReader : Registering bean definition for @Bean method org.springframework.boot.autoconfigure.task.TaskSchedulingConfigurations$SimpleAsyncTaskSchedulerBuilderConfiguration.simpleAsyncTaskSchedulerBuilder()
2025-07-30T17:03:38.948+05:30 TRACE 16196 --- [Spring_Boot_Start] [           main] o.s.b.f.s.DefaultListableBeanFactory     : Returning cached instance of singleton bean 'autoConfigurationReport'
2025-07-30T17:03:38.948+05:30 TRACE 16196 --- [Spring_Boot_Start] [           main] o.s.b.f.s.DefaultListableBeanFactory     : Returning cached instance of singleton bean 'autoConfigurationReport'
2025-07-30T17:03:38.950+05:30 TRACE 16196 --- [Spring_Boot_Start] [           main] a.ConfigurationClassBeanDefinitionReader : Registered bean definition for imported class 'org.springframework.boot.autoconfigure.task.TaskSchedulingAutoConfiguration'
2025-07-30T17:03:38.950+05:30 TRACE 16196 --- [Spring_Boot_Start] [           main] o.s.b.f.s.DefaultListableBeanFactory     : Returning cached instance of singleton bean 'autoConfigurationReport'
2025-07-30T17:03:38.953+05:30 TRACE 16196 --- [Spring_Boot_Start] [           main] o.s.b.f.s.DefaultListableBeanFactory     : Returning cached instance of singleton bean 'autoConfigurationReport'
2025-07-30T17:03:38.957+05:30 TRACE 16196 --- [Spring_Boot_Start] [           main] o.s.b.f.s.DefaultListableBeanFactory     : Returning cached instance of singleton bean 'autoConfigurationReport'
2025-07-30T17:03:38.957+05:30 TRACE 16196 --- [Spring_Boot_Start] [           main] a.ConfigurationClassBeanDefinitionReader : Registered bean definition for imported class 'org.springframework.boot.autoconfigure.web.client.RestClientAutoConfiguration'
2025-07-30T17:03:38.962+05:30 TRACE 16196 --- [Spring_Boot_Start] [           main] o.s.b.f.s.DefaultListableBeanFactory     : Returning cached instance of singleton bean 'autoConfigurationReport'
2025-07-30T17:03:38.962+05:30 TRACE 16196 --- [Spring_Boot_Start] [           main] a.ConfigurationClassBeanDefinitionReader : Registering bean definition for @Bean method org.springframework.boot.autoconfigure.web.client.RestClientAutoConfiguration.httpMessageConvertersRestClientCustomizer()
2025-07-30T17:03:38.964+05:30 TRACE 16196 --- [Spring_Boot_Start] [           main] o.s.b.f.s.DefaultListableBeanFactory     : Returning cached instance of singleton bean 'autoConfigurationReport'
2025-07-30T17:03:38.965+05:30 TRACE 16196 --- [Spring_Boot_Start] [           main] o.s.b.f.s.DefaultListableBeanFactory     : Returning cached instance of singleton bean 'autoConfigurationReport'
2025-07-30T17:03:38.965+05:30 TRACE 16196 --- [Spring_Boot_Start] [           main] a.ConfigurationClassBeanDefinitionReader : Registering bean definition for @Bean method org.springframework.boot.autoconfigure.web.client.RestClientAutoConfiguration.restClientSsl()
2025-07-30T17:03:38.966+05:30 TRACE 16196 --- [Spring_Boot_Start] [           main] o.s.b.f.s.DefaultListableBeanFactory     : Returning cached instance of singleton bean 'autoConfigurationReport'
2025-07-30T17:03:38.967+05:30 TRACE 16196 --- [Spring_Boot_Start] [           main] a.ConfigurationClassBeanDefinitionReader : Registering bean definition for @Bean method org.springframework.boot.autoconfigure.web.client.RestClientAutoConfiguration.restClientBuilderConfigurer()
2025-07-30T17:03:38.968+05:30 TRACE 16196 --- [Spring_Boot_Start] [           main] o.s.b.f.s.DefaultListableBeanFactory     : Returning cached instance of singleton bean 'autoConfigurationReport'
2025-07-30T17:03:38.968+05:30 TRACE 16196 --- [Spring_Boot_Start] [           main] a.ConfigurationClassBeanDefinitionReader : Registering bean definition for @Bean method org.springframework.boot.autoconfigure.web.client.RestClientAutoConfiguration.restClientBuilder()
2025-07-30T17:03:38.968+05:30 TRACE 16196 --- [Spring_Boot_Start] [           main] o.s.b.f.s.DefaultListableBeanFactory     : Returning cached instance of singleton bean 'autoConfigurationReport'
2025-07-30T17:03:38.968+05:30 TRACE 16196 --- [Spring_Boot_Start] [           main] a.ConfigurationClassBeanDefinitionReader : Registered bean definition for imported class 'org.springframework.boot.autoconfigure.web.client.RestTemplateAutoConfiguration'
2025-07-30T17:03:38.969+05:30 TRACE 16196 --- [Spring_Boot_Start] [           main] a.ConfigurationClassBeanDefinitionReader : Registering bean definition for @Bean method org.springframework.boot.autoconfigure.web.client.RestTemplateAutoConfiguration.restTemplateBuilderConfigurer()
2025-07-30T17:03:38.973+05:30 TRACE 16196 --- [Spring_Boot_Start] [           main] o.s.b.f.s.DefaultListableBeanFactory     : Returning cached instance of singleton bean 'autoConfigurationReport'
2025-07-30T17:03:38.973+05:30 TRACE 16196 --- [Spring_Boot_Start] [           main] a.ConfigurationClassBeanDefinitionReader : Registering bean definition for @Bean method org.springframework.boot.autoconfigure.web.client.RestTemplateAutoConfiguration.restTemplateBuilder()
2025-07-30T17:03:38.974+05:30 TRACE 16196 --- [Spring_Boot_Start] [           main] o.s.b.f.s.DefaultListableBeanFactory     : Returning cached instance of singleton bean 'autoConfigurationReport'
2025-07-30T17:03:38.974+05:30 TRACE 16196 --- [Spring_Boot_Start] [           main] o.s.b.f.s.DefaultListableBeanFactory     : Returning cached instance of singleton bean 'autoConfigurationReport'
2025-07-30T17:03:38.975+05:30 TRACE 16196 --- [Spring_Boot_Start] [           main] o.s.b.f.s.DefaultListableBeanFactory     : Returning cached instance of singleton bean 'autoConfigurationReport'
2025-07-30T17:03:38.975+05:30 TRACE 16196 --- [Spring_Boot_Start] [           main] a.ConfigurationClassBeanDefinitionReader : Registered bean definition for imported class 'org.springframework.boot.autoconfigure.web.servlet.HttpEncodingAutoConfiguration'
2025-07-30T17:03:38.978+05:30 TRACE 16196 --- [Spring_Boot_Start] [           main] o.s.b.f.s.DefaultListableBeanFactory     : Returning cached instance of singleton bean 'autoConfigurationReport'
2025-07-30T17:03:38.979+05:30 TRACE 16196 --- [Spring_Boot_Start] [           main] a.ConfigurationClassBeanDefinitionReader : Registering bean definition for @Bean method org.springframework.boot.autoconfigure.web.servlet.HttpEncodingAutoConfiguration.characterEncodingFilter()
2025-07-30T17:03:38.979+05:30 TRACE 16196 --- [Spring_Boot_Start] [           main] a.ConfigurationClassBeanDefinitionReader : Registering bean definition for @Bean method org.springframework.boot.autoconfigure.web.servlet.HttpEncodingAutoConfiguration.localeCharsetMappingsCustomizer()
2025-07-30T17:03:38.980+05:30 TRACE 16196 --- [Spring_Boot_Start] [           main] o.s.b.f.s.DefaultListableBeanFactory     : Returning cached instance of singleton bean 'autoConfigurationReport'
2025-07-30T17:03:38.980+05:30 TRACE 16196 --- [Spring_Boot_Start] [           main] o.s.b.f.s.DefaultListableBeanFactory     : Returning cached instance of singleton bean 'autoConfigurationReport'
2025-07-30T17:03:38.981+05:30 TRACE 16196 --- [Spring_Boot_Start] [           main] o.s.b.f.s.DefaultListableBeanFactory     : Returning cached instance of singleton bean 'autoConfigurationReport'
2025-07-30T17:03:38.982+05:30 TRACE 16196 --- [Spring_Boot_Start] [           main] a.ConfigurationClassBeanDefinitionReader : Registered bean definition for imported class 'org.springframework.boot.autoconfigure.web.servlet.MultipartAutoConfiguration'
2025-07-30T17:03:38.984+05:30 TRACE 16196 --- [Spring_Boot_Start] [           main] o.s.b.f.s.DefaultListableBeanFactory     : Returning cached instance of singleton bean 'autoConfigurationReport'
2025-07-30T17:03:38.985+05:30 TRACE 16196 --- [Spring_Boot_Start] [           main] a.ConfigurationClassBeanDefinitionReader : Registering bean definition for @Bean method org.springframework.boot.autoconfigure.web.servlet.MultipartAutoConfiguration.multipartConfigElement()
2025-07-30T17:03:38.986+05:30 TRACE 16196 --- [Spring_Boot_Start] [           main] o.s.b.f.s.DefaultListableBeanFactory     : Returning cached instance of singleton bean 'autoConfigurationReport'
2025-07-30T17:03:38.986+05:30 TRACE 16196 --- [Spring_Boot_Start] [           main] a.ConfigurationClassBeanDefinitionReader : Registering bean definition for @Bean method org.springframework.boot.autoconfigure.web.servlet.MultipartAutoConfiguration.multipartResolver()
2025-07-30T17:03:38.996+05:30 DEBUG 16196 --- [Spring_Boot_Start] [           main] o.s.b.f.s.DefaultListableBeanFactory     : Creating shared instance of singleton bean 'propertySourcesPlaceholderConfigurer'
2025-07-30T17:03:38.996+05:30 TRACE 16196 --- [Spring_Boot_Start] [           main] o.s.b.f.s.DefaultListableBeanFactory     : Creating instance of bean 'propertySourcesPlaceholderConfigurer'
2025-07-30T17:03:39.003+05:30 TRACE 16196 --- [Spring_Boot_Start] [           main] o.s.b.f.s.DefaultListableBeanFactory     : Finished creating instance of bean 'propertySourcesPlaceholderConfigurer'
2025-07-30T17:03:39.018+05:30 DEBUG 16196 --- [Spring_Boot_Start] [           main] o.s.b.f.s.DefaultListableBeanFactory     : Creating shared instance of singleton bean 'org.springframework.boot.test.mock.mockito.MockitoPostProcessor'
2025-07-30T17:03:39.018+05:30 TRACE 16196 --- [Spring_Boot_Start] [           main] o.s.b.f.s.DefaultListableBeanFactory     : Creating instance of bean 'org.springframework.boot.test.mock.mockito.MockitoPostProcessor'
2025-07-30T17:03:39.028+05:30 TRACE 16196 --- [Spring_Boot_Start] [           main] o.s.b.f.s.DefaultListableBeanFactory     : Finished creating instance of bean 'org.springframework.boot.test.mock.mockito.MockitoPostProcessor'
2025-07-30T17:03:39.029+05:30 DEBUG 16196 --- [Spring_Boot_Start] [           main] o.s.b.f.s.DefaultListableBeanFactory     : Creating shared instance of singleton bean 'org.springframework.boot.sql.init.dependency.DatabaseInitializationDependencyConfigurer$DependsOnDatabaseInitializationPostProcessor'
2025-07-30T17:03:39.029+05:30 TRACE 16196 --- [Spring_Boot_Start] [           main] o.s.b.f.s.DefaultListableBeanFactory     : Creating instance of bean 'org.springframework.boot.sql.init.dependency.DatabaseInitializationDependencyConfigurer$DependsOnDatabaseInitializationPostProcessor'
2025-07-30T17:03:39.029+05:30 TRACE 16196 --- [Spring_Boot_Start] [           main] o.s.b.f.s.DefaultListableBeanFactory     : Finished creating instance of bean 'org.springframework.boot.sql.init.dependency.DatabaseInitializationDependencyConfigurer$DependsOnDatabaseInitializationPostProcessor'
2025-07-30T17:03:39.030+05:30 TRACE 16196 --- [Spring_Boot_Start] [           main] o.s.c.io.support.SpringFactoriesLoader   : Loaded [org.springframework.boot.sql.init.dependency.DatabaseInitializerDetector] names: [org.springframework.boot.flyway.FlywayDatabaseInitializerDetector, org.springframework.boot.jdbc.init.DataSourceScriptDatabaseInitializerDetector, org.springframework.boot.liquibase.LiquibaseDatabaseInitializerDetector, org.springframework.boot.orm.jpa.JpaDatabaseInitializerDetector, org.springframework.boot.r2dbc.init.R2dbcScriptDatabaseInitializerDetector, org.springframework.boot.autoconfigure.flyway.FlywayMigrationInitializerDatabaseInitializerDetector]
2025-07-30T17:03:39.077+05:30 DEBUG 16196 --- [Spring_Boot_Start] [           main] o.s.b.f.s.DefaultListableBeanFactory     : Creating shared instance of singleton bean 'org.springframework.context.event.internalEventListenerProcessor'
2025-07-30T17:03:39.077+05:30 TRACE 16196 --- [Spring_Boot_Start] [           main] o.s.b.f.s.DefaultListableBeanFactory     : Creating instance of bean 'org.springframework.context.event.internalEventListenerProcessor'
2025-07-30T17:03:39.079+05:30 TRACE 16196 --- [Spring_Boot_Start] [           main] o.s.b.f.s.DefaultListableBeanFactory     : Finished creating instance of bean 'org.springframework.context.event.internalEventListenerProcessor'
2025-07-30T17:03:39.080+05:30 DEBUG 16196 --- [Spring_Boot_Start] [           main] o.s.b.f.s.DefaultListableBeanFactory     : Creating shared instance of singleton bean 'bootstrapExecutorAliasPostProcessor'
2025-07-30T17:03:39.080+05:30 TRACE 16196 --- [Spring_Boot_Start] [           main] o.s.b.f.s.DefaultListableBeanFactory     : Creating instance of bean 'bootstrapExecutorAliasPostProcessor'
2025-07-30T17:03:39.082+05:30 TRACE 16196 --- [Spring_Boot_Start] [           main] o.s.b.f.s.DefaultListableBeanFactory     : Finished creating instance of bean 'bootstrapExecutorAliasPostProcessor'
2025-07-30T17:03:39.082+05:30 DEBUG 16196 --- [Spring_Boot_Start] [           main] o.s.b.f.s.DefaultListableBeanFactory     : Creating shared instance of singleton bean 'preserveErrorControllerTargetClassPostProcessor'
2025-07-30T17:03:39.082+05:30 TRACE 16196 --- [Spring_Boot_Start] [           main] o.s.b.f.s.DefaultListableBeanFactory     : Creating instance of bean 'preserveErrorControllerTargetClassPostProcessor'
2025-07-30T17:03:39.083+05:30 TRACE 16196 --- [Spring_Boot_Start] [           main] o.s.b.f.s.DefaultListableBeanFactory     : Finished creating instance of bean 'preserveErrorControllerTargetClassPostProcessor'
2025-07-30T17:03:39.083+05:30 DEBUG 16196 --- [Spring_Boot_Start] [           main] o.s.b.f.s.DefaultListableBeanFactory     : Creating shared instance of singleton bean 'forceAutoProxyCreatorToUseClassProxying'
2025-07-30T17:03:39.083+05:30 TRACE 16196 --- [Spring_Boot_Start] [           main] o.s.b.f.s.DefaultListableBeanFactory     : Creating instance of bean 'forceAutoProxyCreatorToUseClassProxying'
2025-07-30T17:03:39.084+05:30 TRACE 16196 --- [Spring_Boot_Start] [           main] o.s.b.f.s.DefaultListableBeanFactory     : Finished creating instance of bean 'forceAutoProxyCreatorToUseClassProxying'
2025-07-30T17:03:39.085+05:30 DEBUG 16196 --- [Spring_Boot_Start] [           main] o.s.b.f.s.DefaultListableBeanFactory     : Creating shared instance of singleton bean 'org.springframework.context.event.internalEventListenerFactory'
2025-07-30T17:03:39.085+05:30 TRACE 16196 --- [Spring_Boot_Start] [           main] o.s.b.f.s.DefaultListableBeanFactory     : Creating instance of bean 'org.springframework.context.event.internalEventListenerFactory'
2025-07-30T17:03:39.085+05:30 TRACE 16196 --- [Spring_Boot_Start] [           main] o.s.b.f.s.DefaultListableBeanFactory     : Finished creating instance of bean 'org.springframework.context.event.internalEventListenerFactory'
2025-07-30T17:03:39.086+05:30 TRACE 16196 --- [Spring_Boot_Start] [           main] o.s.b.f.s.DefaultListableBeanFactory     : Alias definition 'bootstrapExecutor' registered for name 'applicationTaskExecutor'
2025-07-30T17:03:39.097+05:30 DEBUG 16196 --- [Spring_Boot_Start] [           main] o.s.b.f.s.DefaultListableBeanFactory     : Creating shared instance of singleton bean 'org.springframework.boot.test.mock.mockito.MockitoPostProcessor$SpyPostProcessor'
2025-07-30T17:03:39.097+05:30 TRACE 16196 --- [Spring_Boot_Start] [           main] o.s.b.f.s.DefaultListableBeanFactory     : Creating instance of bean 'org.springframework.boot.test.mock.mockito.MockitoPostProcessor$SpyPostProcessor'
2025-07-30T17:03:39.097+05:30 TRACE 16196 --- [Spring_Boot_Start] [           main] o.s.b.f.s.DefaultListableBeanFactory     : Returning cached instance of singleton bean 'org.springframework.boot.test.mock.mockito.MockitoPostProcessor'
2025-07-30T17:03:39.099+05:30 TRACE 16196 --- [Spring_Boot_Start] [           main] o.s.b.f.s.DefaultListableBeanFactory     : Finished creating instance of bean 'org.springframework.boot.test.mock.mockito.MockitoPostProcessor$SpyPostProcessor'
2025-07-30T17:03:39.099+05:30 DEBUG 16196 --- [Spring_Boot_Start] [           main] o.s.b.f.s.DefaultListableBeanFactory     : Creating shared instance of singleton bean 'org.springframework.context.annotation.internalAutowiredAnnotationProcessor'
2025-07-30T17:03:39.099+05:30 TRACE 16196 --- [Spring_Boot_Start] [           main] o.s.b.f.s.DefaultListableBeanFactory     : Creating instance of bean 'org.springframework.context.annotation.internalAutowiredAnnotationProcessor'
2025-07-30T17:03:39.102+05:30 TRACE 16196 --- [Spring_Boot_Start] [           main] o.s.b.f.s.DefaultListableBeanFactory     : Finished creating instance of bean 'org.springframework.context.annotation.internalAutowiredAnnotationProcessor'
2025-07-30T17:03:39.102+05:30 DEBUG 16196 --- [Spring_Boot_Start] [           main] o.s.b.f.s.DefaultListableBeanFactory     : Creating shared instance of singleton bean 'org.springframework.context.annotation.internalCommonAnnotationProcessor'
2025-07-30T17:03:39.102+05:30 TRACE 16196 --- [Spring_Boot_Start] [           main] o.s.b.f.s.DefaultListableBeanFactory     : Creating instance of bean 'org.springframework.context.annotation.internalCommonAnnotationProcessor'
2025-07-30T17:03:39.108+05:30 TRACE 16196 --- [Spring_Boot_Start] [           main] o.s.b.f.s.DefaultListableBeanFactory     : Finished creating instance of bean 'org.springframework.context.annotation.internalCommonAnnotationProcessor'
2025-07-30T17:03:39.109+05:30 DEBUG 16196 --- [Spring_Boot_Start] [           main] o.s.b.f.s.DefaultListableBeanFactory     : Creating shared instance of singleton bean 'org.springframework.boot.context.properties.ConfigurationPropertiesBindingPostProcessor'
2025-07-30T17:03:39.109+05:30 TRACE 16196 --- [Spring_Boot_Start] [           main] o.s.b.f.s.DefaultListableBeanFactory     : Creating instance of bean 'org.springframework.boot.context.properties.ConfigurationPropertiesBindingPostProcessor'
2025-07-30T17:03:39.109+05:30 TRACE 16196 --- [Spring_Boot_Start] [           main] o.s.b.f.s.DefaultListableBeanFactory     : Invoking afterPropertiesSet() on bean with name 'org.springframework.boot.context.properties.ConfigurationPropertiesBindingPostProcessor'
2025-07-30T17:03:39.109+05:30 DEBUG 16196 --- [Spring_Boot_Start] [           main] o.s.b.f.s.DefaultListableBeanFactory     : Creating shared instance of singleton bean 'org.springframework.boot.context.internalConfigurationPropertiesBinder'
2025-07-30T17:03:39.109+05:30 TRACE 16196 --- [Spring_Boot_Start] [           main] o.s.b.f.s.DefaultListableBeanFactory     : Creating instance of bean 'org.springframework.boot.context.internalConfigurationPropertiesBinder'
2025-07-30T17:03:39.111+05:30 TRACE 16196 --- [Spring_Boot_Start] [           main] o.s.b.f.s.DefaultListableBeanFactory     : Returning cached instance of singleton bean 'propertySourcesPlaceholderConfigurer'
2025-07-30T17:03:39.113+05:30 TRACE 16196 --- [Spring_Boot_Start] [           main] o.s.b.f.s.DefaultListableBeanFactory     : Finished creating instance of bean 'org.springframework.boot.context.internalConfigurationPropertiesBinder'
2025-07-30T17:03:39.113+05:30 TRACE 16196 --- [Spring_Boot_Start] [           main] o.s.b.f.s.DefaultListableBeanFactory     : Finished creating instance of bean 'org.springframework.boot.context.properties.ConfigurationPropertiesBindingPostProcessor'
2025-07-30T17:03:39.114+05:30 TRACE 16196 --- [Spring_Boot_Start] [           main] o.s.b.f.s.DefaultListableBeanFactory     : Returning cached instance of singleton bean 'org.springframework.boot.test.mock.mockito.MockitoPostProcessor'
2025-07-30T17:03:39.115+05:30 DEBUG 16196 --- [Spring_Boot_Start] [           main] o.s.b.f.s.DefaultListableBeanFactory     : Creating shared instance of singleton bean 'org.springframework.aop.config.internalAutoProxyCreator'
2025-07-30T17:03:39.115+05:30 TRACE 16196 --- [Spring_Boot_Start] [           main] o.s.b.f.s.DefaultListableBeanFactory     : Creating instance of bean 'org.springframework.aop.config.internalAutoProxyCreator'
2025-07-30T17:03:39.138+05:30 TRACE 16196 --- [Spring_Boot_Start] [           main] o.s.beans.CachedIntrospectionResults     : Getting BeanInfo for class [org.springframework.aop.framework.autoproxy.InfrastructureAdvisorAutoProxyCreator]
2025-07-30T17:03:39.139+05:30 TRACE 16196 --- [Spring_Boot_Start] [           main] o.s.beans.CachedIntrospectionResults     : Caching PropertyDescriptors for class [org.springframework.aop.framework.autoproxy.InfrastructureAdvisorAutoProxyCreator]
2025-07-30T17:03:39.139+05:30 TRACE 16196 --- [Spring_Boot_Start] [           main] o.s.beans.CachedIntrospectionResults     : Found bean property 'advisorAdapterRegistry' of type [org.springframework.aop.framework.adapter.AdvisorAdapterRegistry]
2025-07-30T17:03:39.139+05:30 TRACE 16196 --- [Spring_Boot_Start] [           main] o.s.beans.CachedIntrospectionResults     : Found bean property 'applyCommonInterceptorsFirst' of type [boolean]
2025-07-30T17:03:39.139+05:30 TRACE 16196 --- [Spring_Boot_Start] [           main] o.s.beans.CachedIntrospectionResults     : Found bean property 'beanClassLoader' of type [java.lang.ClassLoader]
2025-07-30T17:03:39.139+05:30 TRACE 16196 --- [Spring_Boot_Start] [           main] o.s.beans.CachedIntrospectionResults     : Found bean property 'beanFactory' of type [org.springframework.beans.factory.BeanFactory]
2025-07-30T17:03:39.139+05:30 TRACE 16196 --- [Spring_Boot_Start] [           main] o.s.beans.CachedIntrospectionResults     : Found bean property 'class' of type [java.lang.Class]
2025-07-30T17:03:39.140+05:30 TRACE 16196 --- [Spring_Boot_Start] [           main] o.s.beans.CachedIntrospectionResults     : Found bean property 'customTargetSourceCreators' of type [[Lorg.springframework.aop.framework.autoproxy.TargetSourceCreator;]
2025-07-30T17:03:39.140+05:30 TRACE 16196 --- [Spring_Boot_Start] [           main] o.s.beans.CachedIntrospectionResults     : Found bean property 'exposeProxy' of type [boolean]
2025-07-30T17:03:39.140+05:30 TRACE 16196 --- [Spring_Boot_Start] [           main] o.s.beans.CachedIntrospectionResults     : Found bean property 'frozen' of type [boolean]
2025-07-30T17:03:39.140+05:30 TRACE 16196 --- [Spring_Boot_Start] [           main] o.s.beans.CachedIntrospectionResults     : Found bean property 'interceptorNames' of type [[Ljava.lang.String;]
2025-07-30T17:03:39.140+05:30 TRACE 16196 --- [Spring_Boot_Start] [           main] o.s.beans.CachedIntrospectionResults     : Found bean property 'opaque' of type [boolean]
2025-07-30T17:03:39.140+05:30 TRACE 16196 --- [Spring_Boot_Start] [           main] o.s.beans.CachedIntrospectionResults     : Found bean property 'optimize' of type [boolean]
2025-07-30T17:03:39.140+05:30 TRACE 16196 --- [Spring_Boot_Start] [           main] o.s.beans.CachedIntrospectionResults     : Found bean property 'order' of type [int]
2025-07-30T17:03:39.141+05:30 TRACE 16196 --- [Spring_Boot_Start] [           main] o.s.beans.CachedIntrospectionResults     : Found bean property 'proxyClassLoader' of type [java.lang.ClassLoader]
2025-07-30T17:03:39.141+05:30 TRACE 16196 --- [Spring_Boot_Start] [           main] o.s.beans.CachedIntrospectionResults     : Found bean property 'proxyTargetClass' of type [boolean]
2025-07-30T17:03:39.151+05:30 TRACE 16196 --- [Spring_Boot_Start] [           main] o.s.b.f.s.DefaultListableBeanFactory     : Finished creating instance of bean 'org.springframework.aop.config.internalAutoProxyCreator'
2025-07-30T17:03:39.151+05:30 DEBUG 16196 --- [Spring_Boot_Start] [           main] o.s.b.f.s.DefaultListableBeanFactory     : Creating shared instance of singleton bean 'webServerFactoryCustomizerBeanPostProcessor'
2025-07-30T17:03:39.152+05:30 TRACE 16196 --- [Spring_Boot_Start] [           main] o.s.b.f.s.DefaultListableBeanFactory     : Creating instance of bean 'webServerFactoryCustomizerBeanPostProcessor'
2025-07-30T17:03:39.154+05:30 TRACE 16196 --- [Spring_Boot_Start] [           main] o.s.b.f.s.DefaultListableBeanFactory     : Finished creating instance of bean 'webServerFactoryCustomizerBeanPostProcessor'
2025-07-30T17:03:39.154+05:30 DEBUG 16196 --- [Spring_Boot_Start] [           main] o.s.b.f.s.DefaultListableBeanFactory     : Creating shared instance of singleton bean 'errorPageRegistrarBeanPostProcessor'
2025-07-30T17:03:39.154+05:30 TRACE 16196 --- [Spring_Boot_Start] [           main] o.s.b.f.s.DefaultListableBeanFactory     : Creating instance of bean 'errorPageRegistrarBeanPostProcessor'
2025-07-30T17:03:39.155+05:30 TRACE 16196 --- [Spring_Boot_Start] [           main] o.s.b.f.s.DefaultListableBeanFactory     : Finished creating instance of bean 'errorPageRegistrarBeanPostProcessor'
2025-07-30T17:03:39.155+05:30 TRACE 16196 --- [Spring_Boot_Start] [           main] o.s.b.f.s.DefaultListableBeanFactory     : Returning cached instance of singleton bean 'org.springframework.boot.test.web.reactor.netty.DisableReactorResourceFactoryGlobalResourcesBeanPostProcessor'
2025-07-30T17:03:39.155+05:30 TRACE 16196 --- [Spring_Boot_Start] [           main] o.s.b.f.s.DefaultListableBeanFactory     : Returning cached instance of singleton bean 'org.springframework.boot.test.autoconfigure.properties.PropertyMappingContextCustomizer$PropertyMappingCheckBeanPostProcessor'
2025-07-30T17:03:39.160+05:30 DEBUG 16196 --- [Spring_Boot_Start] [           main] o.s.u.c.s.UiApplicationContextUtils      : Unable to locate ThemeSource with name 'themeSource': using default [org.springframework.ui.context.support.ResourceBundleThemeSource@2c8662ac]
2025-07-30T17:03:39.162+05:30 DEBUG 16196 --- [Spring_Boot_Start] [           main] o.s.b.f.s.DefaultListableBeanFactory     : Creating shared instance of singleton bean 'applicationTaskExecutor'
2025-07-30T17:03:39.162+05:30 TRACE 16196 --- [Spring_Boot_Start] [           main] o.s.b.f.s.DefaultListableBeanFactory     : Creating instance of bean 'applicationTaskExecutor'
2025-07-30T17:03:39.163+05:30 DEBUG 16196 --- [Spring_Boot_Start] [           main] o.s.b.f.s.DefaultListableBeanFactory     : Creating shared instance of singleton bean 'org.springframework.boot.autoconfigure.task.TaskExecutorConfigurations$TaskExecutorConfiguration'
2025-07-30T17:03:39.163+05:30 TRACE 16196 --- [Spring_Boot_Start] [           main] o.s.b.f.s.DefaultListableBeanFactory     : Creating instance of bean 'org.springframework.boot.autoconfigure.task.TaskExecutorConfigurations$TaskExecutorConfiguration'
2025-07-30T17:03:39.166+05:30 TRACE 16196 --- [Spring_Boot_Start] [           main] o.s.b.f.s.DefaultListableBeanFactory     : Finished creating instance of bean 'org.springframework.boot.autoconfigure.task.TaskExecutorConfigurations$TaskExecutorConfiguration'
2025-07-30T17:03:39.171+05:30 DEBUG 16196 --- [Spring_Boot_Start] [           main] o.s.b.f.s.DefaultListableBeanFactory     : Creating shared instance of singleton bean 'threadPoolTaskExecutorBuilder'
2025-07-30T17:03:39.171+05:30 TRACE 16196 --- [Spring_Boot_Start] [           main] o.s.b.f.s.DefaultListableBeanFactory     : Creating instance of bean 'threadPoolTaskExecutorBuilder'
2025-07-30T17:03:39.171+05:30 DEBUG 16196 --- [Spring_Boot_Start] [           main] o.s.b.f.s.DefaultListableBeanFactory     : Creating shared instance of singleton bean 'org.springframework.boot.autoconfigure.task.TaskExecutorConfigurations$ThreadPoolTaskExecutorBuilderConfiguration'
2025-07-30T17:03:39.171+05:30 TRACE 16196 --- [Spring_Boot_Start] [           main] o.s.b.f.s.DefaultListableBeanFactory     : Creating instance of bean 'org.springframework.boot.autoconfigure.task.TaskExecutorConfigurations$ThreadPoolTaskExecutorBuilderConfiguration'
2025-07-30T17:03:39.171+05:30 TRACE 16196 --- [Spring_Boot_Start] [           main] o.s.b.f.s.DefaultListableBeanFactory     : Finished creating instance of bean 'org.springframework.boot.autoconfigure.task.TaskExecutorConfigurations$ThreadPoolTaskExecutorBuilderConfiguration'
2025-07-30T17:03:39.174+05:30 DEBUG 16196 --- [Spring_Boot_Start] [           main] o.s.b.f.s.DefaultListableBeanFactory     : Creating shared instance of singleton bean 'spring.task.execution-org.springframework.boot.autoconfigure.task.TaskExecutionProperties'
2025-07-30T17:03:39.174+05:30 TRACE 16196 --- [Spring_Boot_Start] [           main] o.s.b.f.s.DefaultListableBeanFactory     : Creating instance of bean 'spring.task.execution-org.springframework.boot.autoconfigure.task.TaskExecutionProperties'
2025-07-30T17:03:39.177+05:30 DEBUG 16196 --- [Spring_Boot_Start] [           main] o.s.b.f.s.DefaultListableBeanFactory     : Creating shared instance of singleton bean 'org.springframework.boot.context.properties.BoundConfigurationProperties'
2025-07-30T17:03:39.177+05:30 TRACE 16196 --- [Spring_Boot_Start] [           main] o.s.b.f.s.DefaultListableBeanFactory     : Creating instance of bean 'org.springframework.boot.context.properties.BoundConfigurationProperties'
2025-07-30T17:03:39.177+05:30 TRACE 16196 --- [Spring_Boot_Start] [           main] o.s.b.f.s.DefaultListableBeanFactory     : Finished creating instance of bean 'org.springframework.boot.context.properties.BoundConfigurationProperties'
2025-07-30T17:03:39.195+05:30 TRACE 16196 --- [Spring_Boot_Start] [           main] o.s.b.f.s.DefaultListableBeanFactory     : Finished creating instance of bean 'spring.task.execution-org.springframework.boot.autoconfigure.task.TaskExecutionProperties'
2025-07-30T17:03:39.198+05:30 DEBUG 16196 --- [Spring_Boot_Start] [           main] o.s.b.f.s.DefaultListableBeanFactory     : Autowiring by type from bean name 'threadPoolTaskExecutorBuilder' via factory method to bean named 'spring.task.execution-org.springframework.boot.autoconfigure.task.TaskExecutionProperties'
2025-07-30T17:03:39.209+05:30 TRACE 16196 --- [Spring_Boot_Start] [           main] o.s.b.f.s.DefaultListableBeanFactory     : Finished creating instance of bean 'threadPoolTaskExecutorBuilder'
2025-07-30T17:03:39.209+05:30 DEBUG 16196 --- [Spring_Boot_Start] [           main] o.s.b.f.s.DefaultListableBeanFactory     : Autowiring by type from bean name 'applicationTaskExecutor' via factory method to bean named 'threadPoolTaskExecutorBuilder'
2025-07-30T17:03:39.231+05:30 TRACE 16196 --- [Spring_Boot_Start] [           main] o.s.b.f.s.DefaultListableBeanFactory     : Invoking afterPropertiesSet() on bean with name 'applicationTaskExecutor'
2025-07-30T17:03:39.232+05:30 DEBUG 16196 --- [Spring_Boot_Start] [           main] o.s.s.concurrent.ThreadPoolTaskExecutor  : Initializing ExecutorService 'applicationTaskExecutor'
2025-07-30T17:03:39.232+05:30 TRACE 16196 --- [Spring_Boot_Start] [           main] o.s.b.f.s.DefaultListableBeanFactory     : Finished creating instance of bean 'applicationTaskExecutor'
2025-07-30T17:03:39.233+05:30 DEBUG 16196 --- [Spring_Boot_Start] [           main] o.s.b.f.s.DefaultListableBeanFactory     : Creating shared instance of singleton bean 'org.springframework.test.context.support.internalDynamicPropertyRegistrarBeanInitializer'
2025-07-30T17:03:39.233+05:30 TRACE 16196 --- [Spring_Boot_Start] [           main] o.s.b.f.s.DefaultListableBeanFactory     : Creating instance of bean 'org.springframework.test.context.support.internalDynamicPropertyRegistrarBeanInitializer'
2025-07-30T17:03:39.233+05:30 TRACE 16196 --- [Spring_Boot_Start] [           main] o.s.b.f.s.DefaultListableBeanFactory     : Finished creating instance of bean 'org.springframework.test.context.support.internalDynamicPropertyRegistrarBeanInitializer'
2025-07-30T17:03:39.235+05:30 TRACE 16196 --- [Spring_Boot_Start] [           main] o.s.b.f.s.DefaultListableBeanFactory     : Pre-instantiating singletons in org.springframework.beans.factory.support.DefaultListableBeanFactory@1286528d: defining beans [org.springframework.boot.test.mock.mockito.MockitoPostProcessor$SpyPostProcessor,org.springframework.boot.test.mock.mockito.MockitoPostProcessor,org.springframework.test.context.support.internalDynamicPropertyRegistrarBeanInitializer,org.springframework.context.annotation.internalConfigurationAnnotationProcessor,org.springframework.context.annotation.internalAutowiredAnnotationProcessor,org.springframework.context.annotation.internalCommonAnnotationProcessor,org.springframework.context.event.internalEventListenerProcessor,org.springframework.context.event.internalEventListenerFactory,springBootStartApplication,org.springframework.boot.autoconfigure.internalCachingMetadataReaderFactory,courseController,currencyConfigController,currencyServiceConfig,org.springframework.boot.autoconfigure.AutoConfigurationPackages,org.springframework.boot.autoconfigure.context.PropertyPlaceholderAutoConfiguration,propertySourcesPlaceholderConfigurer,org.springframework.boot.autoconfigure.ssl.SslAutoConfiguration,fileWatcher,sslPropertiesSslBundleRegistrar,sslBundleRegistry,org.springframework.boot.context.properties.ConfigurationPropertiesBindingPostProcessor,org.springframework.boot.context.internalConfigurationPropertiesBinder,org.springframework.boot.context.properties.BoundConfigurationProperties,org.springframework.boot.context.properties.EnableConfigurationPropertiesRegistrar.methodValidationExcludeFilter,spring.ssl-org.springframework.boot.autoconfigure.ssl.SslProperties,org.springframework.boot.autoconfigure.websocket.servlet.WebSocketServletAutoConfiguration$TomcatWebSocketConfiguration,websocketServletWebServerCustomizer,org.springframework.boot.autoconfigure.websocket.servlet.WebSocketServletAutoConfiguration,org.springframework.boot.autoconfigure.web.servlet.ServletWebServerFactoryConfiguration$EmbeddedTomcat,tomcatServletWebServerFactory,org.springframework.boot.autoconfigure.web.servlet.ServletWebServerFactoryAutoConfiguration,servletWebServerFactoryCustomizer,tomcatServletWebServerFactoryCustomizer,server-org.springframework.boot.autoconfigure.web.ServerProperties,webServerFactoryCustomizerBeanPostProcessor,errorPageRegistrarBeanPostProcessor,org.springframework.boot.autoconfigure.web.servlet.DispatcherServletAutoConfiguration$DispatcherServletConfiguration,dispatcherServlet,spring.mvc-org.springframework.boot.autoconfigure.web.servlet.WebMvcProperties,org.springframework.boot.autoconfigure.web.servlet.DispatcherServletAutoConfiguration$DispatcherServletRegistrationConfiguration,dispatcherServletRegistration,org.springframework.boot.autoconfigure.web.servlet.DispatcherServletAutoConfiguration,org.springframework.boot.autoconfigure.task.TaskExecutorConfigurations$ThreadPoolTaskExecutorBuilderConfiguration,threadPoolTaskExecutorBuilder,org.springframework.boot.autoconfigure.task.TaskExecutorConfigurations$SimpleAsyncTaskExecutorBuilderConfiguration,simpleAsyncTaskExecutorBuilder,org.springframework.boot.autoconfigure.task.TaskExecutorConfigurations$AsyncConfigurerConfiguration,applicationTaskExecutorAsyncConfigurer,org.springframework.boot.autoconfigure.task.TaskExecutorConfigurations$TaskExecutorConfiguration,applicationTaskExecutor,org.springframework.boot.autoconfigure.task.TaskExecutorConfigurations$BootstrapExecutorConfiguration,bootstrapExecutorAliasPostProcessor,org.springframework.boot.autoconfigure.task.TaskExecutionAutoConfiguration,spring.task.execution-org.springframework.boot.autoconfigure.task.TaskExecutionProperties,org.springframework.boot.autoconfigure.web.servlet.error.ErrorMvcAutoConfiguration$WhitelabelErrorViewConfiguration,error,beanNameViewResolver,org.springframework.boot.autoconfigure.web.servlet.error.ErrorMvcAutoConfiguration$DefaultErrorViewResolverConfiguration,conventionErrorViewResolver,spring.web-org.springframework.boot.autoconfigure.web.WebProperties,org.springframework.boot.autoconfigure.web.servlet.error.ErrorMvcAutoConfiguration,errorAttributes,basicErrorController,errorPageCustomizer,preserveErrorControllerTargetClassPostProcessor,org.springframework.boot.autoconfigure.web.servlet.WebMvcAutoConfiguration$EnableWebMvcConfiguration,welcomePageHandlerMapping,welcomePageNotAcceptableHandlerMapping,localeResolver,themeResolver,flashMapManager,viewNameTranslator,mvcConversionService,mvcValidator,mvcContentNegotiationManager,requestMappingHandlerMapping,mvcPatternParser,mvcUrlPathHelper,mvcPathMatcher,viewControllerHandlerMapping,beanNameHandlerMapping,routerFunctionMapping,resourceHandlerMapping,mvcResourceUrlProvider,defaultServletHandlerMapping,requestMappingHandlerAdapter,handlerFunctionAdapter,mvcUriComponentsContributor,httpRequestHandlerAdapter,simpleControllerHandlerAdapter,handlerExceptionResolver,mvcViewResolver,mvcHandlerMappingIntrospector,org.springframework.boot.autoconfigure.web.servlet.WebMvcAutoConfiguration$WebMvcAutoConfigurationAdapter,defaultViewResolver,viewResolver,requestContextFilter,org.springframework.boot.autoconfigure.web.servlet.WebMvcAutoConfiguration,formContentFilter,org.springframework.boot.autoconfigure.aop.AopAutoConfiguration$ClassProxyingConfiguration,forceAutoProxyCreatorToUseClassProxying,org.springframework.boot.autoconfigure.aop.AopAutoConfiguration,org.springframework.boot.autoconfigure.availability.ApplicationAvailabilityAutoConfiguration,applicationAvailability,org.springframework.boot.autoconfigure.jackson.JacksonAutoConfiguration$Jackson2ObjectMapperBuilderCustomizerConfiguration,standardJacksonObjectMapperBuilderCustomizer,spring.jackson-org.springframework.boot.autoconfigure.jackson.JacksonProperties,org.springframework.boot.autoconfigure.jackson.JacksonAutoConfiguration$JacksonObjectMapperBuilderConfiguration,jacksonObjectMapperBuilder,org.springframework.boot.autoconfigure.jackson.JacksonAutoConfiguration$ParameterNamesModuleConfiguration,parameterNamesModule,org.springframework.boot.autoconfigure.jackson.JacksonAutoConfiguration$JacksonObjectMapperConfiguration,jacksonObjectMapper,org.springframework.boot.autoconfigure.jackson.JacksonAutoConfiguration$JacksonMixinConfiguration,jsonMixinModuleEntries,jsonMixinModule,org.springframework.boot.autoconfigure.jackson.JacksonAutoConfiguration,jsonComponentModule,org.springframework.boot.autoconfigure.context.ConfigurationPropertiesAutoConfiguration,org.springframework.boot.autoconfigure.context.LifecycleAutoConfiguration,lifecycleProcessor,spring.lifecycle-org.springframework.boot.autoconfigure.context.LifecycleProperties,org.springframework.boot.autoconfigure.http.HttpMessageConvertersAutoConfiguration$StringHttpMessageConverterConfiguration,stringHttpMessageConverter,org.springframework.boot.autoconfigure.http.JacksonHttpMessageConvertersConfiguration$MappingJackson2HttpMessageConverterConfiguration,mappingJackson2HttpMessageConverter,org.springframework.boot.autoconfigure.http.JacksonHttpMessageConvertersConfiguration,org.springframework.boot.autoconfigure.http.HttpMessageConvertersAutoConfiguration,messageConverters,org.springframework.boot.autoconfigure.http.client.HttpClientAutoConfiguration,clientHttpRequestFactoryBuilder,clientHttpRequestFactorySettings,spring.http.client-org.springframework.boot.autoconfigure.http.client.HttpClientProperties,org.springframework.boot.autoconfigure.info.ProjectInfoAutoConfiguration,spring.info-org.springframework.boot.autoconfigure.info.ProjectInfoProperties,org.springframework.boot.autoconfigure.sql.init.SqlInitializationAutoConfiguration,spring.sql.init-org.springframework.boot.autoconfigure.sql.init.SqlInitializationProperties,org.springframework.boot.sql.init.dependency.DatabaseInitializationDependencyConfigurer$DependsOnDatabaseInitializationPostProcessor,org.springframework.boot.autoconfigure.task.TaskSchedulingConfigurations$ThreadPoolTaskSchedulerBuilderConfiguration,threadPoolTaskSchedulerBuilder,org.springframework.boot.autoconfigure.task.TaskSchedulingConfigurations$SimpleAsyncTaskSchedulerBuilderConfiguration,simpleAsyncTaskSchedulerBuilder,org.springframework.boot.autoconfigure.task.TaskSchedulingAutoConfiguration,spring.task.scheduling-org.springframework.boot.autoconfigure.task.TaskSchedulingProperties,org.springframework.boot.autoconfigure.web.client.RestClientAutoConfiguration,httpMessageConvertersRestClientCustomizer,restClientSsl,restClientBuilderConfigurer,restClientBuilder,org.springframework.boot.autoconfigure.web.client.RestTemplateAutoConfiguration,restTemplateBuilderConfigurer,restTemplateBuilder,org.springframework.boot.autoconfigure.web.servlet.HttpEncodingAutoConfiguration,characterEncodingFilter,localeCharsetMappingsCustomizer,org.springframework.boot.autoconfigure.web.servlet.MultipartAutoConfiguration,multipartConfigElement,multipartResolver,spring.servlet.multipart-org.springframework.boot.autoconfigure.web.servlet.MultipartProperties,org.springframework.aop.config.internalAutoProxyCreator]; root of factory hierarchy
2025-07-30T17:03:39.235+05:30 TRACE 16196 --- [Spring_Boot_Start] [           main] o.s.b.f.s.DefaultListableBeanFactory     : Returning cached instance of singleton bean 'org.springframework.boot.test.mock.mockito.MockitoPostProcessor$SpyPostProcessor'
2025-07-30T17:03:39.235+05:30 TRACE 16196 --- [Spring_Boot_Start] [           main] o.s.b.f.s.DefaultListableBeanFactory     : Returning cached instance of singleton bean 'org.springframework.boot.test.mock.mockito.MockitoPostProcessor'
2025-07-30T17:03:39.235+05:30 TRACE 16196 --- [Spring_Boot_Start] [           main] o.s.b.f.s.DefaultListableBeanFactory     : Returning cached instance of singleton bean 'org.springframework.test.context.support.internalDynamicPropertyRegistrarBeanInitializer'
2025-07-30T17:03:39.235+05:30 TRACE 16196 --- [Spring_Boot_Start] [           main] o.s.b.f.s.DefaultListableBeanFactory     : Returning cached instance of singleton bean 'org.springframework.context.annotation.internalConfigurationAnnotationProcessor'
2025-07-30T17:03:39.235+05:30 TRACE 16196 --- [Spring_Boot_Start] [           main] o.s.b.f.s.DefaultListableBeanFactory     : Returning cached instance of singleton bean 'org.springframework.context.annotation.internalAutowiredAnnotationProcessor'
2025-07-30T17:03:39.235+05:30 TRACE 16196 --- [Spring_Boot_Start] [           main] o.s.b.f.s.DefaultListableBeanFactory     : Returning cached instance of singleton bean 'org.springframework.context.annotation.internalCommonAnnotationProcessor'
2025-07-30T17:03:39.235+05:30 TRACE 16196 --- [Spring_Boot_Start] [           main] o.s.b.f.s.DefaultListableBeanFactory     : Returning cached instance of singleton bean 'org.springframework.context.event.internalEventListenerProcessor'
2025-07-30T17:03:39.235+05:30 TRACE 16196 --- [Spring_Boot_Start] [           main] o.s.b.f.s.DefaultListableBeanFactory     : Returning cached instance of singleton bean 'org.springframework.context.event.internalEventListenerFactory'
2025-07-30T17:03:39.236+05:30 DEBUG 16196 --- [Spring_Boot_Start] [           main] o.s.b.f.s.DefaultListableBeanFactory     : Creating shared instance of singleton bean 'springBootStartApplication'
2025-07-30T17:03:39.236+05:30 TRACE 16196 --- [Spring_Boot_Start] [           main] o.s.b.f.s.DefaultListableBeanFactory     : Creating instance of bean 'springBootStartApplication'
2025-07-30T17:03:39.237+05:30 TRACE 16196 --- [Spring_Boot_Start] [           main] o.s.b.f.s.DefaultListableBeanFactory     : Finished creating instance of bean 'springBootStartApplication'
2025-07-30T17:03:39.237+05:30 TRACE 16196 --- [Spring_Boot_Start] [           main] o.s.b.f.s.DefaultListableBeanFactory     : Returning cached instance of singleton bean 'org.springframework.boot.autoconfigure.internalCachingMetadataReaderFactory'
2025-07-30T17:03:39.237+05:30 DEBUG 16196 --- [Spring_Boot_Start] [           main] o.s.b.f.s.DefaultListableBeanFactory     : Creating shared instance of singleton bean 'courseController'
2025-07-30T17:03:39.237+05:30 TRACE 16196 --- [Spring_Boot_Start] [           main] o.s.b.f.s.DefaultListableBeanFactory     : Creating instance of bean 'courseController'
2025-07-30T17:03:39.240+05:30 TRACE 16196 --- [Spring_Boot_Start] [           main] o.s.b.f.s.DefaultListableBeanFactory     : Finished creating instance of bean 'courseController'
2025-07-30T17:03:39.240+05:30 DEBUG 16196 --- [Spring_Boot_Start] [           main] o.s.b.f.s.DefaultListableBeanFactory     : Creating shared instance of singleton bean 'currencyConfigController'
2025-07-30T17:03:39.240+05:30 TRACE 16196 --- [Spring_Boot_Start] [           main] o.s.b.f.s.DefaultListableBeanFactory     : Creating instance of bean 'currencyConfigController'
2025-07-30T17:03:39.247+05:30 DEBUG 16196 --- [Spring_Boot_Start] [           main] o.s.b.f.s.DefaultListableBeanFactory     : Creating shared instance of singleton bean 'currencyServiceConfig'
2025-07-30T17:03:39.247+05:30 TRACE 16196 --- [Spring_Boot_Start] [           main] o.s.b.f.s.DefaultListableBeanFactory     : Creating instance of bean 'currencyServiceConfig'
2025-07-30T17:03:39.247+05:30 TRACE 16196 --- [Spring_Boot_Start] [           main] o.s.b.f.s.DefaultListableBeanFactory     : Returning cached instance of singleton bean 'org.springframework.boot.context.properties.BoundConfigurationProperties'
2025-07-30T17:03:39.252+05:30 TRACE 16196 --- [Spring_Boot_Start] [           main] o.s.b.f.s.DefaultListableBeanFactory     : Finished creating instance of bean 'currencyServiceConfig'
2025-07-30T17:03:39.253+05:30 TRACE 16196 --- [Spring_Boot_Start] [           main] f.a.AutowiredAnnotationBeanPostProcessor : Autowiring by type from bean name 'currencyConfigController' to bean named 'currencyServiceConfig'
2025-07-30T17:03:39.255+05:30 TRACE 16196 --- [Spring_Boot_Start] [           main] o.s.b.f.s.DefaultListableBeanFactory     : Finished creating instance of bean 'currencyConfigController'
2025-07-30T17:03:39.255+05:30 TRACE 16196 --- [Spring_Boot_Start] [           main] o.s.b.f.s.DefaultListableBeanFactory     : Returning cached instance of singleton bean 'currencyServiceConfig'
2025-07-30T17:03:39.255+05:30 DEBUG 16196 --- [Spring_Boot_Start] [           main] o.s.b.f.s.DefaultListableBeanFactory     : Creating shared instance of singleton bean 'org.springframework.boot.autoconfigure.AutoConfigurationPackages'
2025-07-30T17:03:39.255+05:30 TRACE 16196 --- [Spring_Boot_Start] [           main] o.s.b.f.s.DefaultListableBeanFactory     : Creating instance of bean 'org.springframework.boot.autoconfigure.AutoConfigurationPackages'
2025-07-30T17:03:39.256+05:30 TRACE 16196 --- [Spring_Boot_Start] [           main] o.s.b.f.s.DefaultListableBeanFactory     : Finished creating instance of bean 'org.springframework.boot.autoconfigure.AutoConfigurationPackages'
2025-07-30T17:03:39.256+05:30 DEBUG 16196 --- [Spring_Boot_Start] [           main] o.s.b.f.s.DefaultListableBeanFactory     : Creating shared instance of singleton bean 'org.springframework.boot.autoconfigure.context.PropertyPlaceholderAutoConfiguration'
2025-07-30T17:03:39.256+05:30 TRACE 16196 --- [Spring_Boot_Start] [           main] o.s.b.f.s.DefaultListableBeanFactory     : Creating instance of bean 'org.springframework.boot.autoconfigure.context.PropertyPlaceholderAutoConfiguration'
2025-07-30T17:03:39.256+05:30 TRACE 16196 --- [Spring_Boot_Start] [           main] o.s.b.f.s.DefaultListableBeanFactory     : Finished creating instance of bean 'org.springframework.boot.autoconfigure.context.PropertyPlaceholderAutoConfiguration'
2025-07-30T17:03:39.256+05:30 TRACE 16196 --- [Spring_Boot_Start] [           main] o.s.b.f.s.DefaultListableBeanFactory     : Returning cached instance of singleton bean 'propertySourcesPlaceholderConfigurer'
2025-07-30T17:03:39.256+05:30 DEBUG 16196 --- [Spring_Boot_Start] [           main] o.s.b.f.s.DefaultListableBeanFactory     : Creating shared instance of singleton bean 'org.springframework.boot.autoconfigure.ssl.SslAutoConfiguration'
2025-07-30T17:03:39.256+05:30 TRACE 16196 --- [Spring_Boot_Start] [           main] o.s.b.f.s.DefaultListableBeanFactory     : Creating instance of bean 'org.springframework.boot.autoconfigure.ssl.SslAutoConfiguration'
2025-07-30T17:03:39.257+05:30 DEBUG 16196 --- [Spring_Boot_Start] [           main] o.s.b.f.s.DefaultListableBeanFactory     : Creating shared instance of singleton bean 'spring.ssl-org.springframework.boot.autoconfigure.ssl.SslProperties'
2025-07-30T17:03:39.257+05:30 TRACE 16196 --- [Spring_Boot_Start] [           main] o.s.b.f.s.DefaultListableBeanFactory     : Creating instance of bean 'spring.ssl-org.springframework.boot.autoconfigure.ssl.SslProperties'
2025-07-30T17:03:39.259+05:30 TRACE 16196 --- [Spring_Boot_Start] [           main] o.s.b.f.s.DefaultListableBeanFactory     : Returning cached instance of singleton bean 'org.springframework.boot.context.properties.BoundConfigurationProperties'
2025-07-30T17:03:39.259+05:30 TRACE 16196 --- [Spring_Boot_Start] [           main] o.s.b.f.s.DefaultListableBeanFactory     : Finished creating instance of bean 'spring.ssl-org.springframework.boot.autoconfigure.ssl.SslProperties'
2025-07-30T17:03:39.259+05:30 DEBUG 16196 --- [Spring_Boot_Start] [           main] o.s.b.f.s.DefaultListableBeanFactory     : Autowiring by type from bean name 'org.springframework.boot.autoconfigure.ssl.SslAutoConfiguration' via constructor to bean named 'org.springframework.web.context.support.GenericWebApplicationContext@7577b641'
2025-07-30T17:03:39.260+05:30 DEBUG 16196 --- [Spring_Boot_Start] [           main] o.s.b.f.s.DefaultListableBeanFactory     : Autowiring by type from bean name 'org.springframework.boot.autoconfigure.ssl.SslAutoConfiguration' via constructor to bean named 'spring.ssl-org.springframework.boot.autoconfigure.ssl.SslProperties'
2025-07-30T17:03:39.260+05:30 TRACE 16196 --- [Spring_Boot_Start] [           main] o.s.c.io.support.SpringFactoriesLoader   : Loaded [org.springframework.core.io.ProtocolResolver] names: [org.springframework.boot.io.Base64ProtocolResolver]
2025-07-30T17:03:39.261+05:30 TRACE 16196 --- [Spring_Boot_Start] [           main] o.s.c.io.support.SpringFactoriesLoader   : Loaded [org.springframework.boot.io.ApplicationResourceLoader$FilePathResolver] names: [org.springframework.boot.io.ClassPathResourceFilePathResolver, org.springframework.boot.web.reactive.context.FilteredReactiveWebContextResourceFilePathResolver, org.springframework.boot.web.servlet.context.ServletContextResourceFilePathResolver]
2025-07-30T17:03:39.263+05:30 TRACE 16196 --- [Spring_Boot_Start] [           main] o.s.b.f.s.DefaultListableBeanFactory     : Finished creating instance of bean 'org.springframework.boot.autoconfigure.ssl.SslAutoConfiguration'
2025-07-30T17:03:39.263+05:30 DEBUG 16196 --- [Spring_Boot_Start] [           main] o.s.b.f.s.DefaultListableBeanFactory     : Creating shared instance of singleton bean 'fileWatcher'
2025-07-30T17:03:39.263+05:30 TRACE 16196 --- [Spring_Boot_Start] [           main] o.s.b.f.s.DefaultListableBeanFactory     : Creating instance of bean 'fileWatcher'
2025-07-30T17:03:39.264+05:30 TRACE 16196 --- [Spring_Boot_Start] [           main] o.s.b.f.s.DefaultListableBeanFactory     : Returning cached instance of singleton bean 'org.springframework.boot.autoconfigure.ssl.SslAutoConfiguration'
2025-07-30T17:03:39.265+05:30 TRACE 16196 --- [Spring_Boot_Start] [           main] o.s.b.f.s.DefaultListableBeanFactory     : Finished creating instance of bean 'fileWatcher'
2025-07-30T17:03:39.265+05:30 DEBUG 16196 --- [Spring_Boot_Start] [           main] o.s.b.f.s.DefaultListableBeanFactory     : Creating shared instance of singleton bean 'sslPropertiesSslBundleRegistrar'
2025-07-30T17:03:39.265+05:30 TRACE 16196 --- [Spring_Boot_Start] [           main] o.s.b.f.s.DefaultListableBeanFactory     : Creating instance of bean 'sslPropertiesSslBundleRegistrar'
2025-07-30T17:03:39.265+05:30 TRACE 16196 --- [Spring_Boot_Start] [           main] o.s.b.f.s.DefaultListableBeanFactory     : Returning cached instance of singleton bean 'org.springframework.boot.autoconfigure.ssl.SslAutoConfiguration'
2025-07-30T17:03:39.265+05:30 TRACE 16196 --- [Spring_Boot_Start] [           main] o.s.b.f.s.DefaultListableBeanFactory     : Returning cached instance of singleton bean 'fileWatcher'
2025-07-30T17:03:39.265+05:30 DEBUG 16196 --- [Spring_Boot_Start] [           main] o.s.b.f.s.DefaultListableBeanFactory     : Autowiring by type from bean name 'sslPropertiesSslBundleRegistrar' via factory method to bean named 'fileWatcher'
2025-07-30T17:03:39.268+05:30 TRACE 16196 --- [Spring_Boot_Start] [           main] o.s.b.f.s.DefaultListableBeanFactory     : Finished creating instance of bean 'sslPropertiesSslBundleRegistrar'
2025-07-30T17:03:39.268+05:30 DEBUG 16196 --- [Spring_Boot_Start] [           main] o.s.b.f.s.DefaultListableBeanFactory     : Creating shared instance of singleton bean 'sslBundleRegistry'
2025-07-30T17:03:39.268+05:30 TRACE 16196 --- [Spring_Boot_Start] [           main] o.s.b.f.s.DefaultListableBeanFactory     : Creating instance of bean 'sslBundleRegistry'
2025-07-30T17:03:39.268+05:30 TRACE 16196 --- [Spring_Boot_Start] [           main] o.s.b.f.s.DefaultListableBeanFactory     : Returning cached instance of singleton bean 'org.springframework.boot.autoconfigure.ssl.SslAutoConfiguration'
2025-07-30T17:03:39.270+05:30 TRACE 16196 --- [Spring_Boot_Start] [           main] o.s.b.f.s.DefaultListableBeanFactory     : Returning cached instance of singleton bean 'sslPropertiesSslBundleRegistrar'
2025-07-30T17:03:39.270+05:30 TRACE 16196 --- [Spring_Boot_Start] [           main] o.s.b.f.s.DefaultListableBeanFactory     : Returning cached instance of singleton bean 'sslPropertiesSslBundleRegistrar'
2025-07-30T17:03:39.276+05:30 TRACE 16196 --- [Spring_Boot_Start] [           main] o.s.b.f.s.DefaultListableBeanFactory     : Finished creating instance of bean 'sslBundleRegistry'
2025-07-30T17:03:39.276+05:30 TRACE 16196 --- [Spring_Boot_Start] [           main] o.s.b.f.s.DefaultListableBeanFactory     : Returning cached instance of singleton bean 'org.springframework.boot.context.properties.ConfigurationPropertiesBindingPostProcessor'
2025-07-30T17:03:39.276+05:30 TRACE 16196 --- [Spring_Boot_Start] [           main] o.s.b.f.s.DefaultListableBeanFactory     : Returning cached instance of singleton bean 'org.springframework.boot.context.internalConfigurationPropertiesBinder'
2025-07-30T17:03:39.276+05:30 TRACE 16196 --- [Spring_Boot_Start] [           main] o.s.b.f.s.DefaultListableBeanFactory     : Returning cached instance of singleton bean 'org.springframework.boot.context.properties.BoundConfigurationProperties'
2025-07-30T17:03:39.276+05:30 DEBUG 16196 --- [Spring_Boot_Start] [           main] o.s.b.f.s.DefaultListableBeanFactory     : Creating shared instance of singleton bean 'org.springframework.boot.context.properties.EnableConfigurationPropertiesRegistrar.methodValidationExcludeFilter'
2025-07-30T17:03:39.276+05:30 TRACE 16196 --- [Spring_Boot_Start] [           main] o.s.b.f.s.DefaultListableBeanFactory     : Creating instance of bean 'org.springframework.boot.context.properties.EnableConfigurationPropertiesRegistrar.methodValidationExcludeFilter'
2025-07-30T17:03:39.280+05:30 TRACE 16196 --- [Spring_Boot_Start] [           main] o.s.b.f.s.DefaultListableBeanFactory     : Ignoring factory method [public static org.springframework.boot.validation.beanvalidation.MethodValidationExcludeFilter org.springframework.boot.validation.beanvalidation.MethodValidationExcludeFilter.byAnnotation(java.lang.Class,org.springframework.core.annotation.MergedAnnotations$SearchStrategy)] of bean 'org.springframework.boot.context.properties.EnableConfigurationPropertiesRegistrar.methodValidationExcludeFilter': org.springframework.beans.factory.UnsatisfiedDependencyException: Error creating bean with name 'org.springframework.boot.context.properties.EnableConfigurationPropertiesRegistrar.methodValidationExcludeFilter': Unsatisfied dependency expressed through method 'byAnnotation' parameter 1: Ambiguous argument values for parameter of type [org.springframework.core.annotation.MergedAnnotations$SearchStrategy] - did you specify the correct bean references as arguments?
2025-07-30T17:03:39.283+05:30 TRACE 16196 --- [Spring_Boot_Start] [           main] o.s.b.f.s.DefaultListableBeanFactory     : Finished creating instance of bean 'org.springframework.boot.context.properties.EnableConfigurationPropertiesRegistrar.methodValidationExcludeFilter'
2025-07-30T17:03:39.283+05:30 TRACE 16196 --- [Spring_Boot_Start] [           main] o.s.b.f.s.DefaultListableBeanFactory     : Returning cached instance of singleton bean 'spring.ssl-org.springframework.boot.autoconfigure.ssl.SslProperties'
2025-07-30T17:03:39.283+05:30 DEBUG 16196 --- [Spring_Boot_Start] [           main] o.s.b.f.s.DefaultListableBeanFactory     : Creating shared instance of singleton bean 'org.springframework.boot.autoconfigure.websocket.servlet.WebSocketServletAutoConfiguration$TomcatWebSocketConfiguration'
2025-07-30T17:03:39.283+05:30 TRACE 16196 --- [Spring_Boot_Start] [           main] o.s.b.f.s.DefaultListableBeanFactory     : Creating instance of bean 'org.springframework.boot.autoconfigure.websocket.servlet.WebSocketServletAutoConfiguration$TomcatWebSocketConfiguration'
2025-07-30T17:03:39.283+05:30 TRACE 16196 --- [Spring_Boot_Start] [           main] o.s.b.f.s.DefaultListableBeanFactory     : Finished creating instance of bean 'org.springframework.boot.autoconfigure.websocket.servlet.WebSocketServletAutoConfiguration$TomcatWebSocketConfiguration'
2025-07-30T17:03:39.283+05:30 DEBUG 16196 --- [Spring_Boot_Start] [           main] o.s.b.f.s.DefaultListableBeanFactory     : Creating shared instance of singleton bean 'websocketServletWebServerCustomizer'
2025-07-30T17:03:39.283+05:30 TRACE 16196 --- [Spring_Boot_Start] [           main] o.s.b.f.s.DefaultListableBeanFactory     : Creating instance of bean 'websocketServletWebServerCustomizer'
2025-07-30T17:03:39.283+05:30 TRACE 16196 --- [Spring_Boot_Start] [           main] o.s.b.f.s.DefaultListableBeanFactory     : Returning cached instance of singleton bean 'org.springframework.boot.autoconfigure.websocket.servlet.WebSocketServletAutoConfiguration$TomcatWebSocketConfiguration'
2025-07-30T17:03:39.287+05:30 TRACE 16196 --- [Spring_Boot_Start] [           main] o.s.b.f.s.DefaultListableBeanFactory     : Finished creating instance of bean 'websocketServletWebServerCustomizer'
2025-07-30T17:03:39.287+05:30 DEBUG 16196 --- [Spring_Boot_Start] [           main] o.s.b.f.s.DefaultListableBeanFactory     : Creating shared instance of singleton bean 'org.springframework.boot.autoconfigure.websocket.servlet.WebSocketServletAutoConfiguration'
2025-07-30T17:03:39.287+05:30 TRACE 16196 --- [Spring_Boot_Start] [           main] o.s.b.f.s.DefaultListableBeanFactory     : Creating instance of bean 'org.springframework.boot.autoconfigure.websocket.servlet.WebSocketServletAutoConfiguration'
2025-07-30T17:03:39.287+05:30 TRACE 16196 --- [Spring_Boot_Start] [           main] o.s.b.f.s.DefaultListableBeanFactory     : Finished creating instance of bean 'org.springframework.boot.autoconfigure.websocket.servlet.WebSocketServletAutoConfiguration'
2025-07-30T17:03:39.287+05:30 DEBUG 16196 --- [Spring_Boot_Start] [           main] o.s.b.f.s.DefaultListableBeanFactory     : Creating shared instance of singleton bean 'org.springframework.boot.autoconfigure.web.servlet.ServletWebServerFactoryConfiguration$EmbeddedTomcat'
2025-07-30T17:03:39.287+05:30 TRACE 16196 --- [Spring_Boot_Start] [           main] o.s.b.f.s.DefaultListableBeanFactory     : Creating instance of bean 'org.springframework.boot.autoconfigure.web.servlet.ServletWebServerFactoryConfiguration$EmbeddedTomcat'
2025-07-30T17:03:39.288+05:30 TRACE 16196 --- [Spring_Boot_Start] [           main] o.s.b.f.s.DefaultListableBeanFactory     : Finished creating instance of bean 'org.springframework.boot.autoconfigure.web.servlet.ServletWebServerFactoryConfiguration$EmbeddedTomcat'
2025-07-30T17:03:39.288+05:30 DEBUG 16196 --- [Spring_Boot_Start] [           main] o.s.b.f.s.DefaultListableBeanFactory     : Creating shared instance of singleton bean 'tomcatServletWebServerFactory'
2025-07-30T17:03:39.288+05:30 TRACE 16196 --- [Spring_Boot_Start] [           main] o.s.b.f.s.DefaultListableBeanFactory     : Creating instance of bean 'tomcatServletWebServerFactory'
2025-07-30T17:03:39.288+05:30 TRACE 16196 --- [Spring_Boot_Start] [           main] o.s.b.f.s.DefaultListableBeanFactory     : Returning cached instance of singleton bean 'org.springframework.boot.autoconfigure.web.servlet.ServletWebServerFactoryConfiguration$EmbeddedTomcat'
2025-07-30T17:03:39.319+05:30 TRACE 16196 --- [Spring_Boot_Start] [           main] o.s.b.f.s.DefaultListableBeanFactory     : Returning cached instance of singleton bean 'websocketServletWebServerCustomizer'
2025-07-30T17:03:39.320+05:30 DEBUG 16196 --- [Spring_Boot_Start] [           main] o.s.b.f.s.DefaultListableBeanFactory     : Creating shared instance of singleton bean 'servletWebServerFactoryCustomizer'
2025-07-30T17:03:39.320+05:30 TRACE 16196 --- [Spring_Boot_Start] [           main] o.s.b.f.s.DefaultListableBeanFactory     : Creating instance of bean 'servletWebServerFactoryCustomizer'
2025-07-30T17:03:39.320+05:30 DEBUG 16196 --- [Spring_Boot_Start] [           main] o.s.b.f.s.DefaultListableBeanFactory     : Creating shared instance of singleton bean 'org.springframework.boot.autoconfigure.web.servlet.ServletWebServerFactoryAutoConfiguration'
2025-07-30T17:03:39.320+05:30 TRACE 16196 --- [Spring_Boot_Start] [           main] o.s.b.f.s.DefaultListableBeanFactory     : Creating instance of bean 'org.springframework.boot.autoconfigure.web.servlet.ServletWebServerFactoryAutoConfiguration'
2025-07-30T17:03:39.320+05:30 TRACE 16196 --- [Spring_Boot_Start] [           main] o.s.b.f.s.DefaultListableBeanFactory     : Finished creating instance of bean 'org.springframework.boot.autoconfigure.web.servlet.ServletWebServerFactoryAutoConfiguration'
2025-07-30T17:03:39.321+05:30 DEBUG 16196 --- [Spring_Boot_Start] [           main] o.s.b.f.s.DefaultListableBeanFactory     : Creating shared instance of singleton bean 'server-org.springframework.boot.autoconfigure.web.ServerProperties'
2025-07-30T17:03:39.322+05:30 TRACE 16196 --- [Spring_Boot_Start] [           main] o.s.b.f.s.DefaultListableBeanFactory     : Creating instance of bean 'server-org.springframework.boot.autoconfigure.web.ServerProperties'
2025-07-30T17:03:39.333+05:30 TRACE 16196 --- [Spring_Boot_Start] [           main] o.s.b.f.s.DefaultListableBeanFactory     : Returning cached instance of singleton bean 'org.springframework.boot.context.properties.BoundConfigurationProperties'
2025-07-30T17:03:39.336+05:30 TRACE 16196 --- [Spring_Boot_Start] [           main] o.s.b.f.s.DefaultListableBeanFactory     : Finished creating instance of bean 'server-org.springframework.boot.autoconfigure.web.ServerProperties'
2025-07-30T17:03:39.337+05:30 DEBUG 16196 --- [Spring_Boot_Start] [           main] o.s.b.f.s.DefaultListableBeanFactory     : Autowiring by type from bean name 'servletWebServerFactoryCustomizer' via factory method to bean named 'server-org.springframework.boot.autoconfigure.web.ServerProperties'
2025-07-30T17:03:39.345+05:30 TRACE 16196 --- [Spring_Boot_Start] [           main] o.s.b.f.s.DefaultListableBeanFactory     : Returning cached instance of singleton bean 'sslBundleRegistry'
2025-07-30T17:03:39.345+05:30 TRACE 16196 --- [Spring_Boot_Start] [           main] o.s.b.f.s.DefaultListableBeanFactory     : Finished creating instance of bean 'servletWebServerFactoryCustomizer'
2025-07-30T17:03:39.345+05:30 DEBUG 16196 --- [Spring_Boot_Start] [           main] o.s.b.f.s.DefaultListableBeanFactory     : Creating shared instance of singleton bean 'tomcatServletWebServerFactoryCustomizer'
2025-07-30T17:03:39.345+05:30 TRACE 16196 --- [Spring_Boot_Start] [           main] o.s.b.f.s.DefaultListableBeanFactory     : Creating instance of bean 'tomcatServletWebServerFactoryCustomizer'
2025-07-30T17:03:39.345+05:30 TRACE 16196 --- [Spring_Boot_Start] [           main] o.s.b.f.s.DefaultListableBeanFactory     : Returning cached instance of singleton bean 'org.springframework.boot.autoconfigure.web.servlet.ServletWebServerFactoryAutoConfiguration'
2025-07-30T17:03:39.346+05:30 TRACE 16196 --- [Spring_Boot_Start] [           main] o.s.b.f.s.DefaultListableBeanFactory     : Returning cached instance of singleton bean 'server-org.springframework.boot.autoconfigure.web.ServerProperties'
2025-07-30T17:03:39.346+05:30 DEBUG 16196 --- [Spring_Boot_Start] [           main] o.s.b.f.s.DefaultListableBeanFactory     : Autowiring by type from bean name 'tomcatServletWebServerFactoryCustomizer' via factory method to bean named 'server-org.springframework.boot.autoconfigure.web.ServerProperties'
2025-07-30T17:03:39.347+05:30 TRACE 16196 --- [Spring_Boot_Start] [           main] o.s.b.f.s.DefaultListableBeanFactory     : Finished creating instance of bean 'tomcatServletWebServerFactoryCustomizer'
2025-07-30T17:03:39.347+05:30 DEBUG 16196 --- [Spring_Boot_Start] [           main] o.s.b.f.s.DefaultListableBeanFactory     : Creating shared instance of singleton bean 'localeCharsetMappingsCustomizer'
2025-07-30T17:03:39.347+05:30 TRACE 16196 --- [Spring_Boot_Start] [           main] o.s.b.f.s.DefaultListableBeanFactory     : Creating instance of bean 'localeCharsetMappingsCustomizer'
2025-07-30T17:03:39.347+05:30 DEBUG 16196 --- [Spring_Boot_Start] [           main] o.s.b.f.s.DefaultListableBeanFactory     : Creating shared instance of singleton bean 'org.springframework.boot.autoconfigure.web.servlet.HttpEncodingAutoConfiguration'
2025-07-30T17:03:39.347+05:30 TRACE 16196 --- [Spring_Boot_Start] [           main] o.s.b.f.s.DefaultListableBeanFactory     : Creating instance of bean 'org.springframework.boot.autoconfigure.web.servlet.HttpEncodingAutoConfiguration'
2025-07-30T17:03:39.347+05:30 TRACE 16196 --- [Spring_Boot_Start] [           main] o.s.b.f.s.DefaultListableBeanFactory     : Returning cached instance of singleton bean 'server-org.springframework.boot.autoconfigure.web.ServerProperties'
2025-07-30T17:03:39.347+05:30 DEBUG 16196 --- [Spring_Boot_Start] [           main] o.s.b.f.s.DefaultListableBeanFactory     : Autowiring by type from bean name 'org.springframework.boot.autoconfigure.web.servlet.HttpEncodingAutoConfiguration' via constructor to bean named 'server-org.springframework.boot.autoconfigure.web.ServerProperties'
2025-07-30T17:03:39.347+05:30 TRACE 16196 --- [Spring_Boot_Start] [           main] o.s.b.f.s.DefaultListableBeanFactory     : Finished creating instance of bean 'org.springframework.boot.autoconfigure.web.servlet.HttpEncodingAutoConfiguration'
2025-07-30T17:03:39.348+05:30 TRACE 16196 --- [Spring_Boot_Start] [           main] o.s.b.f.s.DefaultListableBeanFactory     : Finished creating instance of bean 'localeCharsetMappingsCustomizer'
2025-07-30T17:03:39.366+05:30 DEBUG 16196 --- [Spring_Boot_Start] [           main] o.s.b.f.s.DefaultListableBeanFactory     : Creating shared instance of singleton bean 'errorPageCustomizer'
2025-07-30T17:03:39.366+05:30 TRACE 16196 --- [Spring_Boot_Start] [           main] o.s.b.f.s.DefaultListableBeanFactory     : Creating instance of bean 'errorPageCustomizer'
2025-07-30T17:03:39.367+05:30 DEBUG 16196 --- [Spring_Boot_Start] [           main] o.s.b.f.s.DefaultListableBeanFactory     : Creating shared instance of singleton bean 'org.springframework.boot.autoconfigure.web.servlet.error.ErrorMvcAutoConfiguration'
2025-07-30T17:03:39.367+05:30 TRACE 16196 --- [Spring_Boot_Start] [           main] o.s.b.f.s.DefaultListableBeanFactory     : Creating instance of bean 'org.springframework.boot.autoconfigure.web.servlet.error.ErrorMvcAutoConfiguration'
2025-07-30T17:03:39.367+05:30 TRACE 16196 --- [Spring_Boot_Start] [           main] o.s.b.f.s.DefaultListableBeanFactory     : Returning cached instance of singleton bean 'server-org.springframework.boot.autoconfigure.web.ServerProperties'
2025-07-30T17:03:39.367+05:30 DEBUG 16196 --- [Spring_Boot_Start] [           main] o.s.b.f.s.DefaultListableBeanFactory     : Autowiring by type from bean name 'org.springframework.boot.autoconfigure.web.servlet.error.ErrorMvcAutoConfiguration' via constructor to bean named 'server-org.springframework.boot.autoconfigure.web.ServerProperties'
2025-07-30T17:03:39.368+05:30 TRACE 16196 --- [Spring_Boot_Start] [           main] o.s.b.f.s.DefaultListableBeanFactory     : Finished creating instance of bean 'org.springframework.boot.autoconfigure.web.servlet.error.ErrorMvcAutoConfiguration'
2025-07-30T17:03:39.368+05:30 DEBUG 16196 --- [Spring_Boot_Start] [           main] o.s.b.f.s.DefaultListableBeanFactory     : Creating shared instance of singleton bean 'dispatcherServletRegistration'
2025-07-30T17:03:39.368+05:30 TRACE 16196 --- [Spring_Boot_Start] [           main] o.s.b.f.s.DefaultListableBeanFactory     : Creating instance of bean 'dispatcherServletRegistration'
2025-07-30T17:03:39.368+05:30 DEBUG 16196 --- [Spring_Boot_Start] [           main] o.s.b.f.s.DefaultListableBeanFactory     : Creating shared instance of singleton bean 'org.springframework.boot.autoconfigure.web.servlet.DispatcherServletAutoConfiguration$DispatcherServletRegistrationConfiguration'
2025-07-30T17:03:39.368+05:30 TRACE 16196 --- [Spring_Boot_Start] [           main] o.s.b.f.s.DefaultListableBeanFactory     : Creating instance of bean 'org.springframework.boot.autoconfigure.web.servlet.DispatcherServletAutoConfiguration$DispatcherServletRegistrationConfiguration'
2025-07-30T17:03:39.368+05:30 TRACE 16196 --- [Spring_Boot_Start] [           main] o.s.b.f.s.DefaultListableBeanFactory     : Finished creating instance of bean 'org.springframework.boot.autoconfigure.web.servlet.DispatcherServletAutoConfiguration$DispatcherServletRegistrationConfiguration'
2025-07-30T17:03:39.369+05:30 DEBUG 16196 --- [Spring_Boot_Start] [           main] o.s.b.f.s.DefaultListableBeanFactory     : Creating shared instance of singleton bean 'dispatcherServlet'
2025-07-30T17:03:39.369+05:30 TRACE 16196 --- [Spring_Boot_Start] [           main] o.s.b.f.s.DefaultListableBeanFactory     : Creating instance of bean 'dispatcherServlet'
2025-07-30T17:03:39.369+05:30 DEBUG 16196 --- [Spring_Boot_Start] [           main] o.s.b.f.s.DefaultListableBeanFactory     : Creating shared instance of singleton bean 'org.springframework.boot.autoconfigure.web.servlet.DispatcherServletAutoConfiguration$DispatcherServletConfiguration'
2025-07-30T17:03:39.369+05:30 TRACE 16196 --- [Spring_Boot_Start] [           main] o.s.b.f.s.DefaultListableBeanFactory     : Creating instance of bean 'org.springframework.boot.autoconfigure.web.servlet.DispatcherServletAutoConfiguration$DispatcherServletConfiguration'
2025-07-30T17:03:39.370+05:30 TRACE 16196 --- [Spring_Boot_Start] [           main] o.s.b.f.s.DefaultListableBeanFactory     : Finished creating instance of bean 'org.springframework.boot.autoconfigure.web.servlet.DispatcherServletAutoConfiguration$DispatcherServletConfiguration'
2025-07-30T17:03:39.370+05:30 DEBUG 16196 --- [Spring_Boot_Start] [           main] o.s.b.f.s.DefaultListableBeanFactory     : Creating shared instance of singleton bean 'spring.mvc-org.springframework.boot.autoconfigure.web.servlet.WebMvcProperties'
2025-07-30T17:03:39.370+05:30 TRACE 16196 --- [Spring_Boot_Start] [           main] o.s.b.f.s.DefaultListableBeanFactory     : Creating instance of bean 'spring.mvc-org.springframework.boot.autoconfigure.web.servlet.WebMvcProperties'
2025-07-30T17:03:39.371+05:30 TRACE 16196 --- [Spring_Boot_Start] [           main] o.s.b.f.s.DefaultListableBeanFactory     : Returning cached instance of singleton bean 'org.springframework.boot.context.properties.BoundConfigurationProperties'
2025-07-30T17:03:39.374+05:30 TRACE 16196 --- [Spring_Boot_Start] [           main] o.s.b.f.s.DefaultListableBeanFactory     : Finished creating instance of bean 'spring.mvc-org.springframework.boot.autoconfigure.web.servlet.WebMvcProperties'
2025-07-30T17:03:39.374+05:30 DEBUG 16196 --- [Spring_Boot_Start] [           main] o.s.b.f.s.DefaultListableBeanFactory     : Autowiring by type from bean name 'dispatcherServlet' via factory method to bean named 'spring.mvc-org.springframework.boot.autoconfigure.web.servlet.WebMvcProperties'
2025-07-30T17:03:39.391+05:30 TRACE 16196 --- [Spring_Boot_Start] [           main] o.s.b.f.s.DefaultListableBeanFactory     : Finished creating instance of bean 'dispatcherServlet'
2025-07-30T17:03:39.392+05:30 TRACE 16196 --- [Spring_Boot_Start] [           main] o.s.b.f.s.DefaultListableBeanFactory     : Returning cached instance of singleton bean 'spring.mvc-org.springframework.boot.autoconfigure.web.servlet.WebMvcProperties'
2025-07-30T17:03:39.392+05:30 DEBUG 16196 --- [Spring_Boot_Start] [           main] o.s.b.f.s.DefaultListableBeanFactory     : Autowiring by type from bean name 'dispatcherServletRegistration' via factory method to bean named 'dispatcherServlet'
2025-07-30T17:03:39.392+05:30 DEBUG 16196 --- [Spring_Boot_Start] [           main] o.s.b.f.s.DefaultListableBeanFactory     : Autowiring by type from bean name 'dispatcherServletRegistration' via factory method to bean named 'spring.mvc-org.springframework.boot.autoconfigure.web.servlet.WebMvcProperties'
2025-07-30T17:03:39.397+05:30 DEBUG 16196 --- [Spring_Boot_Start] [           main] o.s.b.f.s.DefaultListableBeanFactory     : Creating shared instance of singleton bean 'multipartConfigElement'
2025-07-30T17:03:39.397+05:30 TRACE 16196 --- [Spring_Boot_Start] [           main] o.s.b.f.s.DefaultListableBeanFactory     : Creating instance of bean 'multipartConfigElement'
2025-07-30T17:03:39.397+05:30 DEBUG 16196 --- [Spring_Boot_Start] [           main] o.s.b.f.s.DefaultListableBeanFactory     : Creating shared instance of singleton bean 'org.springframework.boot.autoconfigure.web.servlet.MultipartAutoConfiguration'
2025-07-30T17:03:39.397+05:30 TRACE 16196 --- [Spring_Boot_Start] [           main] o.s.b.f.s.DefaultListableBeanFactory     : Creating instance of bean 'org.springframework.boot.autoconfigure.web.servlet.MultipartAutoConfiguration'
2025-07-30T17:03:39.397+05:30 DEBUG 16196 --- [Spring_Boot_Start] [           main] o.s.b.f.s.DefaultListableBeanFactory     : Creating shared instance of singleton bean 'spring.servlet.multipart-org.springframework.boot.autoconfigure.web.servlet.MultipartProperties'
2025-07-30T17:03:39.397+05:30 TRACE 16196 --- [Spring_Boot_Start] [           main] o.s.b.f.s.DefaultListableBeanFactory     : Creating instance of bean 'spring.servlet.multipart-org.springframework.boot.autoconfigure.web.servlet.MultipartProperties'
2025-07-30T17:03:39.398+05:30 TRACE 16196 --- [Spring_Boot_Start] [           main] o.s.b.f.s.DefaultListableBeanFactory     : Returning cached instance of singleton bean 'org.springframework.boot.context.properties.BoundConfigurationProperties'
2025-07-30T17:03:39.402+05:30 TRACE 16196 --- [Spring_Boot_Start] [           main] o.s.b.f.s.DefaultListableBeanFactory     : Finished creating instance of bean 'spring.servlet.multipart-org.springframework.boot.autoconfigure.web.servlet.MultipartProperties'
2025-07-30T17:03:39.402+05:30 DEBUG 16196 --- [Spring_Boot_Start] [           main] o.s.b.f.s.DefaultListableBeanFactory     : Autowiring by type from bean name 'org.springframework.boot.autoconfigure.web.servlet.MultipartAutoConfiguration' via constructor to bean named 'spring.servlet.multipart-org.springframework.boot.autoconfigure.web.servlet.MultipartProperties'
2025-07-30T17:03:39.402+05:30 TRACE 16196 --- [Spring_Boot_Start] [           main] o.s.b.f.s.DefaultListableBeanFactory     : Finished creating instance of bean 'org.springframework.boot.autoconfigure.web.servlet.MultipartAutoConfiguration'
2025-07-30T17:03:39.405+05:30 TRACE 16196 --- [Spring_Boot_Start] [           main] o.s.b.f.s.DefaultListableBeanFactory     : Finished creating instance of bean 'multipartConfigElement'
2025-07-30T17:03:39.410+05:30 TRACE 16196 --- [Spring_Boot_Start] [           main] o.s.b.f.s.DefaultListableBeanFactory     : Finished creating instance of bean 'dispatcherServletRegistration'
2025-07-30T17:03:39.410+05:30 DEBUG 16196 --- [Spring_Boot_Start] [           main] o.s.b.f.s.DefaultListableBeanFactory     : Autowiring by type from bean name 'errorPageCustomizer' via factory method to bean named 'dispatcherServletRegistration'
2025-07-30T17:03:39.411+05:30 TRACE 16196 --- [Spring_Boot_Start] [           main] o.s.b.f.s.DefaultListableBeanFactory     : Finished creating instance of bean 'errorPageCustomizer'
2025-07-30T17:03:39.411+05:30 TRACE 16196 --- [Spring_Boot_Start] [           main] o.s.b.f.s.DefaultListableBeanFactory     : Finished creating instance of bean 'tomcatServletWebServerFactory'
2025-07-30T17:03:39.411+05:30 TRACE 16196 --- [Spring_Boot_Start] [           main] o.s.b.f.s.DefaultListableBeanFactory     : Returning cached instance of singleton bean 'org.springframework.boot.autoconfigure.web.servlet.ServletWebServerFactoryAutoConfiguration'
2025-07-30T17:03:39.411+05:30 TRACE 16196 --- [Spring_Boot_Start] [           main] o.s.b.f.s.DefaultListableBeanFactory     : Returning cached instance of singleton bean 'servletWebServerFactoryCustomizer'
2025-07-30T17:03:39.411+05:30 TRACE 16196 --- [Spring_Boot_Start] [           main] o.s.b.f.s.DefaultListableBeanFactory     : Returning cached instance of singleton bean 'tomcatServletWebServerFactoryCustomizer'
2025-07-30T17:03:39.411+05:30 TRACE 16196 --- [Spring_Boot_Start] [           main] o.s.b.f.s.DefaultListableBeanFactory     : Returning cached instance of singleton bean 'server-org.springframework.boot.autoconfigure.web.ServerProperties'
2025-07-30T17:03:39.411+05:30 TRACE 16196 --- [Spring_Boot_Start] [           main] o.s.b.f.s.DefaultListableBeanFactory     : Returning cached instance of singleton bean 'webServerFactoryCustomizerBeanPostProcessor'
2025-07-30T17:03:39.411+05:30 TRACE 16196 --- [Spring_Boot_Start] [           main] o.s.b.f.s.DefaultListableBeanFactory     : Returning cached instance of singleton bean 'errorPageRegistrarBeanPostProcessor'
2025-07-30T17:03:39.412+05:30 TRACE 16196 --- [Spring_Boot_Start] [           main] o.s.b.f.s.DefaultListableBeanFactory     : Returning cached instance of singleton bean 'org.springframework.boot.autoconfigure.web.servlet.DispatcherServletAutoConfiguration$DispatcherServletConfiguration'
2025-07-30T17:03:39.412+05:30 TRACE 16196 --- [Spring_Boot_Start] [           main] o.s.b.f.s.DefaultListableBeanFactory     : Returning cached instance of singleton bean 'dispatcherServlet'
2025-07-30T17:03:39.412+05:30 TRACE 16196 --- [Spring_Boot_Start] [           main] o.s.b.f.s.DefaultListableBeanFactory     : Returning cached instance of singleton bean 'spring.mvc-org.springframework.boot.autoconfigure.web.servlet.WebMvcProperties'
2025-07-30T17:03:39.412+05:30 TRACE 16196 --- [Spring_Boot_Start] [           main] o.s.b.f.s.DefaultListableBeanFactory     : Returning cached instance of singleton bean 'org.springframework.boot.autoconfigure.web.servlet.DispatcherServletAutoConfiguration$DispatcherServletRegistrationConfiguration'
2025-07-30T17:03:39.412+05:30 TRACE 16196 --- [Spring_Boot_Start] [           main] o.s.b.f.s.DefaultListableBeanFactory     : Returning cached instance of singleton bean 'dispatcherServletRegistration'
2025-07-30T17:03:39.412+05:30 DEBUG 16196 --- [Spring_Boot_Start] [           main] o.s.b.f.s.DefaultListableBeanFactory     : Creating shared instance of singleton bean 'org.springframework.boot.autoconfigure.web.servlet.DispatcherServletAutoConfiguration'
2025-07-30T17:03:39.412+05:30 TRACE 16196 --- [Spring_Boot_Start] [           main] o.s.b.f.s.DefaultListableBeanFactory     : Creating instance of bean 'org.springframework.boot.autoconfigure.web.servlet.DispatcherServletAutoConfiguration'
2025-07-30T17:03:39.412+05:30 TRACE 16196 --- [Spring_Boot_Start] [           main] o.s.b.f.s.DefaultListableBeanFactory     : Finished creating instance of bean 'org.springframework.boot.autoconfigure.web.servlet.DispatcherServletAutoConfiguration'
2025-07-30T17:03:39.412+05:30 TRACE 16196 --- [Spring_Boot_Start] [           main] o.s.b.f.s.DefaultListableBeanFactory     : Returning cached instance of singleton bean 'org.springframework.boot.autoconfigure.task.TaskExecutorConfigurations$ThreadPoolTaskExecutorBuilderConfiguration'
2025-07-30T17:03:39.412+05:30 TRACE 16196 --- [Spring_Boot_Start] [           main] o.s.b.f.s.DefaultListableBeanFactory     : Returning cached instance of singleton bean 'threadPoolTaskExecutorBuilder'
2025-07-30T17:03:39.412+05:30 DEBUG 16196 --- [Spring_Boot_Start] [           main] o.s.b.f.s.DefaultListableBeanFactory     : Creating shared instance of singleton bean 'org.springframework.boot.autoconfigure.task.TaskExecutorConfigurations$SimpleAsyncTaskExecutorBuilderConfiguration'
2025-07-30T17:03:39.412+05:30 TRACE 16196 --- [Spring_Boot_Start] [           main] o.s.b.f.s.DefaultListableBeanFactory     : Creating instance of bean 'org.springframework.boot.autoconfigure.task.TaskExecutorConfigurations$SimpleAsyncTaskExecutorBuilderConfiguration'
2025-07-30T17:03:39.413+05:30 TRACE 16196 --- [Spring_Boot_Start] [           main] o.s.b.f.s.DefaultListableBeanFactory     : Returning cached instance of singleton bean 'spring.task.execution-org.springframework.boot.autoconfigure.task.TaskExecutionProperties'
2025-07-30T17:03:39.413+05:30 DEBUG 16196 --- [Spring_Boot_Start] [           main] o.s.b.f.s.DefaultListableBeanFactory     : Autowiring by type from bean name 'org.springframework.boot.autoconfigure.task.TaskExecutorConfigurations$SimpleAsyncTaskExecutorBuilderConfiguration' via constructor to bean named 'spring.task.execution-org.springframework.boot.autoconfigure.task.TaskExecutionProperties'
2025-07-30T17:03:39.414+05:30 TRACE 16196 --- [Spring_Boot_Start] [           main] o.s.b.f.s.DefaultListableBeanFactory     : Finished creating instance of bean 'org.springframework.boot.autoconfigure.task.TaskExecutorConfigurations$SimpleAsyncTaskExecutorBuilderConfiguration'
2025-07-30T17:03:39.414+05:30 DEBUG 16196 --- [Spring_Boot_Start] [           main] o.s.b.f.s.DefaultListableBeanFactory     : Creating shared instance of singleton bean 'simpleAsyncTaskExecutorBuilder'
2025-07-30T17:03:39.415+05:30 TRACE 16196 --- [Spring_Boot_Start] [           main] o.s.b.f.s.DefaultListableBeanFactory     : Creating instance of bean 'simpleAsyncTaskExecutorBuilder'
2025-07-30T17:03:39.415+05:30 TRACE 16196 --- [Spring_Boot_Start] [           main] o.s.b.f.s.DefaultListableBeanFactory     : Returning cached instance of singleton bean 'org.springframework.boot.autoconfigure.task.TaskExecutorConfigurations$SimpleAsyncTaskExecutorBuilderConfiguration'
2025-07-30T17:03:39.418+05:30 TRACE 16196 --- [Spring_Boot_Start] [           main] o.s.b.f.s.DefaultListableBeanFactory     : Finished creating instance of bean 'simpleAsyncTaskExecutorBuilder'
2025-07-30T17:03:39.418+05:30 DEBUG 16196 --- [Spring_Boot_Start] [           main] o.s.b.f.s.DefaultListableBeanFactory     : Creating shared instance of singleton bean 'org.springframework.boot.autoconfigure.task.TaskExecutorConfigurations$AsyncConfigurerConfiguration'
2025-07-30T17:03:39.418+05:30 TRACE 16196 --- [Spring_Boot_Start] [           main] o.s.b.f.s.DefaultListableBeanFactory     : Creating instance of bean 'org.springframework.boot.autoconfigure.task.TaskExecutorConfigurations$AsyncConfigurerConfiguration'
2025-07-30T17:03:39.419+05:30 TRACE 16196 --- [Spring_Boot_Start] [           main] o.s.b.f.s.DefaultListableBeanFactory     : Finished creating instance of bean 'org.springframework.boot.autoconfigure.task.TaskExecutorConfigurations$AsyncConfigurerConfiguration'
2025-07-30T17:03:39.419+05:30 DEBUG 16196 --- [Spring_Boot_Start] [           main] o.s.b.f.s.DefaultListableBeanFactory     : Creating shared instance of singleton bean 'applicationTaskExecutorAsyncConfigurer'
2025-07-30T17:03:39.419+05:30 TRACE 16196 --- [Spring_Boot_Start] [           main] o.s.b.f.s.DefaultListableBeanFactory     : Creating instance of bean 'applicationTaskExecutorAsyncConfigurer'
2025-07-30T17:03:39.419+05:30 TRACE 16196 --- [Spring_Boot_Start] [           main] o.s.b.f.s.DefaultListableBeanFactory     : Returning cached instance of singleton bean 'org.springframework.boot.autoconfigure.task.TaskExecutorConfigurations$AsyncConfigurerConfiguration'
2025-07-30T17:03:39.420+05:30 DEBUG 16196 --- [Spring_Boot_Start] [           main] o.s.b.f.s.DefaultListableBeanFactory     : Autowiring by type from bean name 'applicationTaskExecutorAsyncConfigurer' via factory method to bean named 'org.springframework.beans.factory.support.DefaultListableBeanFactory@1286528d'
2025-07-30T17:03:39.422+05:30 TRACE 16196 --- [Spring_Boot_Start] [           main] o.s.b.f.s.DefaultListableBeanFactory     : Finished creating instance of bean 'applicationTaskExecutorAsyncConfigurer'
2025-07-30T17:03:39.422+05:30 TRACE 16196 --- [Spring_Boot_Start] [           main] o.s.b.f.s.DefaultListableBeanFactory     : Returning cached instance of singleton bean 'org.springframework.boot.autoconfigure.task.TaskExecutorConfigurations$TaskExecutorConfiguration'
2025-07-30T17:03:39.422+05:30 DEBUG 16196 --- [Spring_Boot_Start] [           main] o.s.b.f.s.DefaultListableBeanFactory     : Creating shared instance of singleton bean 'org.springframework.boot.autoconfigure.task.TaskExecutorConfigurations$BootstrapExecutorConfiguration'
2025-07-30T17:03:39.422+05:30 TRACE 16196 --- [Spring_Boot_Start] [           main] o.s.b.f.s.DefaultListableBeanFactory     : Creating instance of bean 'org.springframework.boot.autoconfigure.task.TaskExecutorConfigurations$BootstrapExecutorConfiguration'
2025-07-30T17:03:39.423+05:30 TRACE 16196 --- [Spring_Boot_Start] [           main] o.s.b.f.s.DefaultListableBeanFactory     : Finished creating instance of bean 'org.springframework.boot.autoconfigure.task.TaskExecutorConfigurations$BootstrapExecutorConfiguration'
2025-07-30T17:03:39.423+05:30 TRACE 16196 --- [Spring_Boot_Start] [           main] o.s.b.f.s.DefaultListableBeanFactory     : Returning cached instance of singleton bean 'bootstrapExecutorAliasPostProcessor'
2025-07-30T17:03:39.423+05:30 DEBUG 16196 --- [Spring_Boot_Start] [           main] o.s.b.f.s.DefaultListableBeanFactory     : Creating shared instance of singleton bean 'org.springframework.boot.autoconfigure.task.TaskExecutionAutoConfiguration'
2025-07-30T17:03:39.423+05:30 TRACE 16196 --- [Spring_Boot_Start] [           main] o.s.b.f.s.DefaultListableBeanFactory     : Creating instance of bean 'org.springframework.boot.autoconfigure.task.TaskExecutionAutoConfiguration'
2025-07-30T17:03:39.423+05:30 TRACE 16196 --- [Spring_Boot_Start] [           main] o.s.b.f.s.DefaultListableBeanFactory     : Finished creating instance of bean 'org.springframework.boot.autoconfigure.task.TaskExecutionAutoConfiguration'
2025-07-30T17:03:39.424+05:30 TRACE 16196 --- [Spring_Boot_Start] [           main] o.s.b.f.s.DefaultListableBeanFactory     : Returning cached instance of singleton bean 'spring.task.execution-org.springframework.boot.autoconfigure.task.TaskExecutionProperties'
2025-07-30T17:03:39.424+05:30 DEBUG 16196 --- [Spring_Boot_Start] [           main] o.s.b.f.s.DefaultListableBeanFactory     : Creating shared instance of singleton bean 'org.springframework.boot.autoconfigure.web.servlet.error.ErrorMvcAutoConfiguration$WhitelabelErrorViewConfiguration'
2025-07-30T17:03:39.424+05:30 TRACE 16196 --- [Spring_Boot_Start] [           main] o.s.b.f.s.DefaultListableBeanFactory     : Creating instance of bean 'org.springframework.boot.autoconfigure.web.servlet.error.ErrorMvcAutoConfiguration$WhitelabelErrorViewConfiguration'
2025-07-30T17:03:39.425+05:30 TRACE 16196 --- [Spring_Boot_Start] [           main] o.s.b.f.s.DefaultListableBeanFactory     : Finished creating instance of bean 'org.springframework.boot.autoconfigure.web.servlet.error.ErrorMvcAutoConfiguration$WhitelabelErrorViewConfiguration'
2025-07-30T17:03:39.425+05:30 DEBUG 16196 --- [Spring_Boot_Start] [           main] o.s.b.f.s.DefaultListableBeanFactory     : Creating shared instance of singleton bean 'error'
2025-07-30T17:03:39.425+05:30 TRACE 16196 --- [Spring_Boot_Start] [           main] o.s.b.f.s.DefaultListableBeanFactory     : Creating instance of bean 'error'
2025-07-30T17:03:39.425+05:30 TRACE 16196 --- [Spring_Boot_Start] [           main] o.s.b.f.s.DefaultListableBeanFactory     : Returning cached instance of singleton bean 'org.springframework.boot.autoconfigure.web.servlet.error.ErrorMvcAutoConfiguration$WhitelabelErrorViewConfiguration'
2025-07-30T17:03:39.426+05:30 TRACE 16196 --- [Spring_Boot_Start] [           main] o.s.b.f.s.DefaultListableBeanFactory     : Finished creating instance of bean 'error'
2025-07-30T17:03:39.426+05:30 DEBUG 16196 --- [Spring_Boot_Start] [           main] o.s.b.f.s.DefaultListableBeanFactory     : Creating shared instance of singleton bean 'beanNameViewResolver'
2025-07-30T17:03:39.426+05:30 TRACE 16196 --- [Spring_Boot_Start] [           main] o.s.b.f.s.DefaultListableBeanFactory     : Creating instance of bean 'beanNameViewResolver'
2025-07-30T17:03:39.426+05:30 TRACE 16196 --- [Spring_Boot_Start] [           main] o.s.b.f.s.DefaultListableBeanFactory     : Returning cached instance of singleton bean 'org.springframework.boot.autoconfigure.web.servlet.error.ErrorMvcAutoConfiguration$WhitelabelErrorViewConfiguration'
2025-07-30T17:03:39.429+05:30 TRACE 16196 --- [Spring_Boot_Start] [           main] o.s.b.f.s.DefaultListableBeanFactory     : Finished creating instance of bean 'beanNameViewResolver'
2025-07-30T17:03:39.429+05:30 DEBUG 16196 --- [Spring_Boot_Start] [           main] o.s.b.f.s.DefaultListableBeanFactory     : Creating shared instance of singleton bean 'org.springframework.boot.autoconfigure.web.servlet.error.ErrorMvcAutoConfiguration$DefaultErrorViewResolverConfiguration'
2025-07-30T17:03:39.429+05:30 TRACE 16196 --- [Spring_Boot_Start] [           main] o.s.b.f.s.DefaultListableBeanFactory     : Creating instance of bean 'org.springframework.boot.autoconfigure.web.servlet.error.ErrorMvcAutoConfiguration$DefaultErrorViewResolverConfiguration'
2025-07-30T17:03:39.431+05:30 DEBUG 16196 --- [Spring_Boot_Start] [           main] o.s.b.f.s.DefaultListableBeanFactory     : Creating shared instance of singleton bean 'spring.web-org.springframework.boot.autoconfigure.web.WebProperties'
2025-07-30T17:03:39.431+05:30 TRACE 16196 --- [Spring_Boot_Start] [           main] o.s.b.f.s.DefaultListableBeanFactory     : Creating instance of bean 'spring.web-org.springframework.boot.autoconfigure.web.WebProperties'
2025-07-30T17:03:39.434+05:30 TRACE 16196 --- [Spring_Boot_Start] [           main] o.s.b.f.s.DefaultListableBeanFactory     : Returning cached instance of singleton bean 'org.springframework.boot.context.properties.BoundConfigurationProperties'
2025-07-30T17:03:39.436+05:30 TRACE 16196 --- [Spring_Boot_Start] [           main] o.s.b.f.s.DefaultListableBeanFactory     : Finished creating instance of bean 'spring.web-org.springframework.boot.autoconfigure.web.WebProperties'
2025-07-30T17:03:39.436+05:30 DEBUG 16196 --- [Spring_Boot_Start] [           main] o.s.b.f.s.DefaultListableBeanFactory     : Autowiring by type from bean name 'org.springframework.boot.autoconfigure.web.servlet.error.ErrorMvcAutoConfiguration$DefaultErrorViewResolverConfiguration' via constructor to bean named 'org.springframework.web.context.support.GenericWebApplicationContext@7577b641'
2025-07-30T17:03:39.436+05:30 DEBUG 16196 --- [Spring_Boot_Start] [           main] o.s.b.f.s.DefaultListableBeanFactory     : Autowiring by type from bean name 'org.springframework.boot.autoconfigure.web.servlet.error.ErrorMvcAutoConfiguration$DefaultErrorViewResolverConfiguration' via constructor to bean named 'spring.web-org.springframework.boot.autoconfigure.web.WebProperties'
2025-07-30T17:03:39.436+05:30 TRACE 16196 --- [Spring_Boot_Start] [           main] o.s.b.f.s.DefaultListableBeanFactory     : Finished creating instance of bean 'org.springframework.boot.autoconfigure.web.servlet.error.ErrorMvcAutoConfiguration$DefaultErrorViewResolverConfiguration'
2025-07-30T17:03:39.436+05:30 DEBUG 16196 --- [Spring_Boot_Start] [           main] o.s.b.f.s.DefaultListableBeanFactory     : Creating shared instance of singleton bean 'conventionErrorViewResolver'
2025-07-30T17:03:39.436+05:30 TRACE 16196 --- [Spring_Boot_Start] [           main] o.s.b.f.s.DefaultListableBeanFactory     : Creating instance of bean 'conventionErrorViewResolver'
2025-07-30T17:03:39.436+05:30 TRACE 16196 --- [Spring_Boot_Start] [           main] o.s.b.f.s.DefaultListableBeanFactory     : Returning cached instance of singleton bean 'org.springframework.boot.autoconfigure.web.servlet.error.ErrorMvcAutoConfiguration$DefaultErrorViewResolverConfiguration'
2025-07-30T17:03:39.438+05:30 TRACE 16196 --- [Spring_Boot_Start] [           main] o.s.c.io.support.SpringFactoriesLoader   : Loaded [org.springframework.boot.autoconfigure.template.TemplateAvailabilityProvider] names: [org.springframework.boot.autoconfigure.freemarker.FreeMarkerTemplateAvailabilityProvider, org.springframework.boot.autoconfigure.groovy.template.GroovyTemplateAvailabilityProvider, org.springframework.boot.autoconfigure.mustache.MustacheTemplateAvailabilityProvider, org.springframework.boot.autoconfigure.thymeleaf.ThymeleafTemplateAvailabilityProvider, org.springframework.boot.autoconfigure.web.servlet.JspTemplateAvailabilityProvider]
2025-07-30T17:03:39.439+05:30 TRACE 16196 --- [Spring_Boot_Start] [           main] o.s.b.f.s.DefaultListableBeanFactory     : Finished creating instance of bean 'conventionErrorViewResolver'
2025-07-30T17:03:39.439+05:30 TRACE 16196 --- [Spring_Boot_Start] [           main] o.s.b.f.s.DefaultListableBeanFactory     : Returning cached instance of singleton bean 'spring.web-org.springframework.boot.autoconfigure.web.WebProperties'
2025-07-30T17:03:39.439+05:30 TRACE 16196 --- [Spring_Boot_Start] [           main] o.s.b.f.s.DefaultListableBeanFactory     : Returning cached instance of singleton bean 'org.springframework.boot.autoconfigure.web.servlet.error.ErrorMvcAutoConfiguration'
2025-07-30T17:03:39.439+05:30 DEBUG 16196 --- [Spring_Boot_Start] [           main] o.s.b.f.s.DefaultListableBeanFactory     : Creating shared instance of singleton bean 'errorAttributes'
2025-07-30T17:03:39.439+05:30 TRACE 16196 --- [Spring_Boot_Start] [           main] o.s.b.f.s.DefaultListableBeanFactory     : Creating instance of bean 'errorAttributes'
2025-07-30T17:03:39.439+05:30 TRACE 16196 --- [Spring_Boot_Start] [           main] o.s.b.f.s.DefaultListableBeanFactory     : Returning cached instance of singleton bean 'org.springframework.boot.autoconfigure.web.servlet.error.ErrorMvcAutoConfiguration'
2025-07-30T17:03:39.442+05:30 TRACE 16196 --- [Spring_Boot_Start] [           main] o.s.b.f.s.DefaultListableBeanFactory     : Finished creating instance of bean 'errorAttributes'
2025-07-30T17:03:39.442+05:30 DEBUG 16196 --- [Spring_Boot_Start] [           main] o.s.b.f.s.DefaultListableBeanFactory     : Creating shared instance of singleton bean 'basicErrorController'
2025-07-30T17:03:39.442+05:30 TRACE 16196 --- [Spring_Boot_Start] [           main] o.s.b.f.s.DefaultListableBeanFactory     : Creating instance of bean 'basicErrorController'
2025-07-30T17:03:39.442+05:30 TRACE 16196 --- [Spring_Boot_Start] [           main] o.s.b.f.s.DefaultListableBeanFactory     : Returning cached instance of singleton bean 'org.springframework.boot.autoconfigure.web.servlet.error.ErrorMvcAutoConfiguration'
2025-07-30T17:03:39.442+05:30 TRACE 16196 --- [Spring_Boot_Start] [           main] o.s.b.f.s.DefaultListableBeanFactory     : Returning cached instance of singleton bean 'errorAttributes'
2025-07-30T17:03:39.443+05:30 DEBUG 16196 --- [Spring_Boot_Start] [           main] o.s.b.f.s.DefaultListableBeanFactory     : Autowiring by type from bean name 'basicErrorController' via factory method to bean named 'errorAttributes'
2025-07-30T17:03:39.445+05:30 TRACE 16196 --- [Spring_Boot_Start] [           main] o.s.b.f.s.DefaultListableBeanFactory     : Returning cached instance of singleton bean 'conventionErrorViewResolver'
2025-07-30T17:03:39.445+05:30 TRACE 16196 --- [Spring_Boot_Start] [           main] o.s.b.f.s.DefaultListableBeanFactory     : Returning cached instance of singleton bean 'conventionErrorViewResolver'
2025-07-30T17:03:39.451+05:30 TRACE 16196 --- [Spring_Boot_Start] [           main] o.s.b.f.s.DefaultListableBeanFactory     : Finished creating instance of bean 'basicErrorController'
2025-07-30T17:03:39.451+05:30 TRACE 16196 --- [Spring_Boot_Start] [           main] o.s.b.f.s.DefaultListableBeanFactory     : Returning cached instance of singleton bean 'errorPageCustomizer'
2025-07-30T17:03:39.452+05:30 TRACE 16196 --- [Spring_Boot_Start] [           main] o.s.b.f.s.DefaultListableBeanFactory     : Returning cached instance of singleton bean 'preserveErrorControllerTargetClassPostProcessor'
2025-07-30T17:03:39.452+05:30 DEBUG 16196 --- [Spring_Boot_Start] [           main] o.s.b.f.s.DefaultListableBeanFactory     : Creating shared instance of singleton bean 'org.springframework.boot.autoconfigure.web.servlet.WebMvcAutoConfiguration$EnableWebMvcConfiguration'
2025-07-30T17:03:39.452+05:30 TRACE 16196 --- [Spring_Boot_Start] [           main] o.s.b.f.s.DefaultListableBeanFactory     : Creating instance of bean 'org.springframework.boot.autoconfigure.web.servlet.WebMvcAutoConfiguration$EnableWebMvcConfiguration'
2025-07-30T17:03:39.452+05:30 TRACE 16196 --- [Spring_Boot_Start] [           main] o.s.b.f.s.DefaultListableBeanFactory     : Returning cached instance of singleton bean 'spring.mvc-org.springframework.boot.autoconfigure.web.servlet.WebMvcProperties'
2025-07-30T17:03:39.452+05:30 TRACE 16196 --- [Spring_Boot_Start] [           main] o.s.b.f.s.DefaultListableBeanFactory     : Returning cached instance of singleton bean 'spring.web-org.springframework.boot.autoconfigure.web.WebProperties'
2025-07-30T17:03:39.453+05:30 DEBUG 16196 --- [Spring_Boot_Start] [           main] o.s.b.f.s.DefaultListableBeanFactory     : Autowiring by type from bean name 'org.springframework.boot.autoconfigure.web.servlet.WebMvcAutoConfiguration$EnableWebMvcConfiguration' via constructor to bean named 'spring.mvc-org.springframework.boot.autoconfigure.web.servlet.WebMvcProperties'
2025-07-30T17:03:39.453+05:30 DEBUG 16196 --- [Spring_Boot_Start] [           main] o.s.b.f.s.DefaultListableBeanFactory     : Autowiring by type from bean name 'org.springframework.boot.autoconfigure.web.servlet.WebMvcAutoConfiguration$EnableWebMvcConfiguration' via constructor to bean named 'spring.web-org.springframework.boot.autoconfigure.web.WebProperties'
2025-07-30T17:03:39.453+05:30 DEBUG 16196 --- [Spring_Boot_Start] [           main] o.s.b.f.s.DefaultListableBeanFactory     : Autowiring by type from bean name 'org.springframework.boot.autoconfigure.web.servlet.WebMvcAutoConfiguration$EnableWebMvcConfiguration' via constructor to bean named 'org.springframework.beans.factory.support.DefaultListableBeanFactory@1286528d'
2025-07-30T17:03:39.458+05:30 TRACE 16196 --- [Spring_Boot_Start] [           main] o.s.beans.CachedIntrospectionResults     : Getting BeanInfo for class [org.springframework.boot.autoconfigure.web.servlet.WebMvcAutoConfiguration$EnableWebMvcConfiguration]
2025-07-30T17:03:39.458+05:30 TRACE 16196 --- [Spring_Boot_Start] [           main] o.s.beans.CachedIntrospectionResults     : Caching PropertyDescriptors for class [org.springframework.boot.autoconfigure.web.servlet.WebMvcAutoConfiguration$EnableWebMvcConfiguration]
2025-07-30T17:03:39.458+05:30 TRACE 16196 --- [Spring_Boot_Start] [           main] o.s.beans.CachedIntrospectionResults     : Found bean property 'applicationContext' of type [org.springframework.context.ApplicationContext]
2025-07-30T17:03:39.458+05:30 TRACE 16196 --- [Spring_Boot_Start] [           main] o.s.beans.CachedIntrospectionResults     : Found bean property 'class' of type [java.lang.Class]
2025-07-30T17:03:39.458+05:30 TRACE 16196 --- [Spring_Boot_Start] [           main] o.s.beans.CachedIntrospectionResults     : Found bean property 'configurers' of type [java.util.List]
2025-07-30T17:03:39.458+05:30 TRACE 16196 --- [Spring_Boot_Start] [           main] o.s.beans.CachedIntrospectionResults     : Found bean property 'resourceLoader' of type [org.springframework.core.io.ResourceLoader]
2025-07-30T17:03:39.458+05:30 TRACE 16196 --- [Spring_Boot_Start] [           main] o.s.beans.CachedIntrospectionResults     : Found bean property 'servletContext' of type [jakarta.servlet.ServletContext]
2025-07-30T17:03:39.461+05:30 DEBUG 16196 --- [Spring_Boot_Start] [           main] o.s.b.f.s.DefaultListableBeanFactory     : Creating shared instance of singleton bean 'org.springframework.boot.autoconfigure.web.servlet.WebMvcAutoConfiguration$WebMvcAutoConfigurationAdapter'
2025-07-30T17:03:39.461+05:30 TRACE 16196 --- [Spring_Boot_Start] [           main] o.s.b.f.s.DefaultListableBeanFactory     : Creating instance of bean 'org.springframework.boot.autoconfigure.web.servlet.WebMvcAutoConfiguration$WebMvcAutoConfigurationAdapter'
2025-07-30T17:03:39.461+05:30 TRACE 16196 --- [Spring_Boot_Start] [           main] o.s.b.f.s.DefaultListableBeanFactory     : Returning cached instance of singleton bean 'spring.web-org.springframework.boot.autoconfigure.web.WebProperties'
2025-07-30T17:03:39.461+05:30 TRACE 16196 --- [Spring_Boot_Start] [           main] o.s.b.f.s.DefaultListableBeanFactory     : Returning cached instance of singleton bean 'spring.mvc-org.springframework.boot.autoconfigure.web.servlet.WebMvcProperties'
2025-07-30T17:03:39.461+05:30 DEBUG 16196 --- [Spring_Boot_Start] [           main] o.s.b.f.s.DefaultListableBeanFactory     : Autowiring by type from bean name 'org.springframework.boot.autoconfigure.web.servlet.WebMvcAutoConfiguration$WebMvcAutoConfigurationAdapter' via constructor to bean named 'spring.web-org.springframework.boot.autoconfigure.web.WebProperties'
2025-07-30T17:03:39.461+05:30 DEBUG 16196 --- [Spring_Boot_Start] [           main] o.s.b.f.s.DefaultListableBeanFactory     : Autowiring by type from bean name 'org.springframework.boot.autoconfigure.web.servlet.WebMvcAutoConfiguration$WebMvcAutoConfigurationAdapter' via constructor to bean named 'spring.mvc-org.springframework.boot.autoconfigure.web.servlet.WebMvcProperties'
2025-07-30T17:03:39.461+05:30 DEBUG 16196 --- [Spring_Boot_Start] [           main] o.s.b.f.s.DefaultListableBeanFactory     : Autowiring by type from bean name 'org.springframework.boot.autoconfigure.web.servlet.WebMvcAutoConfiguration$WebMvcAutoConfigurationAdapter' via constructor to bean named 'org.springframework.beans.factory.support.DefaultListableBeanFactory@1286528d'
2025-07-30T17:03:39.465+05:30 TRACE 16196 --- [Spring_Boot_Start] [           main] o.s.b.f.s.DefaultListableBeanFactory     : Finished creating instance of bean 'org.springframework.boot.autoconfigure.web.servlet.WebMvcAutoConfiguration$WebMvcAutoConfigurationAdapter'
2025-07-30T17:03:39.466+05:30 TRACE 16196 --- [Spring_Boot_Start] [           main] f.a.AutowiredAnnotationBeanPostProcessor : Autowiring by type from bean name 'org.springframework.boot.autoconfigure.web.servlet.WebMvcAutoConfiguration$EnableWebMvcConfiguration' to bean named 'org.springframework.boot.autoconfigure.web.servlet.WebMvcAutoConfiguration$WebMvcAutoConfigurationAdapter'
2025-07-30T17:03:39.466+05:30 TRACE 16196 --- [Spring_Boot_Start] [           main] o.s.b.f.s.DefaultListableBeanFactory     : Finished creating instance of bean 'org.springframework.boot.autoconfigure.web.servlet.WebMvcAutoConfiguration$EnableWebMvcConfiguration'
2025-07-30T17:03:39.466+05:30 DEBUG 16196 --- [Spring_Boot_Start] [           main] o.s.b.f.s.DefaultListableBeanFactory     : Creating shared instance of singleton bean 'welcomePageHandlerMapping'
2025-07-30T17:03:39.466+05:30 TRACE 16196 --- [Spring_Boot_Start] [           main] o.s.b.f.s.DefaultListableBeanFactory     : Creating instance of bean 'welcomePageHandlerMapping'
2025-07-30T17:03:39.466+05:30 TRACE 16196 --- [Spring_Boot_Start] [           main] o.s.b.f.s.DefaultListableBeanFactory     : Returning cached instance of singleton bean 'org.springframework.boot.autoconfigure.web.servlet.WebMvcAutoConfiguration$EnableWebMvcConfiguration'
2025-07-30T17:03:39.467+05:30 DEBUG 16196 --- [Spring_Boot_Start] [           main] o.s.b.f.s.DefaultListableBeanFactory     : Creating shared instance of singleton bean 'mvcConversionService'
2025-07-30T17:03:39.467+05:30 TRACE 16196 --- [Spring_Boot_Start] [           main] o.s.b.f.s.DefaultListableBeanFactory     : Creating instance of bean 'mvcConversionService'
2025-07-30T17:03:39.467+05:30 TRACE 16196 --- [Spring_Boot_Start] [           main] o.s.b.f.s.DefaultListableBeanFactory     : Returning cached instance of singleton bean 'org.springframework.boot.autoconfigure.web.servlet.WebMvcAutoConfiguration$EnableWebMvcConfiguration'
2025-07-30T17:03:39.471+05:30 TRACE 16196 --- [Spring_Boot_Start] [           main] o.s.b.f.s.DefaultListableBeanFactory     : Finished creating instance of bean 'mvcConversionService'
2025-07-30T17:03:39.471+05:30 DEBUG 16196 --- [Spring_Boot_Start] [           main] o.s.b.f.s.DefaultListableBeanFactory     : Creating shared instance of singleton bean 'mvcResourceUrlProvider'
2025-07-30T17:03:39.471+05:30 TRACE 16196 --- [Spring_Boot_Start] [           main] o.s.b.f.s.DefaultListableBeanFactory     : Creating instance of bean 'mvcResourceUrlProvider'
2025-07-30T17:03:39.471+05:30 TRACE 16196 --- [Spring_Boot_Start] [           main] o.s.b.f.s.DefaultListableBeanFactory     : Returning cached instance of singleton bean 'org.springframework.boot.autoconfigure.web.servlet.WebMvcAutoConfiguration$EnableWebMvcConfiguration'
2025-07-30T17:03:39.474+05:30 TRACE 16196 --- [Spring_Boot_Start] [           main] o.s.b.f.s.DefaultListableBeanFactory     : Finished creating instance of bean 'mvcResourceUrlProvider'
2025-07-30T17:03:39.474+05:30 DEBUG 16196 --- [Spring_Boot_Start] [           main] o.s.b.f.s.DefaultListableBeanFactory     : Autowiring by type from bean name 'welcomePageHandlerMapping' via factory method to bean named 'org.springframework.web.context.support.GenericWebApplicationContext@7577b641'
2025-07-30T17:03:39.474+05:30 DEBUG 16196 --- [Spring_Boot_Start] [           main] o.s.b.f.s.DefaultListableBeanFactory     : Autowiring by type from bean name 'welcomePageHandlerMapping' via factory method to bean named 'mvcConversionService'
2025-07-30T17:03:39.474+05:30 DEBUG 16196 --- [Spring_Boot_Start] [           main] o.s.b.f.s.DefaultListableBeanFactory     : Autowiring by type from bean name 'welcomePageHandlerMapping' via factory method to bean named 'mvcResourceUrlProvider'
2025-07-30T17:03:39.478+05:30 TRACE 16196 --- [Spring_Boot_Start] [           main] o.s.c.io.support.SpringFactoriesLoader   : Loaded [org.springframework.boot.autoconfigure.template.TemplateAvailabilityProvider] names: [org.springframework.boot.autoconfigure.freemarker.FreeMarkerTemplateAvailabilityProvider, org.springframework.boot.autoconfigure.groovy.template.GroovyTemplateAvailabilityProvider, org.springframework.boot.autoconfigure.mustache.MustacheTemplateAvailabilityProvider, org.springframework.boot.autoconfigure.thymeleaf.ThymeleafTemplateAvailabilityProvider, org.springframework.boot.autoconfigure.web.servlet.JspTemplateAvailabilityProvider]
2025-07-30T17:03:39.505+05:30 TRACE 16196 --- [Spring_Boot_Start] [           main] o.s.b.f.s.DefaultListableBeanFactory     : Finished creating instance of bean 'welcomePageHandlerMapping'
2025-07-30T17:03:39.505+05:30 DEBUG 16196 --- [Spring_Boot_Start] [           main] o.s.b.f.s.DefaultListableBeanFactory     : Creating shared instance of singleton bean 'welcomePageNotAcceptableHandlerMapping'
2025-07-30T17:03:39.505+05:30 TRACE 16196 --- [Spring_Boot_Start] [           main] o.s.b.f.s.DefaultListableBeanFactory     : Creating instance of bean 'welcomePageNotAcceptableHandlerMapping'
2025-07-30T17:03:39.505+05:30 TRACE 16196 --- [Spring_Boot_Start] [           main] o.s.b.f.s.DefaultListableBeanFactory     : Returning cached instance of singleton bean 'org.springframework.boot.autoconfigure.web.servlet.WebMvcAutoConfiguration$EnableWebMvcConfiguration'
2025-07-30T17:03:39.505+05:30 TRACE 16196 --- [Spring_Boot_Start] [           main] o.s.b.f.s.DefaultListableBeanFactory     : Returning cached instance of singleton bean 'mvcConversionService'
2025-07-30T17:03:39.506+05:30 TRACE 16196 --- [Spring_Boot_Start] [           main] o.s.b.f.s.DefaultListableBeanFactory     : Returning cached instance of singleton bean 'mvcResourceUrlProvider'
2025-07-30T17:03:39.506+05:30 DEBUG 16196 --- [Spring_Boot_Start] [           main] o.s.b.f.s.DefaultListableBeanFactory     : Autowiring by type from bean name 'welcomePageNotAcceptableHandlerMapping' via factory method to bean named 'org.springframework.web.context.support.GenericWebApplicationContext@7577b641'
2025-07-30T17:03:39.506+05:30 DEBUG 16196 --- [Spring_Boot_Start] [           main] o.s.b.f.s.DefaultListableBeanFactory     : Autowiring by type from bean name 'welcomePageNotAcceptableHandlerMapping' via factory method to bean named 'mvcConversionService'
2025-07-30T17:03:39.506+05:30 DEBUG 16196 --- [Spring_Boot_Start] [           main] o.s.b.f.s.DefaultListableBeanFactory     : Autowiring by type from bean name 'welcomePageNotAcceptableHandlerMapping' via factory method to bean named 'mvcResourceUrlProvider'
2025-07-30T17:03:39.507+05:30 TRACE 16196 --- [Spring_Boot_Start] [           main] o.s.c.io.support.SpringFactoriesLoader   : Loaded [org.springframework.boot.autoconfigure.template.TemplateAvailabilityProvider] names: [org.springframework.boot.autoconfigure.freemarker.FreeMarkerTemplateAvailabilityProvider, org.springframework.boot.autoconfigure.groovy.template.GroovyTemplateAvailabilityProvider, org.springframework.boot.autoconfigure.mustache.MustacheTemplateAvailabilityProvider, org.springframework.boot.autoconfigure.thymeleaf.ThymeleafTemplateAvailabilityProvider, org.springframework.boot.autoconfigure.web.servlet.JspTemplateAvailabilityProvider]
2025-07-30T17:03:39.510+05:30 TRACE 16196 --- [Spring_Boot_Start] [           main] o.s.b.f.s.DefaultListableBeanFactory     : Finished creating instance of bean 'welcomePageNotAcceptableHandlerMapping'
2025-07-30T17:03:39.510+05:30 DEBUG 16196 --- [Spring_Boot_Start] [           main] o.s.b.f.s.DefaultListableBeanFactory     : Creating shared instance of singleton bean 'localeResolver'
2025-07-30T17:03:39.510+05:30 TRACE 16196 --- [Spring_Boot_Start] [           main] o.s.b.f.s.DefaultListableBeanFactory     : Creating instance of bean 'localeResolver'
2025-07-30T17:03:39.510+05:30 TRACE 16196 --- [Spring_Boot_Start] [           main] o.s.b.f.s.DefaultListableBeanFactory     : Returning cached instance of singleton bean 'org.springframework.boot.autoconfigure.web.servlet.WebMvcAutoConfiguration$EnableWebMvcConfiguration'
2025-07-30T17:03:39.512+05:30 TRACE 16196 --- [Spring_Boot_Start] [           main] o.s.b.f.s.DefaultListableBeanFactory     : Finished creating instance of bean 'localeResolver'
2025-07-30T17:03:39.512+05:30 DEBUG 16196 --- [Spring_Boot_Start] [           main] o.s.b.f.s.DefaultListableBeanFactory     : Creating shared instance of singleton bean 'themeResolver'
2025-07-30T17:03:39.512+05:30 TRACE 16196 --- [Spring_Boot_Start] [           main] o.s.b.f.s.DefaultListableBeanFactory     : Creating instance of bean 'themeResolver'
2025-07-30T17:03:39.512+05:30 TRACE 16196 --- [Spring_Boot_Start] [           main] o.s.b.f.s.DefaultListableBeanFactory     : Returning cached instance of singleton bean 'org.springframework.boot.autoconfigure.web.servlet.WebMvcAutoConfiguration$EnableWebMvcConfiguration'
2025-07-30T17:03:39.514+05:30 TRACE 16196 --- [Spring_Boot_Start] [           main] o.s.b.f.s.DefaultListableBeanFactory     : Finished creating instance of bean 'themeResolver'
2025-07-30T17:03:39.514+05:30 DEBUG 16196 --- [Spring_Boot_Start] [           main] o.s.b.f.s.DefaultListableBeanFactory     : Creating shared instance of singleton bean 'flashMapManager'
2025-07-30T17:03:39.514+05:30 TRACE 16196 --- [Spring_Boot_Start] [           main] o.s.b.f.s.DefaultListableBeanFactory     : Creating instance of bean 'flashMapManager'
2025-07-30T17:03:39.514+05:30 TRACE 16196 --- [Spring_Boot_Start] [           main] o.s.b.f.s.DefaultListableBeanFactory     : Returning cached instance of singleton bean 'org.springframework.boot.autoconfigure.web.servlet.WebMvcAutoConfiguration$EnableWebMvcConfiguration'
2025-07-30T17:03:39.518+05:30 TRACE 16196 --- [Spring_Boot_Start] [           main] o.s.b.f.s.DefaultListableBeanFactory     : Finished creating instance of bean 'flashMapManager'
2025-07-30T17:03:39.518+05:30 DEBUG 16196 --- [Spring_Boot_Start] [           main] o.s.b.f.s.DefaultListableBeanFactory     : Creating shared instance of singleton bean 'viewNameTranslator'
2025-07-30T17:03:39.518+05:30 TRACE 16196 --- [Spring_Boot_Start] [           main] o.s.b.f.s.DefaultListableBeanFactory     : Creating instance of bean 'viewNameTranslator'
2025-07-30T17:03:39.518+05:30 TRACE 16196 --- [Spring_Boot_Start] [           main] o.s.b.f.s.DefaultListableBeanFactory     : Returning cached instance of singleton bean 'org.springframework.boot.autoconfigure.web.servlet.WebMvcAutoConfiguration$EnableWebMvcConfiguration'
2025-07-30T17:03:39.520+05:30 TRACE 16196 --- [Spring_Boot_Start] [           main] o.s.b.f.s.DefaultListableBeanFactory     : Finished creating instance of bean 'viewNameTranslator'
2025-07-30T17:03:39.520+05:30 TRACE 16196 --- [Spring_Boot_Start] [           main] o.s.b.f.s.DefaultListableBeanFactory     : Returning cached instance of singleton bean 'mvcConversionService'
2025-07-30T17:03:39.520+05:30 DEBUG 16196 --- [Spring_Boot_Start] [           main] o.s.b.f.s.DefaultListableBeanFactory     : Creating shared instance of singleton bean 'mvcValidator'
2025-07-30T17:03:39.520+05:30 TRACE 16196 --- [Spring_Boot_Start] [           main] o.s.b.f.s.DefaultListableBeanFactory     : Creating instance of bean 'mvcValidator'
2025-07-30T17:03:39.520+05:30 TRACE 16196 --- [Spring_Boot_Start] [           main] o.s.b.f.s.DefaultListableBeanFactory     : Returning cached instance of singleton bean 'org.springframework.boot.autoconfigure.web.servlet.WebMvcAutoConfiguration$EnableWebMvcConfiguration'
2025-07-30T17:03:39.521+05:30 TRACE 16196 --- [Spring_Boot_Start] [           main] o.s.b.f.s.DefaultListableBeanFactory     : Finished creating instance of bean 'mvcValidator'
2025-07-30T17:03:39.521+05:30 DEBUG 16196 --- [Spring_Boot_Start] [           main] o.s.b.f.s.DefaultListableBeanFactory     : Creating shared instance of singleton bean 'mvcContentNegotiationManager'
2025-07-30T17:03:39.521+05:30 TRACE 16196 --- [Spring_Boot_Start] [           main] o.s.b.f.s.DefaultListableBeanFactory     : Creating instance of bean 'mvcContentNegotiationManager'
2025-07-30T17:03:39.521+05:30 TRACE 16196 --- [Spring_Boot_Start] [           main] o.s.b.f.s.DefaultListableBeanFactory     : Returning cached instance of singleton bean 'org.springframework.boot.autoconfigure.web.servlet.WebMvcAutoConfiguration$EnableWebMvcConfiguration'
2025-07-30T17:03:39.530+05:30 TRACE 16196 --- [Spring_Boot_Start] [           main] o.s.b.f.s.DefaultListableBeanFactory     : Finished creating instance of bean 'mvcContentNegotiationManager'
2025-07-30T17:03:39.530+05:30 DEBUG 16196 --- [Spring_Boot_Start] [           main] o.s.b.f.s.DefaultListableBeanFactory     : Creating shared instance of singleton bean 'requestMappingHandlerMapping'
2025-07-30T17:03:39.530+05:30 TRACE 16196 --- [Spring_Boot_Start] [           main] o.s.b.f.s.DefaultListableBeanFactory     : Creating instance of bean 'requestMappingHandlerMapping'
2025-07-30T17:03:39.530+05:30 TRACE 16196 --- [Spring_Boot_Start] [           main] o.s.b.f.s.DefaultListableBeanFactory     : Returning cached instance of singleton bean 'org.springframework.boot.autoconfigure.web.servlet.WebMvcAutoConfiguration$EnableWebMvcConfiguration'
2025-07-30T17:03:39.533+05:30 TRACE 16196 --- [Spring_Boot_Start] [           main] o.s.b.f.s.DefaultListableBeanFactory     : Returning cached instance of singleton bean 'mvcContentNegotiationManager'
2025-07-30T17:03:39.534+05:30 TRACE 16196 --- [Spring_Boot_Start] [           main] o.s.b.f.s.DefaultListableBeanFactory     : Returning cached instance of singleton bean 'mvcConversionService'
2025-07-30T17:03:39.534+05:30 TRACE 16196 --- [Spring_Boot_Start] [           main] o.s.b.f.s.DefaultListableBeanFactory     : Returning cached instance of singleton bean 'mvcResourceUrlProvider'
2025-07-30T17:03:39.534+05:30 DEBUG 16196 --- [Spring_Boot_Start] [           main] o.s.b.f.s.DefaultListableBeanFactory     : Autowiring by type from bean name 'requestMappingHandlerMapping' via factory method to bean named 'mvcContentNegotiationManager'
2025-07-30T17:03:39.534+05:30 DEBUG 16196 --- [Spring_Boot_Start] [           main] o.s.b.f.s.DefaultListableBeanFactory     : Autowiring by type from bean name 'requestMappingHandlerMapping' via factory method to bean named 'mvcConversionService'
2025-07-30T17:03:39.534+05:30 DEBUG 16196 --- [Spring_Boot_Start] [           main] o.s.b.f.s.DefaultListableBeanFactory     : Autowiring by type from bean name 'requestMappingHandlerMapping' via factory method to bean named 'mvcResourceUrlProvider'
2025-07-30T17:03:39.559+05:30 TRACE 16196 --- [Spring_Boot_Start] [           main] o.s.b.f.s.DefaultListableBeanFactory     : Invoking afterPropertiesSet() on bean with name 'requestMappingHandlerMapping'
2025-07-30T17:03:39.590+05:30 TRACE 16196 --- [Spring_Boot_Start] [           main] o.s.c.e.PropertySourcesPropertyResolver  : Searching for key 'server.error.path' in PropertySource 'environmentProperties'
2025-07-30T17:03:39.591+05:30 TRACE 16196 --- [Spring_Boot_Start] [           main] o.s.c.e.PropertySourcesPropertyResolver  : Searching for key 'server.error.path' in PropertySource 'localProperties'
2025-07-30T17:03:39.591+05:30 TRACE 16196 --- [Spring_Boot_Start] [           main] o.s.c.e.PropertySourcesPropertyResolver  : Could not find key 'server.error.path' in any property source
2025-07-30T17:03:39.591+05:30 TRACE 16196 --- [Spring_Boot_Start] [           main] o.s.c.e.PropertySourcesPropertyResolver  : Searching for key 'error.path:/error' in PropertySource 'environmentProperties'
2025-07-30T17:03:39.591+05:30 TRACE 16196 --- [Spring_Boot_Start] [           main] o.s.c.e.PropertySourcesPropertyResolver  : Searching for key 'error.path:/error' in PropertySource 'localProperties'
2025-07-30T17:03:39.591+05:30 TRACE 16196 --- [Spring_Boot_Start] [           main] o.s.c.e.PropertySourcesPropertyResolver  : Could not find key 'error.path:/error' in any property source
2025-07-30T17:03:39.591+05:30 TRACE 16196 --- [Spring_Boot_Start] [           main] o.s.c.e.PropertySourcesPropertyResolver  : Searching for key 'error.path' in PropertySource 'environmentProperties'
2025-07-30T17:03:39.592+05:30 TRACE 16196 --- [Spring_Boot_Start] [           main] o.s.c.e.PropertySourcesPropertyResolver  : Searching for key 'error.path' in PropertySource 'localProperties'
2025-07-30T17:03:39.592+05:30 TRACE 16196 --- [Spring_Boot_Start] [           main] o.s.c.e.PropertySourcesPropertyResolver  : Could not find key 'error.path' in any property source
2025-07-30T17:03:39.593+05:30 TRACE 16196 --- [Spring_Boot_Start] [           main] o.s.c.e.PropertySourcesPropertyResolver  : Searching for key 'server.error.path' in PropertySource 'environmentProperties'
2025-07-30T17:03:39.593+05:30 TRACE 16196 --- [Spring_Boot_Start] [           main] o.s.c.e.PropertySourcesPropertyResolver  : Searching for key 'server.error.path' in PropertySource 'localProperties'
2025-07-30T17:03:39.593+05:30 TRACE 16196 --- [Spring_Boot_Start] [           main] o.s.c.e.PropertySourcesPropertyResolver  : Could not find key 'server.error.path' in any property source
2025-07-30T17:03:39.593+05:30 TRACE 16196 --- [Spring_Boot_Start] [           main] o.s.c.e.PropertySourcesPropertyResolver  : Searching for key 'error.path:/error' in PropertySource 'environmentProperties'
2025-07-30T17:03:39.593+05:30 TRACE 16196 --- [Spring_Boot_Start] [           main] o.s.c.e.PropertySourcesPropertyResolver  : Searching for key 'error.path:/error' in PropertySource 'localProperties'
2025-07-30T17:03:39.593+05:30 TRACE 16196 --- [Spring_Boot_Start] [           main] o.s.c.e.PropertySourcesPropertyResolver  : Could not find key 'error.path:/error' in any property source
2025-07-30T17:03:39.593+05:30 TRACE 16196 --- [Spring_Boot_Start] [           main] o.s.c.e.PropertySourcesPropertyResolver  : Searching for key 'error.path' in PropertySource 'environmentProperties'
2025-07-30T17:03:39.593+05:30 TRACE 16196 --- [Spring_Boot_Start] [           main] o.s.c.e.PropertySourcesPropertyResolver  : Searching for key 'error.path' in PropertySource 'localProperties'
2025-07-30T17:03:39.593+05:30 TRACE 16196 --- [Spring_Boot_Start] [           main] o.s.c.e.PropertySourcesPropertyResolver  : Could not find key 'error.path' in any property source
2025-07-30T17:03:39.600+05:30 DEBUG 16196 --- [Spring_Boot_Start] [           main] s.w.s.m.m.a.RequestMappingHandlerMapping : 4 mappings in 'requestMappingHandlerMapping'
2025-07-30T17:03:39.601+05:30 TRACE 16196 --- [Spring_Boot_Start] [           main] o.s.b.f.s.DefaultListableBeanFactory     : Finished creating instance of bean 'requestMappingHandlerMapping'
2025-07-30T17:03:39.601+05:30 DEBUG 16196 --- [Spring_Boot_Start] [           main] o.s.b.f.s.DefaultListableBeanFactory     : Creating shared instance of singleton bean 'mvcPatternParser'
2025-07-30T17:03:39.601+05:30 TRACE 16196 --- [Spring_Boot_Start] [           main] o.s.b.f.s.DefaultListableBeanFactory     : Creating instance of bean 'mvcPatternParser'
2025-07-30T17:03:39.601+05:30 TRACE 16196 --- [Spring_Boot_Start] [           main] o.s.b.f.s.DefaultListableBeanFactory     : Returning cached instance of singleton bean 'org.springframework.boot.autoconfigure.web.servlet.WebMvcAutoConfiguration$EnableWebMvcConfiguration'
2025-07-30T17:03:39.602+05:30 TRACE 16196 --- [Spring_Boot_Start] [           main] o.s.b.f.s.DefaultListableBeanFactory     : Finished creating instance of bean 'mvcPatternParser'
2025-07-30T17:03:39.602+05:30 DEBUG 16196 --- [Spring_Boot_Start] [           main] o.s.b.f.s.DefaultListableBeanFactory     : Creating shared instance of singleton bean 'mvcUrlPathHelper'
2025-07-30T17:03:39.602+05:30 TRACE 16196 --- [Spring_Boot_Start] [           main] o.s.b.f.s.DefaultListableBeanFactory     : Creating instance of bean 'mvcUrlPathHelper'
2025-07-30T17:03:39.602+05:30 TRACE 16196 --- [Spring_Boot_Start] [           main] o.s.b.f.s.DefaultListableBeanFactory     : Returning cached instance of singleton bean 'org.springframework.boot.autoconfigure.web.servlet.WebMvcAutoConfiguration$EnableWebMvcConfiguration'
2025-07-30T17:03:39.603+05:30 TRACE 16196 --- [Spring_Boot_Start] [           main] o.s.b.f.s.DefaultListableBeanFactory     : Finished creating instance of bean 'mvcUrlPathHelper'
2025-07-30T17:03:39.603+05:30 DEBUG 16196 --- [Spring_Boot_Start] [           main] o.s.b.f.s.DefaultListableBeanFactory     : Creating shared instance of singleton bean 'mvcPathMatcher'
2025-07-30T17:03:39.603+05:30 TRACE 16196 --- [Spring_Boot_Start] [           main] o.s.b.f.s.DefaultListableBeanFactory     : Creating instance of bean 'mvcPathMatcher'
2025-07-30T17:03:39.603+05:30 TRACE 16196 --- [Spring_Boot_Start] [           main] o.s.b.f.s.DefaultListableBeanFactory     : Returning cached instance of singleton bean 'org.springframework.boot.autoconfigure.web.servlet.WebMvcAutoConfiguration$EnableWebMvcConfiguration'
2025-07-30T17:03:39.604+05:30 TRACE 16196 --- [Spring_Boot_Start] [           main] o.s.b.f.s.DefaultListableBeanFactory     : Finished creating instance of bean 'mvcPathMatcher'
2025-07-30T17:03:39.604+05:30 DEBUG 16196 --- [Spring_Boot_Start] [           main] o.s.b.f.s.DefaultListableBeanFactory     : Creating shared instance of singleton bean 'viewControllerHandlerMapping'
2025-07-30T17:03:39.604+05:30 TRACE 16196 --- [Spring_Boot_Start] [           main] o.s.b.f.s.DefaultListableBeanFactory     : Creating instance of bean 'viewControllerHandlerMapping'
2025-07-30T17:03:39.604+05:30 TRACE 16196 --- [Spring_Boot_Start] [           main] o.s.b.f.s.DefaultListableBeanFactory     : Returning cached instance of singleton bean 'org.springframework.boot.autoconfigure.web.servlet.WebMvcAutoConfiguration$EnableWebMvcConfiguration'
2025-07-30T17:03:39.605+05:30 TRACE 16196 --- [Spring_Boot_Start] [           main] o.s.b.f.s.DefaultListableBeanFactory     : Returning cached instance of singleton bean 'mvcConversionService'
2025-07-30T17:03:39.605+05:30 TRACE 16196 --- [Spring_Boot_Start] [           main] o.s.b.f.s.DefaultListableBeanFactory     : Returning cached instance of singleton bean 'mvcResourceUrlProvider'
2025-07-30T17:03:39.605+05:30 DEBUG 16196 --- [Spring_Boot_Start] [           main] o.s.b.f.s.DefaultListableBeanFactory     : Autowiring by type from bean name 'viewControllerHandlerMapping' via factory method to bean named 'mvcConversionService'
2025-07-30T17:03:39.605+05:30 DEBUG 16196 --- [Spring_Boot_Start] [           main] o.s.b.f.s.DefaultListableBeanFactory     : Autowiring by type from bean name 'viewControllerHandlerMapping' via factory method to bean named 'mvcResourceUrlProvider'
2025-07-30T17:03:39.606+05:30 TRACE 16196 --- [Spring_Boot_Start] [           main] o.s.b.f.s.DefaultListableBeanFactory     : Finished creating instance of bean 'viewControllerHandlerMapping'
2025-07-30T17:03:39.606+05:30 DEBUG 16196 --- [Spring_Boot_Start] [           main] o.s.b.f.s.DefaultListableBeanFactory     : Creating shared instance of singleton bean 'beanNameHandlerMapping'
2025-07-30T17:03:39.606+05:30 TRACE 16196 --- [Spring_Boot_Start] [           main] o.s.b.f.s.DefaultListableBeanFactory     : Creating instance of bean 'beanNameHandlerMapping'
2025-07-30T17:03:39.606+05:30 TRACE 16196 --- [Spring_Boot_Start] [           main] o.s.b.f.s.DefaultListableBeanFactory     : Returning cached instance of singleton bean 'org.springframework.boot.autoconfigure.web.servlet.WebMvcAutoConfiguration$EnableWebMvcConfiguration'
2025-07-30T17:03:39.607+05:30 TRACE 16196 --- [Spring_Boot_Start] [           main] o.s.b.f.s.DefaultListableBeanFactory     : Returning cached instance of singleton bean 'mvcConversionService'
2025-07-30T17:03:39.607+05:30 TRACE 16196 --- [Spring_Boot_Start] [           main] o.s.b.f.s.DefaultListableBeanFactory     : Returning cached instance of singleton bean 'mvcResourceUrlProvider'
2025-07-30T17:03:39.607+05:30 DEBUG 16196 --- [Spring_Boot_Start] [           main] o.s.b.f.s.DefaultListableBeanFactory     : Autowiring by type from bean name 'beanNameHandlerMapping' via factory method to bean named 'mvcConversionService'
2025-07-30T17:03:39.607+05:30 DEBUG 16196 --- [Spring_Boot_Start] [           main] o.s.b.f.s.DefaultListableBeanFactory     : Autowiring by type from bean name 'beanNameHandlerMapping' via factory method to bean named 'mvcResourceUrlProvider'
2025-07-30T17:03:39.609+05:30 TRACE 16196 --- [Spring_Boot_Start] [           main] o.s.b.f.s.DefaultListableBeanFactory     : Finished creating instance of bean 'beanNameHandlerMapping'
2025-07-30T17:03:39.610+05:30 DEBUG 16196 --- [Spring_Boot_Start] [           main] o.s.b.f.s.DefaultListableBeanFactory     : Creating shared instance of singleton bean 'routerFunctionMapping'
2025-07-30T17:03:39.610+05:30 TRACE 16196 --- [Spring_Boot_Start] [           main] o.s.b.f.s.DefaultListableBeanFactory     : Creating instance of bean 'routerFunctionMapping'
2025-07-30T17:03:39.610+05:30 TRACE 16196 --- [Spring_Boot_Start] [           main] o.s.b.f.s.DefaultListableBeanFactory     : Returning cached instance of singleton bean 'org.springframework.boot.autoconfigure.web.servlet.WebMvcAutoConfiguration$EnableWebMvcConfiguration'
2025-07-30T17:03:39.610+05:30 TRACE 16196 --- [Spring_Boot_Start] [           main] o.s.b.f.s.DefaultListableBeanFactory     : Returning cached instance of singleton bean 'mvcConversionService'
2025-07-30T17:03:39.610+05:30 TRACE 16196 --- [Spring_Boot_Start] [           main] o.s.b.f.s.DefaultListableBeanFactory     : Returning cached instance of singleton bean 'mvcResourceUrlProvider'
2025-07-30T17:03:39.610+05:30 DEBUG 16196 --- [Spring_Boot_Start] [           main] o.s.b.f.s.DefaultListableBeanFactory     : Autowiring by type from bean name 'routerFunctionMapping' via factory method to bean named 'mvcConversionService'
2025-07-30T17:03:39.610+05:30 DEBUG 16196 --- [Spring_Boot_Start] [           main] o.s.b.f.s.DefaultListableBeanFactory     : Autowiring by type from bean name 'routerFunctionMapping' via factory method to bean named 'mvcResourceUrlProvider'
2025-07-30T17:03:39.612+05:30 DEBUG 16196 --- [Spring_Boot_Start] [           main] o.s.b.f.s.DefaultListableBeanFactory     : Creating shared instance of singleton bean 'messageConverters'
2025-07-30T17:03:39.612+05:30 TRACE 16196 --- [Spring_Boot_Start] [           main] o.s.b.f.s.DefaultListableBeanFactory     : Creating instance of bean 'messageConverters'
2025-07-30T17:03:39.612+05:30 DEBUG 16196 --- [Spring_Boot_Start] [           main] o.s.b.f.s.DefaultListableBeanFactory     : Creating shared instance of singleton bean 'org.springframework.boot.autoconfigure.http.HttpMessageConvertersAutoConfiguration'
2025-07-30T17:03:39.612+05:30 TRACE 16196 --- [Spring_Boot_Start] [           main] o.s.b.f.s.DefaultListableBeanFactory     : Creating instance of bean 'org.springframework.boot.autoconfigure.http.HttpMessageConvertersAutoConfiguration'
2025-07-30T17:03:39.613+05:30 TRACE 16196 --- [Spring_Boot_Start] [           main] o.s.b.f.s.DefaultListableBeanFactory     : Finished creating instance of bean 'org.springframework.boot.autoconfigure.http.HttpMessageConvertersAutoConfiguration'
2025-07-30T17:03:39.616+05:30 DEBUG 16196 --- [Spring_Boot_Start] [           main] o.s.b.f.s.DefaultListableBeanFactory     : Creating shared instance of singleton bean 'stringHttpMessageConverter'
2025-07-30T17:03:39.616+05:30 TRACE 16196 --- [Spring_Boot_Start] [           main] o.s.b.f.s.DefaultListableBeanFactory     : Creating instance of bean 'stringHttpMessageConverter'
2025-07-30T17:03:39.616+05:30 DEBUG 16196 --- [Spring_Boot_Start] [           main] o.s.b.f.s.DefaultListableBeanFactory     : Creating shared instance of singleton bean 'org.springframework.boot.autoconfigure.http.HttpMessageConvertersAutoConfiguration$StringHttpMessageConverterConfiguration'
2025-07-30T17:03:39.616+05:30 TRACE 16196 --- [Spring_Boot_Start] [           main] o.s.b.f.s.DefaultListableBeanFactory     : Creating instance of bean 'org.springframework.boot.autoconfigure.http.HttpMessageConvertersAutoConfiguration$StringHttpMessageConverterConfiguration'
2025-07-30T17:03:39.617+05:30 TRACE 16196 --- [Spring_Boot_Start] [           main] o.s.b.f.s.DefaultListableBeanFactory     : Finished creating instance of bean 'org.springframework.boot.autoconfigure.http.HttpMessageConvertersAutoConfiguration$StringHttpMessageConverterConfiguration'
2025-07-30T17:03:39.617+05:30 TRACE 16196 --- [Spring_Boot_Start] [           main] o.s.b.f.s.DefaultListableBeanFactory     : Returning cached instance of singleton bean 'environment'
2025-07-30T17:03:39.617+05:30 DEBUG 16196 --- [Spring_Boot_Start] [           main] o.s.b.f.s.DefaultListableBeanFactory     : Autowiring by type from bean name 'stringHttpMessageConverter' via factory method to bean named 'environment'
2025-07-30T17:03:39.648+05:30 TRACE 16196 --- [Spring_Boot_Start] [           main] o.s.b.f.s.DefaultListableBeanFactory     : Finished creating instance of bean 'stringHttpMessageConverter'
2025-07-30T17:03:39.649+05:30 DEBUG 16196 --- [Spring_Boot_Start] [           main] o.s.b.f.s.DefaultListableBeanFactory     : Creating shared instance of singleton bean 'mappingJackson2HttpMessageConverter'
2025-07-30T17:03:39.649+05:30 TRACE 16196 --- [Spring_Boot_Start] [           main] o.s.b.f.s.DefaultListableBeanFactory     : Creating instance of bean 'mappingJackson2HttpMessageConverter'
2025-07-30T17:03:39.649+05:30 DEBUG 16196 --- [Spring_Boot_Start] [           main] o.s.b.f.s.DefaultListableBeanFactory     : Creating shared instance of singleton bean 'org.springframework.boot.autoconfigure.http.JacksonHttpMessageConvertersConfiguration$MappingJackson2HttpMessageConverterConfiguration'
2025-07-30T17:03:39.649+05:30 TRACE 16196 --- [Spring_Boot_Start] [           main] o.s.b.f.s.DefaultListableBeanFactory     : Creating instance of bean 'org.springframework.boot.autoconfigure.http.JacksonHttpMessageConvertersConfiguration$MappingJackson2HttpMessageConverterConfiguration'
2025-07-30T17:03:39.650+05:30 TRACE 16196 --- [Spring_Boot_Start] [           main] o.s.b.f.s.DefaultListableBeanFactory     : Finished creating instance of bean 'org.springframework.boot.autoconfigure.http.JacksonHttpMessageConvertersConfiguration$MappingJackson2HttpMessageConverterConfiguration'
2025-07-30T17:03:39.650+05:30 DEBUG 16196 --- [Spring_Boot_Start] [           main] o.s.b.f.s.DefaultListableBeanFactory     : Creating shared instance of singleton bean 'jacksonObjectMapper'
2025-07-30T17:03:39.650+05:30 TRACE 16196 --- [Spring_Boot_Start] [           main] o.s.b.f.s.DefaultListableBeanFactory     : Creating instance of bean 'jacksonObjectMapper'
2025-07-30T17:03:39.650+05:30 DEBUG 16196 --- [Spring_Boot_Start] [           main] o.s.b.f.s.DefaultListableBeanFactory     : Creating shared instance of singleton bean 'org.springframework.boot.autoconfigure.jackson.JacksonAutoConfiguration$JacksonObjectMapperConfiguration'
2025-07-30T17:03:39.650+05:30 TRACE 16196 --- [Spring_Boot_Start] [           main] o.s.b.f.s.DefaultListableBeanFactory     : Creating instance of bean 'org.springframework.boot.autoconfigure.jackson.JacksonAutoConfiguration$JacksonObjectMapperConfiguration'
2025-07-30T17:03:39.651+05:30 TRACE 16196 --- [Spring_Boot_Start] [           main] o.s.b.f.s.DefaultListableBeanFactory     : Finished creating instance of bean 'org.springframework.boot.autoconfigure.jackson.JacksonAutoConfiguration$JacksonObjectMapperConfiguration'
2025-07-30T17:03:39.651+05:30 TRACE 16196 --- [Spring_Boot_Start] [           main] o.s.b.f.s.DefaultListableBeanFactory     : Creating instance of bean 'jacksonObjectMapperBuilder'
2025-07-30T17:03:39.652+05:30 DEBUG 16196 --- [Spring_Boot_Start] [           main] o.s.b.f.s.DefaultListableBeanFactory     : Creating shared instance of singleton bean 'org.springframework.boot.autoconfigure.jackson.JacksonAutoConfiguration$JacksonObjectMapperBuilderConfiguration'
2025-07-30T17:03:39.652+05:30 TRACE 16196 --- [Spring_Boot_Start] [           main] o.s.b.f.s.DefaultListableBeanFactory     : Creating instance of bean 'org.springframework.boot.autoconfigure.jackson.JacksonAutoConfiguration$JacksonObjectMapperBuilderConfiguration'
2025-07-30T17:03:39.652+05:30 TRACE 16196 --- [Spring_Boot_Start] [           main] o.s.b.f.s.DefaultListableBeanFactory     : Finished creating instance of bean 'org.springframework.boot.autoconfigure.jackson.JacksonAutoConfiguration$JacksonObjectMapperBuilderConfiguration'
2025-07-30T17:03:39.653+05:30 DEBUG 16196 --- [Spring_Boot_Start] [           main] o.s.b.f.s.DefaultListableBeanFactory     : Creating shared instance of singleton bean 'standardJacksonObjectMapperBuilderCustomizer'
2025-07-30T17:03:39.654+05:30 TRACE 16196 --- [Spring_Boot_Start] [           main] o.s.b.f.s.DefaultListableBeanFactory     : Creating instance of bean 'standardJacksonObjectMapperBuilderCustomizer'
2025-07-30T17:03:39.654+05:30 DEBUG 16196 --- [Spring_Boot_Start] [           main] o.s.b.f.s.DefaultListableBeanFactory     : Creating shared instance of singleton bean 'org.springframework.boot.autoconfigure.jackson.JacksonAutoConfiguration$Jackson2ObjectMapperBuilderCustomizerConfiguration'
2025-07-30T17:03:39.654+05:30 TRACE 16196 --- [Spring_Boot_Start] [           main] o.s.b.f.s.DefaultListableBeanFactory     : Creating instance of bean 'org.springframework.boot.autoconfigure.jackson.JacksonAutoConfiguration$Jackson2ObjectMapperBuilderCustomizerConfiguration'
2025-07-30T17:03:39.654+05:30 TRACE 16196 --- [Spring_Boot_Start] [           main] o.s.b.f.s.DefaultListableBeanFactory     : Finished creating instance of bean 'org.springframework.boot.autoconfigure.jackson.JacksonAutoConfiguration$Jackson2ObjectMapperBuilderCustomizerConfiguration'
2025-07-30T17:03:39.655+05:30 DEBUG 16196 --- [Spring_Boot_Start] [           main] o.s.b.f.s.DefaultListableBeanFactory     : Creating shared instance of singleton bean 'spring.jackson-org.springframework.boot.autoconfigure.jackson.JacksonProperties'
2025-07-30T17:03:39.655+05:30 TRACE 16196 --- [Spring_Boot_Start] [           main] o.s.b.f.s.DefaultListableBeanFactory     : Creating instance of bean 'spring.jackson-org.springframework.boot.autoconfigure.jackson.JacksonProperties'
2025-07-30T17:03:39.656+05:30 TRACE 16196 --- [Spring_Boot_Start] [           main] o.s.b.f.s.DefaultListableBeanFactory     : Returning cached instance of singleton bean 'org.springframework.boot.context.properties.BoundConfigurationProperties'
2025-07-30T17:03:39.660+05:30 TRACE 16196 --- [Spring_Boot_Start] [           main] o.s.b.f.s.DefaultListableBeanFactory     : Finished creating instance of bean 'spring.jackson-org.springframework.boot.autoconfigure.jackson.JacksonProperties'
2025-07-30T17:03:39.661+05:30 DEBUG 16196 --- [Spring_Boot_Start] [           main] o.s.b.f.s.DefaultListableBeanFactory     : Autowiring by type from bean name 'standardJacksonObjectMapperBuilderCustomizer' via factory method to bean named 'spring.jackson-org.springframework.boot.autoconfigure.jackson.JacksonProperties'
2025-07-30T17:03:39.663+05:30 DEBUG 16196 --- [Spring_Boot_Start] [           main] o.s.b.f.s.DefaultListableBeanFactory     : Creating shared instance of singleton bean 'parameterNamesModule'
2025-07-30T17:03:39.663+05:30 TRACE 16196 --- [Spring_Boot_Start] [           main] o.s.b.f.s.DefaultListableBeanFactory     : Creating instance of bean 'parameterNamesModule'
2025-07-30T17:03:39.663+05:30 DEBUG 16196 --- [Spring_Boot_Start] [           main] o.s.b.f.s.DefaultListableBeanFactory     : Creating shared instance of singleton bean 'org.springframework.boot.autoconfigure.jackson.JacksonAutoConfiguration$ParameterNamesModuleConfiguration'
2025-07-30T17:03:39.663+05:30 TRACE 16196 --- [Spring_Boot_Start] [           main] o.s.b.f.s.DefaultListableBeanFactory     : Creating instance of bean 'org.springframework.boot.autoconfigure.jackson.JacksonAutoConfiguration$ParameterNamesModuleConfiguration'
2025-07-30T17:03:39.664+05:30 TRACE 16196 --- [Spring_Boot_Start] [           main] o.s.b.f.s.DefaultListableBeanFactory     : Finished creating instance of bean 'org.springframework.boot.autoconfigure.jackson.JacksonAutoConfiguration$ParameterNamesModuleConfiguration'
2025-07-30T17:03:39.667+05:30 TRACE 16196 --- [Spring_Boot_Start] [           main] o.s.b.f.s.DefaultListableBeanFactory     : Finished creating instance of bean 'parameterNamesModule'
2025-07-30T17:03:39.668+05:30 DEBUG 16196 --- [Spring_Boot_Start] [           main] o.s.b.f.s.DefaultListableBeanFactory     : Creating shared instance of singleton bean 'jsonMixinModule'
2025-07-30T17:03:39.668+05:30 TRACE 16196 --- [Spring_Boot_Start] [           main] o.s.b.f.s.DefaultListableBeanFactory     : Creating instance of bean 'jsonMixinModule'
2025-07-30T17:03:39.668+05:30 DEBUG 16196 --- [Spring_Boot_Start] [           main] o.s.b.f.s.DefaultListableBeanFactory     : Creating shared instance of singleton bean 'org.springframework.boot.autoconfigure.jackson.JacksonAutoConfiguration$JacksonMixinConfiguration'
2025-07-30T17:03:39.668+05:30 TRACE 16196 --- [Spring_Boot_Start] [           main] o.s.b.f.s.DefaultListableBeanFactory     : Creating instance of bean 'org.springframework.boot.autoconfigure.jackson.JacksonAutoConfiguration$JacksonMixinConfiguration'
2025-07-30T17:03:39.668+05:30 TRACE 16196 --- [Spring_Boot_Start] [           main] o.s.b.f.s.DefaultListableBeanFactory     : Finished creating instance of bean 'org.springframework.boot.autoconfigure.jackson.JacksonAutoConfiguration$JacksonMixinConfiguration'
2025-07-30T17:03:39.669+05:30 DEBUG 16196 --- [Spring_Boot_Start] [           main] o.s.b.f.s.DefaultListableBeanFactory     : Creating shared instance of singleton bean 'jsonMixinModuleEntries'
2025-07-30T17:03:39.669+05:30 TRACE 16196 --- [Spring_Boot_Start] [           main] o.s.b.f.s.DefaultListableBeanFactory     : Creating instance of bean 'jsonMixinModuleEntries'
2025-07-30T17:03:39.669+05:30 DEBUG 16196 --- [Spring_Boot_Start] [           main] o.s.b.f.s.DefaultListableBeanFactory     : Autowiring by type from bean name 'jsonMixinModuleEntries' via factory method to bean named 'org.springframework.web.context.support.GenericWebApplicationContext@7577b641'
2025-07-30T17:03:39.669+05:30 TRACE 16196 --- [Spring_Boot_Start] [           main] o.s.b.f.s.DefaultListableBeanFactory     : Returning cached instance of singleton bean 'org.springframework.boot.autoconfigure.AutoConfigurationPackages'
2025-07-30T17:03:39.669+05:30 DEBUG 16196 --- [Spring_Boot_Start] [           main] o.s.b.a.AutoConfigurationPackages        : @EnableAutoConfiguration was declared on a class in the package 'com.Spring_Boot_Start.Spring_Boot_Start'. Automatic @Repository and @Entity scanning is enabled.
2025-07-30T17:03:39.669+05:30 TRACE 16196 --- [Spring_Boot_Start] [           main] o.s.b.f.s.DefaultListableBeanFactory     : Returning cached instance of singleton bean 'org.springframework.boot.autoconfigure.AutoConfigurationPackages'
2025-07-30T17:03:39.671+05:30 TRACE 16196 --- [Spring_Boot_Start] [           main] .i.s.PathMatchingResourcePatternResolver : Resolved module-path location pattern [com/Spring_Boot_Start/Spring_Boot_Start/**/*.class] to resources []
2025-07-30T17:03:39.672+05:30 TRACE 16196 --- [Spring_Boot_Start] [           main] .i.s.PathMatchingResourcePatternResolver : Searching directory [E:\Udemy Spring\Spring_Boot_Start\target\test-classes\com\Spring_Boot_Start\Spring_Boot_Start] for files matching pattern [**/*.class]
2025-07-30T17:03:39.673+05:30 TRACE 16196 --- [Spring_Boot_Start] [           main] .i.s.PathMatchingResourcePatternResolver : Searching directory [E:\Udemy Spring\Spring_Boot_Start\target\classes\com\Spring_Boot_Start\Spring_Boot_Start] for files matching pattern [**/*.class]
2025-07-30T17:03:39.674+05:30 TRACE 16196 --- [Spring_Boot_Start] [           main] .i.s.PathMatchingResourcePatternResolver : Resolved location pattern [classpath*:com/Spring_Boot_Start/Spring_Boot_Start/**/*.class] to resources [file [E:\Udemy Spring\Spring_Boot_Start\target\test-classes\com\Spring_Boot_Start\Spring_Boot_Start\SpringBootStartApplicationTests.class], file [E:\Udemy Spring\Spring_Boot_Start\target\classes\com\Spring_Boot_Start\Spring_Boot_Start\Course.class], file [E:\Udemy Spring\Spring_Boot_Start\target\classes\com\Spring_Boot_Start\Spring_Boot_Start\CourseController.class], file [E:\Udemy Spring\Spring_Boot_Start\target\classes\com\Spring_Boot_Start\Spring_Boot_Start\CurrencyConfigController.class], file [E:\Udemy Spring\Spring_Boot_Start\target\classes\com\Spring_Boot_Start\Spring_Boot_Start\CurrencyServiceConfig.class], file [E:\Udemy Spring\Spring_Boot_Start\target\classes\com\Spring_Boot_Start\Spring_Boot_Start\SpringBootStartApplication.class]]
2025-07-30T17:03:39.674+05:30 TRACE 16196 --- [Spring_Boot_Start] [           main] o.s.b.f.s.DefaultListableBeanFactory     : Finished creating instance of bean 'jsonMixinModuleEntries'
2025-07-30T17:03:39.674+05:30 DEBUG 16196 --- [Spring_Boot_Start] [           main] o.s.b.f.s.DefaultListableBeanFactory     : Autowiring by type from bean name 'jsonMixinModule' via factory method to bean named 'org.springframework.web.context.support.GenericWebApplicationContext@7577b641'
2025-07-30T17:03:39.674+05:30 DEBUG 16196 --- [Spring_Boot_Start] [           main] o.s.b.f.s.DefaultListableBeanFactory     : Autowiring by type from bean name 'jsonMixinModule' via factory method to bean named 'jsonMixinModuleEntries'
2025-07-30T17:03:39.676+05:30 TRACE 16196 --- [Spring_Boot_Start] [           main] o.s.b.f.s.DefaultListableBeanFactory     : Finished creating instance of bean 'jsonMixinModule'
2025-07-30T17:03:39.676+05:30 DEBUG 16196 --- [Spring_Boot_Start] [           main] o.s.b.f.s.DefaultListableBeanFactory     : Creating shared instance of singleton bean 'jsonComponentModule'
2025-07-30T17:03:39.676+05:30 TRACE 16196 --- [Spring_Boot_Start] [           main] o.s.b.f.s.DefaultListableBeanFactory     : Creating instance of bean 'jsonComponentModule'
2025-07-30T17:03:39.676+05:30 DEBUG 16196 --- [Spring_Boot_Start] [           main] o.s.b.f.s.DefaultListableBeanFactory     : Creating shared instance of singleton bean 'org.springframework.boot.autoconfigure.jackson.JacksonAutoConfiguration'
2025-07-30T17:03:39.676+05:30 TRACE 16196 --- [Spring_Boot_Start] [           main] o.s.b.f.s.DefaultListableBeanFactory     : Creating instance of bean 'org.springframework.boot.autoconfigure.jackson.JacksonAutoConfiguration'
2025-07-30T17:03:39.676+05:30 TRACE 16196 --- [Spring_Boot_Start] [           main] o.s.b.f.s.DefaultListableBeanFactory     : Finished creating instance of bean 'org.springframework.boot.autoconfigure.jackson.JacksonAutoConfiguration'
2025-07-30T17:03:39.677+05:30 TRACE 16196 --- [Spring_Boot_Start] [           main] o.s.b.f.s.DefaultListableBeanFactory     : Invoking afterPropertiesSet() on bean with name 'jsonComponentModule'
2025-07-30T17:03:39.680+05:30 TRACE 16196 --- [Spring_Boot_Start] [           main] o.s.b.f.s.DefaultListableBeanFactory     : Finished creating instance of bean 'jsonComponentModule'
2025-07-30T17:03:39.681+05:30 TRACE 16196 --- [Spring_Boot_Start] [           main] o.s.b.f.s.DefaultListableBeanFactory     : Finished creating instance of bean 'standardJacksonObjectMapperBuilderCustomizer'
2025-07-30T17:03:39.681+05:30 DEBUG 16196 --- [Spring_Boot_Start] [           main] o.s.b.f.s.DefaultListableBeanFactory     : Autowiring by type from bean name 'jacksonObjectMapperBuilder' via factory method to bean named 'org.springframework.web.context.support.GenericWebApplicationContext@7577b641'
2025-07-30T17:03:39.681+05:30 DEBUG 16196 --- [Spring_Boot_Start] [           main] o.s.b.f.s.DefaultListableBeanFactory     : Autowiring by type from bean name 'jacksonObjectMapperBuilder' via factory method to bean named 'standardJacksonObjectMapperBuilderCustomizer'
2025-07-30T17:03:39.687+05:30 TRACE 16196 --- [Spring_Boot_Start] [           main] o.s.b.f.s.DefaultListableBeanFactory     : Finished creating instance of bean 'jacksonObjectMapperBuilder'
2025-07-30T17:03:39.687+05:30 DEBUG 16196 --- [Spring_Boot_Start] [           main] o.s.b.f.s.DefaultListableBeanFactory     : Autowiring by type from bean name 'jacksonObjectMapper' via factory method to bean named 'jacksonObjectMapperBuilder'
2025-07-30T17:03:39.700+05:30 TRACE 16196 --- [Spring_Boot_Start] [           main] o.s.b.f.s.DefaultListableBeanFactory     : Finished creating instance of bean 'jacksonObjectMapper'
2025-07-30T17:03:39.700+05:30 DEBUG 16196 --- [Spring_Boot_Start] [           main] o.s.b.f.s.DefaultListableBeanFactory     : Autowiring by type from bean name 'mappingJackson2HttpMessageConverter' via factory method to bean named 'jacksonObjectMapper'
2025-07-30T17:03:39.702+05:30 TRACE 16196 --- [Spring_Boot_Start] [           main] o.s.b.f.s.DefaultListableBeanFactory     : Finished creating instance of bean 'mappingJackson2HttpMessageConverter'
2025-07-30T17:03:39.702+05:30 TRACE 16196 --- [Spring_Boot_Start] [           main] o.s.b.f.s.DefaultListableBeanFactory     : Returning cached instance of singleton bean 'stringHttpMessageConverter'
2025-07-30T17:03:39.702+05:30 TRACE 16196 --- [Spring_Boot_Start] [           main] o.s.b.f.s.DefaultListableBeanFactory     : Returning cached instance of singleton bean 'mappingJackson2HttpMessageConverter'
2025-07-30T17:03:39.707+05:30 TRACE 16196 --- [Spring_Boot_Start] [           main] o.s.b.f.s.DefaultListableBeanFactory     : Finished creating instance of bean 'messageConverters'
2025-07-30T17:03:39.709+05:30 TRACE 16196 --- [Spring_Boot_Start] [           main] o.s.b.f.s.DefaultListableBeanFactory     : Invoking afterPropertiesSet() on bean with name 'routerFunctionMapping'
2025-07-30T17:03:39.712+05:30 TRACE 16196 --- [Spring_Boot_Start] [           main] o.s.b.f.s.DefaultListableBeanFactory     : Finished creating instance of bean 'routerFunctionMapping'
2025-07-30T17:03:39.712+05:30 DEBUG 16196 --- [Spring_Boot_Start] [           main] o.s.b.f.s.DefaultListableBeanFactory     : Creating shared instance of singleton bean 'resourceHandlerMapping'
2025-07-30T17:03:39.712+05:30 TRACE 16196 --- [Spring_Boot_Start] [           main] o.s.b.f.s.DefaultListableBeanFactory     : Creating instance of bean 'resourceHandlerMapping'
2025-07-30T17:03:39.712+05:30 TRACE 16196 --- [Spring_Boot_Start] [           main] o.s.b.f.s.DefaultListableBeanFactory     : Returning cached instance of singleton bean 'org.springframework.boot.autoconfigure.web.servlet.WebMvcAutoConfiguration$EnableWebMvcConfiguration'
2025-07-30T17:03:39.712+05:30 TRACE 16196 --- [Spring_Boot_Start] [           main] o.s.b.f.s.DefaultListableBeanFactory     : Returning cached instance of singleton bean 'mvcContentNegotiationManager'
2025-07-30T17:03:39.713+05:30 TRACE 16196 --- [Spring_Boot_Start] [           main] o.s.b.f.s.DefaultListableBeanFactory     : Returning cached instance of singleton bean 'mvcConversionService'
2025-07-30T17:03:39.713+05:30 TRACE 16196 --- [Spring_Boot_Start] [           main] o.s.b.f.s.DefaultListableBeanFactory     : Returning cached instance of singleton bean 'mvcResourceUrlProvider'
2025-07-30T17:03:39.713+05:30 DEBUG 16196 --- [Spring_Boot_Start] [           main] o.s.b.f.s.DefaultListableBeanFactory     : Autowiring by type from bean name 'resourceHandlerMapping' via factory method to bean named 'mvcContentNegotiationManager'
2025-07-30T17:03:39.713+05:30 DEBUG 16196 --- [Spring_Boot_Start] [           main] o.s.b.f.s.DefaultListableBeanFactory     : Autowiring by type from bean name 'resourceHandlerMapping' via factory method to bean named 'mvcConversionService'
2025-07-30T17:03:39.713+05:30 DEBUG 16196 --- [Spring_Boot_Start] [           main] o.s.b.f.s.DefaultListableBeanFactory     : Autowiring by type from bean name 'resourceHandlerMapping' via factory method to bean named 'mvcResourceUrlProvider'
2025-07-30T17:03:39.778+05:30 DEBUG 16196 --- [Spring_Boot_Start] [           main] o.s.w.s.handler.SimpleUrlHandlerMapping  : Patterns [/webjars/**, /**] in 'resourceHandlerMapping'
2025-07-30T17:03:39.778+05:30 TRACE 16196 --- [Spring_Boot_Start] [           main] o.s.b.f.s.DefaultListableBeanFactory     : Finished creating instance of bean 'resourceHandlerMapping'
2025-07-30T17:03:39.779+05:30 TRACE 16196 --- [Spring_Boot_Start] [           main] o.s.b.f.s.DefaultListableBeanFactory     : Returning cached instance of singleton bean 'mvcResourceUrlProvider'
2025-07-30T17:03:39.779+05:30 DEBUG 16196 --- [Spring_Boot_Start] [           main] o.s.b.f.s.DefaultListableBeanFactory     : Creating shared instance of singleton bean 'defaultServletHandlerMapping'
2025-07-30T17:03:39.779+05:30 TRACE 16196 --- [Spring_Boot_Start] [           main] o.s.b.f.s.DefaultListableBeanFactory     : Creating instance of bean 'defaultServletHandlerMapping'
2025-07-30T17:03:39.779+05:30 TRACE 16196 --- [Spring_Boot_Start] [           main] o.s.b.f.s.DefaultListableBeanFactory     : Returning cached instance of singleton bean 'org.springframework.boot.autoconfigure.web.servlet.WebMvcAutoConfiguration$EnableWebMvcConfiguration'
2025-07-30T17:03:39.779+05:30 TRACE 16196 --- [Spring_Boot_Start] [           main] o.s.b.f.s.DefaultListableBeanFactory     : Finished creating instance of bean 'defaultServletHandlerMapping'
2025-07-30T17:03:39.779+05:30 DEBUG 16196 --- [Spring_Boot_Start] [           main] o.s.b.f.s.DefaultListableBeanFactory     : Creating shared instance of singleton bean 'requestMappingHandlerAdapter'
2025-07-30T17:03:39.779+05:30 TRACE 16196 --- [Spring_Boot_Start] [           main] o.s.b.f.s.DefaultListableBeanFactory     : Creating instance of bean 'requestMappingHandlerAdapter'
2025-07-30T17:03:39.780+05:30 TRACE 16196 --- [Spring_Boot_Start] [           main] o.s.b.f.s.DefaultListableBeanFactory     : Returning cached instance of singleton bean 'org.springframework.boot.autoconfigure.web.servlet.WebMvcAutoConfiguration$EnableWebMvcConfiguration'
2025-07-30T17:03:39.780+05:30 TRACE 16196 --- [Spring_Boot_Start] [           main] o.s.b.f.s.DefaultListableBeanFactory     : Returning cached instance of singleton bean 'mvcContentNegotiationManager'
2025-07-30T17:03:39.781+05:30 TRACE 16196 --- [Spring_Boot_Start] [           main] o.s.b.f.s.DefaultListableBeanFactory     : Returning cached instance of singleton bean 'mvcConversionService'
2025-07-30T17:03:39.781+05:30 TRACE 16196 --- [Spring_Boot_Start] [           main] o.s.b.f.s.DefaultListableBeanFactory     : Returning cached instance of singleton bean 'mvcValidator'
2025-07-30T17:03:39.781+05:30 DEBUG 16196 --- [Spring_Boot_Start] [           main] o.s.b.f.s.DefaultListableBeanFactory     : Autowiring by type from bean name 'requestMappingHandlerAdapter' via factory method to bean named 'mvcContentNegotiationManager'
2025-07-30T17:03:39.781+05:30 DEBUG 16196 --- [Spring_Boot_Start] [           main] o.s.b.f.s.DefaultListableBeanFactory     : Autowiring by type from bean name 'requestMappingHandlerAdapter' via factory method to bean named 'mvcConversionService'
2025-07-30T17:03:39.781+05:30 DEBUG 16196 --- [Spring_Boot_Start] [           main] o.s.b.f.s.DefaultListableBeanFactory     : Autowiring by type from bean name 'requestMappingHandlerAdapter' via factory method to bean named 'mvcValidator'
2025-07-30T17:03:39.793+05:30 TRACE 16196 --- [Spring_Boot_Start] [           main] o.s.b.f.s.DefaultListableBeanFactory     : Returning cached instance of singleton bean 'applicationTaskExecutor'
2025-07-30T17:03:39.798+05:30 TRACE 16196 --- [Spring_Boot_Start] [           main] o.s.b.f.s.DefaultListableBeanFactory     : Invoking afterPropertiesSet() on bean with name 'requestMappingHandlerAdapter'
2025-07-30T17:03:39.804+05:30 DEBUG 16196 --- [Spring_Boot_Start] [           main] s.w.s.m.m.a.RequestMappingHandlerAdapter : ControllerAdvice beans: 0 @ModelAttribute, 0 @InitBinder, 1 RequestBodyAdvice, 1 ResponseBodyAdvice
2025-07-30T17:03:39.830+05:30 TRACE 16196 --- [Spring_Boot_Start] [           main] o.s.b.f.s.DefaultListableBeanFactory     : Returning cached instance of singleton bean 'beanNameViewResolver'
2025-07-30T17:03:39.831+05:30 DEBUG 16196 --- [Spring_Boot_Start] [           main] o.s.b.f.s.DefaultListableBeanFactory     : Creating shared instance of singleton bean 'mvcViewResolver'
2025-07-30T17:03:39.831+05:30 TRACE 16196 --- [Spring_Boot_Start] [           main] o.s.b.f.s.DefaultListableBeanFactory     : Creating instance of bean 'mvcViewResolver'
2025-07-30T17:03:39.831+05:30 TRACE 16196 --- [Spring_Boot_Start] [           main] o.s.b.f.s.DefaultListableBeanFactory     : Returning cached instance of singleton bean 'org.springframework.boot.autoconfigure.web.servlet.WebMvcAutoConfiguration$EnableWebMvcConfiguration'
2025-07-30T17:03:39.831+05:30 TRACE 16196 --- [Spring_Boot_Start] [           main] o.s.b.f.s.DefaultListableBeanFactory     : Returning cached instance of singleton bean 'mvcContentNegotiationManager'
2025-07-30T17:03:39.831+05:30 DEBUG 16196 --- [Spring_Boot_Start] [           main] o.s.b.f.s.DefaultListableBeanFactory     : Autowiring by type from bean name 'mvcViewResolver' via factory method to bean named 'mvcContentNegotiationManager'
2025-07-30T17:03:39.833+05:30 TRACE 16196 --- [Spring_Boot_Start] [           main] o.s.b.f.s.DefaultListableBeanFactory     : Invoking afterPropertiesSet() on bean with name 'mvcViewResolver'
2025-07-30T17:03:39.834+05:30 TRACE 16196 --- [Spring_Boot_Start] [           main] o.s.b.f.s.DefaultListableBeanFactory     : Finished creating instance of bean 'mvcViewResolver'
2025-07-30T17:03:39.834+05:30 DEBUG 16196 --- [Spring_Boot_Start] [           main] o.s.b.f.s.DefaultListableBeanFactory     : Creating shared instance of singleton bean 'defaultViewResolver'
2025-07-30T17:03:39.834+05:30 TRACE 16196 --- [Spring_Boot_Start] [           main] o.s.b.f.s.DefaultListableBeanFactory     : Creating instance of bean 'defaultViewResolver'
2025-07-30T17:03:39.834+05:30 TRACE 16196 --- [Spring_Boot_Start] [           main] o.s.b.f.s.DefaultListableBeanFactory     : Returning cached instance of singleton bean 'org.springframework.boot.autoconfigure.web.servlet.WebMvcAutoConfiguration$WebMvcAutoConfigurationAdapter'
2025-07-30T17:03:39.840+05:30 TRACE 16196 --- [Spring_Boot_Start] [           main] o.s.b.f.s.DefaultListableBeanFactory     : Finished creating instance of bean 'defaultViewResolver'
2025-07-30T17:03:39.840+05:30 DEBUG 16196 --- [Spring_Boot_Start] [           main] o.s.b.f.s.DefaultListableBeanFactory     : Creating shared instance of singleton bean 'viewResolver'
2025-07-30T17:03:39.840+05:30 TRACE 16196 --- [Spring_Boot_Start] [           main] o.s.b.f.s.DefaultListableBeanFactory     : Creating instance of bean 'viewResolver'
2025-07-30T17:03:39.840+05:30 TRACE 16196 --- [Spring_Boot_Start] [           main] o.s.b.f.s.DefaultListableBeanFactory     : Returning cached instance of singleton bean 'org.springframework.boot.autoconfigure.web.servlet.WebMvcAutoConfiguration$WebMvcAutoConfigurationAdapter'
2025-07-30T17:03:39.840+05:30 DEBUG 16196 --- [Spring_Boot_Start] [           main] o.s.b.f.s.DefaultListableBeanFactory     : Autowiring by type from bean name 'viewResolver' via factory method to bean named 'org.springframework.beans.factory.support.DefaultListableBeanFactory@1286528d'
2025-07-30T17:03:39.842+05:30 TRACE 16196 --- [Spring_Boot_Start] [           main] o.s.b.f.s.DefaultListableBeanFactory     : Returning cached instance of singleton bean 'mvcContentNegotiationManager'
2025-07-30T17:03:39.843+05:30 TRACE 16196 --- [Spring_Boot_Start] [           main] o.s.b.f.s.DefaultListableBeanFactory     : Returning cached instance of singleton bean 'beanNameViewResolver'
2025-07-30T17:03:39.843+05:30 TRACE 16196 --- [Spring_Boot_Start] [           main] o.s.b.f.s.DefaultListableBeanFactory     : Returning cached instance of singleton bean 'mvcViewResolver'
2025-07-30T17:03:39.843+05:30 TRACE 16196 --- [Spring_Boot_Start] [           main] o.s.b.f.s.DefaultListableBeanFactory     : Returning cached instance of singleton bean 'defaultViewResolver'
2025-07-30T17:03:39.843+05:30 DEBUG 16196 --- [Spring_Boot_Start] [           main] o.s.b.f.s.DefaultListableBeanFactory     : Creating shared instance of singleton bean 'viewResolver'
2025-07-30T17:03:39.844+05:30 TRACE 16196 --- [Spring_Boot_Start] [           main] o.s.b.f.s.DefaultListableBeanFactory     : Ignoring match to currently created bean 'viewResolver': Error creating bean with name 'viewResolver': Requested bean is currently in creation: Is there an unresolvable circular reference or an asynchronous initialization dependency?
2025-07-30T17:03:39.845+05:30 TRACE 16196 --- [Spring_Boot_Start] [           main] o.s.b.f.s.DefaultListableBeanFactory     : Invoking afterPropertiesSet() on bean with name 'viewResolver'
2025-07-30T17:03:39.845+05:30 TRACE 16196 --- [Spring_Boot_Start] [           main] o.s.b.f.s.DefaultListableBeanFactory     : Finished creating instance of bean 'viewResolver'
2025-07-30T17:03:39.845+05:30 TRACE 16196 --- [Spring_Boot_Start] [           main] o.s.b.f.s.DefaultListableBeanFactory     : Returning cached instance of singleton bean 'localeResolver'
2025-07-30T17:03:39.852+05:30 TRACE 16196 --- [Spring_Boot_Start] [           main] o.s.b.f.s.DefaultListableBeanFactory     : Finished creating instance of bean 'requestMappingHandlerAdapter'
2025-07-30T17:03:39.852+05:30 DEBUG 16196 --- [Spring_Boot_Start] [           main] o.s.b.f.s.DefaultListableBeanFactory     : Creating shared instance of singleton bean 'handlerFunctionAdapter'
2025-07-30T17:03:39.852+05:30 TRACE 16196 --- [Spring_Boot_Start] [           main] o.s.b.f.s.DefaultListableBeanFactory     : Creating instance of bean 'handlerFunctionAdapter'
2025-07-30T17:03:39.852+05:30 TRACE 16196 --- [Spring_Boot_Start] [           main] o.s.b.f.s.DefaultListableBeanFactory     : Returning cached instance of singleton bean 'org.springframework.boot.autoconfigure.web.servlet.WebMvcAutoConfiguration$EnableWebMvcConfiguration'
2025-07-30T17:03:39.854+05:30 TRACE 16196 --- [Spring_Boot_Start] [           main] o.s.b.f.s.DefaultListableBeanFactory     : Finished creating instance of bean 'handlerFunctionAdapter'
2025-07-30T17:03:39.854+05:30 DEBUG 16196 --- [Spring_Boot_Start] [           main] o.s.b.f.s.DefaultListableBeanFactory     : Creating shared instance of singleton bean 'mvcUriComponentsContributor'
2025-07-30T17:03:39.854+05:30 TRACE 16196 --- [Spring_Boot_Start] [           main] o.s.b.f.s.DefaultListableBeanFactory     : Creating instance of bean 'mvcUriComponentsContributor'
2025-07-30T17:03:39.854+05:30 TRACE 16196 --- [Spring_Boot_Start] [           main] o.s.b.f.s.DefaultListableBeanFactory     : Returning cached instance of singleton bean 'org.springframework.boot.autoconfigure.web.servlet.WebMvcAutoConfiguration$EnableWebMvcConfiguration'
2025-07-30T17:03:39.854+05:30 TRACE 16196 --- [Spring_Boot_Start] [           main] o.s.b.f.s.DefaultListableBeanFactory     : Returning cached instance of singleton bean 'mvcConversionService'
2025-07-30T17:03:39.855+05:30 TRACE 16196 --- [Spring_Boot_Start] [           main] o.s.b.f.s.DefaultListableBeanFactory     : Returning cached instance of singleton bean 'requestMappingHandlerAdapter'
2025-07-30T17:03:39.855+05:30 DEBUG 16196 --- [Spring_Boot_Start] [           main] o.s.b.f.s.DefaultListableBeanFactory     : Autowiring by type from bean name 'mvcUriComponentsContributor' via factory method to bean named 'mvcConversionService'
2025-07-30T17:03:39.855+05:30 DEBUG 16196 --- [Spring_Boot_Start] [           main] o.s.b.f.s.DefaultListableBeanFactory     : Autowiring by type from bean name 'mvcUriComponentsContributor' via factory method to bean named 'requestMappingHandlerAdapter'
2025-07-30T17:03:39.862+05:30 TRACE 16196 --- [Spring_Boot_Start] [           main] o.s.b.f.s.DefaultListableBeanFactory     : Finished creating instance of bean 'mvcUriComponentsContributor'
2025-07-30T17:03:39.862+05:30 DEBUG 16196 --- [Spring_Boot_Start] [           main] o.s.b.f.s.DefaultListableBeanFactory     : Creating shared instance of singleton bean 'httpRequestHandlerAdapter'
2025-07-30T17:03:39.862+05:30 TRACE 16196 --- [Spring_Boot_Start] [           main] o.s.b.f.s.DefaultListableBeanFactory     : Creating instance of bean 'httpRequestHandlerAdapter'
2025-07-30T17:03:39.862+05:30 TRACE 16196 --- [Spring_Boot_Start] [           main] o.s.b.f.s.DefaultListableBeanFactory     : Returning cached instance of singleton bean 'org.springframework.boot.autoconfigure.web.servlet.WebMvcAutoConfiguration$EnableWebMvcConfiguration'
2025-07-30T17:03:39.863+05:30 TRACE 16196 --- [Spring_Boot_Start] [           main] o.s.b.f.s.DefaultListableBeanFactory     : Finished creating instance of bean 'httpRequestHandlerAdapter'
2025-07-30T17:03:39.863+05:30 DEBUG 16196 --- [Spring_Boot_Start] [           main] o.s.b.f.s.DefaultListableBeanFactory     : Creating shared instance of singleton bean 'simpleControllerHandlerAdapter'
2025-07-30T17:03:39.863+05:30 TRACE 16196 --- [Spring_Boot_Start] [           main] o.s.b.f.s.DefaultListableBeanFactory     : Creating instance of bean 'simpleControllerHandlerAdapter'
2025-07-30T17:03:39.863+05:30 TRACE 16196 --- [Spring_Boot_Start] [           main] o.s.b.f.s.DefaultListableBeanFactory     : Returning cached instance of singleton bean 'org.springframework.boot.autoconfigure.web.servlet.WebMvcAutoConfiguration$EnableWebMvcConfiguration'
2025-07-30T17:03:39.864+05:30 TRACE 16196 --- [Spring_Boot_Start] [           main] o.s.b.f.s.DefaultListableBeanFactory     : Finished creating instance of bean 'simpleControllerHandlerAdapter'
2025-07-30T17:03:39.864+05:30 DEBUG 16196 --- [Spring_Boot_Start] [           main] o.s.b.f.s.DefaultListableBeanFactory     : Creating shared instance of singleton bean 'handlerExceptionResolver'
2025-07-30T17:03:39.864+05:30 TRACE 16196 --- [Spring_Boot_Start] [           main] o.s.b.f.s.DefaultListableBeanFactory     : Creating instance of bean 'handlerExceptionResolver'
2025-07-30T17:03:39.864+05:30 TRACE 16196 --- [Spring_Boot_Start] [           main] o.s.b.f.s.DefaultListableBeanFactory     : Returning cached instance of singleton bean 'org.springframework.boot.autoconfigure.web.servlet.WebMvcAutoConfiguration$EnableWebMvcConfiguration'
2025-07-30T17:03:39.864+05:30 TRACE 16196 --- [Spring_Boot_Start] [           main] o.s.b.f.s.DefaultListableBeanFactory     : Returning cached instance of singleton bean 'mvcContentNegotiationManager'
2025-07-30T17:03:39.864+05:30 DEBUG 16196 --- [Spring_Boot_Start] [           main] o.s.b.f.s.DefaultListableBeanFactory     : Autowiring by type from bean name 'handlerExceptionResolver' via factory method to bean named 'mvcContentNegotiationManager'
2025-07-30T17:03:39.869+05:30 DEBUG 16196 --- [Spring_Boot_Start] [           main] .m.m.a.ExceptionHandlerExceptionResolver : ControllerAdvice beans: 0 @ExceptionHandler, 1 ResponseBodyAdvice
2025-07-30T17:03:39.872+05:30 TRACE 16196 --- [Spring_Boot_Start] [           main] o.s.b.f.s.DefaultListableBeanFactory     : Finished creating instance of bean 'handlerExceptionResolver'
2025-07-30T17:03:39.872+05:30 TRACE 16196 --- [Spring_Boot_Start] [           main] o.s.b.f.s.DefaultListableBeanFactory     : Returning cached instance of singleton bean 'mvcViewResolver'
2025-07-30T17:03:39.872+05:30 TRACE 16196 --- [Spring_Boot_Start] [           main] o.s.b.f.s.DefaultListableBeanFactory     : Returning cached instance of singleton bean 'org.springframework.boot.autoconfigure.web.servlet.WebMvcAutoConfiguration$WebMvcAutoConfigurationAdapter'
2025-07-30T17:03:39.872+05:30 TRACE 16196 --- [Spring_Boot_Start] [           main] o.s.b.f.s.DefaultListableBeanFactory     : Returning cached instance of singleton bean 'defaultViewResolver'
2025-07-30T17:03:39.872+05:30 TRACE 16196 --- [Spring_Boot_Start] [           main] o.s.b.f.s.DefaultListableBeanFactory     : Returning cached instance of singleton bean 'viewResolver'
2025-07-30T17:03:39.872+05:30 DEBUG 16196 --- [Spring_Boot_Start] [           main] o.s.b.f.s.DefaultListableBeanFactory     : Creating shared instance of singleton bean 'requestContextFilter'
2025-07-30T17:03:39.872+05:30 TRACE 16196 --- [Spring_Boot_Start] [           main] o.s.b.f.s.DefaultListableBeanFactory     : Creating instance of bean 'requestContextFilter'
2025-07-30T17:03:39.874+05:30 TRACE 16196 --- [Spring_Boot_Start] [           main] o.s.b.f.s.DefaultListableBeanFactory     : Invoking afterPropertiesSet() on bean with name 'requestContextFilter'
2025-07-30T17:03:39.874+05:30 TRACE 16196 --- [Spring_Boot_Start] [           main] o.s.b.f.s.DefaultListableBeanFactory     : Finished creating instance of bean 'requestContextFilter'
2025-07-30T17:03:39.874+05:30 DEBUG 16196 --- [Spring_Boot_Start] [           main] o.s.b.f.s.DefaultListableBeanFactory     : Creating shared instance of singleton bean 'org.springframework.boot.autoconfigure.web.servlet.WebMvcAutoConfiguration'
2025-07-30T17:03:39.874+05:30 TRACE 16196 --- [Spring_Boot_Start] [           main] o.s.b.f.s.DefaultListableBeanFactory     : Creating instance of bean 'org.springframework.boot.autoconfigure.web.servlet.WebMvcAutoConfiguration'
2025-07-30T17:03:39.875+05:30 TRACE 16196 --- [Spring_Boot_Start] [           main] o.s.b.f.s.DefaultListableBeanFactory     : Finished creating instance of bean 'org.springframework.boot.autoconfigure.web.servlet.WebMvcAutoConfiguration'
2025-07-30T17:03:39.875+05:30 DEBUG 16196 --- [Spring_Boot_Start] [           main] o.s.b.f.s.DefaultListableBeanFactory     : Creating shared instance of singleton bean 'formContentFilter'
2025-07-30T17:03:39.875+05:30 TRACE 16196 --- [Spring_Boot_Start] [           main] o.s.b.f.s.DefaultListableBeanFactory     : Creating instance of bean 'formContentFilter'
2025-07-30T17:03:39.875+05:30 TRACE 16196 --- [Spring_Boot_Start] [           main] o.s.b.f.s.DefaultListableBeanFactory     : Returning cached instance of singleton bean 'org.springframework.boot.autoconfigure.web.servlet.WebMvcAutoConfiguration'
2025-07-30T17:03:39.876+05:30 TRACE 16196 --- [Spring_Boot_Start] [           main] o.s.b.f.s.DefaultListableBeanFactory     : Invoking afterPropertiesSet() on bean with name 'formContentFilter'
2025-07-30T17:03:39.877+05:30 TRACE 16196 --- [Spring_Boot_Start] [           main] o.s.b.f.s.DefaultListableBeanFactory     : Finished creating instance of bean 'formContentFilter'
2025-07-30T17:03:39.877+05:30 DEBUG 16196 --- [Spring_Boot_Start] [           main] o.s.b.f.s.DefaultListableBeanFactory     : Creating shared instance of singleton bean 'org.springframework.boot.autoconfigure.aop.AopAutoConfiguration$ClassProxyingConfiguration'
2025-07-30T17:03:39.877+05:30 TRACE 16196 --- [Spring_Boot_Start] [           main] o.s.b.f.s.DefaultListableBeanFactory     : Creating instance of bean 'org.springframework.boot.autoconfigure.aop.AopAutoConfiguration$ClassProxyingConfiguration'
2025-07-30T17:03:39.877+05:30 TRACE 16196 --- [Spring_Boot_Start] [           main] o.s.b.f.s.DefaultListableBeanFactory     : Finished creating instance of bean 'org.springframework.boot.autoconfigure.aop.AopAutoConfiguration$ClassProxyingConfiguration'
2025-07-30T17:03:39.877+05:30 TRACE 16196 --- [Spring_Boot_Start] [           main] o.s.b.f.s.DefaultListableBeanFactory     : Returning cached instance of singleton bean 'forceAutoProxyCreatorToUseClassProxying'
2025-07-30T17:03:39.877+05:30 DEBUG 16196 --- [Spring_Boot_Start] [           main] o.s.b.f.s.DefaultListableBeanFactory     : Creating shared instance of singleton bean 'org.springframework.boot.autoconfigure.aop.AopAutoConfiguration'
2025-07-30T17:03:39.877+05:30 TRACE 16196 --- [Spring_Boot_Start] [           main] o.s.b.f.s.DefaultListableBeanFactory     : Creating instance of bean 'org.springframework.boot.autoconfigure.aop.AopAutoConfiguration'
2025-07-30T17:03:39.878+05:30 TRACE 16196 --- [Spring_Boot_Start] [           main] o.s.b.f.s.DefaultListableBeanFactory     : Finished creating instance of bean 'org.springframework.boot.autoconfigure.aop.AopAutoConfiguration'
2025-07-30T17:03:39.878+05:30 DEBUG 16196 --- [Spring_Boot_Start] [           main] o.s.b.f.s.DefaultListableBeanFactory     : Creating shared instance of singleton bean 'org.springframework.boot.autoconfigure.availability.ApplicationAvailabilityAutoConfiguration'
2025-07-30T17:03:39.878+05:30 TRACE 16196 --- [Spring_Boot_Start] [           main] o.s.b.f.s.DefaultListableBeanFactory     : Creating instance of bean 'org.springframework.boot.autoconfigure.availability.ApplicationAvailabilityAutoConfiguration'
2025-07-30T17:03:39.878+05:30 TRACE 16196 --- [Spring_Boot_Start] [           main] o.s.b.f.s.DefaultListableBeanFactory     : Finished creating instance of bean 'org.springframework.boot.autoconfigure.availability.ApplicationAvailabilityAutoConfiguration'
2025-07-30T17:03:39.878+05:30 DEBUG 16196 --- [Spring_Boot_Start] [           main] o.s.b.f.s.DefaultListableBeanFactory     : Creating shared instance of singleton bean 'applicationAvailability'
2025-07-30T17:03:39.878+05:30 TRACE 16196 --- [Spring_Boot_Start] [           main] o.s.b.f.s.DefaultListableBeanFactory     : Creating instance of bean 'applicationAvailability'
2025-07-30T17:03:39.878+05:30 TRACE 16196 --- [Spring_Boot_Start] [           main] o.s.b.f.s.DefaultListableBeanFactory     : Returning cached instance of singleton bean 'org.springframework.boot.autoconfigure.availability.ApplicationAvailabilityAutoConfiguration'
2025-07-30T17:03:39.880+05:30 TRACE 16196 --- [Spring_Boot_Start] [           main] o.s.b.f.s.DefaultListableBeanFactory     : Finished creating instance of bean 'applicationAvailability'
2025-07-30T17:03:39.880+05:30 TRACE 16196 --- [Spring_Boot_Start] [           main] o.s.b.f.s.DefaultListableBeanFactory     : Returning cached instance of singleton bean 'org.springframework.boot.autoconfigure.jackson.JacksonAutoConfiguration$Jackson2ObjectMapperBuilderCustomizerConfiguration'
2025-07-30T17:03:39.880+05:30 TRACE 16196 --- [Spring_Boot_Start] [           main] o.s.b.f.s.DefaultListableBeanFactory     : Returning cached instance of singleton bean 'standardJacksonObjectMapperBuilderCustomizer'
2025-07-30T17:03:39.880+05:30 TRACE 16196 --- [Spring_Boot_Start] [           main] o.s.b.f.s.DefaultListableBeanFactory     : Returning cached instance of singleton bean 'spring.jackson-org.springframework.boot.autoconfigure.jackson.JacksonProperties'
2025-07-30T17:03:39.880+05:30 TRACE 16196 --- [Spring_Boot_Start] [           main] o.s.b.f.s.DefaultListableBeanFactory     : Returning cached instance of singleton bean 'org.springframework.boot.autoconfigure.jackson.JacksonAutoConfiguration$JacksonObjectMapperBuilderConfiguration'
2025-07-30T17:03:39.880+05:30 TRACE 16196 --- [Spring_Boot_Start] [           main] o.s.b.f.s.DefaultListableBeanFactory     : Returning cached instance of singleton bean 'org.springframework.boot.autoconfigure.jackson.JacksonAutoConfiguration$ParameterNamesModuleConfiguration'
2025-07-30T17:03:39.880+05:30 TRACE 16196 --- [Spring_Boot_Start] [           main] o.s.b.f.s.DefaultListableBeanFactory     : Returning cached instance of singleton bean 'parameterNamesModule'
2025-07-30T17:03:39.880+05:30 TRACE 16196 --- [Spring_Boot_Start] [           main] o.s.b.f.s.DefaultListableBeanFactory     : Returning cached instance of singleton bean 'org.springframework.boot.autoconfigure.jackson.JacksonAutoConfiguration$JacksonObjectMapperConfiguration'
2025-07-30T17:03:39.880+05:30 TRACE 16196 --- [Spring_Boot_Start] [           main] o.s.b.f.s.DefaultListableBeanFactory     : Returning cached instance of singleton bean 'jacksonObjectMapper'
2025-07-30T17:03:39.880+05:30 TRACE 16196 --- [Spring_Boot_Start] [           main] o.s.b.f.s.DefaultListableBeanFactory     : Returning cached instance of singleton bean 'org.springframework.boot.autoconfigure.jackson.JacksonAutoConfiguration$JacksonMixinConfiguration'
2025-07-30T17:03:39.880+05:30 TRACE 16196 --- [Spring_Boot_Start] [           main] o.s.b.f.s.DefaultListableBeanFactory     : Returning cached instance of singleton bean 'jsonMixinModuleEntries'
2025-07-30T17:03:39.880+05:30 TRACE 16196 --- [Spring_Boot_Start] [           main] o.s.b.f.s.DefaultListableBeanFactory     : Returning cached instance of singleton bean 'jsonMixinModule'
2025-07-30T17:03:39.880+05:30 TRACE 16196 --- [Spring_Boot_Start] [           main] o.s.b.f.s.DefaultListableBeanFactory     : Returning cached instance of singleton bean 'org.springframework.boot.autoconfigure.jackson.JacksonAutoConfiguration'
2025-07-30T17:03:39.880+05:30 TRACE 16196 --- [Spring_Boot_Start] [           main] o.s.b.f.s.DefaultListableBeanFactory     : Returning cached instance of singleton bean 'jsonComponentModule'
2025-07-30T17:03:39.880+05:30 DEBUG 16196 --- [Spring_Boot_Start] [           main] o.s.b.f.s.DefaultListableBeanFactory     : Creating shared instance of singleton bean 'org.springframework.boot.autoconfigure.context.ConfigurationPropertiesAutoConfiguration'
2025-07-30T17:03:39.880+05:30 TRACE 16196 --- [Spring_Boot_Start] [           main] o.s.b.f.s.DefaultListableBeanFactory     : Creating instance of bean 'org.springframework.boot.autoconfigure.context.ConfigurationPropertiesAutoConfiguration'
2025-07-30T17:03:39.881+05:30 TRACE 16196 --- [Spring_Boot_Start] [           main] o.s.b.f.s.DefaultListableBeanFactory     : Finished creating instance of bean 'org.springframework.boot.autoconfigure.context.ConfigurationPropertiesAutoConfiguration'
2025-07-30T17:03:39.881+05:30 DEBUG 16196 --- [Spring_Boot_Start] [           main] o.s.b.f.s.DefaultListableBeanFactory     : Creating shared instance of singleton bean 'org.springframework.boot.autoconfigure.context.LifecycleAutoConfiguration'
2025-07-30T17:03:39.881+05:30 TRACE 16196 --- [Spring_Boot_Start] [           main] o.s.b.f.s.DefaultListableBeanFactory     : Creating instance of bean 'org.springframework.boot.autoconfigure.context.LifecycleAutoConfiguration'
2025-07-30T17:03:39.881+05:30 TRACE 16196 --- [Spring_Boot_Start] [           main] o.s.b.f.s.DefaultListableBeanFactory     : Finished creating instance of bean 'org.springframework.boot.autoconfigure.context.LifecycleAutoConfiguration'
2025-07-30T17:03:39.881+05:30 DEBUG 16196 --- [Spring_Boot_Start] [           main] o.s.b.f.s.DefaultListableBeanFactory     : Creating shared instance of singleton bean 'lifecycleProcessor'
2025-07-30T17:03:39.881+05:30 TRACE 16196 --- [Spring_Boot_Start] [           main] o.s.b.f.s.DefaultListableBeanFactory     : Creating instance of bean 'lifecycleProcessor'
2025-07-30T17:03:39.881+05:30 TRACE 16196 --- [Spring_Boot_Start] [           main] o.s.b.f.s.DefaultListableBeanFactory     : Returning cached instance of singleton bean 'org.springframework.boot.autoconfigure.context.LifecycleAutoConfiguration'
2025-07-30T17:03:39.882+05:30 DEBUG 16196 --- [Spring_Boot_Start] [           main] o.s.b.f.s.DefaultListableBeanFactory     : Creating shared instance of singleton bean 'spring.lifecycle-org.springframework.boot.autoconfigure.context.LifecycleProperties'
2025-07-30T17:03:39.882+05:30 TRACE 16196 --- [Spring_Boot_Start] [           main] o.s.b.f.s.DefaultListableBeanFactory     : Creating instance of bean 'spring.lifecycle-org.springframework.boot.autoconfigure.context.LifecycleProperties'
2025-07-30T17:03:39.882+05:30 TRACE 16196 --- [Spring_Boot_Start] [           main] o.s.b.f.s.DefaultListableBeanFactory     : Returning cached instance of singleton bean 'org.springframework.boot.context.properties.BoundConfigurationProperties'
2025-07-30T17:03:39.883+05:30 TRACE 16196 --- [Spring_Boot_Start] [           main] o.s.b.f.s.DefaultListableBeanFactory     : Finished creating instance of bean 'spring.lifecycle-org.springframework.boot.autoconfigure.context.LifecycleProperties'
2025-07-30T17:03:39.883+05:30 DEBUG 16196 --- [Spring_Boot_Start] [           main] o.s.b.f.s.DefaultListableBeanFactory     : Autowiring by type from bean name 'lifecycleProcessor' via factory method to bean named 'spring.lifecycle-org.springframework.boot.autoconfigure.context.LifecycleProperties'
2025-07-30T17:03:39.885+05:30 TRACE 16196 --- [Spring_Boot_Start] [           main] o.s.b.f.s.DefaultListableBeanFactory     : Finished creating instance of bean 'lifecycleProcessor'
2025-07-30T17:03:39.885+05:30 TRACE 16196 --- [Spring_Boot_Start] [           main] o.s.b.f.s.DefaultListableBeanFactory     : Returning cached instance of singleton bean 'spring.lifecycle-org.springframework.boot.autoconfigure.context.LifecycleProperties'
2025-07-30T17:03:39.885+05:30 TRACE 16196 --- [Spring_Boot_Start] [           main] o.s.b.f.s.DefaultListableBeanFactory     : Returning cached instance of singleton bean 'org.springframework.boot.autoconfigure.http.HttpMessageConvertersAutoConfiguration$StringHttpMessageConverterConfiguration'
2025-07-30T17:03:39.885+05:30 TRACE 16196 --- [Spring_Boot_Start] [           main] o.s.b.f.s.DefaultListableBeanFactory     : Returning cached instance of singleton bean 'stringHttpMessageConverter'
2025-07-30T17:03:39.885+05:30 TRACE 16196 --- [Spring_Boot_Start] [           main] o.s.b.f.s.DefaultListableBeanFactory     : Returning cached instance of singleton bean 'org.springframework.boot.autoconfigure.http.JacksonHttpMessageConvertersConfiguration$MappingJackson2HttpMessageConverterConfiguration'
2025-07-30T17:03:39.885+05:30 TRACE 16196 --- [Spring_Boot_Start] [           main] o.s.b.f.s.DefaultListableBeanFactory     : Returning cached instance of singleton bean 'mappingJackson2HttpMessageConverter'
2025-07-30T17:03:39.885+05:30 DEBUG 16196 --- [Spring_Boot_Start] [           main] o.s.b.f.s.DefaultListableBeanFactory     : Creating shared instance of singleton bean 'org.springframework.boot.autoconfigure.http.JacksonHttpMessageConvertersConfiguration'
2025-07-30T17:03:39.885+05:30 TRACE 16196 --- [Spring_Boot_Start] [           main] o.s.b.f.s.DefaultListableBeanFactory     : Creating instance of bean 'org.springframework.boot.autoconfigure.http.JacksonHttpMessageConvertersConfiguration'
2025-07-30T17:03:39.886+05:30 TRACE 16196 --- [Spring_Boot_Start] [           main] o.s.b.f.s.DefaultListableBeanFactory     : Finished creating instance of bean 'org.springframework.boot.autoconfigure.http.JacksonHttpMessageConvertersConfiguration'
2025-07-30T17:03:39.886+05:30 TRACE 16196 --- [Spring_Boot_Start] [           main] o.s.b.f.s.DefaultListableBeanFactory     : Returning cached instance of singleton bean 'org.springframework.boot.autoconfigure.http.HttpMessageConvertersAutoConfiguration'
2025-07-30T17:03:39.886+05:30 TRACE 16196 --- [Spring_Boot_Start] [           main] o.s.b.f.s.DefaultListableBeanFactory     : Returning cached instance of singleton bean 'messageConverters'
2025-07-30T17:03:39.886+05:30 DEBUG 16196 --- [Spring_Boot_Start] [           main] o.s.b.f.s.DefaultListableBeanFactory     : Creating shared instance of singleton bean 'org.springframework.boot.autoconfigure.http.client.HttpClientAutoConfiguration'
2025-07-30T17:03:39.886+05:30 TRACE 16196 --- [Spring_Boot_Start] [           main] o.s.b.f.s.DefaultListableBeanFactory     : Creating instance of bean 'org.springframework.boot.autoconfigure.http.client.HttpClientAutoConfiguration'
2025-07-30T17:03:39.887+05:30 DEBUG 16196 --- [Spring_Boot_Start] [           main] o.s.b.f.s.DefaultListableBeanFactory     : Creating shared instance of singleton bean 'spring.http.client-org.springframework.boot.autoconfigure.http.client.HttpClientProperties'
2025-07-30T17:03:39.887+05:30 TRACE 16196 --- [Spring_Boot_Start] [           main] o.s.b.f.s.DefaultListableBeanFactory     : Creating instance of bean 'spring.http.client-org.springframework.boot.autoconfigure.http.client.HttpClientProperties'
2025-07-30T17:03:39.889+05:30 TRACE 16196 --- [Spring_Boot_Start] [           main] o.s.b.f.s.DefaultListableBeanFactory     : Returning cached instance of singleton bean 'org.springframework.boot.context.properties.BoundConfigurationProperties'
2025-07-30T17:03:39.891+05:30 TRACE 16196 --- [Spring_Boot_Start] [           main] o.s.b.f.s.DefaultListableBeanFactory     : Finished creating instance of bean 'spring.http.client-org.springframework.boot.autoconfigure.http.client.HttpClientProperties'
2025-07-30T17:03:39.891+05:30 DEBUG 16196 --- [Spring_Boot_Start] [           main] o.s.b.f.s.DefaultListableBeanFactory     : Autowiring by type from bean name 'org.springframework.boot.autoconfigure.http.client.HttpClientAutoConfiguration' via constructor to bean named 'spring.http.client-org.springframework.boot.autoconfigure.http.client.HttpClientProperties'
2025-07-30T17:03:39.891+05:30 TRACE 16196 --- [Spring_Boot_Start] [           main] o.s.b.f.s.DefaultListableBeanFactory     : Finished creating instance of bean 'org.springframework.boot.autoconfigure.http.client.HttpClientAutoConfiguration'
2025-07-30T17:03:39.892+05:30 DEBUG 16196 --- [Spring_Boot_Start] [           main] o.s.b.f.s.DefaultListableBeanFactory     : Creating shared instance of singleton bean 'clientHttpRequestFactoryBuilder'
2025-07-30T17:03:39.892+05:30 TRACE 16196 --- [Spring_Boot_Start] [           main] o.s.b.f.s.DefaultListableBeanFactory     : Creating instance of bean 'clientHttpRequestFactoryBuilder'
2025-07-30T17:03:39.892+05:30 TRACE 16196 --- [Spring_Boot_Start] [           main] o.s.b.f.s.DefaultListableBeanFactory     : Returning cached instance of singleton bean 'org.springframework.boot.autoconfigure.http.client.HttpClientAutoConfiguration'
2025-07-30T17:03:39.903+05:30 TRACE 16196 --- [Spring_Boot_Start] [           main] o.s.b.f.s.DefaultListableBeanFactory     : Finished creating instance of bean 'clientHttpRequestFactoryBuilder'
2025-07-30T17:03:39.903+05:30 DEBUG 16196 --- [Spring_Boot_Start] [           main] o.s.b.f.s.DefaultListableBeanFactory     : Creating shared instance of singleton bean 'clientHttpRequestFactorySettings'
2025-07-30T17:03:39.904+05:30 TRACE 16196 --- [Spring_Boot_Start] [           main] o.s.b.f.s.DefaultListableBeanFactory     : Creating instance of bean 'clientHttpRequestFactorySettings'
2025-07-30T17:03:39.904+05:30 TRACE 16196 --- [Spring_Boot_Start] [           main] o.s.b.f.s.DefaultListableBeanFactory     : Returning cached instance of singleton bean 'org.springframework.boot.autoconfigure.http.client.HttpClientAutoConfiguration'
2025-07-30T17:03:39.907+05:30 TRACE 16196 --- [Spring_Boot_Start] [           main] o.s.b.f.s.DefaultListableBeanFactory     : Finished creating instance of bean 'clientHttpRequestFactorySettings'
2025-07-30T17:03:39.907+05:30 TRACE 16196 --- [Spring_Boot_Start] [           main] o.s.b.f.s.DefaultListableBeanFactory     : Returning cached instance of singleton bean 'spring.http.client-org.springframework.boot.autoconfigure.http.client.HttpClientProperties'
2025-07-30T17:03:39.907+05:30 DEBUG 16196 --- [Spring_Boot_Start] [           main] o.s.b.f.s.DefaultListableBeanFactory     : Creating shared instance of singleton bean 'org.springframework.boot.autoconfigure.info.ProjectInfoAutoConfiguration'
2025-07-30T17:03:39.907+05:30 TRACE 16196 --- [Spring_Boot_Start] [           main] o.s.b.f.s.DefaultListableBeanFactory     : Creating instance of bean 'org.springframework.boot.autoconfigure.info.ProjectInfoAutoConfiguration'
2025-07-30T17:03:39.911+05:30 DEBUG 16196 --- [Spring_Boot_Start] [           main] o.s.b.f.s.DefaultListableBeanFactory     : Creating shared instance of singleton bean 'spring.info-org.springframework.boot.autoconfigure.info.ProjectInfoProperties'
2025-07-30T17:03:39.911+05:30 TRACE 16196 --- [Spring_Boot_Start] [           main] o.s.b.f.s.DefaultListableBeanFactory     : Creating instance of bean 'spring.info-org.springframework.boot.autoconfigure.info.ProjectInfoProperties'
2025-07-30T17:03:39.912+05:30 TRACE 16196 --- [Spring_Boot_Start] [           main] o.s.b.f.s.DefaultListableBeanFactory     : Returning cached instance of singleton bean 'org.springframework.boot.context.properties.BoundConfigurationProperties'
2025-07-30T17:03:39.913+05:30 TRACE 16196 --- [Spring_Boot_Start] [           main] o.s.b.f.s.DefaultListableBeanFactory     : Finished creating instance of bean 'spring.info-org.springframework.boot.autoconfigure.info.ProjectInfoProperties'
2025-07-30T17:03:39.913+05:30 DEBUG 16196 --- [Spring_Boot_Start] [           main] o.s.b.f.s.DefaultListableBeanFactory     : Autowiring by type from bean name 'org.springframework.boot.autoconfigure.info.ProjectInfoAutoConfiguration' via constructor to bean named 'spring.info-org.springframework.boot.autoconfigure.info.ProjectInfoProperties'
2025-07-30T17:03:39.914+05:30 TRACE 16196 --- [Spring_Boot_Start] [           main] o.s.b.f.s.DefaultListableBeanFactory     : Finished creating instance of bean 'org.springframework.boot.autoconfigure.info.ProjectInfoAutoConfiguration'
2025-07-30T17:03:39.914+05:30 TRACE 16196 --- [Spring_Boot_Start] [           main] o.s.b.f.s.DefaultListableBeanFactory     : Returning cached instance of singleton bean 'spring.info-org.springframework.boot.autoconfigure.info.ProjectInfoProperties'
2025-07-30T17:03:39.914+05:30 DEBUG 16196 --- [Spring_Boot_Start] [           main] o.s.b.f.s.DefaultListableBeanFactory     : Creating shared instance of singleton bean 'org.springframework.boot.autoconfigure.sql.init.SqlInitializationAutoConfiguration'
2025-07-30T17:03:39.914+05:30 TRACE 16196 --- [Spring_Boot_Start] [           main] o.s.b.f.s.DefaultListableBeanFactory     : Creating instance of bean 'org.springframework.boot.autoconfigure.sql.init.SqlInitializationAutoConfiguration'
2025-07-30T17:03:39.914+05:30 TRACE 16196 --- [Spring_Boot_Start] [           main] o.s.b.f.s.DefaultListableBeanFactory     : Finished creating instance of bean 'org.springframework.boot.autoconfigure.sql.init.SqlInitializationAutoConfiguration'
2025-07-30T17:03:39.914+05:30 DEBUG 16196 --- [Spring_Boot_Start] [           main] o.s.b.f.s.DefaultListableBeanFactory     : Creating shared instance of singleton bean 'spring.sql.init-org.springframework.boot.autoconfigure.sql.init.SqlInitializationProperties'
2025-07-30T17:03:39.914+05:30 TRACE 16196 --- [Spring_Boot_Start] [           main] o.s.b.f.s.DefaultListableBeanFactory     : Creating instance of bean 'spring.sql.init-org.springframework.boot.autoconfigure.sql.init.SqlInitializationProperties'
2025-07-30T17:03:39.915+05:30 TRACE 16196 --- [Spring_Boot_Start] [           main] o.s.b.f.s.DefaultListableBeanFactory     : Returning cached instance of singleton bean 'org.springframework.boot.context.properties.BoundConfigurationProperties'
2025-07-30T17:03:39.916+05:30 TRACE 16196 --- [Spring_Boot_Start] [           main] o.s.b.f.s.DefaultListableBeanFactory     : Finished creating instance of bean 'spring.sql.init-org.springframework.boot.autoconfigure.sql.init.SqlInitializationProperties'
2025-07-30T17:03:39.916+05:30 TRACE 16196 --- [Spring_Boot_Start] [           main] o.s.b.f.s.DefaultListableBeanFactory     : Returning cached instance of singleton bean 'org.springframework.boot.sql.init.dependency.DatabaseInitializationDependencyConfigurer$DependsOnDatabaseInitializationPostProcessor'
2025-07-30T17:03:39.916+05:30 DEBUG 16196 --- [Spring_Boot_Start] [           main] o.s.b.f.s.DefaultListableBeanFactory     : Creating shared instance of singleton bean 'org.springframework.boot.autoconfigure.task.TaskSchedulingConfigurations$ThreadPoolTaskSchedulerBuilderConfiguration'
2025-07-30T17:03:39.917+05:30 TRACE 16196 --- [Spring_Boot_Start] [           main] o.s.b.f.s.DefaultListableBeanFactory     : Creating instance of bean 'org.springframework.boot.autoconfigure.task.TaskSchedulingConfigurations$ThreadPoolTaskSchedulerBuilderConfiguration'
2025-07-30T17:03:39.917+05:30 TRACE 16196 --- [Spring_Boot_Start] [           main] o.s.b.f.s.DefaultListableBeanFactory     : Finished creating instance of bean 'org.springframework.boot.autoconfigure.task.TaskSchedulingConfigurations$ThreadPoolTaskSchedulerBuilderConfiguration'
2025-07-30T17:03:39.917+05:30 DEBUG 16196 --- [Spring_Boot_Start] [           main] o.s.b.f.s.DefaultListableBeanFactory     : Creating shared instance of singleton bean 'threadPoolTaskSchedulerBuilder'
2025-07-30T17:03:39.917+05:30 TRACE 16196 --- [Spring_Boot_Start] [           main] o.s.b.f.s.DefaultListableBeanFactory     : Creating instance of bean 'threadPoolTaskSchedulerBuilder'
2025-07-30T17:03:39.917+05:30 TRACE 16196 --- [Spring_Boot_Start] [           main] o.s.b.f.s.DefaultListableBeanFactory     : Returning cached instance of singleton bean 'org.springframework.boot.autoconfigure.task.TaskSchedulingConfigurations$ThreadPoolTaskSchedulerBuilderConfiguration'
2025-07-30T17:03:39.918+05:30 DEBUG 16196 --- [Spring_Boot_Start] [           main] o.s.b.f.s.DefaultListableBeanFactory     : Creating shared instance of singleton bean 'spring.task.scheduling-org.springframework.boot.autoconfigure.task.TaskSchedulingProperties'
2025-07-30T17:03:39.918+05:30 TRACE 16196 --- [Spring_Boot_Start] [           main] o.s.b.f.s.DefaultListableBeanFactory     : Creating instance of bean 'spring.task.scheduling-org.springframework.boot.autoconfigure.task.TaskSchedulingProperties'
2025-07-30T17:03:39.918+05:30 TRACE 16196 --- [Spring_Boot_Start] [           main] o.s.b.f.s.DefaultListableBeanFactory     : Returning cached instance of singleton bean 'org.springframework.boot.context.properties.BoundConfigurationProperties'
2025-07-30T17:03:39.919+05:30 TRACE 16196 --- [Spring_Boot_Start] [           main] o.s.b.f.s.DefaultListableBeanFactory     : Finished creating instance of bean 'spring.task.scheduling-org.springframework.boot.autoconfigure.task.TaskSchedulingProperties'
2025-07-30T17:03:39.919+05:30 DEBUG 16196 --- [Spring_Boot_Start] [           main] o.s.b.f.s.DefaultListableBeanFactory     : Autowiring by type from bean name 'threadPoolTaskSchedulerBuilder' via factory method to bean named 'spring.task.scheduling-org.springframework.boot.autoconfigure.task.TaskSchedulingProperties'
2025-07-30T17:03:39.921+05:30 TRACE 16196 --- [Spring_Boot_Start] [           main] o.s.b.f.s.DefaultListableBeanFactory     : Finished creating instance of bean 'threadPoolTaskSchedulerBuilder'
2025-07-30T17:03:39.922+05:30 DEBUG 16196 --- [Spring_Boot_Start] [           main] o.s.b.f.s.DefaultListableBeanFactory     : Creating shared instance of singleton bean 'org.springframework.boot.autoconfigure.task.TaskSchedulingConfigurations$SimpleAsyncTaskSchedulerBuilderConfiguration'
2025-07-30T17:03:39.922+05:30 TRACE 16196 --- [Spring_Boot_Start] [           main] o.s.b.f.s.DefaultListableBeanFactory     : Creating instance of bean 'org.springframework.boot.autoconfigure.task.TaskSchedulingConfigurations$SimpleAsyncTaskSchedulerBuilderConfiguration'
2025-07-30T17:03:39.923+05:30 TRACE 16196 --- [Spring_Boot_Start] [           main] o.s.b.f.s.DefaultListableBeanFactory     : Returning cached instance of singleton bean 'spring.task.scheduling-org.springframework.boot.autoconfigure.task.TaskSchedulingProperties'
2025-07-30T17:03:39.923+05:30 DEBUG 16196 --- [Spring_Boot_Start] [           main] o.s.b.f.s.DefaultListableBeanFactory     : Autowiring by type from bean name 'org.springframework.boot.autoconfigure.task.TaskSchedulingConfigurations$SimpleAsyncTaskSchedulerBuilderConfiguration' via constructor to bean named 'spring.task.scheduling-org.springframework.boot.autoconfigure.task.TaskSchedulingProperties'
2025-07-30T17:03:39.923+05:30 TRACE 16196 --- [Spring_Boot_Start] [           main] o.s.b.f.s.DefaultListableBeanFactory     : Finished creating instance of bean 'org.springframework.boot.autoconfigure.task.TaskSchedulingConfigurations$SimpleAsyncTaskSchedulerBuilderConfiguration'
2025-07-30T17:03:39.923+05:30 DEBUG 16196 --- [Spring_Boot_Start] [           main] o.s.b.f.s.DefaultListableBeanFactory     : Creating shared instance of singleton bean 'simpleAsyncTaskSchedulerBuilder'
2025-07-30T17:03:39.923+05:30 TRACE 16196 --- [Spring_Boot_Start] [           main] o.s.b.f.s.DefaultListableBeanFactory     : Creating instance of bean 'simpleAsyncTaskSchedulerBuilder'
2025-07-30T17:03:39.923+05:30 TRACE 16196 --- [Spring_Boot_Start] [           main] o.s.b.f.s.DefaultListableBeanFactory     : Returning cached instance of singleton bean 'org.springframework.boot.autoconfigure.task.TaskSchedulingConfigurations$SimpleAsyncTaskSchedulerBuilderConfiguration'
2025-07-30T17:03:39.927+05:30 TRACE 16196 --- [Spring_Boot_Start] [           main] o.s.b.f.s.DefaultListableBeanFactory     : Finished creating instance of bean 'simpleAsyncTaskSchedulerBuilder'
2025-07-30T17:03:39.927+05:30 DEBUG 16196 --- [Spring_Boot_Start] [           main] o.s.b.f.s.DefaultListableBeanFactory     : Creating shared instance of singleton bean 'org.springframework.boot.autoconfigure.task.TaskSchedulingAutoConfiguration'
2025-07-30T17:03:39.927+05:30 TRACE 16196 --- [Spring_Boot_Start] [           main] o.s.b.f.s.DefaultListableBeanFactory     : Creating instance of bean 'org.springframework.boot.autoconfigure.task.TaskSchedulingAutoConfiguration'
2025-07-30T17:03:39.928+05:30 TRACE 16196 --- [Spring_Boot_Start] [           main] o.s.b.f.s.DefaultListableBeanFactory     : Finished creating instance of bean 'org.springframework.boot.autoconfigure.task.TaskSchedulingAutoConfiguration'
2025-07-30T17:03:39.928+05:30 TRACE 16196 --- [Spring_Boot_Start] [           main] o.s.b.f.s.DefaultListableBeanFactory     : Returning cached instance of singleton bean 'spring.task.scheduling-org.springframework.boot.autoconfigure.task.TaskSchedulingProperties'
2025-07-30T17:03:39.928+05:30 DEBUG 16196 --- [Spring_Boot_Start] [           main] o.s.b.f.s.DefaultListableBeanFactory     : Creating shared instance of singleton bean 'org.springframework.boot.autoconfigure.web.client.RestClientAutoConfiguration'
2025-07-30T17:03:39.928+05:30 TRACE 16196 --- [Spring_Boot_Start] [           main] o.s.b.f.s.DefaultListableBeanFactory     : Creating instance of bean 'org.springframework.boot.autoconfigure.web.client.RestClientAutoConfiguration'
2025-07-30T17:03:39.928+05:30 TRACE 16196 --- [Spring_Boot_Start] [           main] o.s.b.f.s.DefaultListableBeanFactory     : Finished creating instance of bean 'org.springframework.boot.autoconfigure.web.client.RestClientAutoConfiguration'
2025-07-30T17:03:39.928+05:30 DEBUG 16196 --- [Spring_Boot_Start] [           main] o.s.b.f.s.DefaultListableBeanFactory     : Creating shared instance of singleton bean 'httpMessageConvertersRestClientCustomizer'
2025-07-30T17:03:39.928+05:30 TRACE 16196 --- [Spring_Boot_Start] [           main] o.s.b.f.s.DefaultListableBeanFactory     : Creating instance of bean 'httpMessageConvertersRestClientCustomizer'
2025-07-30T17:03:39.928+05:30 TRACE 16196 --- [Spring_Boot_Start] [           main] o.s.b.f.s.DefaultListableBeanFactory     : Returning cached instance of singleton bean 'org.springframework.boot.autoconfigure.web.client.RestClientAutoConfiguration'
2025-07-30T17:03:39.929+05:30 TRACE 16196 --- [Spring_Boot_Start] [           main] o.s.b.f.s.DefaultListableBeanFactory     : Returning cached instance of singleton bean 'messageConverters'
2025-07-30T17:03:39.929+05:30 TRACE 16196 --- [Spring_Boot_Start] [           main] o.s.b.f.s.DefaultListableBeanFactory     : Finished creating instance of bean 'httpMessageConvertersRestClientCustomizer'
2025-07-30T17:03:39.929+05:30 DEBUG 16196 --- [Spring_Boot_Start] [           main] o.s.b.f.s.DefaultListableBeanFactory     : Creating shared instance of singleton bean 'restClientSsl'
2025-07-30T17:03:39.929+05:30 TRACE 16196 --- [Spring_Boot_Start] [           main] o.s.b.f.s.DefaultListableBeanFactory     : Creating instance of bean 'restClientSsl'
2025-07-30T17:03:39.929+05:30 TRACE 16196 --- [Spring_Boot_Start] [           main] o.s.b.f.s.DefaultListableBeanFactory     : Returning cached instance of singleton bean 'org.springframework.boot.autoconfigure.web.client.RestClientAutoConfiguration'
2025-07-30T17:03:39.929+05:30 TRACE 16196 --- [Spring_Boot_Start] [           main] o.s.b.f.s.DefaultListableBeanFactory     : Returning cached instance of singleton bean 'sslBundleRegistry'
2025-07-30T17:03:39.930+05:30 DEBUG 16196 --- [Spring_Boot_Start] [           main] o.s.b.f.s.DefaultListableBeanFactory     : Autowiring by type from bean name 'restClientSsl' via factory method to bean named 'sslBundleRegistry'
2025-07-30T17:03:39.931+05:30 TRACE 16196 --- [Spring_Boot_Start] [           main] o.s.b.f.s.DefaultListableBeanFactory     : Returning cached instance of singleton bean 'clientHttpRequestFactoryBuilder'
2025-07-30T17:03:39.932+05:30 TRACE 16196 --- [Spring_Boot_Start] [           main] o.s.b.f.s.DefaultListableBeanFactory     : Returning cached instance of singleton bean 'clientHttpRequestFactorySettings'
2025-07-30T17:03:39.932+05:30 TRACE 16196 --- [Spring_Boot_Start] [           main] o.s.b.f.s.DefaultListableBeanFactory     : Finished creating instance of bean 'restClientSsl'
2025-07-30T17:03:39.932+05:30 DEBUG 16196 --- [Spring_Boot_Start] [           main] o.s.b.f.s.DefaultListableBeanFactory     : Creating shared instance of singleton bean 'restClientBuilderConfigurer'
2025-07-30T17:03:39.932+05:30 TRACE 16196 --- [Spring_Boot_Start] [           main] o.s.b.f.s.DefaultListableBeanFactory     : Creating instance of bean 'restClientBuilderConfigurer'
2025-07-30T17:03:39.932+05:30 TRACE 16196 --- [Spring_Boot_Start] [           main] o.s.b.f.s.DefaultListableBeanFactory     : Returning cached instance of singleton bean 'org.springframework.boot.autoconfigure.web.client.RestClientAutoConfiguration'
2025-07-30T17:03:39.933+05:30 TRACE 16196 --- [Spring_Boot_Start] [           main] o.s.b.f.s.DefaultListableBeanFactory     : Returning cached instance of singleton bean 'clientHttpRequestFactoryBuilder'
2025-07-30T17:03:39.933+05:30 TRACE 16196 --- [Spring_Boot_Start] [           main] o.s.b.f.s.DefaultListableBeanFactory     : Returning cached instance of singleton bean 'clientHttpRequestFactorySettings'
2025-07-30T17:03:39.934+05:30 TRACE 16196 --- [Spring_Boot_Start] [           main] o.s.b.f.s.DefaultListableBeanFactory     : Returning cached instance of singleton bean 'httpMessageConvertersRestClientCustomizer'
2025-07-30T17:03:39.934+05:30 TRACE 16196 --- [Spring_Boot_Start] [           main] o.s.b.f.s.DefaultListableBeanFactory     : Returning cached instance of singleton bean 'httpMessageConvertersRestClientCustomizer'
2025-07-30T17:03:39.934+05:30 TRACE 16196 --- [Spring_Boot_Start] [           main] o.s.b.f.s.DefaultListableBeanFactory     : Finished creating instance of bean 'restClientBuilderConfigurer'
2025-07-30T17:03:39.934+05:30 DEBUG 16196 --- [Spring_Boot_Start] [           main] o.s.b.f.s.DefaultListableBeanFactory     : Creating shared instance of singleton bean 'org.springframework.boot.autoconfigure.web.client.RestTemplateAutoConfiguration'
2025-07-30T17:03:39.934+05:30 TRACE 16196 --- [Spring_Boot_Start] [           main] o.s.b.f.s.DefaultListableBeanFactory     : Creating instance of bean 'org.springframework.boot.autoconfigure.web.client.RestTemplateAutoConfiguration'
2025-07-30T17:03:39.935+05:30 TRACE 16196 --- [Spring_Boot_Start] [           main] o.s.b.f.s.DefaultListableBeanFactory     : Finished creating instance of bean 'org.springframework.boot.autoconfigure.web.client.RestTemplateAutoConfiguration'
2025-07-30T17:03:39.935+05:30 TRACE 16196 --- [Spring_Boot_Start] [           main] o.s.b.f.s.DefaultListableBeanFactory     : Returning cached instance of singleton bean 'org.springframework.boot.autoconfigure.web.servlet.HttpEncodingAutoConfiguration'
2025-07-30T17:03:39.935+05:30 DEBUG 16196 --- [Spring_Boot_Start] [           main] o.s.b.f.s.DefaultListableBeanFactory     : Creating shared instance of singleton bean 'characterEncodingFilter'
2025-07-30T17:03:39.935+05:30 TRACE 16196 --- [Spring_Boot_Start] [           main] o.s.b.f.s.DefaultListableBeanFactory     : Creating instance of bean 'characterEncodingFilter'
2025-07-30T17:03:39.935+05:30 TRACE 16196 --- [Spring_Boot_Start] [           main] o.s.b.f.s.DefaultListableBeanFactory     : Returning cached instance of singleton bean 'org.springframework.boot.autoconfigure.web.servlet.HttpEncodingAutoConfiguration'
2025-07-30T17:03:39.936+05:30 TRACE 16196 --- [Spring_Boot_Start] [           main] o.s.b.f.s.DefaultListableBeanFactory     : Invoking afterPropertiesSet() on bean with name 'characterEncodingFilter'
2025-07-30T17:03:39.936+05:30 TRACE 16196 --- [Spring_Boot_Start] [           main] o.s.b.f.s.DefaultListableBeanFactory     : Finished creating instance of bean 'characterEncodingFilter'
2025-07-30T17:03:39.936+05:30 TRACE 16196 --- [Spring_Boot_Start] [           main] o.s.b.f.s.DefaultListableBeanFactory     : Returning cached instance of singleton bean 'localeCharsetMappingsCustomizer'
2025-07-30T17:03:39.936+05:30 TRACE 16196 --- [Spring_Boot_Start] [           main] o.s.b.f.s.DefaultListableBeanFactory     : Returning cached instance of singleton bean 'org.springframework.boot.autoconfigure.web.servlet.MultipartAutoConfiguration'
2025-07-30T17:03:39.936+05:30 TRACE 16196 --- [Spring_Boot_Start] [           main] o.s.b.f.s.DefaultListableBeanFactory     : Returning cached instance of singleton bean 'multipartConfigElement'
2025-07-30T17:03:39.936+05:30 DEBUG 16196 --- [Spring_Boot_Start] [           main] o.s.b.f.s.DefaultListableBeanFactory     : Creating shared instance of singleton bean 'multipartResolver'
2025-07-30T17:03:39.936+05:30 TRACE 16196 --- [Spring_Boot_Start] [           main] o.s.b.f.s.DefaultListableBeanFactory     : Creating instance of bean 'multipartResolver'
2025-07-30T17:03:39.936+05:30 TRACE 16196 --- [Spring_Boot_Start] [           main] o.s.b.f.s.DefaultListableBeanFactory     : Returning cached instance of singleton bean 'org.springframework.boot.autoconfigure.web.servlet.MultipartAutoConfiguration'
2025-07-30T17:03:39.938+05:30 TRACE 16196 --- [Spring_Boot_Start] [           main] o.s.b.f.s.DefaultListableBeanFactory     : Finished creating instance of bean 'multipartResolver'
2025-07-30T17:03:39.938+05:30 TRACE 16196 --- [Spring_Boot_Start] [           main] o.s.b.f.s.DefaultListableBeanFactory     : Returning cached instance of singleton bean 'spring.servlet.multipart-org.springframework.boot.autoconfigure.web.servlet.MultipartProperties'
2025-07-30T17:03:39.938+05:30 TRACE 16196 --- [Spring_Boot_Start] [           main] o.s.b.f.s.DefaultListableBeanFactory     : Returning cached instance of singleton bean 'org.springframework.aop.config.internalAutoProxyCreator'
2025-07-30T17:03:39.940+05:30 TRACE 16196 --- [Spring_Boot_Start] [           main] o.s.c.e.EventListenerMethodProcessor     : No @EventListener annotations found on bean class: com.Spring_Boot_Start.Spring_Boot_Start.SpringBootStartApplication
2025-07-30T17:03:39.940+05:30 TRACE 16196 --- [Spring_Boot_Start] [           main] o.s.c.e.EventListenerMethodProcessor     : No @EventListener annotations found on bean class: com.Spring_Boot_Start.Spring_Boot_Start.CourseController
2025-07-30T17:03:39.940+05:30 TRACE 16196 --- [Spring_Boot_Start] [           main] o.s.c.e.EventListenerMethodProcessor     : No @EventListener annotations found on bean class: com.Spring_Boot_Start.Spring_Boot_Start.CurrencyConfigController
2025-07-30T17:03:39.940+05:30 TRACE 16196 --- [Spring_Boot_Start] [           main] o.s.c.e.EventListenerMethodProcessor     : No @EventListener annotations found on bean class: com.Spring_Boot_Start.Spring_Boot_Start.CurrencyServiceConfig
2025-07-30T17:03:39.940+05:30 TRACE 16196 --- [Spring_Boot_Start] [           main] o.s.c.e.EventListenerMethodProcessor     : No @EventListener annotations found on bean class: org.springframework.boot.autoconfigure.context.PropertyPlaceholderAutoConfiguration
2025-07-30T17:03:39.940+05:30 TRACE 16196 --- [Spring_Boot_Start] [           main] o.s.c.e.EventListenerMethodProcessor     : No @EventListener annotations found on bean class: org.springframework.boot.autoconfigure.ssl.SslAutoConfiguration
2025-07-30T17:03:39.941+05:30 TRACE 16196 --- [Spring_Boot_Start] [           main] o.s.c.e.EventListenerMethodProcessor     : No @EventListener annotations found on bean class: org.springframework.boot.autoconfigure.websocket.servlet.WebSocketServletAutoConfiguration$TomcatWebSocketConfiguration
2025-07-30T17:03:39.941+05:30 TRACE 16196 --- [Spring_Boot_Start] [           main] o.s.c.e.EventListenerMethodProcessor     : No @EventListener annotations found on bean class: org.springframework.boot.autoconfigure.websocket.servlet.WebSocketServletAutoConfiguration
2025-07-30T17:03:39.941+05:30 TRACE 16196 --- [Spring_Boot_Start] [           main] o.s.c.e.EventListenerMethodProcessor     : No @EventListener annotations found on bean class: org.springframework.boot.autoconfigure.web.servlet.ServletWebServerFactoryConfiguration$EmbeddedTomcat
2025-07-30T17:03:39.941+05:30 TRACE 16196 --- [Spring_Boot_Start] [           main] o.s.c.e.EventListenerMethodProcessor     : No @EventListener annotations found on bean class: org.springframework.boot.autoconfigure.web.servlet.ServletWebServerFactoryAutoConfiguration
2025-07-30T17:03:39.941+05:30 TRACE 16196 --- [Spring_Boot_Start] [           main] o.s.c.e.EventListenerMethodProcessor     : No @EventListener annotations found on bean class: org.springframework.boot.autoconfigure.web.servlet.DispatcherServletAutoConfiguration$DispatcherServletConfiguration
2025-07-30T17:03:39.941+05:30 TRACE 16196 --- [Spring_Boot_Start] [           main] o.s.c.e.EventListenerMethodProcessor     : No @EventListener annotations found on bean class: org.springframework.boot.autoconfigure.web.servlet.DispatcherServletAutoConfiguration$DispatcherServletRegistrationConfiguration
2025-07-30T17:03:39.941+05:30 TRACE 16196 --- [Spring_Boot_Start] [           main] o.s.c.e.EventListenerMethodProcessor     : No @EventListener annotations found on bean class: org.springframework.boot.autoconfigure.web.servlet.DispatcherServletAutoConfiguration
2025-07-30T17:03:39.942+05:30 TRACE 16196 --- [Spring_Boot_Start] [           main] o.s.c.e.EventListenerMethodProcessor     : No @EventListener annotations found on bean class: org.springframework.boot.autoconfigure.task.TaskExecutorConfigurations$ThreadPoolTaskExecutorBuilderConfiguration
2025-07-30T17:03:39.942+05:30 TRACE 16196 --- [Spring_Boot_Start] [           main] o.s.c.e.EventListenerMethodProcessor     : No @EventListener annotations found on bean class: org.springframework.boot.autoconfigure.task.TaskExecutorConfigurations$SimpleAsyncTaskExecutorBuilderConfiguration
2025-07-30T17:03:39.942+05:30 TRACE 16196 --- [Spring_Boot_Start] [           main] o.s.c.e.EventListenerMethodProcessor     : No @EventListener annotations found on bean class: org.springframework.boot.autoconfigure.task.TaskExecutorConfigurations$AsyncConfigurerConfiguration
2025-07-30T17:03:39.942+05:30 TRACE 16196 --- [Spring_Boot_Start] [           main] o.s.c.e.EventListenerMethodProcessor     : No @EventListener annotations found on bean class: org.springframework.boot.autoconfigure.task.TaskExecutorConfigurations$TaskExecutorConfiguration
2025-07-30T17:03:39.942+05:30 TRACE 16196 --- [Spring_Boot_Start] [           main] o.s.c.e.EventListenerMethodProcessor     : No @EventListener annotations found on bean class: org.springframework.boot.autoconfigure.task.TaskExecutorConfigurations$BootstrapExecutorConfiguration
2025-07-30T17:03:39.942+05:30 TRACE 16196 --- [Spring_Boot_Start] [           main] o.s.c.e.EventListenerMethodProcessor     : No @EventListener annotations found on bean class: org.springframework.boot.autoconfigure.task.TaskExecutionAutoConfiguration
2025-07-30T17:03:39.942+05:30 TRACE 16196 --- [Spring_Boot_Start] [           main] o.s.c.e.EventListenerMethodProcessor     : No @EventListener annotations found on bean class: org.springframework.boot.autoconfigure.web.servlet.error.ErrorMvcAutoConfiguration$WhitelabelErrorViewConfiguration
2025-07-30T17:03:39.942+05:30 TRACE 16196 --- [Spring_Boot_Start] [           main] o.s.c.e.EventListenerMethodProcessor     : No @EventListener annotations found on bean class: org.springframework.boot.autoconfigure.web.servlet.error.ErrorMvcAutoConfiguration$DefaultErrorViewResolverConfiguration
2025-07-30T17:03:39.943+05:30 TRACE 16196 --- [Spring_Boot_Start] [           main] o.s.c.e.EventListenerMethodProcessor     : No @EventListener annotations found on bean class: org.springframework.boot.autoconfigure.web.servlet.error.ErrorMvcAutoConfiguration
2025-07-30T17:03:39.944+05:30 TRACE 16196 --- [Spring_Boot_Start] [           main] o.s.c.e.EventListenerMethodProcessor     : No @EventListener annotations found on bean class: org.springframework.boot.autoconfigure.web.servlet.error.BasicErrorController
2025-07-30T17:03:39.945+05:30 TRACE 16196 --- [Spring_Boot_Start] [           main] o.s.c.e.EventListenerMethodProcessor     : No @EventListener annotations found on bean class: org.springframework.boot.autoconfigure.web.servlet.WebMvcAutoConfiguration$EnableWebMvcConfiguration
2025-07-30T17:03:39.946+05:30 TRACE 16196 --- [Spring_Boot_Start] [           main] o.s.c.e.EventListenerMethodProcessor     : No @EventListener annotations found on bean class: org.springframework.boot.autoconfigure.web.servlet.WebMvcAutoConfiguration$WebMvcAutoConfigurationAdapter
2025-07-30T17:03:39.946+05:30 TRACE 16196 --- [Spring_Boot_Start] [           main] o.s.c.e.EventListenerMethodProcessor     : No @EventListener annotations found on bean class: org.springframework.boot.autoconfigure.web.servlet.WebMvcAutoConfiguration
2025-07-30T17:03:39.946+05:30 TRACE 16196 --- [Spring_Boot_Start] [           main] o.s.c.e.EventListenerMethodProcessor     : No @EventListener annotations found on bean class: org.springframework.boot.autoconfigure.aop.AopAutoConfiguration$ClassProxyingConfiguration
2025-07-30T17:03:39.946+05:30 TRACE 16196 --- [Spring_Boot_Start] [           main] o.s.c.e.EventListenerMethodProcessor     : No @EventListener annotations found on bean class: org.springframework.boot.autoconfigure.aop.AopAutoConfiguration
2025-07-30T17:03:39.946+05:30 TRACE 16196 --- [Spring_Boot_Start] [           main] o.s.c.e.EventListenerMethodProcessor     : No @EventListener annotations found on bean class: org.springframework.boot.autoconfigure.availability.ApplicationAvailabilityAutoConfiguration
2025-07-30T17:03:39.946+05:30 TRACE 16196 --- [Spring_Boot_Start] [           main] o.s.c.e.EventListenerMethodProcessor     : No @EventListener annotations found on bean class: org.springframework.boot.autoconfigure.jackson.JacksonAutoConfiguration$Jackson2ObjectMapperBuilderCustomizerConfiguration
2025-07-30T17:03:39.946+05:30 TRACE 16196 --- [Spring_Boot_Start] [           main] o.s.c.e.EventListenerMethodProcessor     : No @EventListener annotations found on bean class: org.springframework.boot.autoconfigure.jackson.JacksonAutoConfiguration$JacksonObjectMapperBuilderConfiguration
2025-07-30T17:03:39.946+05:30 TRACE 16196 --- [Spring_Boot_Start] [           main] o.s.c.e.EventListenerMethodProcessor     : No @EventListener annotations found on bean class: org.springframework.boot.autoconfigure.jackson.JacksonAutoConfiguration$ParameterNamesModuleConfiguration
2025-07-30T17:03:39.947+05:30 TRACE 16196 --- [Spring_Boot_Start] [           main] o.s.c.e.EventListenerMethodProcessor     : No @EventListener annotations found on bean class: com.fasterxml.jackson.module.paramnames.ParameterNamesModule
2025-07-30T17:03:39.947+05:30 TRACE 16196 --- [Spring_Boot_Start] [           main] o.s.c.e.EventListenerMethodProcessor     : No @EventListener annotations found on bean class: org.springframework.boot.autoconfigure.jackson.JacksonAutoConfiguration$JacksonObjectMapperConfiguration
2025-07-30T17:03:39.948+05:30 TRACE 16196 --- [Spring_Boot_Start] [           main] o.s.c.e.EventListenerMethodProcessor     : No @EventListener annotations found on bean class: com.fasterxml.jackson.databind.ObjectMapper
2025-07-30T17:03:39.948+05:30 TRACE 16196 --- [Spring_Boot_Start] [           main] o.s.c.e.EventListenerMethodProcessor     : No @EventListener annotations found on bean class: org.springframework.boot.autoconfigure.jackson.JacksonAutoConfiguration$JacksonMixinConfiguration
2025-07-30T17:03:39.948+05:30 TRACE 16196 --- [Spring_Boot_Start] [           main] o.s.c.e.EventListenerMethodProcessor     : No @EventListener annotations found on bean class: org.springframework.boot.autoconfigure.jackson.JacksonAutoConfiguration
2025-07-30T17:03:39.948+05:30 TRACE 16196 --- [Spring_Boot_Start] [           main] o.s.c.e.EventListenerMethodProcessor     : No @EventListener annotations found on bean class: org.springframework.boot.autoconfigure.context.ConfigurationPropertiesAutoConfiguration
2025-07-30T17:03:39.948+05:30 TRACE 16196 --- [Spring_Boot_Start] [           main] o.s.c.e.EventListenerMethodProcessor     : No @EventListener annotations found on bean class: org.springframework.boot.autoconfigure.context.LifecycleAutoConfiguration
2025-07-30T17:03:39.948+05:30 TRACE 16196 --- [Spring_Boot_Start] [           main] o.s.c.e.EventListenerMethodProcessor     : No @EventListener annotations found on bean class: org.springframework.boot.autoconfigure.http.HttpMessageConvertersAutoConfiguration$StringHttpMessageConverterConfiguration
2025-07-30T17:03:39.948+05:30 TRACE 16196 --- [Spring_Boot_Start] [           main] o.s.c.e.EventListenerMethodProcessor     : No @EventListener annotations found on bean class: org.springframework.boot.autoconfigure.http.JacksonHttpMessageConvertersConfiguration$MappingJackson2HttpMessageConverterConfiguration
2025-07-30T17:03:39.948+05:30 TRACE 16196 --- [Spring_Boot_Start] [           main] o.s.c.e.EventListenerMethodProcessor     : No @EventListener annotations found on bean class: org.springframework.boot.autoconfigure.http.JacksonHttpMessageConvertersConfiguration
2025-07-30T17:03:39.948+05:30 TRACE 16196 --- [Spring_Boot_Start] [           main] o.s.c.e.EventListenerMethodProcessor     : No @EventListener annotations found on bean class: org.springframework.boot.autoconfigure.http.HttpMessageConvertersAutoConfiguration
2025-07-30T17:03:39.948+05:30 TRACE 16196 --- [Spring_Boot_Start] [           main] o.s.c.e.EventListenerMethodProcessor     : No @EventListener annotations found on bean class: org.springframework.boot.autoconfigure.http.client.HttpClientAutoConfiguration
2025-07-30T17:03:39.949+05:30 TRACE 16196 --- [Spring_Boot_Start] [           main] o.s.c.e.EventListenerMethodProcessor     : No @EventListener annotations found on bean class: org.springframework.boot.autoconfigure.info.ProjectInfoAutoConfiguration
2025-07-30T17:03:39.949+05:30 TRACE 16196 --- [Spring_Boot_Start] [           main] o.s.c.e.EventListenerMethodProcessor     : No @EventListener annotations found on bean class: org.springframework.boot.autoconfigure.sql.init.SqlInitializationAutoConfiguration
2025-07-30T17:03:39.949+05:30 TRACE 16196 --- [Spring_Boot_Start] [           main] o.s.c.e.EventListenerMethodProcessor     : No @EventListener annotations found on bean class: org.springframework.boot.autoconfigure.task.TaskSchedulingConfigurations$ThreadPoolTaskSchedulerBuilderConfiguration
2025-07-30T17:03:39.949+05:30 TRACE 16196 --- [Spring_Boot_Start] [           main] o.s.c.e.EventListenerMethodProcessor     : No @EventListener annotations found on bean class: org.springframework.boot.autoconfigure.task.TaskSchedulingConfigurations$SimpleAsyncTaskSchedulerBuilderConfiguration
2025-07-30T17:03:39.949+05:30 TRACE 16196 --- [Spring_Boot_Start] [           main] o.s.c.e.EventListenerMethodProcessor     : No @EventListener annotations found on bean class: org.springframework.boot.autoconfigure.task.TaskSchedulingAutoConfiguration
2025-07-30T17:03:39.949+05:30 TRACE 16196 --- [Spring_Boot_Start] [           main] o.s.c.e.EventListenerMethodProcessor     : No @EventListener annotations found on bean class: org.springframework.boot.autoconfigure.web.client.RestClientAutoConfiguration
2025-07-30T17:03:39.949+05:30 TRACE 16196 --- [Spring_Boot_Start] [           main] o.s.c.e.EventListenerMethodProcessor     : No @EventListener annotations found on bean class: org.springframework.boot.autoconfigure.web.client.RestTemplateAutoConfiguration
2025-07-30T17:03:39.949+05:30 TRACE 16196 --- [Spring_Boot_Start] [           main] o.s.c.e.EventListenerMethodProcessor     : No @EventListener annotations found on bean class: org.springframework.boot.autoconfigure.web.servlet.HttpEncodingAutoConfiguration
2025-07-30T17:03:39.949+05:30 TRACE 16196 --- [Spring_Boot_Start] [           main] o.s.c.e.EventListenerMethodProcessor     : No @EventListener annotations found on bean class: org.springframework.boot.autoconfigure.web.servlet.MultipartAutoConfiguration
2025-07-30T17:03:39.949+05:30 TRACE 16196 --- [Spring_Boot_Start] [           main] o.s.c.e.EventListenerMethodProcessor     : No @EventListener annotations found on bean class: jakarta.servlet.MultipartConfigElement
2025-07-30T17:03:39.953+05:30 TRACE 16196 --- [Spring_Boot_Start] [           main] o.s.b.f.s.DefaultListableBeanFactory     : Returning cached instance of singleton bean 'lifecycleProcessor'
2025-07-30T17:03:39.954+05:30 TRACE 16196 --- [Spring_Boot_Start] [           main] o.s.b.f.s.DefaultListableBeanFactory     : Returning cached instance of singleton bean 'applicationTaskExecutor'
2025-07-30T17:03:39.954+05:30 TRACE 16196 --- [Spring_Boot_Start] [           main] o.s.b.f.s.DefaultListableBeanFactory     : Returning cached instance of singleton bean 'lifecycleProcessor'
2025-07-30T17:03:39.954+05:30 TRACE 16196 --- [Spring_Boot_Start] [           main] o.s.b.f.s.DefaultListableBeanFactory     : Returning cached instance of singleton bean 'springBootLoggingLifecycle'
2025-07-30T17:03:39.958+05:30 DEBUG 16196 --- [Spring_Boot_Start] [           main] o.s.c.support.DefaultLifecycleProcessor  : Starting beans in phase -2147483647
2025-07-30T17:03:39.958+05:30 TRACE 16196 --- [Spring_Boot_Start] [           main] o.s.c.support.DefaultLifecycleProcessor  : Starting bean 'springBootLoggingLifecycle' of type [org.springframework.boot.context.logging.LoggingApplicationListener$Lifecycle]
2025-07-30T17:03:39.958+05:30 DEBUG 16196 --- [Spring_Boot_Start] [           main] o.s.c.support.DefaultLifecycleProcessor  : Successfully started bean 'springBootLoggingLifecycle'
2025-07-30T17:03:39.958+05:30 DEBUG 16196 --- [Spring_Boot_Start] [           main] o.s.c.support.DefaultLifecycleProcessor  : Starting beans in phase 1073741823
2025-07-30T17:03:39.959+05:30 TRACE 16196 --- [Spring_Boot_Start] [           main] o.s.b.f.s.DefaultListableBeanFactory     : Returning cached instance of singleton bean 'org.springframework.boot.autoconfigure.internalCachingMetadataReaderFactory'
2025-07-30T17:03:39.959+05:30 TRACE 16196 --- [Spring_Boot_Start] [           main] o.s.b.f.s.DefaultListableBeanFactory     : Returning cached instance of singleton bean 'mvcResourceUrlProvider'
2025-07-30T17:03:39.976+05:30 DEBUG 16196 --- [Spring_Boot_Start] [           main] .s.b.a.l.ConditionEvaluationReportLogger : 


============================
CONDITIONS EVALUATION REPORT
============================


Positive matches:
-----------------

   AopAutoConfiguration matched:
      - @ConditionalOnBooleanProperty (spring.aop.auto=true) matched (OnPropertyCondition)

   AopAutoConfiguration.ClassProxyingConfiguration matched:
      - @ConditionalOnMissingClass did not find unwanted class 'org.aspectj.weaver.Advice' (OnClassCondition)
      - @ConditionalOnBooleanProperty (spring.aop.proxy-target-class=true) matched (OnPropertyCondition)

   ApplicationAvailabilityAutoConfiguration#applicationAvailability matched:
      - @ConditionalOnMissingBean (types: org.springframework.boot.availability.ApplicationAvailability; SearchStrategy: all) did not find any beans (OnBeanCondition)

   DispatcherServletAutoConfiguration matched:
      - @ConditionalOnClass found required class 'org.springframework.web.servlet.DispatcherServlet' (OnClassCondition)
      - found 'session' scope (OnWebApplicationCondition)

   DispatcherServletAutoConfiguration.DispatcherServletConfiguration matched:
      - @ConditionalOnClass found required class 'jakarta.servlet.ServletRegistration' (OnClassCondition)
      - Default DispatcherServlet did not find dispatcher servlet beans (DispatcherServletAutoConfiguration.DefaultDispatcherServletCondition)

   DispatcherServletAutoConfiguration.DispatcherServletRegistrationConfiguration matched:
      - @ConditionalOnClass found required class 'jakarta.servlet.ServletRegistration' (OnClassCondition)
      - DispatcherServlet Registration did not find servlet registration bean (DispatcherServletAutoConfiguration.DispatcherServletRegistrationCondition)

   DispatcherServletAutoConfiguration.DispatcherServletRegistrationConfiguration#dispatcherServletRegistration matched:
      - @ConditionalOnBean (names: dispatcherServlet types: org.springframework.web.servlet.DispatcherServlet; SearchStrategy: all) found bean 'dispatcherServlet' (OnBeanCondition)

   ErrorMvcAutoConfiguration matched:
      - @ConditionalOnClass found required classes 'jakarta.servlet.Servlet', 'org.springframework.web.servlet.DispatcherServlet' (OnClassCondition)
      - found 'session' scope (OnWebApplicationCondition)

   ErrorMvcAutoConfiguration#basicErrorController matched:
      - @ConditionalOnMissingBean (types: org.springframework.boot.web.servlet.error.ErrorController; SearchStrategy: current) did not find any beans (OnBeanCondition)

   ErrorMvcAutoConfiguration#errorAttributes matched:
      - @ConditionalOnMissingBean (types: org.springframework.boot.web.servlet.error.ErrorAttributes; SearchStrategy: current) did not find any beans (OnBeanCondition)

   ErrorMvcAutoConfiguration.DefaultErrorViewResolverConfiguration#conventionErrorViewResolver matched:
      - @ConditionalOnBean (types: org.springframework.web.servlet.DispatcherServlet; SearchStrategy: all) found bean 'dispatcherServlet'; @ConditionalOnMissingBean (types: org.springframework.boot.autoconfigure.web.servlet.error.ErrorViewResolver; SearchStrategy: all) did not find any beans (OnBeanCondition)

   ErrorMvcAutoConfiguration.WhitelabelErrorViewConfiguration matched:
      - @ConditionalOnBooleanProperty (server.error.whitelabel.enabled=true) matched (OnPropertyCondition)
      - ErrorTemplate Missing did not find error template view (ErrorMvcAutoConfiguration.ErrorTemplateMissingCondition)

   ErrorMvcAutoConfiguration.WhitelabelErrorViewConfiguration#beanNameViewResolver matched:
      - @ConditionalOnMissingBean (types: org.springframework.web.servlet.view.BeanNameViewResolver; SearchStrategy: all) did not find any beans (OnBeanCondition)

   ErrorMvcAutoConfiguration.WhitelabelErrorViewConfiguration#defaultErrorView matched:
      - @ConditionalOnMissingBean (names: error; SearchStrategy: all) did not find any beans (OnBeanCondition)

   GenericCacheConfiguration matched:
      - Cache org.springframework.boot.autoconfigure.cache.GenericCacheConfiguration automatic cache type (CacheCondition)

   HttpClientAutoConfiguration matched:
      - @ConditionalOnClass found required class 'org.springframework.http.client.ClientHttpRequestFactory' (OnClassCondition)
      - NoneNestedConditions 0 matched 1 did not; NestedCondition on NotReactiveWebApplicationCondition.ReactiveWebApplication did not find reactive web application classes (NotReactiveWebApplicationCondition)

   HttpClientAutoConfiguration#clientHttpRequestFactoryBuilder matched:
      - @ConditionalOnMissingBean (types: org.springframework.boot.http.client.ClientHttpRequestFactoryBuilder<?>; SearchStrategy: all) did not find any beans (OnBeanCondition)

   HttpClientAutoConfiguration#clientHttpRequestFactorySettings matched:
      - @ConditionalOnMissingBean (types: org.springframework.boot.http.client.ClientHttpRequestFactorySettings; SearchStrategy: all) did not find any beans (OnBeanCondition)

   HttpEncodingAutoConfiguration matched:
      - @ConditionalOnClass found required class 'org.springframework.web.filter.CharacterEncodingFilter' (OnClassCondition)
      - found 'session' scope (OnWebApplicationCondition)
      - @ConditionalOnBooleanProperty (server.servlet.encoding.enabled=true) matched (OnPropertyCondition)

   HttpEncodingAutoConfiguration#characterEncodingFilter matched:
      - @ConditionalOnMissingBean (types: org.springframework.web.filter.CharacterEncodingFilter; SearchStrategy: all) did not find any beans (OnBeanCondition)

   HttpMessageConvertersAutoConfiguration matched:
      - @ConditionalOnClass found required class 'org.springframework.http.converter.HttpMessageConverter' (OnClassCondition)
      - NoneNestedConditions 0 matched 1 did not; NestedCondition on HttpMessageConvertersAutoConfiguration.NotReactiveWebApplicationCondition.ReactiveWebApplication did not find reactive web application classes (HttpMessageConvertersAutoConfiguration.NotReactiveWebApplicationCondition)

   HttpMessageConvertersAutoConfiguration#messageConverters matched:
      - @ConditionalOnMissingBean (types: org.springframework.boot.autoconfigure.http.HttpMessageConverters; SearchStrategy: all) did not find any beans (OnBeanCondition)

   HttpMessageConvertersAutoConfiguration.StringHttpMessageConverterConfiguration matched:
      - @ConditionalOnClass found required class 'org.springframework.http.converter.StringHttpMessageConverter' (OnClassCondition)

   HttpMessageConvertersAutoConfiguration.StringHttpMessageConverterConfiguration#stringHttpMessageConverter matched:
      - @ConditionalOnMissingBean (types: org.springframework.http.converter.StringHttpMessageConverter; SearchStrategy: all) did not find any beans (OnBeanCondition)

   JacksonAutoConfiguration matched:
      - @ConditionalOnClass found required class 'com.fasterxml.jackson.databind.ObjectMapper' (OnClassCondition)

   JacksonAutoConfiguration.Jackson2ObjectMapperBuilderCustomizerConfiguration matched:
      - @ConditionalOnClass found required class 'org.springframework.http.converter.json.Jackson2ObjectMapperBuilder' (OnClassCondition)

   JacksonAutoConfiguration.JacksonObjectMapperBuilderConfiguration matched:
      - @ConditionalOnClass found required class 'org.springframework.http.converter.json.Jackson2ObjectMapperBuilder' (OnClassCondition)

   JacksonAutoConfiguration.JacksonObjectMapperBuilderConfiguration#jacksonObjectMapperBuilder matched:
      - @ConditionalOnMissingBean (types: org.springframework.http.converter.json.Jackson2ObjectMapperBuilder; SearchStrategy: all) did not find any beans (OnBeanCondition)

   JacksonAutoConfiguration.JacksonObjectMapperConfiguration matched:
      - @ConditionalOnClass found required class 'org.springframework.http.converter.json.Jackson2ObjectMapperBuilder' (OnClassCondition)

   JacksonAutoConfiguration.JacksonObjectMapperConfiguration#jacksonObjectMapper matched:
      - @ConditionalOnMissingBean (types: com.fasterxml.jackson.databind.ObjectMapper; SearchStrategy: all) did not find any beans (OnBeanCondition)

   JacksonAutoConfiguration.ParameterNamesModuleConfiguration matched:
      - @ConditionalOnClass found required class 'com.fasterxml.jackson.module.paramnames.ParameterNamesModule' (OnClassCondition)

   JacksonAutoConfiguration.ParameterNamesModuleConfiguration#parameterNamesModule matched:
      - @ConditionalOnMissingBean (types: com.fasterxml.jackson.module.paramnames.ParameterNamesModule; SearchStrategy: all) did not find any beans (OnBeanCondition)

   JacksonHttpMessageConvertersConfiguration.MappingJackson2HttpMessageConverterConfiguration matched:
      - @ConditionalOnClass found required class 'com.fasterxml.jackson.databind.ObjectMapper' (OnClassCondition)
      - @ConditionalOnPreferredJsonMapper JACKSON no property was configured and Jackson is the default (OnPreferredJsonMapperCondition)
      - @ConditionalOnBean (types: com.fasterxml.jackson.databind.ObjectMapper; SearchStrategy: all) found bean 'jacksonObjectMapper' (OnBeanCondition)

   JacksonHttpMessageConvertersConfiguration.MappingJackson2HttpMessageConverterConfiguration#mappingJackson2HttpMessageConverter matched:
      - @ConditionalOnMissingBean (types: org.springframework.http.converter.json.MappingJackson2HttpMessageConverter ignored: ?; SearchStrategy: all) did not find any beans (OnBeanCondition)

   LifecycleAutoConfiguration#defaultLifecycleProcessor matched:
      - @ConditionalOnMissingBean (names: lifecycleProcessor; SearchStrategy: current) did not find any beans (OnBeanCondition)

   MultipartAutoConfiguration matched:
      - @ConditionalOnClass found required classes 'jakarta.servlet.Servlet', 'org.springframework.web.multipart.support.StandardServletMultipartResolver', 'jakarta.servlet.MultipartConfigElement' (OnClassCondition)
      - found 'session' scope (OnWebApplicationCondition)
      - @ConditionalOnBooleanProperty (spring.servlet.multipart.enabled=true) matched (OnPropertyCondition)

   MultipartAutoConfiguration#multipartConfigElement matched:
      - @ConditionalOnMissingBean (types: jakarta.servlet.MultipartConfigElement; SearchStrategy: all) did not find any beans (OnBeanCondition)

   MultipartAutoConfiguration#multipartResolver matched:
      - @ConditionalOnMissingBean (types: org.springframework.web.multipart.MultipartResolver; SearchStrategy: all) did not find any beans (OnBeanCondition)

   NoOpCacheConfiguration matched:
      - Cache org.springframework.boot.autoconfigure.cache.NoOpCacheConfiguration automatic cache type (CacheCondition)

   PropertyPlaceholderAutoConfiguration#propertySourcesPlaceholderConfigurer matched:
      - @ConditionalOnMissingBean (types: org.springframework.context.support.PropertySourcesPlaceholderConfigurer; SearchStrategy: current) did not find any beans (OnBeanCondition)

   RestClientAutoConfiguration matched:
      - @ConditionalOnClass found required class 'org.springframework.web.client.RestClient' (OnClassCondition)
      - AnyNestedCondition 1 matched 1 did not; NestedCondition on NotReactiveWebApplicationOrVirtualThreadsExecutorEnabledCondition.VirtualThreadsExecutorEnabled found non-matching nested conditions @ConditionalOnThreading did not find VIRTUAL; NestedCondition on NotReactiveWebApplicationOrVirtualThreadsExecutorEnabledCondition.NotReactiveWebApplication NoneNestedConditions 0 matched 1 did not; NestedCondition on NotReactiveWebApplicationCondition.ReactiveWebApplication did not find reactive web application classes (NotReactiveWebApplicationOrVirtualThreadsExecutorEnabledCondition)

   RestClientAutoConfiguration#httpMessageConvertersRestClientCustomizer matched:
      - @ConditionalOnMissingBean (types: org.springframework.boot.autoconfigure.web.client.HttpMessageConvertersRestClientCustomizer; SearchStrategy: all) did not find any beans (OnBeanCondition)

   RestClientAutoConfiguration#restClientBuilder matched:
      - @ConditionalOnMissingBean (types: org.springframework.web.client.RestClient$Builder; SearchStrategy: all) did not find any beans (OnBeanCondition)

   RestClientAutoConfiguration#restClientBuilderConfigurer matched:
      - @ConditionalOnMissingBean (types: org.springframework.boot.autoconfigure.web.client.RestClientBuilderConfigurer; SearchStrategy: all) did not find any beans (OnBeanCondition)

   RestClientAutoConfiguration#restClientSsl matched:
      - @ConditionalOnBean (types: org.springframework.boot.ssl.SslBundles; SearchStrategy: all) found bean 'sslBundleRegistry'; @ConditionalOnMissingBean (types: org.springframework.boot.autoconfigure.web.client.RestClientSsl; SearchStrategy: all) did not find any beans (OnBeanCondition)

   RestTemplateAutoConfiguration matched:
      - @ConditionalOnClass found required class 'org.springframework.web.client.RestTemplate' (OnClassCondition)
      - NoneNestedConditions 0 matched 1 did not; NestedCondition on NotReactiveWebApplicationCondition.ReactiveWebApplication did not find reactive web application classes (NotReactiveWebApplicationCondition)

   RestTemplateAutoConfiguration#restTemplateBuilder matched:
      - @ConditionalOnMissingBean (types: org.springframework.boot.web.client.RestTemplateBuilder; SearchStrategy: all) did not find any beans (OnBeanCondition)

   ServletWebServerFactoryAutoConfiguration matched:
      - @ConditionalOnClass found required class 'jakarta.servlet.ServletRequest' (OnClassCondition)
      - found 'session' scope (OnWebApplicationCondition)

   ServletWebServerFactoryAutoConfiguration#tomcatServletWebServerFactoryCustomizer matched:
      - @ConditionalOnClass found required class 'org.apache.catalina.startup.Tomcat' (OnClassCondition)

   ServletWebServerFactoryConfiguration.EmbeddedTomcat matched:
      - @ConditionalOnClass found required classes 'jakarta.servlet.Servlet', 'org.apache.catalina.startup.Tomcat', 'org.apache.coyote.UpgradeProtocol' (OnClassCondition)
      - @ConditionalOnMissingBean (types: org.springframework.boot.web.servlet.server.ServletWebServerFactory; SearchStrategy: current) did not find any beans (OnBeanCondition)

   SimpleCacheConfiguration matched:
      - Cache org.springframework.boot.autoconfigure.cache.SimpleCacheConfiguration automatic cache type (CacheCondition)

   SqlInitializationAutoConfiguration matched:
      - @ConditionalOnBooleanProperty (spring.sql.init.enabled=true) matched (OnPropertyCondition)
      - NoneNestedConditions 0 matched 1 did not; NestedCondition on SqlInitializationAutoConfiguration.SqlInitializationModeCondition.ModeIsNever @ConditionalOnProperty (spring.sql.init.mode=never) did not find property 'spring.sql.init.mode' (SqlInitializationAutoConfiguration.SqlInitializationModeCondition)

   SslAutoConfiguration#sslBundleRegistry matched:
      - @ConditionalOnMissingBean (types: org.springframework.boot.ssl.SslBundleRegistry,org.springframework.boot.ssl.SslBundles; SearchStrategy: all) did not find any beans (OnBeanCondition)

   TaskExecutionAutoConfiguration matched:
      - @ConditionalOnClass found required class 'org.springframework.scheduling.concurrent.ThreadPoolTaskExecutor' (OnClassCondition)

   TaskExecutorConfigurations.AsyncConfigurerConfiguration matched:
      - @ConditionalOnMissingBean (types: org.springframework.scheduling.annotation.AsyncConfigurer; SearchStrategy: all) did not find any beans (OnBeanCondition)

   TaskExecutorConfigurations.AsyncConfigurerConfiguration#applicationTaskExecutorAsyncConfigurer matched:
      - @ConditionalOnMissingBean (types: org.springframework.scheduling.annotation.AsyncConfigurer; SearchStrategy: all) did not find any beans (OnBeanCondition)

   TaskExecutorConfigurations.SimpleAsyncTaskExecutorBuilderConfiguration#simpleAsyncTaskExecutorBuilder matched:
      - @ConditionalOnMissingBean (types: org.springframework.boot.task.SimpleAsyncTaskExecutorBuilder; SearchStrategy: all) did not find any beans (OnBeanCondition)
      - @ConditionalOnThreading found PLATFORM (OnThreadingCondition)

   TaskExecutorConfigurations.TaskExecutorConfiguration matched:
      - AnyNestedCondition 1 matched 1 did not; NestedCondition on TaskExecutorConfigurations.OnExecutorCondition.ModelCondition @ConditionalOnProperty (spring.task.execution.mode=force) did not find property 'spring.task.execution.mode'; NestedCondition on TaskExecutorConfigurations.OnExecutorCondition.ExecutorBeanCondition @ConditionalOnMissingBean (types: java.util.concurrent.Executor; SearchStrategy: all) did not find any beans (TaskExecutorConfigurations.OnExecutorCondition)

   TaskExecutorConfigurations.TaskExecutorConfiguration#applicationTaskExecutor matched:
      - @ConditionalOnThreading found PLATFORM (OnThreadingCondition)

   TaskExecutorConfigurations.ThreadPoolTaskExecutorBuilderConfiguration#threadPoolTaskExecutorBuilder matched:
      - @ConditionalOnMissingBean (types: org.springframework.boot.task.ThreadPoolTaskExecutorBuilder; SearchStrategy: all) did not find any beans (OnBeanCondition)

   TaskSchedulingAutoConfiguration matched:
      - @ConditionalOnClass found required class 'org.springframework.scheduling.concurrent.ThreadPoolTaskScheduler' (OnClassCondition)

   TaskSchedulingConfigurations.SimpleAsyncTaskSchedulerBuilderConfiguration#simpleAsyncTaskSchedulerBuilder matched:
      - @ConditionalOnMissingBean (types: org.springframework.boot.task.SimpleAsyncTaskSchedulerBuilder; SearchStrategy: all) did not find any beans (OnBeanCondition)
      - @ConditionalOnThreading found PLATFORM (OnThreadingCondition)

   TaskSchedulingConfigurations.ThreadPoolTaskSchedulerBuilderConfiguration#threadPoolTaskSchedulerBuilder matched:
      - @ConditionalOnMissingBean (types: org.springframework.boot.task.ThreadPoolTaskSchedulerBuilder; SearchStrategy: all) did not find any beans (OnBeanCondition)

   WebMvcAutoConfiguration matched:
      - @ConditionalOnClass found required classes 'jakarta.servlet.Servlet', 'org.springframework.web.servlet.DispatcherServlet', 'org.springframework.web.servlet.config.annotation.WebMvcConfigurer' (OnClassCondition)
      - found 'session' scope (OnWebApplicationCondition)
      - @ConditionalOnMissingBean (types: org.springframework.web.servlet.config.annotation.WebMvcConfigurationSupport; SearchStrategy: all) did not find any beans (OnBeanCondition)

   WebMvcAutoConfiguration#formContentFilter matched:
      - @ConditionalOnBooleanProperty (spring.mvc.formcontent.filter.enabled=true) matched (OnPropertyCondition)
      - @ConditionalOnMissingBean (types: org.springframework.web.filter.FormContentFilter; SearchStrategy: all) did not find any beans (OnBeanCondition)

   WebMvcAutoConfiguration.EnableWebMvcConfiguration#flashMapManager matched:
      - @ConditionalOnMissingBean (names: flashMapManager; SearchStrategy: all) did not find any beans (OnBeanCondition)

   WebMvcAutoConfiguration.EnableWebMvcConfiguration#localeResolver matched:
      - @ConditionalOnMissingBean (names: localeResolver; SearchStrategy: all) did not find any beans (OnBeanCondition)

   WebMvcAutoConfiguration.EnableWebMvcConfiguration#themeResolver matched:
      - @ConditionalOnMissingBean (names: themeResolver; SearchStrategy: all) did not find any beans (OnBeanCondition)

   WebMvcAutoConfiguration.EnableWebMvcConfiguration#viewNameTranslator matched:
      - @ConditionalOnMissingBean (names: viewNameTranslator; SearchStrategy: all) did not find any beans (OnBeanCondition)

   WebMvcAutoConfiguration.WebMvcAutoConfigurationAdapter#defaultViewResolver matched:
      - @ConditionalOnMissingBean (types: org.springframework.web.servlet.view.InternalResourceViewResolver; SearchStrategy: all) did not find any beans (OnBeanCondition)

   WebMvcAutoConfiguration.WebMvcAutoConfigurationAdapter#requestContextFilter matched:
      - @ConditionalOnMissingBean (types: org.springframework.web.context.request.RequestContextListener,org.springframework.web.filter.RequestContextFilter; SearchStrategy: all) did not find any beans (OnBeanCondition)

   WebMvcAutoConfiguration.WebMvcAutoConfigurationAdapter#viewResolver matched:
      - @ConditionalOnBean (types: org.springframework.web.servlet.ViewResolver; SearchStrategy: all) found beans 'defaultViewResolver', 'beanNameViewResolver', 'mvcViewResolver'; @ConditionalOnMissingBean (names: viewResolver types: org.springframework.web.servlet.view.ContentNegotiatingViewResolver; SearchStrategy: all) did not find any beans (OnBeanCondition)

   WebSocketServletAutoConfiguration matched:
      - @ConditionalOnClass found required classes 'jakarta.servlet.Servlet', 'jakarta.websocket.server.ServerContainer' (OnClassCondition)
      - found 'session' scope (OnWebApplicationCondition)

   WebSocketServletAutoConfiguration.TomcatWebSocketConfiguration matched:
      - @ConditionalOnClass found required classes 'org.apache.catalina.startup.Tomcat', 'org.apache.tomcat.websocket.server.WsSci' (OnClassCondition)

   WebSocketServletAutoConfiguration.TomcatWebSocketConfiguration#websocketServletWebServerCustomizer matched:
      - @ConditionalOnMissingBean (names: websocketServletWebServerCustomizer; SearchStrategy: all) did not find any beans (OnBeanCondition)


Negative matches:
-----------------

   ActiveMQAutoConfiguration:
      Did not match:
         - @ConditionalOnClass did not find required class 'jakarta.jms.ConnectionFactory' (OnClassCondition)

   AopAutoConfiguration.AspectJAutoProxyingConfiguration:
      Did not match:
         - @ConditionalOnClass did not find required class 'org.aspectj.weaver.Advice' (OnClassCondition)

   ArtemisAutoConfiguration:
      Did not match:
         - @ConditionalOnClass did not find required class 'jakarta.jms.ConnectionFactory' (OnClassCondition)

   BatchAutoConfiguration:
      Did not match:
         - @ConditionalOnClass did not find required class 'org.springframework.batch.core.launch.JobLauncher' (OnClassCondition)

   Cache2kCacheConfiguration:
      Did not match:
         - @ConditionalOnClass did not find required class 'org.cache2k.Cache2kBuilder' (OnClassCondition)

   CacheAutoConfiguration:
      Did not match:
         - @ConditionalOnBean (types: org.springframework.cache.interceptor.CacheAspectSupport; SearchStrategy: all) did not find any beans of type org.springframework.cache.interceptor.CacheAspectSupport (OnBeanCondition)
      Matched:
         - @ConditionalOnClass found required class 'org.springframework.cache.CacheManager' (OnClassCondition)

   CacheAutoConfiguration.CacheManagerEntityManagerFactoryDependsOnPostProcessor:
      Did not match:
         - @ConditionalOnClass did not find required class 'org.springframework.orm.jpa.LocalContainerEntityManagerFactoryBean' (OnClassCondition)
         - Ancestor org.springframework.boot.autoconfigure.cache.CacheAutoConfiguration did not match (ConditionEvaluationReport.AncestorsMatchedCondition)

   CaffeineCacheConfiguration:
      Did not match:
         - @ConditionalOnClass did not find required class 'com.github.benmanes.caffeine.cache.Caffeine' (OnClassCondition)

   CassandraAutoConfiguration:
      Did not match:
         - @ConditionalOnClass did not find required class 'com.datastax.oss.driver.api.core.CqlSession' (OnClassCondition)

   CassandraDataAutoConfiguration:
      Did not match:
         - @ConditionalOnClass did not find required class 'com.datastax.oss.driver.api.core.CqlSession' (OnClassCondition)

   CassandraReactiveDataAutoConfiguration:
      Did not match:
         - @ConditionalOnClass did not find required class 'com.datastax.oss.driver.api.core.CqlSession' (OnClassCondition)

   CassandraReactiveRepositoriesAutoConfiguration:
      Did not match:
         - @ConditionalOnClass did not find required class 'org.springframework.data.cassandra.ReactiveSession' (OnClassCondition)

   CassandraRepositoriesAutoConfiguration:
      Did not match:
         - @ConditionalOnClass did not find required class 'com.datastax.oss.driver.api.core.CqlSession' (OnClassCondition)

   org.springframework.boot.autoconfigure.http.client.reactive.ClientHttpConnectorAutoConfiguration:
      Did not match:
         - @ConditionalOnClass did not find required class 'reactor.core.publisher.Mono' (OnClassCondition)

   org.springframework.boot.autoconfigure.web.reactive.function.client.ClientHttpConnectorAutoConfiguration:
      Did not match:
         - @ConditionalOnClass did not find required class 'org.springframework.web.reactive.function.client.WebClient' (OnClassCondition)

   CodecsAutoConfiguration:
      Did not match:
         - @ConditionalOnClass did not find required class 'org.springframework.web.reactive.function.client.WebClient' (OnClassCondition)

   CouchbaseAutoConfiguration:
      Did not match:
         - @ConditionalOnClass did not find required class 'com.couchbase.client.java.Cluster' (OnClassCondition)

   CouchbaseCacheConfiguration:
      Did not match:
         - @ConditionalOnClass did not find required class 'com.couchbase.client.java.Cluster' (OnClassCondition)

   CouchbaseDataAutoConfiguration:
      Did not match:
         - @ConditionalOnClass did not find required class 'com.couchbase.client.java.Bucket' (OnClassCondition)

   CouchbaseReactiveDataAutoConfiguration:
      Did not match:
         - @ConditionalOnClass did not find required class 'com.couchbase.client.java.Cluster' (OnClassCondition)

   CouchbaseReactiveRepositoriesAutoConfiguration:
      Did not match:
         - @ConditionalOnClass did not find required class 'com.couchbase.client.java.Cluster' (OnClassCondition)

   CouchbaseRepositoriesAutoConfiguration:
      Did not match:
         - @ConditionalOnClass did not find required class 'com.couchbase.client.java.Bucket' (OnClassCondition)

   DataSourceAutoConfiguration:
      Did not match:
         - @ConditionalOnClass did not find required class 'org.springframework.jdbc.datasource.embedded.EmbeddedDatabaseType' (OnClassCondition)

   DataSourceInitializationConfiguration:
      Did not match:
         - @ConditionalOnClass did not find required class 'org.springframework.jdbc.datasource.init.DatabasePopulator' (OnClassCondition)

   DataSourceTransactionManagerAutoConfiguration:
      Did not match:
         - @ConditionalOnClass did not find required class 'org.springframework.jdbc.core.JdbcTemplate' (OnClassCondition)

   DevToolsDataSourceAutoConfiguration:
      Did not match:
         - Devtools devtools is disabled for current context. (OnEnabledDevToolsCondition)
      Matched:
         - @ConditionalOnClass found required class 'javax.sql.DataSource' (OnClassCondition)

   DevToolsR2dbcAutoConfiguration:
      Did not match:
         - @ConditionalOnClass did not find required class 'io.r2dbc.spi.ConnectionFactory' (OnClassCondition)

   DispatcherServletAutoConfiguration.DispatcherServletConfiguration#multipartResolver:
      Did not match:
         - @ConditionalOnBean (types: org.springframework.web.multipart.MultipartResolver; SearchStrategy: all) did not find any beans of type org.springframework.web.multipart.MultipartResolver (OnBeanCondition)

   ElasticsearchClientAutoConfiguration:
      Did not match:
         - @ConditionalOnClass did not find required class 'co.elastic.clients.elasticsearch.ElasticsearchClient' (OnClassCondition)

   ElasticsearchDataAutoConfiguration:
      Did not match:
         - @ConditionalOnClass did not find required class 'org.springframework.data.elasticsearch.client.elc.ElasticsearchTemplate' (OnClassCondition)

   ElasticsearchRepositoriesAutoConfiguration:
      Did not match:
         - @ConditionalOnClass did not find required class 'org.springframework.data.elasticsearch.repository.ElasticsearchRepository' (OnClassCondition)

   ElasticsearchRestClientAutoConfiguration:
      Did not match:
         - @ConditionalOnClass did not find required class 'org.elasticsearch.client.RestClientBuilder' (OnClassCondition)

   EmbeddedLdapAutoConfiguration:
      Did not match:
         - @ConditionalOnClass did not find required class 'com.unboundid.ldap.listener.InMemoryDirectoryServer' (OnClassCondition)

   EmbeddedWebServerFactoryCustomizerAutoConfiguration:
      Did not match:
         - Application is deployed as a WAR file. (OnWarDeploymentCondition)
      Matched:
         - @ConditionalOnWebApplication (required) found 'session' scope (OnWebApplicationCondition)

   ErrorWebFluxAutoConfiguration:
      Did not match:
         - @ConditionalOnClass did not find required class 'org.springframework.web.reactive.config.WebFluxConfigurer' (OnClassCondition)

   FlywayAutoConfiguration:
      Did not match:
         - @ConditionalOnClass did not find required class 'org.flywaydb.core.Flyway' (OnClassCondition)

   FreeMarkerAutoConfiguration:
      Did not match:
         - @ConditionalOnClass did not find required class 'freemarker.template.Configuration' (OnClassCondition)

   GraphQlAutoConfiguration:
      Did not match:
         - @ConditionalOnClass did not find required class 'graphql.GraphQL' (OnClassCondition)

   GraphQlQueryByExampleAutoConfiguration:
      Did not match:
         - @ConditionalOnClass did not find required class 'graphql.GraphQL' (OnClassCondition)

   GraphQlQuerydslAutoConfiguration:
      Did not match:
         - @ConditionalOnClass did not find required class 'com.querydsl.core.Query' (OnClassCondition)

   GraphQlRSocketAutoConfiguration:
      Did not match:
         - @ConditionalOnClass did not find required class 'graphql.GraphQL' (OnClassCondition)

   GraphQlReactiveQueryByExampleAutoConfiguration:
      Did not match:
         - @ConditionalOnClass did not find required class 'graphql.GraphQL' (OnClassCondition)

   GraphQlReactiveQuerydslAutoConfiguration:
      Did not match:
         - @ConditionalOnClass did not find required class 'com.querydsl.core.Query' (OnClassCondition)

   GraphQlWebFluxAutoConfiguration:
      Did not match:
         - @ConditionalOnClass did not find required class 'graphql.GraphQL' (OnClassCondition)

   GraphQlWebFluxSecurityAutoConfiguration:
      Did not match:
         - @ConditionalOnClass did not find required class 'graphql.GraphQL' (OnClassCondition)

   GraphQlWebMvcAutoConfiguration:
      Did not match:
         - @ConditionalOnClass did not find required class 'graphql.GraphQL' (OnClassCondition)

   GraphQlWebMvcSecurityAutoConfiguration:
      Did not match:
         - @ConditionalOnClass did not find required class 'graphql.GraphQL' (OnClassCondition)

   GroovyTemplateAutoConfiguration:
      Did not match:
         - @ConditionalOnClass did not find required class 'groovy.text.markup.MarkupTemplateEngine' (OnClassCondition)

   GsonAutoConfiguration:
      Did not match:
         - @ConditionalOnClass did not find required class 'com.google.gson.Gson' (OnClassCondition)

   GsonHttpMessageConvertersConfiguration:
      Did not match:
         - @ConditionalOnClass did not find required class 'com.google.gson.Gson' (OnClassCondition)

   H2ConsoleAutoConfiguration:
      Did not match:
         - @ConditionalOnClass did not find required class 'org.h2.server.web.JakartaWebServlet' (OnClassCondition)

   HazelcastAutoConfiguration:
      Did not match:
         - @ConditionalOnClass did not find required class 'com.hazelcast.core.HazelcastInstance' (OnClassCondition)

   HazelcastCacheConfiguration:
      Did not match:
         - @ConditionalOnClass did not find required class 'com.hazelcast.core.HazelcastInstance' (OnClassCondition)

   HazelcastJpaDependencyAutoConfiguration:
      Did not match:
         - @ConditionalOnClass did not find required class 'com.hazelcast.core.HazelcastInstance' (OnClassCondition)

   HibernateJpaAutoConfiguration:
      Did not match:
         - @ConditionalOnClass did not find required class 'jakarta.persistence.EntityManager' (OnClassCondition)

   HttpHandlerAutoConfiguration:
      Did not match:
         - @ConditionalOnClass did not find required class 'org.springframework.web.reactive.DispatcherHandler' (OnClassCondition)

   HypermediaAutoConfiguration:
      Did not match:
         - @ConditionalOnClass did not find required class 'org.springframework.hateoas.EntityModel' (OnClassCondition)

   InfinispanCacheConfiguration:
      Did not match:
         - @ConditionalOnClass did not find required class 'org.infinispan.spring.embedded.provider.SpringEmbeddedCacheManager' (OnClassCondition)

   IntegrationAutoConfiguration:
      Did not match:
         - @ConditionalOnClass did not find required class 'org.springframework.integration.config.EnableIntegration' (OnClassCondition)

   JCacheCacheConfiguration:
      Did not match:
         - @ConditionalOnClass did not find required class 'javax.cache.Caching' (OnClassCondition)

   JacksonHttpMessageConvertersConfiguration.MappingJackson2XmlHttpMessageConverterConfiguration:
      Did not match:
         - @ConditionalOnClass did not find required class 'com.fasterxml.jackson.dataformat.xml.XmlMapper' (OnClassCondition)

   JdbcClientAutoConfiguration:
      Did not match:
         - @ConditionalOnSingleCandidate did not find required type 'org.springframework.jdbc.core.namedparam.NamedParameterJdbcTemplate' (OnBeanCondition)

   JdbcRepositoriesAutoConfiguration:
      Did not match:
         - @ConditionalOnClass did not find required class 'org.springframework.data.jdbc.repository.config.AbstractJdbcConfiguration' (OnClassCondition)

   JdbcTemplateAutoConfiguration:
      Did not match:
         - @ConditionalOnClass did not find required class 'org.springframework.jdbc.core.JdbcTemplate' (OnClassCondition)

   JerseyAutoConfiguration:
      Did not match:
         - @ConditionalOnClass did not find required class 'org.glassfish.jersey.server.spring.SpringComponentProvider' (OnClassCondition)

   JmsAutoConfiguration:
      Did not match:
         - @ConditionalOnClass did not find required class 'jakarta.jms.Message' (OnClassCondition)

   JmxAutoConfiguration:
      Did not match:
         - @ConditionalOnBooleanProperty (spring.jmx.enabled=true) found different value in property 'spring.jmx.enabled' (OnPropertyCondition)
      Matched:
         - @ConditionalOnClass found required class 'org.springframework.jmx.export.MBeanExporter' (OnClassCondition)

   JndiConnectionFactoryAutoConfiguration:
      Did not match:
         - @ConditionalOnClass did not find required class 'org.springframework.jms.core.JmsTemplate' (OnClassCondition)

   JndiDataSourceAutoConfiguration:
      Did not match:
         - @ConditionalOnClass did not find required class 'org.springframework.jdbc.datasource.embedded.EmbeddedDatabaseType' (OnClassCondition)

   JooqAutoConfiguration:
      Did not match:
         - @ConditionalOnClass did not find required class 'org.jooq.DSLContext' (OnClassCondition)

   JpaRepositoriesAutoConfiguration:
      Did not match:
         - @ConditionalOnClass did not find required class 'org.springframework.data.jpa.repository.JpaRepository' (OnClassCondition)

   JsonbAutoConfiguration:
      Did not match:
         - @ConditionalOnClass did not find required class 'jakarta.json.bind.Jsonb' (OnClassCondition)

   JsonbHttpMessageConvertersConfiguration:
      Did not match:
         - @ConditionalOnClass did not find required class 'jakarta.json.bind.Jsonb' (OnClassCondition)

   JtaAutoConfiguration:
      Did not match:
         - @ConditionalOnClass did not find required class 'jakarta.transaction.Transaction' (OnClassCondition)

   KafkaAutoConfiguration:
      Did not match:
         - @ConditionalOnClass did not find required class 'org.springframework.kafka.core.KafkaTemplate' (OnClassCondition)

   LdapAutoConfiguration:
      Did not match:
         - @ConditionalOnClass did not find required class 'org.springframework.ldap.core.ContextSource' (OnClassCondition)

   LdapRepositoriesAutoConfiguration:
      Did not match:
         - @ConditionalOnClass did not find required class 'org.springframework.data.ldap.repository.LdapRepository' (OnClassCondition)

   LiquibaseAutoConfiguration:
      Did not match:
         - @ConditionalOnClass did not find required class 'liquibase.change.DatabaseChange' (OnClassCondition)

   LocalDevToolsAutoConfiguration:
      Did not match:
         - Initialized Restarter Condition initialized without URLs (OnInitializedRestarterCondition)

   MailSenderAutoConfiguration:
      Did not match:
         - @ConditionalOnClass did not find required class 'jakarta.mail.internet.MimeMessage' (OnClassCondition)

   MailSenderValidatorAutoConfiguration:
      Did not match:
         - @ConditionalOnSingleCandidate did not find required type 'org.springframework.mail.javamail.JavaMailSenderImpl' (OnBeanCondition)

   MessageSourceAutoConfiguration:
      Did not match:
         - ResourceBundle did not find bundle with basename messages (MessageSourceAutoConfiguration.ResourceBundleCondition)

   MongoAutoConfiguration:
      Did not match:
         - @ConditionalOnClass did not find required class 'com.mongodb.client.MongoClient' (OnClassCondition)

   MongoDataAutoConfiguration:
      Did not match:
         - @ConditionalOnClass did not find required class 'com.mongodb.client.MongoClient' (OnClassCondition)

   MongoReactiveAutoConfiguration:
      Did not match:
         - @ConditionalOnClass did not find required class 'com.mongodb.reactivestreams.client.MongoClient' (OnClassCondition)

   MongoReactiveDataAutoConfiguration:
      Did not match:
         - @ConditionalOnClass did not find required class 'com.mongodb.reactivestreams.client.MongoClient' (OnClassCondition)

   MongoReactiveRepositoriesAutoConfiguration:
      Did not match:
         - @ConditionalOnClass did not find required class 'com.mongodb.reactivestreams.client.MongoClient' (OnClassCondition)

   MongoRepositoriesAutoConfiguration:
      Did not match:
         - @ConditionalOnClass did not find required class 'com.mongodb.client.MongoClient' (OnClassCondition)

   MustacheAutoConfiguration:
      Did not match:
         - @ConditionalOnClass did not find required class 'com.samskivert.mustache.Mustache' (OnClassCondition)

   Neo4jAutoConfiguration:
      Did not match:
         - @ConditionalOnClass did not find required class 'org.neo4j.driver.Driver' (OnClassCondition)

   Neo4jDataAutoConfiguration:
      Did not match:
         - @ConditionalOnClass did not find required class 'org.neo4j.driver.Driver' (OnClassCondition)

   Neo4jReactiveDataAutoConfiguration:
      Did not match:
         - @ConditionalOnClass did not find required class 'org.neo4j.driver.Driver' (OnClassCondition)

   Neo4jReactiveRepositoriesAutoConfiguration:
      Did not match:
         - @ConditionalOnClass did not find required class 'org.neo4j.driver.Driver' (OnClassCondition)

   Neo4jRepositoriesAutoConfiguration:
      Did not match:
         - @ConditionalOnClass did not find required class 'org.neo4j.driver.Driver' (OnClassCondition)

   NettyAutoConfiguration:
      Did not match:
         - @ConditionalOnClass did not find required class 'io.netty.util.NettyRuntime' (OnClassCondition)

   OAuth2AuthorizationServerAutoConfiguration:
      Did not match:
         - @ConditionalOnClass did not find required class 'org.springframework.security.oauth2.server.authorization.OAuth2Authorization' (OnClassCondition)

   OAuth2AuthorizationServerJwtAutoConfiguration:
      Did not match:
         - @ConditionalOnClass did not find required class 'com.nimbusds.jose.jwk.source.JWKSource' (OnClassCondition)

   OAuth2ClientAutoConfiguration:
      Did not match:
         - @ConditionalOnClass did not find required class 'org.springframework.security.oauth2.client.registration.ClientRegistration' (OnClassCondition)

   OAuth2ClientWebSecurityAutoConfiguration:
      Did not match:
         - @ConditionalOnClass did not find required class 'org.springframework.security.config.annotation.web.configuration.EnableWebSecurity' (OnClassCondition)

   OAuth2ResourceServerAutoConfiguration:
      Did not match:
         - @ConditionalOnClass did not find required class 'org.springframework.security.oauth2.server.resource.authentication.BearerTokenAuthenticationToken' (OnClassCondition)

   PersistenceExceptionTranslationAutoConfiguration:
      Did not match:
         - @ConditionalOnClass did not find required class 'org.springframework.dao.annotation.PersistenceExceptionTranslationPostProcessor' (OnClassCondition)

   ProjectInfoAutoConfiguration#buildProperties:
      Did not match:
         - @ConditionalOnResource did not find resource '${spring.info.build.location:classpath:META-INF/build-info.properties}' (OnResourceCondition)

   ProjectInfoAutoConfiguration#gitProperties:
      Did not match:
         - GitResource did not find git info at classpath:git.properties (ProjectInfoAutoConfiguration.GitResourceAvailableCondition)

   PulsarAutoConfiguration:
      Did not match:
         - @ConditionalOnClass did not find required class 'org.apache.pulsar.client.api.PulsarClient' (OnClassCondition)

   PulsarReactiveAutoConfiguration:
      Did not match:
         - @ConditionalOnClass did not find required class 'org.apache.pulsar.client.api.PulsarClient' (OnClassCondition)

   QuartzAutoConfiguration:
      Did not match:
         - @ConditionalOnClass did not find required class 'org.quartz.Scheduler' (OnClassCondition)

   R2dbcAutoConfiguration:
      Did not match:
         - @ConditionalOnClass did not find required class 'io.r2dbc.spi.ConnectionFactory' (OnClassCondition)

   R2dbcDataAutoConfiguration:
      Did not match:
         - @ConditionalOnClass did not find required class 'org.springframework.data.r2dbc.core.R2dbcEntityTemplate' (OnClassCondition)

   R2dbcInitializationConfiguration:
      Did not match:
         - @ConditionalOnClass did not find required classes 'io.r2dbc.spi.ConnectionFactory', 'org.springframework.r2dbc.connection.init.DatabasePopulator' (OnClassCondition)

   R2dbcProxyAutoConfiguration:
      Did not match:
         - @ConditionalOnClass did not find required class 'io.r2dbc.proxy.ProxyConnectionFactory' (OnClassCondition)

   R2dbcRepositoriesAutoConfiguration:
      Did not match:
         - @ConditionalOnClass did not find required class 'io.r2dbc.spi.ConnectionFactory' (OnClassCondition)

   R2dbcTransactionManagerAutoConfiguration:
      Did not match:
         - @ConditionalOnClass did not find required class 'org.springframework.r2dbc.connection.R2dbcTransactionManager' (OnClassCondition)

   RSocketGraphQlClientAutoConfiguration:
      Did not match:
         - @ConditionalOnClass did not find required class 'graphql.GraphQL' (OnClassCondition)

   RSocketMessagingAutoConfiguration:
      Did not match:
         - @ConditionalOnClass did not find required class 'io.rsocket.RSocket' (OnClassCondition)

   RSocketRequesterAutoConfiguration:
      Did not match:
         - @ConditionalOnClass did not find required class 'io.rsocket.RSocket' (OnClassCondition)

   RSocketSecurityAutoConfiguration:
      Did not match:
         - @ConditionalOnClass did not find required class 'org.springframework.security.rsocket.core.SecuritySocketAcceptorInterceptor' (OnClassCondition)

   RSocketServerAutoConfiguration:
      Did not match:
         - @ConditionalOnClass did not find required class 'io.rsocket.core.RSocketServer' (OnClassCondition)

   RSocketStrategiesAutoConfiguration:
      Did not match:
         - @ConditionalOnClass did not find required class 'io.netty.buffer.PooledByteBufAllocator' (OnClassCondition)

   RabbitAutoConfiguration:
      Did not match:
         - @ConditionalOnClass did not find required class 'com.rabbitmq.client.Channel' (OnClassCondition)

   ReactiveElasticsearchClientAutoConfiguration:
      Did not match:
         - @ConditionalOnClass did not find required class 'co.elastic.clients.transport.ElasticsearchTransport' (OnClassCondition)

   ReactiveElasticsearchRepositoriesAutoConfiguration:
      Did not match:
         - @ConditionalOnClass did not find required class 'reactor.core.publisher.Mono' (OnClassCondition)

   ReactiveMultipartAutoConfiguration:
      Did not match:
         - @ConditionalOnClass did not find required class 'org.springframework.web.reactive.config.WebFluxConfigurer' (OnClassCondition)

   ReactiveOAuth2ClientAutoConfiguration:
      Did not match:
         - @ConditionalOnClass did not find required class 'reactor.core.publisher.Flux' (OnClassCondition)

   ReactiveOAuth2ClientWebSecurityAutoConfiguration:
      Did not match:
         - @ConditionalOnClass did not find required class 'reactor.core.publisher.Flux' (OnClassCondition)

   ReactiveOAuth2ResourceServerAutoConfiguration:
      Did not match:
         - @ConditionalOnClass did not find required class 'org.springframework.security.config.annotation.web.reactive.EnableWebFluxSecurity' (OnClassCondition)

   ReactiveSecurityAutoConfiguration:
      Did not match:
         - @ConditionalOnClass did not find required class 'reactor.core.publisher.Flux' (OnClassCondition)

   ReactiveUserDetailsServiceAutoConfiguration:
      Did not match:
         - @ConditionalOnClass did not find required class 'org.springframework.security.authentication.ReactiveAuthenticationManager' (OnClassCondition)

   ReactiveWebServerFactoryAutoConfiguration:
      Did not match:
         - @ConditionalOnWebApplication did not find reactive web application classes (OnWebApplicationCondition)

   ReactorAutoConfiguration:
      Did not match:
         - @ConditionalOnClass did not find required class 'reactor.core.publisher.Hooks' (OnClassCondition)

   RedisAutoConfiguration:
      Did not match:
         - @ConditionalOnClass did not find required class 'org.springframework.data.redis.core.RedisOperations' (OnClassCondition)

   RedisCacheConfiguration:
      Did not match:
         - @ConditionalOnClass did not find required class 'org.springframework.data.redis.connection.RedisConnectionFactory' (OnClassCondition)

   RedisReactiveAutoConfiguration:
      Did not match:
         - @ConditionalOnClass did not find required class 'reactor.core.publisher.Flux' (OnClassCondition)

   RedisRepositoriesAutoConfiguration:
      Did not match:
         - @ConditionalOnClass did not find required class 'org.springframework.data.redis.repository.configuration.EnableRedisRepositories' (OnClassCondition)

   RemoteDevToolsAutoConfiguration:
      Did not match:
         - @ConditionalOnProperty (spring.devtools.remote.secret) did not find property 'spring.devtools.remote.secret' (OnPropertyCondition)
      Matched:
         - @ConditionalOnClass found required classes 'jakarta.servlet.Filter', 'org.springframework.http.server.ServerHttpRequest' (OnClassCondition)

   RepositoryRestMvcAutoConfiguration:
      Did not match:
         - @ConditionalOnClass did not find required class 'org.springframework.data.rest.webmvc.config.RepositoryRestMvcConfiguration' (OnClassCondition)

   Saml2RelyingPartyAutoConfiguration:
      Did not match:
         - @ConditionalOnClass did not find required class 'org.springframework.security.saml2.provider.service.registration.RelyingPartyRegistrationRepository' (OnClassCondition)

   SecurityAutoConfiguration:
      Did not match:
         - @ConditionalOnClass did not find required class 'org.springframework.security.authentication.DefaultAuthenticationEventPublisher' (OnClassCondition)

   SecurityFilterAutoConfiguration:
      Did not match:
         - @ConditionalOnClass did not find required class 'org.springframework.security.config.http.SessionCreationPolicy' (OnClassCondition)

   SendGridAutoConfiguration:
      Did not match:
         - @ConditionalOnClass did not find required class 'com.sendgrid.SendGrid' (OnClassCondition)

   ServletWebServerFactoryAutoConfiguration.ForwardedHeaderFilterConfiguration:
      Did not match:
         - @ConditionalOnProperty (server.forward-headers-strategy=framework) did not find property 'server.forward-headers-strategy' (OnPropertyCondition)

   ServletWebServerFactoryConfiguration.EmbeddedJetty:
      Did not match:
         - @ConditionalOnClass did not find required classes 'org.eclipse.jetty.server.Server', 'org.eclipse.jetty.util.Loader', 'org.eclipse.jetty.ee10.webapp.WebAppContext' (OnClassCondition)

   ServletWebServerFactoryConfiguration.EmbeddedUndertow:
      Did not match:
         - @ConditionalOnClass did not find required classes 'io.undertow.Undertow', 'org.xnio.SslClientAuthMode' (OnClassCondition)

   SessionAutoConfiguration:
      Did not match:
         - @ConditionalOnClass did not find required class 'org.springframework.session.Session' (OnClassCondition)

   SpringApplicationAdminJmxAutoConfiguration:
      Did not match:
         - @ConditionalOnBooleanProperty (spring.application.admin.enabled=true) did not find property 'spring.application.admin.enabled' (OnPropertyCondition)

   SpringDataWebAutoConfiguration:
      Did not match:
         - @ConditionalOnClass did not find required class 'org.springframework.data.web.PageableHandlerMethodArgumentResolver' (OnClassCondition)

   TaskExecutorConfigurations.SimpleAsyncTaskExecutorBuilderConfiguration#simpleAsyncTaskExecutorBuilderVirtualThreads:
      Did not match:
         - @ConditionalOnMissingBean (types: org.springframework.boot.task.SimpleAsyncTaskExecutorBuilder; SearchStrategy: all) found beans of type 'org.springframework.boot.task.SimpleAsyncTaskExecutorBuilder' simpleAsyncTaskExecutorBuilder (OnBeanCondition)

   TaskExecutorConfigurations.TaskExecutorConfiguration#applicationTaskExecutorVirtualThreads:
      Did not match:
         - @ConditionalOnThreading did not find VIRTUAL (OnThreadingCondition)

   TaskSchedulingAutoConfiguration#scheduledBeanLazyInitializationExcludeFilter:
      Did not match:
         - @ConditionalOnBean (names: org.springframework.context.annotation.internalScheduledAnnotationProcessor; SearchStrategy: all) did not find any beans named org.springframework.context.annotation.internalScheduledAnnotationProcessor (OnBeanCondition)

   TaskSchedulingConfigurations.SimpleAsyncTaskSchedulerBuilderConfiguration#simpleAsyncTaskSchedulerBuilderVirtualThreads:
      Did not match:
         - @ConditionalOnMissingBean (types: org.springframework.boot.task.SimpleAsyncTaskSchedulerBuilder; SearchStrategy: all) found beans of type 'org.springframework.boot.task.SimpleAsyncTaskSchedulerBuilder' simpleAsyncTaskSchedulerBuilder (OnBeanCondition)

   TaskSchedulingConfigurations.TaskSchedulerConfiguration:
      Did not match:
         - @ConditionalOnBean (names: org.springframework.context.annotation.internalScheduledAnnotationProcessor; SearchStrategy: all) did not find any beans named org.springframework.context.annotation.internalScheduledAnnotationProcessor (OnBeanCondition)

   ThymeleafAutoConfiguration:
      Did not match:
         - @ConditionalOnClass did not find required class 'org.thymeleaf.spring6.SpringTemplateEngine' (OnClassCondition)

   TransactionAutoConfiguration:
      Did not match:
         - @ConditionalOnClass did not find required class 'org.springframework.transaction.PlatformTransactionManager' (OnClassCondition)

   TransactionManagerCustomizationAutoConfiguration:
      Did not match:
         - @ConditionalOnClass did not find required class 'org.springframework.transaction.PlatformTransactionManager' (OnClassCondition)

   UserDetailsServiceAutoConfiguration:
      Did not match:
         - @ConditionalOnClass did not find required class 'org.springframework.security.authentication.AuthenticationManager' (OnClassCondition)

   ValidationAutoConfiguration:
      Did not match:
         - @ConditionalOnClass did not find required class 'jakarta.validation.executable.ExecutableValidator' (OnClassCondition)

   WebClientAutoConfiguration:
      Did not match:
         - @ConditionalOnClass did not find required class 'org.springframework.web.reactive.function.client.WebClient' (OnClassCondition)

   WebFluxAutoConfiguration:
      Did not match:
         - @ConditionalOnClass did not find required class 'org.springframework.web.reactive.config.WebFluxConfigurer' (OnClassCondition)

   WebMvcAutoConfiguration#hiddenHttpMethodFilter:
      Did not match:
         - @ConditionalOnBooleanProperty (spring.mvc.hiddenmethod.filter.enabled=true) did not find property 'spring.mvc.hiddenmethod.filter.enabled' (OnPropertyCondition)

   WebMvcAutoConfiguration.ProblemDetailsErrorHandlingConfiguration:
      Did not match:
         - @ConditionalOnBooleanProperty (spring.mvc.problemdetails.enabled=true) did not find property 'spring.mvc.problemdetails.enabled' (OnPropertyCondition)

   WebMvcAutoConfiguration.ResourceChainCustomizerConfiguration:
      Did not match:
         - @ConditionalOnEnabledResourceChain did not find class org.webjars.WebJarVersionLocator (OnEnabledResourceChainCondition)

   WebMvcAutoConfiguration.WebMvcAutoConfigurationAdapter#beanNameViewResolver:
      Did not match:
         - @ConditionalOnMissingBean (types: org.springframework.web.servlet.view.BeanNameViewResolver; SearchStrategy: all) found beans of type 'org.springframework.web.servlet.view.BeanNameViewResolver' beanNameViewResolver (OnBeanCondition)

   WebServiceTemplateAutoConfiguration:
      Did not match:
         - @ConditionalOnClass did not find required class 'org.springframework.oxm.Marshaller' (OnClassCondition)

   WebServicesAutoConfiguration:
      Did not match:
         - @ConditionalOnClass did not find required class 'org.springframework.ws.transport.http.MessageDispatcherServlet' (OnClassCondition)

   WebSessionIdResolverAutoConfiguration:
      Did not match:
         - @ConditionalOnClass did not find required class 'reactor.core.publisher.Mono' (OnClassCondition)

   WebSocketMessagingAutoConfiguration:
      Did not match:
         - @ConditionalOnClass did not find required class 'org.springframework.web.socket.config.annotation.WebSocketMessageBrokerConfigurer' (OnClassCondition)

   WebSocketReactiveAutoConfiguration:
      Did not match:
         - @ConditionalOnWebApplication did not find reactive web application classes (OnWebApplicationCondition)

   WebSocketServletAutoConfiguration.JettyWebSocketConfiguration:
      Did not match:
         - @ConditionalOnClass did not find required class 'org.eclipse.jetty.ee10.websocket.jakarta.server.config.JakartaWebSocketServletContainerInitializer' (OnClassCondition)

   WebSocketServletAutoConfiguration.UndertowWebSocketConfiguration:
      Did not match:
         - @ConditionalOnClass did not find required class 'io.undertow.websockets.jsr.Bootstrap' (OnClassCondition)

   XADataSourceAutoConfiguration:
      Did not match:
         - @ConditionalOnClass did not find required class 'jakarta.transaction.TransactionManager' (OnClassCondition)


Exclusions:
-----------

    None


Unconditional classes:
----------------------

    org.springframework.boot.autoconfigure.context.ConfigurationPropertiesAutoConfiguration

    org.springframework.boot.autoconfigure.ssl.SslAutoConfiguration

    org.springframework.boot.autoconfigure.context.LifecycleAutoConfiguration

    org.springframework.boot.autoconfigure.context.PropertyPlaceholderAutoConfiguration

    org.springframework.boot.autoconfigure.availability.ApplicationAvailabilityAutoConfiguration

    org.springframework.boot.autoconfigure.info.ProjectInfoAutoConfiguration



2025-07-30T17:03:39.977+05:30 TRACE 16196 --- [Spring_Boot_Start] [           main] o.s.b.f.s.DefaultListableBeanFactory     : Returning cached instance of singleton bean 'welcomePageHandlerMapping'
2025-07-30T17:03:39.977+05:30 TRACE 16196 --- [Spring_Boot_Start] [           main] o.s.b.f.s.DefaultListableBeanFactory     : Returning cached instance of singleton bean 'welcomePageNotAcceptableHandlerMapping'
2025-07-30T17:03:39.977+05:30 TRACE 16196 --- [Spring_Boot_Start] [           main] o.s.b.f.s.DefaultListableBeanFactory     : Returning cached instance of singleton bean 'requestMappingHandlerMapping'
2025-07-30T17:03:39.977+05:30 TRACE 16196 --- [Spring_Boot_Start] [           main] o.s.b.f.s.DefaultListableBeanFactory     : Returning cached instance of singleton bean 'viewControllerHandlerMapping'
2025-07-30T17:03:39.977+05:30 TRACE 16196 --- [Spring_Boot_Start] [           main] o.s.b.f.s.DefaultListableBeanFactory     : Returning cached instance of singleton bean 'beanNameHandlerMapping'
2025-07-30T17:03:39.977+05:30 TRACE 16196 --- [Spring_Boot_Start] [           main] o.s.b.f.s.DefaultListableBeanFactory     : Returning cached instance of singleton bean 'routerFunctionMapping'
2025-07-30T17:03:39.977+05:30 TRACE 16196 --- [Spring_Boot_Start] [           main] o.s.b.f.s.DefaultListableBeanFactory     : Returning cached instance of singleton bean 'resourceHandlerMapping'
2025-07-30T17:03:39.977+05:30 TRACE 16196 --- [Spring_Boot_Start] [           main] o.s.b.f.s.DefaultListableBeanFactory     : Returning cached instance of singleton bean 'defaultServletHandlerMapping'
2025-07-30T17:03:39.980+05:30  INFO 16196 --- [Spring_Boot_Start] [           main] c.S.S.SpringBootStartApplicationTests    : Started SpringBootStartApplicationTests in 2.69 seconds (process running for 4.381)
2025-07-30T17:03:39.982+05:30 TRACE 16196 --- [Spring_Boot_Start] [           main] o.s.b.f.s.DefaultListableBeanFactory     : Returning cached instance of singleton bean 'applicationAvailability'
2025-07-30T17:03:39.982+05:30 DEBUG 16196 --- [Spring_Boot_Start] [           main] o.s.b.a.ApplicationAvailabilityBean      : Application availability state LivenessState changed to CORRECT
2025-07-30T17:03:39.985+05:30 DEBUG 16196 --- [Spring_Boot_Start] [           main] o.s.boot.devtools.restart.Restarter      : Creating new Restarter for thread Thread[#3,main,5,main]
2025-07-30T17:03:39.986+05:30 TRACE 16196 --- [Spring_Boot_Start] [           main] o.s.b.f.s.DefaultListableBeanFactory     : Returning cached instance of singleton bean 'applicationAvailability'
2025-07-30T17:03:39.986+05:30 DEBUG 16196 --- [Spring_Boot_Start] [           main] o.s.b.a.ApplicationAvailabilityBean      : Application availability state ReadinessState changed to ACCEPTING_TRAFFIC
2025-07-30T17:03:39.989+05:30 TRACE 16196 --- [Spring_Boot_Start] [           main] c.DefaultCacheAwareContextLoaderDelegate : Storing ApplicationContext [1970779713] in cache under key [WebMergedContextConfiguration@62b93086 testClass = com.Spring_Boot_Start.Spring_Boot_Start.SpringBootStartApplicationTests, locations = [], classes = [com.Spring_Boot_Start.Spring_Boot_Start.SpringBootStartApplication], contextInitializerClasses = [], activeProfiles = [], propertySourceDescriptors = [], propertySourceProperties = ["org.springframework.boot.test.context.SpringBootTestContextBootstrapper=true"], contextCustomizers = [org.springframework.boot.test.context.filter.ExcludeFilterContextCustomizer@4b741d6d, org.springframework.boot.test.json.DuplicateJsonObjectContextCustomizerFactory$DuplicateJsonObjectContextCustomizer@7674f035, org.springframework.boot.test.mock.mockito.MockitoContextCustomizer@0, org.springframework.boot.test.web.client.TestRestTemplateContextCustomizer@1cf6d1be, org.springframework.boot.test.web.reactor.netty.DisableReactorResourceFactoryGlobalResourcesContextCustomizerFactory$DisableReactorResourceFactoryGlobalResourcesContextCustomizerCustomizer@4c60d6e9, org.springframework.boot.test.autoconfigure.OnFailureConditionReportContextCustomizerFactory$OnFailureConditionReportContextCustomizer@1349883, org.springframework.boot.test.autoconfigure.actuate.observability.ObservabilityContextCustomizerFactory$DisableObservabilityContextCustomizer@1f, org.springframework.boot.test.autoconfigure.properties.PropertyMappingContextCustomizer@0, org.springframework.boot.test.autoconfigure.web.servlet.WebDriverContextCustomizer@268f106e, org.springframework.test.context.support.DynamicPropertiesContextCustomizer@0, org.springframework.boot.test.context.SpringBootTestAnnotation@9f0191c7], resourceBasePath = "src/main/webapp", contextLoader = org.springframework.boot.test.context.SpringBootContextLoader, parent = null]
2025-07-30T17:03:39.990+05:30 DEBUG 16196 --- [Spring_Boot_Start] [           main] org.springframework.test.context.cache   : Spring test ApplicationContext cache statistics: [DefaultContextCache@254449bb size = 1, maxSize = 32, parentContextCount = 0, hitCount = 0, missCount = 1, failureCount = 0]
2025-07-30T17:03:39.990+05:30 TRACE 16196 --- [Spring_Boot_Start] [           main] o.s.t.c.w.ServletTestExecutionListener   : Setting up MockHttpServletRequest, MockHttpServletResponse, ServletWebRequest, and RequestContextHolder for test context [DefaultTestContext@29ebbdf4 testClass = com.Spring_Boot_Start.Spring_Boot_Start.SpringBootStartApplicationTests, testInstance = com.Spring_Boot_Start.Spring_Boot_Start.SpringBootStartApplicationTests@2fd954f, testMethod = null, testException = null, mergedContextConfiguration = [WebMergedContextConfiguration@62b93086 testClass = com.Spring_Boot_Start.Spring_Boot_Start.SpringBootStartApplicationTests, locations = [], classes = [com.Spring_Boot_Start.Spring_Boot_Start.SpringBootStartApplication], contextInitializerClasses = [], activeProfiles = [], propertySourceDescriptors = [], propertySourceProperties = ["org.springframework.boot.test.context.SpringBootTestContextBootstrapper=true"], contextCustomizers = [org.springframework.boot.test.context.filter.ExcludeFilterContextCustomizer@4b741d6d, org.springframework.boot.test.json.DuplicateJsonObjectContextCustomizerFactory$DuplicateJsonObjectContextCustomizer@7674f035, org.springframework.boot.test.mock.mockito.MockitoContextCustomizer@0, org.springframework.boot.test.web.client.TestRestTemplateContextCustomizer@1cf6d1be, org.springframework.boot.test.web.reactor.netty.DisableReactorResourceFactoryGlobalResourcesContextCustomizerFactory$DisableReactorResourceFactoryGlobalResourcesContextCustomizerCustomizer@4c60d6e9, org.springframework.boot.test.autoconfigure.OnFailureConditionReportContextCustomizerFactory$OnFailureConditionReportContextCustomizer@1349883, org.springframework.boot.test.autoconfigure.actuate.observability.ObservabilityContextCustomizerFactory$DisableObservabilityContextCustomizer@1f, org.springframework.boot.test.autoconfigure.properties.PropertyMappingContextCustomizer@0, org.springframework.boot.test.autoconfigure.web.servlet.WebDriverContextCustomizer@268f106e, org.springframework.test.context.support.DynamicPropertiesContextCustomizer@0, org.springframework.boot.test.context.SpringBootTestAnnotation@9f0191c7], resourceBasePath = "src/main/webapp", contextLoader = org.springframework.boot.test.context.SpringBootContextLoader, parent = null], attributes = {"org.springframework.test.context.web.ServletTestExecutionListener.activateListener" -> true}]
2025-07-30T17:03:40.005+05:30 TRACE 16196 --- [Spring_Boot_Start] [           main] DependencyInjectionTestExecutionListener : Performing dependency injection for test context [DefaultTestContext@29ebbdf4 testClass = com.Spring_Boot_Start.Spring_Boot_Start.SpringBootStartApplicationTests, testInstance = com.Spring_Boot_Start.Spring_Boot_Start.SpringBootStartApplicationTests@2fd954f, testMethod = null, testException = null, mergedContextConfiguration = [WebMergedContextConfiguration@62b93086 testClass = com.Spring_Boot_Start.Spring_Boot_Start.SpringBootStartApplicationTests, locations = [], classes = [com.Spring_Boot_Start.Spring_Boot_Start.SpringBootStartApplication], contextInitializerClasses = [], activeProfiles = [], propertySourceDescriptors = [], propertySourceProperties = ["org.springframework.boot.test.context.SpringBootTestContextBootstrapper=true"], contextCustomizers = [org.springframework.boot.test.context.filter.ExcludeFilterContextCustomizer@4b741d6d, org.springframework.boot.test.json.DuplicateJsonObjectContextCustomizerFactory$DuplicateJsonObjectContextCustomizer@7674f035, org.springframework.boot.test.mock.mockito.MockitoContextCustomizer@0, org.springframework.boot.test.web.client.TestRestTemplateContextCustomizer@1cf6d1be, org.springframework.boot.test.web.reactor.netty.DisableReactorResourceFactoryGlobalResourcesContextCustomizerFactory$DisableReactorResourceFactoryGlobalResourcesContextCustomizerCustomizer@4c60d6e9, org.springframework.boot.test.autoconfigure.OnFailureConditionReportContextCustomizerFactory$OnFailureConditionReportContextCustomizer@1349883, org.springframework.boot.test.autoconfigure.actuate.observability.ObservabilityContextCustomizerFactory$DisableObservabilityContextCustomizer@1f, org.springframework.boot.test.autoconfigure.properties.PropertyMappingContextCustomizer@0, org.springframework.boot.test.autoconfigure.web.servlet.WebDriverContextCustomizer@268f106e, org.springframework.test.context.support.DynamicPropertiesContextCustomizer@0, org.springframework.boot.test.context.SpringBootTestAnnotation@9f0191c7], resourceBasePath = "src/main/webapp", contextLoader = org.springframework.boot.test.context.SpringBootContextLoader, parent = null], attributes = {"org.springframework.test.context.web.ServletTestExecutionListener.activateListener" -> true, "org.springframework.test.context.web.ServletTestExecutionListener.populatedRequestContextHolder" -> true, "org.springframework.test.context.web.ServletTestExecutionListener.resetRequestContextHolder" -> true, "org.springframework.test.context.event.ApplicationEventsTestExecutionListener.recordApplicationEvents" -> false}]
2025-07-30T17:03:40.006+05:30 TRACE 16196 --- [Spring_Boot_Start] [           main] c.DefaultCacheAwareContextLoaderDelegate : Retrieved ApplicationContext [1970779713] from cache with key [WebMergedContextConfiguration@62b93086 testClass = com.Spring_Boot_Start.Spring_Boot_Start.SpringBootStartApplicationTests, locations = [], classes = [com.Spring_Boot_Start.Spring_Boot_Start.SpringBootStartApplication], contextInitializerClasses = [], activeProfiles = [], propertySourceDescriptors = [], propertySourceProperties = ["org.springframework.boot.test.context.SpringBootTestContextBootstrapper=true"], contextCustomizers = [org.springframework.boot.test.context.filter.ExcludeFilterContextCustomizer@4b741d6d, org.springframework.boot.test.json.DuplicateJsonObjectContextCustomizerFactory$DuplicateJsonObjectContextCustomizer@7674f035, org.springframework.boot.test.mock.mockito.MockitoContextCustomizer@0, org.springframework.boot.test.web.client.TestRestTemplateContextCustomizer@1cf6d1be, org.springframework.boot.test.web.reactor.netty.DisableReactorResourceFactoryGlobalResourcesContextCustomizerFactory$DisableReactorResourceFactoryGlobalResourcesContextCustomizerCustomizer@4c60d6e9, org.springframework.boot.test.autoconfigure.OnFailureConditionReportContextCustomizerFactory$OnFailureConditionReportContextCustomizer@1349883, org.springframework.boot.test.autoconfigure.actuate.observability.ObservabilityContextCustomizerFactory$DisableObservabilityContextCustomizer@1f, org.springframework.boot.test.autoconfigure.properties.PropertyMappingContextCustomizer@0, org.springframework.boot.test.autoconfigure.web.servlet.WebDriverContextCustomizer@268f106e, org.springframework.test.context.support.DynamicPropertiesContextCustomizer@0, org.springframework.boot.test.context.SpringBootTestAnnotation@9f0191c7], resourceBasePath = "src/main/webapp", contextLoader = org.springframework.boot.test.context.SpringBootContextLoader, parent = null]
2025-07-30T17:03:40.006+05:30 DEBUG 16196 --- [Spring_Boot_Start] [           main] org.springframework.test.context.cache   : Spring test ApplicationContext cache statistics: [DefaultContextCache@254449bb size = 1, maxSize = 32, parentContextCount = 0, hitCount = 1, missCount = 1, failureCount = 0]
2025-07-30T17:03:40.007+05:30 TRACE 16196 --- [Spring_Boot_Start] [           main] c.DefaultCacheAwareContextLoaderDelegate : Retrieved ApplicationContext [1970779713] from cache with key [WebMergedContextConfiguration@62b93086 testClass = com.Spring_Boot_Start.Spring_Boot_Start.SpringBootStartApplicationTests, locations = [], classes = [com.Spring_Boot_Start.Spring_Boot_Start.SpringBootStartApplication], contextInitializerClasses = [], activeProfiles = [], propertySourceDescriptors = [], propertySourceProperties = ["org.springframework.boot.test.context.SpringBootTestContextBootstrapper=true"], contextCustomizers = [org.springframework.boot.test.context.filter.ExcludeFilterContextCustomizer@4b741d6d, org.springframework.boot.test.json.DuplicateJsonObjectContextCustomizerFactory$DuplicateJsonObjectContextCustomizer@7674f035, org.springframework.boot.test.mock.mockito.MockitoContextCustomizer@0, org.springframework.boot.test.web.client.TestRestTemplateContextCustomizer@1cf6d1be, org.springframework.boot.test.web.reactor.netty.DisableReactorResourceFactoryGlobalResourcesContextCustomizerFactory$DisableReactorResourceFactoryGlobalResourcesContextCustomizerCustomizer@4c60d6e9, org.springframework.boot.test.autoconfigure.OnFailureConditionReportContextCustomizerFactory$OnFailureConditionReportContextCustomizer@1349883, org.springframework.boot.test.autoconfigure.actuate.observability.ObservabilityContextCustomizerFactory$DisableObservabilityContextCustomizer@1f, org.springframework.boot.test.autoconfigure.properties.PropertyMappingContextCustomizer@0, org.springframework.boot.test.autoconfigure.web.servlet.WebDriverContextCustomizer@268f106e, org.springframework.test.context.support.DynamicPropertiesContextCustomizer@0, org.springframework.boot.test.context.SpringBootTestAnnotation@9f0191c7], resourceBasePath = "src/main/webapp", contextLoader = org.springframework.boot.test.context.SpringBootContextLoader, parent = null]
2025-07-30T17:03:40.008+05:30 DEBUG 16196 --- [Spring_Boot_Start] [           main] org.springframework.test.context.cache   : Spring test ApplicationContext cache statistics: [DefaultContextCache@254449bb size = 1, maxSize = 32, parentContextCount = 0, hitCount = 2, missCount = 1, failureCount = 0]
2025-07-30T17:03:40.016+05:30 TRACE 16196 --- [Spring_Boot_Start] [           main] o.s.test.context.TestContextManager      : beforeTestMethod(): instance [com.Spring_Boot_Start.Spring_Boot_Start.SpringBootStartApplicationTests@2fd954f], method [void com.Spring_Boot_Start.Spring_Boot_Start.SpringBootStartApplicationTests.contextLoads()]
2025-07-30T17:03:40.017+05:30 TRACE 16196 --- [Spring_Boot_Start] [           main] sContextBeforeModesTestExecutionListener : Before test method: context [DefaultTestContext@29ebbdf4 testClass = com.Spring_Boot_Start.Spring_Boot_Start.SpringBootStartApplicationTests, testInstance = com.Spring_Boot_Start.Spring_Boot_Start.SpringBootStartApplicationTests@2fd954f, testMethod = contextLoads(), testException = null, mergedContextConfiguration = [WebMergedContextConfiguration@62b93086 testClass = com.Spring_Boot_Start.Spring_Boot_Start.SpringBootStartApplicationTests, locations = [], classes = [com.Spring_Boot_Start.Spring_Boot_Start.SpringBootStartApplication], contextInitializerClasses = [], activeProfiles = [], propertySourceDescriptors = [], propertySourceProperties = ["org.springframework.boot.test.context.SpringBootTestContextBootstrapper=true"], contextCustomizers = [org.springframework.boot.test.context.filter.ExcludeFilterContextCustomizer@4b741d6d, org.springframework.boot.test.json.DuplicateJsonObjectContextCustomizerFactory$DuplicateJsonObjectContextCustomizer@7674f035, org.springframework.boot.test.mock.mockito.MockitoContextCustomizer@0, org.springframework.boot.test.web.client.TestRestTemplateContextCustomizer@1cf6d1be, org.springframework.boot.test.web.reactor.netty.DisableReactorResourceFactoryGlobalResourcesContextCustomizerFactory$DisableReactorResourceFactoryGlobalResourcesContextCustomizerCustomizer@4c60d6e9, org.springframework.boot.test.autoconfigure.OnFailureConditionReportContextCustomizerFactory$OnFailureConditionReportContextCustomizer@1349883, org.springframework.boot.test.autoconfigure.actuate.observability.ObservabilityContextCustomizerFactory$DisableObservabilityContextCustomizer@1f, org.springframework.boot.test.autoconfigure.properties.PropertyMappingContextCustomizer@0, org.springframework.boot.test.autoconfigure.web.servlet.WebDriverContextCustomizer@268f106e, org.springframework.test.context.support.DynamicPropertiesContextCustomizer@0, org.springframework.boot.test.context.SpringBootTestAnnotation@9f0191c7], resourceBasePath = "src/main/webapp", contextLoader = org.springframework.boot.test.context.SpringBootContextLoader, parent = null], attributes = {"org.springframework.test.context.web.ServletTestExecutionListener.activateListener" -> true, "org.springframework.test.context.web.ServletTestExecutionListener.populatedRequestContextHolder" -> true, "org.springframework.test.context.web.ServletTestExecutionListener.resetRequestContextHolder" -> true, "org.springframework.test.context.event.ApplicationEventsTestExecutionListener.recordApplicationEvents" -> false}], class annotated with @DirtiesContext [false] with mode [null], method annotated with @DirtiesContext [false] with mode [null]
2025-07-30T17:03:40.019+05:30 TRACE 16196 --- [Spring_Boot_Start] [           main] c.DefaultCacheAwareContextLoaderDelegate : Retrieved ApplicationContext [1970779713] from cache with key [WebMergedContextConfiguration@62b93086 testClass = com.Spring_Boot_Start.Spring_Boot_Start.SpringBootStartApplicationTests, locations = [], classes = [com.Spring_Boot_Start.Spring_Boot_Start.SpringBootStartApplication], contextInitializerClasses = [], activeProfiles = [], propertySourceDescriptors = [], propertySourceProperties = ["org.springframework.boot.test.context.SpringBootTestContextBootstrapper=true"], contextCustomizers = [org.springframework.boot.test.context.filter.ExcludeFilterContextCustomizer@4b741d6d, org.springframework.boot.test.json.DuplicateJsonObjectContextCustomizerFactory$DuplicateJsonObjectContextCustomizer@7674f035, org.springframework.boot.test.mock.mockito.MockitoContextCustomizer@0, org.springframework.boot.test.web.client.TestRestTemplateContextCustomizer@1cf6d1be, org.springframework.boot.test.web.reactor.netty.DisableReactorResourceFactoryGlobalResourcesContextCustomizerFactory$DisableReactorResourceFactoryGlobalResourcesContextCustomizerCustomizer@4c60d6e9, org.springframework.boot.test.autoconfigure.OnFailureConditionReportContextCustomizerFactory$OnFailureConditionReportContextCustomizer@1349883, org.springframework.boot.test.autoconfigure.actuate.observability.ObservabilityContextCustomizerFactory$DisableObservabilityContextCustomizer@1f, org.springframework.boot.test.autoconfigure.properties.PropertyMappingContextCustomizer@0, org.springframework.boot.test.autoconfigure.web.servlet.WebDriverContextCustomizer@268f106e, org.springframework.test.context.support.DynamicPropertiesContextCustomizer@0, org.springframework.boot.test.context.SpringBootTestAnnotation@9f0191c7], resourceBasePath = "src/main/webapp", contextLoader = org.springframework.boot.test.context.SpringBootContextLoader, parent = null]
2025-07-30T17:03:40.019+05:30 DEBUG 16196 --- [Spring_Boot_Start] [           main] org.springframework.test.context.cache   : Spring test ApplicationContext cache statistics: [DefaultContextCache@254449bb size = 1, maxSize = 32, parentContextCount = 0, hitCount = 3, missCount = 1, failureCount = 0]
2025-07-30T17:03:40.020+05:30 TRACE 16196 --- [Spring_Boot_Start] [           main] c.DefaultCacheAwareContextLoaderDelegate : Retrieved ApplicationContext [1970779713] from cache with key [WebMergedContextConfiguration@62b93086 testClass = com.Spring_Boot_Start.Spring_Boot_Start.SpringBootStartApplicationTests, locations = [], classes = [com.Spring_Boot_Start.Spring_Boot_Start.SpringBootStartApplication], contextInitializerClasses = [], activeProfiles = [], propertySourceDescriptors = [], propertySourceProperties = ["org.springframework.boot.test.context.SpringBootTestContextBootstrapper=true"], contextCustomizers = [org.springframework.boot.test.context.filter.ExcludeFilterContextCustomizer@4b741d6d, org.springframework.boot.test.json.DuplicateJsonObjectContextCustomizerFactory$DuplicateJsonObjectContextCustomizer@7674f035, org.springframework.boot.test.mock.mockito.MockitoContextCustomizer@0, org.springframework.boot.test.web.client.TestRestTemplateContextCustomizer@1cf6d1be, org.springframework.boot.test.web.reactor.netty.DisableReactorResourceFactoryGlobalResourcesContextCustomizerFactory$DisableReactorResourceFactoryGlobalResourcesContextCustomizerCustomizer@4c60d6e9, org.springframework.boot.test.autoconfigure.OnFailureConditionReportContextCustomizerFactory$OnFailureConditionReportContextCustomizer@1349883, org.springframework.boot.test.autoconfigure.actuate.observability.ObservabilityContextCustomizerFactory$DisableObservabilityContextCustomizer@1f, org.springframework.boot.test.autoconfigure.properties.PropertyMappingContextCustomizer@0, org.springframework.boot.test.autoconfigure.web.servlet.WebDriverContextCustomizer@268f106e, org.springframework.test.context.support.DynamicPropertiesContextCustomizer@0, org.springframework.boot.test.context.SpringBootTestAnnotation@9f0191c7], resourceBasePath = "src/main/webapp", contextLoader = org.springframework.boot.test.context.SpringBootContextLoader, parent = null]
2025-07-30T17:03:40.020+05:30 DEBUG 16196 --- [Spring_Boot_Start] [           main] org.springframework.test.context.cache   : Spring test ApplicationContext cache statistics: [DefaultContextCache@254449bb size = 1, maxSize = 32, parentContextCount = 0, hitCount = 4, missCount = 1, failureCount = 0]
2025-07-30T17:03:40.022+05:30 TRACE 16196 --- [Spring_Boot_Start] [           main] o.s.b.f.s.DefaultListableBeanFactory     : Returning cached instance of singleton bean 'org.springframework.boot.test.mock.mockito.MockitoPostProcessor$SpyPostProcessor'
2025-07-30T17:03:40.980+05:30 TRACE 16196 --- [Spring_Boot_Start] [           main] o.s.b.f.s.DefaultListableBeanFactory     : Returning cached instance of singleton bean 'org.springframework.boot.test.mock.mockito.MockitoPostProcessor'
2025-07-30T17:03:40.980+05:30 TRACE 16196 --- [Spring_Boot_Start] [           main] o.s.b.f.s.DefaultListableBeanFactory     : Returning cached instance of singleton bean 'org.springframework.test.context.support.internalDynamicPropertyRegistrarBeanInitializer'
2025-07-30T17:03:40.981+05:30 TRACE 16196 --- [Spring_Boot_Start] [           main] o.s.b.f.s.DefaultListableBeanFactory     : Returning cached instance of singleton bean 'org.springframework.context.annotation.internalConfigurationAnnotationProcessor'
2025-07-30T17:03:40.981+05:30 TRACE 16196 --- [Spring_Boot_Start] [           main] o.s.b.f.s.DefaultListableBeanFactory     : Returning cached instance of singleton bean 'org.springframework.context.annotation.internalAutowiredAnnotationProcessor'
2025-07-30T17:03:40.981+05:30 TRACE 16196 --- [Spring_Boot_Start] [           main] o.s.b.f.s.DefaultListableBeanFactory     : Returning cached instance of singleton bean 'org.springframework.context.annotation.internalCommonAnnotationProcessor'
2025-07-30T17:03:40.981+05:30 TRACE 16196 --- [Spring_Boot_Start] [           main] o.s.b.f.s.DefaultListableBeanFactory     : Returning cached instance of singleton bean 'org.springframework.context.event.internalEventListenerProcessor'
2025-07-30T17:03:40.981+05:30 TRACE 16196 --- [Spring_Boot_Start] [           main] o.s.b.f.s.DefaultListableBeanFactory     : Returning cached instance of singleton bean 'org.springframework.context.event.internalEventListenerFactory'
2025-07-30T17:03:40.981+05:30 TRACE 16196 --- [Spring_Boot_Start] [           main] o.s.b.f.s.DefaultListableBeanFactory     : Returning cached instance of singleton bean 'springBootStartApplication'
2025-07-30T17:03:40.981+05:30 TRACE 16196 --- [Spring_Boot_Start] [           main] o.s.b.f.s.DefaultListableBeanFactory     : Returning cached instance of singleton bean 'org.springframework.boot.autoconfigure.internalCachingMetadataReaderFactory'
2025-07-30T17:03:40.981+05:30 TRACE 16196 --- [Spring_Boot_Start] [           main] o.s.b.f.s.DefaultListableBeanFactory     : Returning cached instance of singleton bean 'org.springframework.boot.autoconfigure.internalCachingMetadataReaderFactory'
2025-07-30T17:03:40.981+05:30 TRACE 16196 --- [Spring_Boot_Start] [           main] o.s.b.f.s.DefaultListableBeanFactory     : Returning cached instance of singleton bean 'courseController'
2025-07-30T17:03:40.981+05:30 TRACE 16196 --- [Spring_Boot_Start] [           main] o.s.b.f.s.DefaultListableBeanFactory     : Returning cached instance of singleton bean 'currencyConfigController'
2025-07-30T17:03:40.981+05:30 TRACE 16196 --- [Spring_Boot_Start] [           main] o.s.b.f.s.DefaultListableBeanFactory     : Returning cached instance of singleton bean 'currencyServiceConfig'
2025-07-30T17:03:40.981+05:30 TRACE 16196 --- [Spring_Boot_Start] [           main] o.s.b.f.s.DefaultListableBeanFactory     : Returning cached instance of singleton bean 'org.springframework.boot.autoconfigure.AutoConfigurationPackages'
2025-07-30T17:03:40.981+05:30 TRACE 16196 --- [Spring_Boot_Start] [           main] o.s.b.f.s.DefaultListableBeanFactory     : Returning cached instance of singleton bean 'org.springframework.boot.autoconfigure.context.PropertyPlaceholderAutoConfiguration'
2025-07-30T17:03:40.981+05:30 TRACE 16196 --- [Spring_Boot_Start] [           main] o.s.b.f.s.DefaultListableBeanFactory     : Returning cached instance of singleton bean 'propertySourcesPlaceholderConfigurer'
2025-07-30T17:03:40.981+05:30 TRACE 16196 --- [Spring_Boot_Start] [           main] o.s.b.f.s.DefaultListableBeanFactory     : Returning cached instance of singleton bean 'org.springframework.boot.autoconfigure.ssl.SslAutoConfiguration'
2025-07-30T17:03:40.981+05:30 TRACE 16196 --- [Spring_Boot_Start] [           main] o.s.b.f.s.DefaultListableBeanFactory     : Returning cached instance of singleton bean 'fileWatcher'
2025-07-30T17:03:40.981+05:30 TRACE 16196 --- [Spring_Boot_Start] [           main] o.s.b.f.s.DefaultListableBeanFactory     : Returning cached instance of singleton bean 'sslPropertiesSslBundleRegistrar'
2025-07-30T17:03:40.981+05:30 TRACE 16196 --- [Spring_Boot_Start] [           main] o.s.b.f.s.DefaultListableBeanFactory     : Returning cached instance of singleton bean 'sslBundleRegistry'
2025-07-30T17:03:40.981+05:30 TRACE 16196 --- [Spring_Boot_Start] [           main] o.s.b.f.s.DefaultListableBeanFactory     : Returning cached instance of singleton bean 'org.springframework.boot.context.properties.ConfigurationPropertiesBindingPostProcessor'
2025-07-30T17:03:40.981+05:30 TRACE 16196 --- [Spring_Boot_Start] [           main] o.s.b.f.s.DefaultListableBeanFactory     : Returning cached instance of singleton bean 'org.springframework.boot.context.internalConfigurationPropertiesBinder'
2025-07-30T17:03:40.981+05:30 TRACE 16196 --- [Spring_Boot_Start] [           main] o.s.b.f.s.DefaultListableBeanFactory     : Returning cached instance of singleton bean 'org.springframework.boot.context.internalConfigurationPropertiesBinder'
2025-07-30T17:03:40.981+05:30 TRACE 16196 --- [Spring_Boot_Start] [           main] o.s.b.f.s.DefaultListableBeanFactory     : Returning cached instance of singleton bean 'org.springframework.boot.context.properties.BoundConfigurationProperties'
2025-07-30T17:03:40.981+05:30 TRACE 16196 --- [Spring_Boot_Start] [           main] o.s.b.f.s.DefaultListableBeanFactory     : Returning cached instance of singleton bean 'org.springframework.boot.context.properties.EnableConfigurationPropertiesRegistrar.methodValidationExcludeFilter'
2025-07-30T17:03:40.981+05:30 TRACE 16196 --- [Spring_Boot_Start] [           main] o.s.b.f.s.DefaultListableBeanFactory     : Returning cached instance of singleton bean 'spring.ssl-org.springframework.boot.autoconfigure.ssl.SslProperties'
2025-07-30T17:03:40.981+05:30 TRACE 16196 --- [Spring_Boot_Start] [           main] o.s.b.f.s.DefaultListableBeanFactory     : Returning cached instance of singleton bean 'org.springframework.boot.autoconfigure.websocket.servlet.WebSocketServletAutoConfiguration$TomcatWebSocketConfiguration'
2025-07-30T17:03:40.981+05:30 TRACE 16196 --- [Spring_Boot_Start] [           main] o.s.b.f.s.DefaultListableBeanFactory     : Returning cached instance of singleton bean 'websocketServletWebServerCustomizer'
2025-07-30T17:03:40.981+05:30 TRACE 16196 --- [Spring_Boot_Start] [           main] o.s.b.f.s.DefaultListableBeanFactory     : Returning cached instance of singleton bean 'org.springframework.boot.autoconfigure.websocket.servlet.WebSocketServletAutoConfiguration'
2025-07-30T17:03:40.981+05:30 TRACE 16196 --- [Spring_Boot_Start] [           main] o.s.b.f.s.DefaultListableBeanFactory     : Returning cached instance of singleton bean 'org.springframework.boot.autoconfigure.web.servlet.ServletWebServerFactoryConfiguration$EmbeddedTomcat'
2025-07-30T17:03:40.981+05:30 TRACE 16196 --- [Spring_Boot_Start] [           main] o.s.b.f.s.DefaultListableBeanFactory     : Returning cached instance of singleton bean 'tomcatServletWebServerFactory'
2025-07-30T17:03:40.981+05:30 TRACE 16196 --- [Spring_Boot_Start] [           main] o.s.b.f.s.DefaultListableBeanFactory     : Returning cached instance of singleton bean 'org.springframework.boot.autoconfigure.web.servlet.ServletWebServerFactoryAutoConfiguration'
2025-07-30T17:03:40.981+05:30 TRACE 16196 --- [Spring_Boot_Start] [           main] o.s.b.f.s.DefaultListableBeanFactory     : Returning cached instance of singleton bean 'servletWebServerFactoryCustomizer'
2025-07-30T17:03:40.981+05:30 TRACE 16196 --- [Spring_Boot_Start] [           main] o.s.b.f.s.DefaultListableBeanFactory     : Returning cached instance of singleton bean 'tomcatServletWebServerFactoryCustomizer'
2025-07-30T17:03:40.981+05:30 TRACE 16196 --- [Spring_Boot_Start] [           main] o.s.b.f.s.DefaultListableBeanFactory     : Returning cached instance of singleton bean 'server-org.springframework.boot.autoconfigure.web.ServerProperties'
2025-07-30T17:03:40.981+05:30 TRACE 16196 --- [Spring_Boot_Start] [           main] o.s.b.f.s.DefaultListableBeanFactory     : Returning cached instance of singleton bean 'webServerFactoryCustomizerBeanPostProcessor'
2025-07-30T17:03:40.981+05:30 TRACE 16196 --- [Spring_Boot_Start] [           main] o.s.b.f.s.DefaultListableBeanFactory     : Returning cached instance of singleton bean 'errorPageRegistrarBeanPostProcessor'
2025-07-30T17:03:40.981+05:30 TRACE 16196 --- [Spring_Boot_Start] [           main] o.s.b.f.s.DefaultListableBeanFactory     : Returning cached instance of singleton bean 'org.springframework.boot.autoconfigure.web.servlet.DispatcherServletAutoConfiguration$DispatcherServletConfiguration'
2025-07-30T17:03:40.981+05:30 TRACE 16196 --- [Spring_Boot_Start] [           main] o.s.b.f.s.DefaultListableBeanFactory     : Returning cached instance of singleton bean 'dispatcherServlet'
2025-07-30T17:03:40.981+05:30 TRACE 16196 --- [Spring_Boot_Start] [           main] o.s.b.f.s.DefaultListableBeanFactory     : Returning cached instance of singleton bean 'spring.mvc-org.springframework.boot.autoconfigure.web.servlet.WebMvcProperties'
2025-07-30T17:03:40.981+05:30 TRACE 16196 --- [Spring_Boot_Start] [           main] o.s.b.f.s.DefaultListableBeanFactory     : Returning cached instance of singleton bean 'org.springframework.boot.autoconfigure.web.servlet.DispatcherServletAutoConfiguration$DispatcherServletRegistrationConfiguration'
2025-07-30T17:03:40.981+05:30 TRACE 16196 --- [Spring_Boot_Start] [           main] o.s.b.f.s.DefaultListableBeanFactory     : Returning cached instance of singleton bean 'dispatcherServletRegistration'
2025-07-30T17:03:40.981+05:30 TRACE 16196 --- [Spring_Boot_Start] [           main] o.s.b.f.s.DefaultListableBeanFactory     : Returning cached instance of singleton bean 'org.springframework.boot.autoconfigure.web.servlet.DispatcherServletAutoConfiguration'
2025-07-30T17:03:40.981+05:30 TRACE 16196 --- [Spring_Boot_Start] [           main] o.s.b.f.s.DefaultListableBeanFactory     : Returning cached instance of singleton bean 'org.springframework.boot.autoconfigure.task.TaskExecutorConfigurations$ThreadPoolTaskExecutorBuilderConfiguration'
2025-07-30T17:03:40.982+05:30 TRACE 16196 --- [Spring_Boot_Start] [           main] o.s.b.f.s.DefaultListableBeanFactory     : Returning cached instance of singleton bean 'threadPoolTaskExecutorBuilder'
2025-07-30T17:03:40.982+05:30 TRACE 16196 --- [Spring_Boot_Start] [           main] o.s.b.f.s.DefaultListableBeanFactory     : Returning cached instance of singleton bean 'org.springframework.boot.autoconfigure.task.TaskExecutorConfigurations$SimpleAsyncTaskExecutorBuilderConfiguration'
2025-07-30T17:03:40.982+05:30 TRACE 16196 --- [Spring_Boot_Start] [           main] o.s.b.f.s.DefaultListableBeanFactory     : Returning cached instance of singleton bean 'simpleAsyncTaskExecutorBuilder'
2025-07-30T17:03:40.982+05:30 TRACE 16196 --- [Spring_Boot_Start] [           main] o.s.b.f.s.DefaultListableBeanFactory     : Returning cached instance of singleton bean 'org.springframework.boot.autoconfigure.task.TaskExecutorConfigurations$AsyncConfigurerConfiguration'
2025-07-30T17:03:40.982+05:30 TRACE 16196 --- [Spring_Boot_Start] [           main] o.s.b.f.s.DefaultListableBeanFactory     : Returning cached instance of singleton bean 'applicationTaskExecutorAsyncConfigurer'
2025-07-30T17:03:40.982+05:30 TRACE 16196 --- [Spring_Boot_Start] [           main] o.s.b.f.s.DefaultListableBeanFactory     : Returning cached instance of singleton bean 'org.springframework.boot.autoconfigure.task.TaskExecutorConfigurations$TaskExecutorConfiguration'
2025-07-30T17:03:40.982+05:30 TRACE 16196 --- [Spring_Boot_Start] [           main] o.s.b.f.s.DefaultListableBeanFactory     : Returning cached instance of singleton bean 'applicationTaskExecutor'
2025-07-30T17:03:40.982+05:30 TRACE 16196 --- [Spring_Boot_Start] [           main] o.s.b.f.s.DefaultListableBeanFactory     : Returning cached instance of singleton bean 'org.springframework.boot.autoconfigure.task.TaskExecutorConfigurations$BootstrapExecutorConfiguration'
2025-07-30T17:03:40.982+05:30 TRACE 16196 --- [Spring_Boot_Start] [           main] o.s.b.f.s.DefaultListableBeanFactory     : Returning cached instance of singleton bean 'bootstrapExecutorAliasPostProcessor'
2025-07-30T17:03:40.982+05:30 TRACE 16196 --- [Spring_Boot_Start] [           main] o.s.b.f.s.DefaultListableBeanFactory     : Returning cached instance of singleton bean 'org.springframework.boot.autoconfigure.task.TaskExecutionAutoConfiguration'
2025-07-30T17:03:40.982+05:30 TRACE 16196 --- [Spring_Boot_Start] [           main] o.s.b.f.s.DefaultListableBeanFactory     : Returning cached instance of singleton bean 'spring.task.execution-org.springframework.boot.autoconfigure.task.TaskExecutionProperties'
2025-07-30T17:03:40.982+05:30 TRACE 16196 --- [Spring_Boot_Start] [           main] o.s.b.f.s.DefaultListableBeanFactory     : Returning cached instance of singleton bean 'org.springframework.boot.autoconfigure.web.servlet.error.ErrorMvcAutoConfiguration$WhitelabelErrorViewConfiguration'
2025-07-30T17:03:40.982+05:30 TRACE 16196 --- [Spring_Boot_Start] [           main] o.s.b.f.s.DefaultListableBeanFactory     : Returning cached instance of singleton bean 'error'
2025-07-30T17:03:40.982+05:30 TRACE 16196 --- [Spring_Boot_Start] [           main] o.s.b.f.s.DefaultListableBeanFactory     : Returning cached instance of singleton bean 'beanNameViewResolver'
2025-07-30T17:03:40.982+05:30 TRACE 16196 --- [Spring_Boot_Start] [           main] o.s.b.f.s.DefaultListableBeanFactory     : Returning cached instance of singleton bean 'org.springframework.boot.autoconfigure.web.servlet.error.ErrorMvcAutoConfiguration$DefaultErrorViewResolverConfiguration'
2025-07-30T17:03:40.982+05:30 TRACE 16196 --- [Spring_Boot_Start] [           main] o.s.b.f.s.DefaultListableBeanFactory     : Returning cached instance of singleton bean 'conventionErrorViewResolver'
2025-07-30T17:03:40.982+05:30 TRACE 16196 --- [Spring_Boot_Start] [           main] o.s.b.f.s.DefaultListableBeanFactory     : Returning cached instance of singleton bean 'spring.web-org.springframework.boot.autoconfigure.web.WebProperties'
2025-07-30T17:03:40.982+05:30 TRACE 16196 --- [Spring_Boot_Start] [           main] o.s.b.f.s.DefaultListableBeanFactory     : Returning cached instance of singleton bean 'org.springframework.boot.autoconfigure.web.servlet.error.ErrorMvcAutoConfiguration'
2025-07-30T17:03:40.982+05:30 TRACE 16196 --- [Spring_Boot_Start] [           main] o.s.b.f.s.DefaultListableBeanFactory     : Returning cached instance of singleton bean 'errorAttributes'
2025-07-30T17:03:40.982+05:30 TRACE 16196 --- [Spring_Boot_Start] [           main] o.s.b.f.s.DefaultListableBeanFactory     : Returning cached instance of singleton bean 'basicErrorController'
2025-07-30T17:03:40.982+05:30 TRACE 16196 --- [Spring_Boot_Start] [           main] o.s.b.f.s.DefaultListableBeanFactory     : Returning cached instance of singleton bean 'errorPageCustomizer'
2025-07-30T17:03:40.982+05:30 TRACE 16196 --- [Spring_Boot_Start] [           main] o.s.b.f.s.DefaultListableBeanFactory     : Returning cached instance of singleton bean 'preserveErrorControllerTargetClassPostProcessor'
2025-07-30T17:03:40.982+05:30 TRACE 16196 --- [Spring_Boot_Start] [           main] o.s.b.f.s.DefaultListableBeanFactory     : Returning cached instance of singleton bean 'org.springframework.boot.autoconfigure.web.servlet.WebMvcAutoConfiguration$EnableWebMvcConfiguration'
2025-07-30T17:03:40.982+05:30 TRACE 16196 --- [Spring_Boot_Start] [           main] o.s.b.f.s.DefaultListableBeanFactory     : Returning cached instance of singleton bean 'welcomePageHandlerMapping'
2025-07-30T17:03:40.982+05:30 TRACE 16196 --- [Spring_Boot_Start] [           main] o.s.b.f.s.DefaultListableBeanFactory     : Returning cached instance of singleton bean 'welcomePageNotAcceptableHandlerMapping'
2025-07-30T17:03:40.982+05:30 TRACE 16196 --- [Spring_Boot_Start] [           main] o.s.b.f.s.DefaultListableBeanFactory     : Returning cached instance of singleton bean 'localeResolver'
2025-07-30T17:03:40.982+05:30 TRACE 16196 --- [Spring_Boot_Start] [           main] o.s.b.f.s.DefaultListableBeanFactory     : Returning cached instance of singleton bean 'themeResolver'
2025-07-30T17:03:40.982+05:30 TRACE 16196 --- [Spring_Boot_Start] [           main] o.s.b.f.s.DefaultListableBeanFactory     : Returning cached instance of singleton bean 'flashMapManager'
2025-07-30T17:03:40.982+05:30 TRACE 16196 --- [Spring_Boot_Start] [           main] o.s.b.f.s.DefaultListableBeanFactory     : Returning cached instance of singleton bean 'viewNameTranslator'
2025-07-30T17:03:40.982+05:30 TRACE 16196 --- [Spring_Boot_Start] [           main] o.s.b.f.s.DefaultListableBeanFactory     : Returning cached instance of singleton bean 'mvcConversionService'
2025-07-30T17:03:40.982+05:30 TRACE 16196 --- [Spring_Boot_Start] [           main] o.s.b.f.s.DefaultListableBeanFactory     : Returning cached instance of singleton bean 'mvcValidator'
2025-07-30T17:03:40.982+05:30 TRACE 16196 --- [Spring_Boot_Start] [           main] o.s.b.f.s.DefaultListableBeanFactory     : Returning cached instance of singleton bean 'mvcContentNegotiationManager'
2025-07-30T17:03:40.982+05:30 TRACE 16196 --- [Spring_Boot_Start] [           main] o.s.b.f.s.DefaultListableBeanFactory     : Returning cached instance of singleton bean 'requestMappingHandlerMapping'
2025-07-30T17:03:40.982+05:30 TRACE 16196 --- [Spring_Boot_Start] [           main] o.s.b.f.s.DefaultListableBeanFactory     : Returning cached instance of singleton bean 'mvcPatternParser'
2025-07-30T17:03:40.982+05:30 TRACE 16196 --- [Spring_Boot_Start] [           main] o.s.b.f.s.DefaultListableBeanFactory     : Returning cached instance of singleton bean 'mvcUrlPathHelper'
2025-07-30T17:03:40.982+05:30 TRACE 16196 --- [Spring_Boot_Start] [           main] o.s.b.f.s.DefaultListableBeanFactory     : Returning cached instance of singleton bean 'mvcPathMatcher'
2025-07-30T17:03:40.982+05:30 TRACE 16196 --- [Spring_Boot_Start] [           main] o.s.b.f.s.DefaultListableBeanFactory     : Returning cached instance of singleton bean 'viewControllerHandlerMapping'
2025-07-30T17:03:40.982+05:30 TRACE 16196 --- [Spring_Boot_Start] [           main] o.s.b.f.s.DefaultListableBeanFactory     : Returning cached instance of singleton bean 'beanNameHandlerMapping'
2025-07-30T17:03:40.982+05:30 TRACE 16196 --- [Spring_Boot_Start] [           main] o.s.b.f.s.DefaultListableBeanFactory     : Returning cached instance of singleton bean 'routerFunctionMapping'
2025-07-30T17:03:40.982+05:30 TRACE 16196 --- [Spring_Boot_Start] [           main] o.s.b.f.s.DefaultListableBeanFactory     : Returning cached instance of singleton bean 'resourceHandlerMapping'
2025-07-30T17:03:40.982+05:30 TRACE 16196 --- [Spring_Boot_Start] [           main] o.s.b.f.s.DefaultListableBeanFactory     : Returning cached instance of singleton bean 'mvcResourceUrlProvider'
2025-07-30T17:03:40.982+05:30 TRACE 16196 --- [Spring_Boot_Start] [           main] o.s.b.f.s.DefaultListableBeanFactory     : Returning cached instance of singleton bean 'defaultServletHandlerMapping'
2025-07-30T17:03:40.982+05:30 TRACE 16196 --- [Spring_Boot_Start] [           main] o.s.b.f.s.DefaultListableBeanFactory     : Returning cached instance of singleton bean 'requestMappingHandlerAdapter'
2025-07-30T17:03:40.982+05:30 TRACE 16196 --- [Spring_Boot_Start] [           main] o.s.b.f.s.DefaultListableBeanFactory     : Returning cached instance of singleton bean 'handlerFunctionAdapter'
2025-07-30T17:03:40.982+05:30 TRACE 16196 --- [Spring_Boot_Start] [           main] o.s.b.f.s.DefaultListableBeanFactory     : Returning cached instance of singleton bean 'mvcUriComponentsContributor'
2025-07-30T17:03:40.982+05:30 TRACE 16196 --- [Spring_Boot_Start] [           main] o.s.b.f.s.DefaultListableBeanFactory     : Returning cached instance of singleton bean 'httpRequestHandlerAdapter'
2025-07-30T17:03:40.982+05:30 TRACE 16196 --- [Spring_Boot_Start] [           main] o.s.b.f.s.DefaultListableBeanFactory     : Returning cached instance of singleton bean 'simpleControllerHandlerAdapter'
2025-07-30T17:03:40.983+05:30 TRACE 16196 --- [Spring_Boot_Start] [           main] o.s.b.f.s.DefaultListableBeanFactory     : Returning cached instance of singleton bean 'handlerExceptionResolver'
2025-07-30T17:03:40.983+05:30 TRACE 16196 --- [Spring_Boot_Start] [           main] o.s.b.f.s.DefaultListableBeanFactory     : Returning cached instance of singleton bean 'mvcViewResolver'
2025-07-30T17:03:40.983+05:30 TRACE 16196 --- [Spring_Boot_Start] [           main] o.s.b.f.s.DefaultListableBeanFactory     : Returning cached instance of singleton bean 'org.springframework.boot.autoconfigure.web.servlet.WebMvcAutoConfiguration$WebMvcAutoConfigurationAdapter'
2025-07-30T17:03:40.983+05:30 TRACE 16196 --- [Spring_Boot_Start] [           main] o.s.b.f.s.DefaultListableBeanFactory     : Returning cached instance of singleton bean 'defaultViewResolver'
2025-07-30T17:03:40.983+05:30 TRACE 16196 --- [Spring_Boot_Start] [           main] o.s.b.f.s.DefaultListableBeanFactory     : Returning cached instance of singleton bean 'viewResolver'
2025-07-30T17:03:40.983+05:30 TRACE 16196 --- [Spring_Boot_Start] [           main] o.s.b.f.s.DefaultListableBeanFactory     : Returning cached instance of singleton bean 'requestContextFilter'
2025-07-30T17:03:40.983+05:30 TRACE 16196 --- [Spring_Boot_Start] [           main] o.s.b.f.s.DefaultListableBeanFactory     : Returning cached instance of singleton bean 'org.springframework.boot.autoconfigure.web.servlet.WebMvcAutoConfiguration'
2025-07-30T17:03:40.983+05:30 TRACE 16196 --- [Spring_Boot_Start] [           main] o.s.b.f.s.DefaultListableBeanFactory     : Returning cached instance of singleton bean 'formContentFilter'
2025-07-30T17:03:40.983+05:30 TRACE 16196 --- [Spring_Boot_Start] [           main] o.s.b.f.s.DefaultListableBeanFactory     : Returning cached instance of singleton bean 'org.springframework.boot.autoconfigure.aop.AopAutoConfiguration$ClassProxyingConfiguration'
2025-07-30T17:03:40.983+05:30 TRACE 16196 --- [Spring_Boot_Start] [           main] o.s.b.f.s.DefaultListableBeanFactory     : Returning cached instance of singleton bean 'forceAutoProxyCreatorToUseClassProxying'
2025-07-30T17:03:40.983+05:30 TRACE 16196 --- [Spring_Boot_Start] [           main] o.s.b.f.s.DefaultListableBeanFactory     : Returning cached instance of singleton bean 'org.springframework.boot.autoconfigure.aop.AopAutoConfiguration'
2025-07-30T17:03:40.983+05:30 TRACE 16196 --- [Spring_Boot_Start] [           main] o.s.b.f.s.DefaultListableBeanFactory     : Returning cached instance of singleton bean 'org.springframework.boot.autoconfigure.availability.ApplicationAvailabilityAutoConfiguration'
2025-07-30T17:03:40.983+05:30 TRACE 16196 --- [Spring_Boot_Start] [           main] o.s.b.f.s.DefaultListableBeanFactory     : Returning cached instance of singleton bean 'applicationAvailability'
2025-07-30T17:03:40.983+05:30 TRACE 16196 --- [Spring_Boot_Start] [           main] o.s.b.f.s.DefaultListableBeanFactory     : Returning cached instance of singleton bean 'org.springframework.boot.autoconfigure.jackson.JacksonAutoConfiguration$Jackson2ObjectMapperBuilderCustomizerConfiguration'
2025-07-30T17:03:40.983+05:30 TRACE 16196 --- [Spring_Boot_Start] [           main] o.s.b.f.s.DefaultListableBeanFactory     : Returning cached instance of singleton bean 'standardJacksonObjectMapperBuilderCustomizer'
2025-07-30T17:03:40.983+05:30 TRACE 16196 --- [Spring_Boot_Start] [           main] o.s.b.f.s.DefaultListableBeanFactory     : Returning cached instance of singleton bean 'spring.jackson-org.springframework.boot.autoconfigure.jackson.JacksonProperties'
2025-07-30T17:03:40.983+05:30 TRACE 16196 --- [Spring_Boot_Start] [           main] o.s.b.f.s.DefaultListableBeanFactory     : Returning cached instance of singleton bean 'org.springframework.boot.autoconfigure.jackson.JacksonAutoConfiguration$JacksonObjectMapperBuilderConfiguration'
2025-07-30T17:03:40.983+05:30 TRACE 16196 --- [Spring_Boot_Start] [           main] o.s.b.f.s.DefaultListableBeanFactory     : Returning cached instance of singleton bean 'org.springframework.boot.autoconfigure.jackson.JacksonAutoConfiguration$ParameterNamesModuleConfiguration'
2025-07-30T17:03:40.983+05:30 TRACE 16196 --- [Spring_Boot_Start] [           main] o.s.b.f.s.DefaultListableBeanFactory     : Returning cached instance of singleton bean 'parameterNamesModule'
2025-07-30T17:03:40.983+05:30 TRACE 16196 --- [Spring_Boot_Start] [           main] o.s.b.f.s.DefaultListableBeanFactory     : Returning cached instance of singleton bean 'org.springframework.boot.autoconfigure.jackson.JacksonAutoConfiguration$JacksonObjectMapperConfiguration'
2025-07-30T17:03:40.983+05:30 TRACE 16196 --- [Spring_Boot_Start] [           main] o.s.b.f.s.DefaultListableBeanFactory     : Returning cached instance of singleton bean 'jacksonObjectMapper'
2025-07-30T17:03:40.983+05:30 TRACE 16196 --- [Spring_Boot_Start] [           main] o.s.b.f.s.DefaultListableBeanFactory     : Returning cached instance of singleton bean 'org.springframework.boot.autoconfigure.jackson.JacksonAutoConfiguration$JacksonMixinConfiguration'
2025-07-30T17:03:40.983+05:30 TRACE 16196 --- [Spring_Boot_Start] [           main] o.s.b.f.s.DefaultListableBeanFactory     : Returning cached instance of singleton bean 'jsonMixinModuleEntries'
2025-07-30T17:03:40.983+05:30 TRACE 16196 --- [Spring_Boot_Start] [           main] o.s.b.f.s.DefaultListableBeanFactory     : Returning cached instance of singleton bean 'jsonMixinModule'
2025-07-30T17:03:40.983+05:30 TRACE 16196 --- [Spring_Boot_Start] [           main] o.s.b.f.s.DefaultListableBeanFactory     : Returning cached instance of singleton bean 'org.springframework.boot.autoconfigure.jackson.JacksonAutoConfiguration'
2025-07-30T17:03:40.983+05:30 TRACE 16196 --- [Spring_Boot_Start] [           main] o.s.b.f.s.DefaultListableBeanFactory     : Returning cached instance of singleton bean 'jsonComponentModule'
2025-07-30T17:03:40.983+05:30 TRACE 16196 --- [Spring_Boot_Start] [           main] o.s.b.f.s.DefaultListableBeanFactory     : Returning cached instance of singleton bean 'org.springframework.boot.autoconfigure.context.ConfigurationPropertiesAutoConfiguration'
2025-07-30T17:03:40.983+05:30 TRACE 16196 --- [Spring_Boot_Start] [           main] o.s.b.f.s.DefaultListableBeanFactory     : Returning cached instance of singleton bean 'org.springframework.boot.autoconfigure.context.LifecycleAutoConfiguration'
2025-07-30T17:03:40.983+05:30 TRACE 16196 --- [Spring_Boot_Start] [           main] o.s.b.f.s.DefaultListableBeanFactory     : Returning cached instance of singleton bean 'lifecycleProcessor'
2025-07-30T17:03:40.983+05:30 TRACE 16196 --- [Spring_Boot_Start] [           main] o.s.b.f.s.DefaultListableBeanFactory     : Returning cached instance of singleton bean 'spring.lifecycle-org.springframework.boot.autoconfigure.context.LifecycleProperties'
2025-07-30T17:03:40.983+05:30 TRACE 16196 --- [Spring_Boot_Start] [           main] o.s.b.f.s.DefaultListableBeanFactory     : Returning cached instance of singleton bean 'org.springframework.boot.autoconfigure.http.HttpMessageConvertersAutoConfiguration$StringHttpMessageConverterConfiguration'
2025-07-30T17:03:40.983+05:30 TRACE 16196 --- [Spring_Boot_Start] [           main] o.s.b.f.s.DefaultListableBeanFactory     : Returning cached instance of singleton bean 'stringHttpMessageConverter'
2025-07-30T17:03:40.983+05:30 TRACE 16196 --- [Spring_Boot_Start] [           main] o.s.b.f.s.DefaultListableBeanFactory     : Returning cached instance of singleton bean 'org.springframework.boot.autoconfigure.http.JacksonHttpMessageConvertersConfiguration$MappingJackson2HttpMessageConverterConfiguration'
2025-07-30T17:03:40.983+05:30 TRACE 16196 --- [Spring_Boot_Start] [           main] o.s.b.f.s.DefaultListableBeanFactory     : Returning cached instance of singleton bean 'mappingJackson2HttpMessageConverter'
2025-07-30T17:03:40.983+05:30 TRACE 16196 --- [Spring_Boot_Start] [           main] o.s.b.f.s.DefaultListableBeanFactory     : Returning cached instance of singleton bean 'org.springframework.boot.autoconfigure.http.JacksonHttpMessageConvertersConfiguration'
2025-07-30T17:03:40.983+05:30 TRACE 16196 --- [Spring_Boot_Start] [           main] o.s.b.f.s.DefaultListableBeanFactory     : Returning cached instance of singleton bean 'org.springframework.boot.autoconfigure.http.HttpMessageConvertersAutoConfiguration'
2025-07-30T17:03:40.983+05:30 TRACE 16196 --- [Spring_Boot_Start] [           main] o.s.b.f.s.DefaultListableBeanFactory     : Returning cached instance of singleton bean 'messageConverters'
2025-07-30T17:03:40.983+05:30 TRACE 16196 --- [Spring_Boot_Start] [           main] o.s.b.f.s.DefaultListableBeanFactory     : Returning cached instance of singleton bean 'org.springframework.boot.autoconfigure.http.client.HttpClientAutoConfiguration'
2025-07-30T17:03:40.983+05:30 TRACE 16196 --- [Spring_Boot_Start] [           main] o.s.b.f.s.DefaultListableBeanFactory     : Returning cached instance of singleton bean 'clientHttpRequestFactoryBuilder'
2025-07-30T17:03:40.983+05:30 TRACE 16196 --- [Spring_Boot_Start] [           main] o.s.b.f.s.DefaultListableBeanFactory     : Returning cached instance of singleton bean 'clientHttpRequestFactorySettings'
2025-07-30T17:03:40.983+05:30 TRACE 16196 --- [Spring_Boot_Start] [           main] o.s.b.f.s.DefaultListableBeanFactory     : Returning cached instance of singleton bean 'spring.http.client-org.springframework.boot.autoconfigure.http.client.HttpClientProperties'
2025-07-30T17:03:40.984+05:30 TRACE 16196 --- [Spring_Boot_Start] [           main] o.s.b.f.s.DefaultListableBeanFactory     : Returning cached instance of singleton bean 'org.springframework.boot.autoconfigure.info.ProjectInfoAutoConfiguration'
2025-07-30T17:03:40.984+05:30 TRACE 16196 --- [Spring_Boot_Start] [           main] o.s.b.f.s.DefaultListableBeanFactory     : Returning cached instance of singleton bean 'spring.info-org.springframework.boot.autoconfigure.info.ProjectInfoProperties'
2025-07-30T17:03:40.984+05:30 TRACE 16196 --- [Spring_Boot_Start] [           main] o.s.b.f.s.DefaultListableBeanFactory     : Returning cached instance of singleton bean 'org.springframework.boot.autoconfigure.sql.init.SqlInitializationAutoConfiguration'
2025-07-30T17:03:40.984+05:30 TRACE 16196 --- [Spring_Boot_Start] [           main] o.s.b.f.s.DefaultListableBeanFactory     : Returning cached instance of singleton bean 'spring.sql.init-org.springframework.boot.autoconfigure.sql.init.SqlInitializationProperties'
2025-07-30T17:03:40.984+05:30 TRACE 16196 --- [Spring_Boot_Start] [           main] o.s.b.f.s.DefaultListableBeanFactory     : Returning cached instance of singleton bean 'org.springframework.boot.sql.init.dependency.DatabaseInitializationDependencyConfigurer$DependsOnDatabaseInitializationPostProcessor'
2025-07-30T17:03:40.984+05:30 TRACE 16196 --- [Spring_Boot_Start] [           main] o.s.b.f.s.DefaultListableBeanFactory     : Returning cached instance of singleton bean 'org.springframework.boot.autoconfigure.task.TaskSchedulingConfigurations$ThreadPoolTaskSchedulerBuilderConfiguration'
2025-07-30T17:03:40.984+05:30 TRACE 16196 --- [Spring_Boot_Start] [           main] o.s.b.f.s.DefaultListableBeanFactory     : Returning cached instance of singleton bean 'threadPoolTaskSchedulerBuilder'
2025-07-30T17:03:40.984+05:30 TRACE 16196 --- [Spring_Boot_Start] [           main] o.s.b.f.s.DefaultListableBeanFactory     : Returning cached instance of singleton bean 'org.springframework.boot.autoconfigure.task.TaskSchedulingConfigurations$SimpleAsyncTaskSchedulerBuilderConfiguration'
2025-07-30T17:03:40.984+05:30 TRACE 16196 --- [Spring_Boot_Start] [           main] o.s.b.f.s.DefaultListableBeanFactory     : Returning cached instance of singleton bean 'simpleAsyncTaskSchedulerBuilder'
2025-07-30T17:03:40.984+05:30 TRACE 16196 --- [Spring_Boot_Start] [           main] o.s.b.f.s.DefaultListableBeanFactory     : Returning cached instance of singleton bean 'org.springframework.boot.autoconfigure.task.TaskSchedulingAutoConfiguration'
2025-07-30T17:03:40.984+05:30 TRACE 16196 --- [Spring_Boot_Start] [           main] o.s.b.f.s.DefaultListableBeanFactory     : Returning cached instance of singleton bean 'spring.task.scheduling-org.springframework.boot.autoconfigure.task.TaskSchedulingProperties'
2025-07-30T17:03:40.984+05:30 TRACE 16196 --- [Spring_Boot_Start] [           main] o.s.b.f.s.DefaultListableBeanFactory     : Returning cached instance of singleton bean 'org.springframework.boot.autoconfigure.web.client.RestClientAutoConfiguration'
2025-07-30T17:03:40.984+05:30 TRACE 16196 --- [Spring_Boot_Start] [           main] o.s.b.f.s.DefaultListableBeanFactory     : Returning cached instance of singleton bean 'httpMessageConvertersRestClientCustomizer'
2025-07-30T17:03:40.984+05:30 TRACE 16196 --- [Spring_Boot_Start] [           main] o.s.b.f.s.DefaultListableBeanFactory     : Returning cached instance of singleton bean 'restClientSsl'
2025-07-30T17:03:40.984+05:30 TRACE 16196 --- [Spring_Boot_Start] [           main] o.s.b.f.s.DefaultListableBeanFactory     : Returning cached instance of singleton bean 'restClientBuilderConfigurer'
2025-07-30T17:03:40.984+05:30 TRACE 16196 --- [Spring_Boot_Start] [           main] o.s.b.f.s.DefaultListableBeanFactory     : Returning cached instance of singleton bean 'org.springframework.boot.autoconfigure.web.client.RestTemplateAutoConfiguration'
2025-07-30T17:03:40.984+05:30 TRACE 16196 --- [Spring_Boot_Start] [           main] o.s.b.f.s.DefaultListableBeanFactory     : Returning cached instance of singleton bean 'org.springframework.boot.autoconfigure.web.servlet.HttpEncodingAutoConfiguration'
2025-07-30T17:03:40.984+05:30 TRACE 16196 --- [Spring_Boot_Start] [           main] o.s.b.f.s.DefaultListableBeanFactory     : Returning cached instance of singleton bean 'characterEncodingFilter'
2025-07-30T17:03:40.984+05:30 TRACE 16196 --- [Spring_Boot_Start] [           main] o.s.b.f.s.DefaultListableBeanFactory     : Returning cached instance of singleton bean 'localeCharsetMappingsCustomizer'
2025-07-30T17:03:40.984+05:30 TRACE 16196 --- [Spring_Boot_Start] [           main] o.s.b.f.s.DefaultListableBeanFactory     : Returning cached instance of singleton bean 'org.springframework.boot.autoconfigure.web.servlet.MultipartAutoConfiguration'
2025-07-30T17:03:40.984+05:30 TRACE 16196 --- [Spring_Boot_Start] [           main] o.s.b.f.s.DefaultListableBeanFactory     : Returning cached instance of singleton bean 'multipartConfigElement'
2025-07-30T17:03:40.984+05:30 TRACE 16196 --- [Spring_Boot_Start] [           main] o.s.b.f.s.DefaultListableBeanFactory     : Returning cached instance of singleton bean 'multipartResolver'
2025-07-30T17:03:40.984+05:30 TRACE 16196 --- [Spring_Boot_Start] [           main] o.s.b.f.s.DefaultListableBeanFactory     : Returning cached instance of singleton bean 'spring.servlet.multipart-org.springframework.boot.autoconfigure.web.servlet.MultipartProperties'
2025-07-30T17:03:40.984+05:30 TRACE 16196 --- [Spring_Boot_Start] [           main] o.s.b.f.s.DefaultListableBeanFactory     : Returning cached instance of singleton bean 'org.springframework.aop.config.internalAutoProxyCreator'
2025-07-30T17:03:40.984+05:30 TRACE 16196 --- [Spring_Boot_Start] [           main] o.s.b.f.s.DefaultListableBeanFactory     : Returning cached instance of singleton bean 'org.springframework.boot.test.mock.mockito.MockitoBeans'
2025-07-30T17:03:40.985+05:30 TRACE 16196 --- [Spring_Boot_Start] [           main] c.DefaultCacheAwareContextLoaderDelegate : Retrieved ApplicationContext [1970779713] from cache with key [WebMergedContextConfiguration@62b93086 testClass = com.Spring_Boot_Start.Spring_Boot_Start.SpringBootStartApplicationTests, locations = [], classes = [com.Spring_Boot_Start.Spring_Boot_Start.SpringBootStartApplication], contextInitializerClasses = [], activeProfiles = [], propertySourceDescriptors = [], propertySourceProperties = ["org.springframework.boot.test.context.SpringBootTestContextBootstrapper=true"], contextCustomizers = [org.springframework.boot.test.context.filter.ExcludeFilterContextCustomizer@4b741d6d, org.springframework.boot.test.json.DuplicateJsonObjectContextCustomizerFactory$DuplicateJsonObjectContextCustomizer@7674f035, org.springframework.boot.test.mock.mockito.MockitoContextCustomizer@0, org.springframework.boot.test.web.client.TestRestTemplateContextCustomizer@1cf6d1be, org.springframework.boot.test.web.reactor.netty.DisableReactorResourceFactoryGlobalResourcesContextCustomizerFactory$DisableReactorResourceFactoryGlobalResourcesContextCustomizerCustomizer@4c60d6e9, org.springframework.boot.test.autoconfigure.OnFailureConditionReportContextCustomizerFactory$OnFailureConditionReportContextCustomizer@1349883, org.springframework.boot.test.autoconfigure.actuate.observability.ObservabilityContextCustomizerFactory$DisableObservabilityContextCustomizer@1f, org.springframework.boot.test.autoconfigure.properties.PropertyMappingContextCustomizer@0, org.springframework.boot.test.autoconfigure.web.servlet.WebDriverContextCustomizer@268f106e, org.springframework.test.context.support.DynamicPropertiesContextCustomizer@0, org.springframework.boot.test.context.SpringBootTestAnnotation@9f0191c7], resourceBasePath = "src/main/webapp", contextLoader = org.springframework.boot.test.context.SpringBootContextLoader, parent = null]
2025-07-30T17:03:40.985+05:30 DEBUG 16196 --- [Spring_Boot_Start] [           main] org.springframework.test.context.cache   : Spring test ApplicationContext cache statistics: [DefaultContextCache@254449bb size = 1, maxSize = 32, parentContextCount = 0, hitCount = 5, missCount = 1, failureCount = 0]
2025-07-30T17:03:40.986+05:30 TRACE 16196 --- [Spring_Boot_Start] [           main] o.s.b.f.s.DefaultListableBeanFactory     : Returning cached instance of singleton bean 'org.springframework.boot.test.mock.mockito.MockitoPostProcessor$SpyPostProcessor'
2025-07-30T17:03:40.986+05:30 TRACE 16196 --- [Spring_Boot_Start] [           main] o.s.b.f.s.DefaultListableBeanFactory     : Returning cached instance of singleton bean 'org.springframework.boot.test.mock.mockito.MockitoPostProcessor'
2025-07-30T17:03:40.986+05:30 TRACE 16196 --- [Spring_Boot_Start] [           main] o.s.b.f.s.DefaultListableBeanFactory     : Returning cached instance of singleton bean 'org.springframework.test.context.support.internalDynamicPropertyRegistrarBeanInitializer'
2025-07-30T17:03:40.987+05:30 TRACE 16196 --- [Spring_Boot_Start] [           main] o.s.b.f.s.DefaultListableBeanFactory     : Returning cached instance of singleton bean 'org.springframework.context.annotation.internalConfigurationAnnotationProcessor'
2025-07-30T17:03:40.987+05:30 TRACE 16196 --- [Spring_Boot_Start] [           main] o.s.b.f.s.DefaultListableBeanFactory     : Returning cached instance of singleton bean 'org.springframework.context.annotation.internalAutowiredAnnotationProcessor'
2025-07-30T17:03:40.987+05:30 TRACE 16196 --- [Spring_Boot_Start] [           main] o.s.b.f.s.DefaultListableBeanFactory     : Returning cached instance of singleton bean 'org.springframework.context.annotation.internalCommonAnnotationProcessor'
2025-07-30T17:03:40.987+05:30 TRACE 16196 --- [Spring_Boot_Start] [           main] o.s.b.f.s.DefaultListableBeanFactory     : Returning cached instance of singleton bean 'org.springframework.context.event.internalEventListenerProcessor'
2025-07-30T17:03:40.987+05:30 TRACE 16196 --- [Spring_Boot_Start] [           main] o.s.b.f.s.DefaultListableBeanFactory     : Returning cached instance of singleton bean 'org.springframework.context.event.internalEventListenerFactory'
2025-07-30T17:03:40.987+05:30 TRACE 16196 --- [Spring_Boot_Start] [           main] o.s.b.f.s.DefaultListableBeanFactory     : Returning cached instance of singleton bean 'springBootStartApplication'
2025-07-30T17:03:40.987+05:30 TRACE 16196 --- [Spring_Boot_Start] [           main] o.s.b.f.s.DefaultListableBeanFactory     : Returning cached instance of singleton bean 'org.springframework.boot.autoconfigure.internalCachingMetadataReaderFactory'
2025-07-30T17:03:40.987+05:30 TRACE 16196 --- [Spring_Boot_Start] [           main] o.s.b.f.s.DefaultListableBeanFactory     : Returning cached instance of singleton bean 'org.springframework.boot.autoconfigure.internalCachingMetadataReaderFactory'
2025-07-30T17:03:40.987+05:30 TRACE 16196 --- [Spring_Boot_Start] [           main] o.s.b.f.s.DefaultListableBeanFactory     : Returning cached instance of singleton bean 'courseController'
2025-07-30T17:03:40.987+05:30 TRACE 16196 --- [Spring_Boot_Start] [           main] o.s.b.f.s.DefaultListableBeanFactory     : Returning cached instance of singleton bean 'currencyConfigController'
2025-07-30T17:03:40.987+05:30 TRACE 16196 --- [Spring_Boot_Start] [           main] o.s.b.f.s.DefaultListableBeanFactory     : Returning cached instance of singleton bean 'currencyServiceConfig'
2025-07-30T17:03:40.987+05:30 TRACE 16196 --- [Spring_Boot_Start] [           main] o.s.b.f.s.DefaultListableBeanFactory     : Returning cached instance of singleton bean 'org.springframework.boot.autoconfigure.AutoConfigurationPackages'
2025-07-30T17:03:40.987+05:30 TRACE 16196 --- [Spring_Boot_Start] [           main] o.s.b.f.s.DefaultListableBeanFactory     : Returning cached instance of singleton bean 'org.springframework.boot.autoconfigure.context.PropertyPlaceholderAutoConfiguration'
2025-07-30T17:03:40.987+05:30 TRACE 16196 --- [Spring_Boot_Start] [           main] o.s.b.f.s.DefaultListableBeanFactory     : Returning cached instance of singleton bean 'propertySourcesPlaceholderConfigurer'
2025-07-30T17:03:40.987+05:30 TRACE 16196 --- [Spring_Boot_Start] [           main] o.s.b.f.s.DefaultListableBeanFactory     : Returning cached instance of singleton bean 'org.springframework.boot.autoconfigure.ssl.SslAutoConfiguration'
2025-07-30T17:03:40.987+05:30 TRACE 16196 --- [Spring_Boot_Start] [           main] o.s.b.f.s.DefaultListableBeanFactory     : Returning cached instance of singleton bean 'fileWatcher'
2025-07-30T17:03:40.987+05:30 TRACE 16196 --- [Spring_Boot_Start] [           main] o.s.b.f.s.DefaultListableBeanFactory     : Returning cached instance of singleton bean 'sslPropertiesSslBundleRegistrar'
2025-07-30T17:03:40.987+05:30 TRACE 16196 --- [Spring_Boot_Start] [           main] o.s.b.f.s.DefaultListableBeanFactory     : Returning cached instance of singleton bean 'sslBundleRegistry'
2025-07-30T17:03:40.987+05:30 TRACE 16196 --- [Spring_Boot_Start] [           main] o.s.b.f.s.DefaultListableBeanFactory     : Returning cached instance of singleton bean 'org.springframework.boot.context.properties.ConfigurationPropertiesBindingPostProcessor'
2025-07-30T17:03:40.987+05:30 TRACE 16196 --- [Spring_Boot_Start] [           main] o.s.b.f.s.DefaultListableBeanFactory     : Returning cached instance of singleton bean 'org.springframework.boot.context.internalConfigurationPropertiesBinder'
2025-07-30T17:03:40.987+05:30 TRACE 16196 --- [Spring_Boot_Start] [           main] o.s.b.f.s.DefaultListableBeanFactory     : Returning cached instance of singleton bean 'org.springframework.boot.context.internalConfigurationPropertiesBinder'
2025-07-30T17:03:40.987+05:30 TRACE 16196 --- [Spring_Boot_Start] [           main] o.s.b.f.s.DefaultListableBeanFactory     : Returning cached instance of singleton bean 'org.springframework.boot.context.properties.BoundConfigurationProperties'
2025-07-30T17:03:40.987+05:30 TRACE 16196 --- [Spring_Boot_Start] [           main] o.s.b.f.s.DefaultListableBeanFactory     : Returning cached instance of singleton bean 'org.springframework.boot.context.properties.EnableConfigurationPropertiesRegistrar.methodValidationExcludeFilter'
2025-07-30T17:03:40.987+05:30 TRACE 16196 --- [Spring_Boot_Start] [           main] o.s.b.f.s.DefaultListableBeanFactory     : Returning cached instance of singleton bean 'spring.ssl-org.springframework.boot.autoconfigure.ssl.SslProperties'
2025-07-30T17:03:40.987+05:30 TRACE 16196 --- [Spring_Boot_Start] [           main] o.s.b.f.s.DefaultListableBeanFactory     : Returning cached instance of singleton bean 'org.springframework.boot.autoconfigure.websocket.servlet.WebSocketServletAutoConfiguration$TomcatWebSocketConfiguration'
2025-07-30T17:03:40.987+05:30 TRACE 16196 --- [Spring_Boot_Start] [           main] o.s.b.f.s.DefaultListableBeanFactory     : Returning cached instance of singleton bean 'websocketServletWebServerCustomizer'
2025-07-30T17:03:40.987+05:30 TRACE 16196 --- [Spring_Boot_Start] [           main] o.s.b.f.s.DefaultListableBeanFactory     : Returning cached instance of singleton bean 'org.springframework.boot.autoconfigure.websocket.servlet.WebSocketServletAutoConfiguration'
2025-07-30T17:03:40.987+05:30 TRACE 16196 --- [Spring_Boot_Start] [           main] o.s.b.f.s.DefaultListableBeanFactory     : Returning cached instance of singleton bean 'org.springframework.boot.autoconfigure.web.servlet.ServletWebServerFactoryConfiguration$EmbeddedTomcat'
2025-07-30T17:03:40.987+05:30 TRACE 16196 --- [Spring_Boot_Start] [           main] o.s.b.f.s.DefaultListableBeanFactory     : Returning cached instance of singleton bean 'tomcatServletWebServerFactory'
2025-07-30T17:03:40.987+05:30 TRACE 16196 --- [Spring_Boot_Start] [           main] o.s.b.f.s.DefaultListableBeanFactory     : Returning cached instance of singleton bean 'org.springframework.boot.autoconfigure.web.servlet.ServletWebServerFactoryAutoConfiguration'
2025-07-30T17:03:40.987+05:30 TRACE 16196 --- [Spring_Boot_Start] [           main] o.s.b.f.s.DefaultListableBeanFactory     : Returning cached instance of singleton bean 'servletWebServerFactoryCustomizer'
2025-07-30T17:03:40.987+05:30 TRACE 16196 --- [Spring_Boot_Start] [           main] o.s.b.f.s.DefaultListableBeanFactory     : Returning cached instance of singleton bean 'tomcatServletWebServerFactoryCustomizer'
2025-07-30T17:03:40.987+05:30 TRACE 16196 --- [Spring_Boot_Start] [           main] o.s.b.f.s.DefaultListableBeanFactory     : Returning cached instance of singleton bean 'server-org.springframework.boot.autoconfigure.web.ServerProperties'
2025-07-30T17:03:40.987+05:30 TRACE 16196 --- [Spring_Boot_Start] [           main] o.s.b.f.s.DefaultListableBeanFactory     : Returning cached instance of singleton bean 'webServerFactoryCustomizerBeanPostProcessor'
2025-07-30T17:03:40.987+05:30 TRACE 16196 --- [Spring_Boot_Start] [           main] o.s.b.f.s.DefaultListableBeanFactory     : Returning cached instance of singleton bean 'errorPageRegistrarBeanPostProcessor'
2025-07-30T17:03:40.987+05:30 TRACE 16196 --- [Spring_Boot_Start] [           main] o.s.b.f.s.DefaultListableBeanFactory     : Returning cached instance of singleton bean 'org.springframework.boot.autoconfigure.web.servlet.DispatcherServletAutoConfiguration$DispatcherServletConfiguration'
2025-07-30T17:03:40.987+05:30 TRACE 16196 --- [Spring_Boot_Start] [           main] o.s.b.f.s.DefaultListableBeanFactory     : Returning cached instance of singleton bean 'dispatcherServlet'
2025-07-30T17:03:40.987+05:30 TRACE 16196 --- [Spring_Boot_Start] [           main] o.s.b.f.s.DefaultListableBeanFactory     : Returning cached instance of singleton bean 'spring.mvc-org.springframework.boot.autoconfigure.web.servlet.WebMvcProperties'
2025-07-30T17:03:40.987+05:30 TRACE 16196 --- [Spring_Boot_Start] [           main] o.s.b.f.s.DefaultListableBeanFactory     : Returning cached instance of singleton bean 'org.springframework.boot.autoconfigure.web.servlet.DispatcherServletAutoConfiguration$DispatcherServletRegistrationConfiguration'
2025-07-30T17:03:40.987+05:30 TRACE 16196 --- [Spring_Boot_Start] [           main] o.s.b.f.s.DefaultListableBeanFactory     : Returning cached instance of singleton bean 'dispatcherServletRegistration'
2025-07-30T17:03:40.987+05:30 TRACE 16196 --- [Spring_Boot_Start] [           main] o.s.b.f.s.DefaultListableBeanFactory     : Returning cached instance of singleton bean 'org.springframework.boot.autoconfigure.web.servlet.DispatcherServletAutoConfiguration'
2025-07-30T17:03:40.988+05:30 TRACE 16196 --- [Spring_Boot_Start] [           main] o.s.b.f.s.DefaultListableBeanFactory     : Returning cached instance of singleton bean 'org.springframework.boot.autoconfigure.task.TaskExecutorConfigurations$ThreadPoolTaskExecutorBuilderConfiguration'
2025-07-30T17:03:40.988+05:30 TRACE 16196 --- [Spring_Boot_Start] [           main] o.s.b.f.s.DefaultListableBeanFactory     : Returning cached instance of singleton bean 'threadPoolTaskExecutorBuilder'
2025-07-30T17:03:40.988+05:30 TRACE 16196 --- [Spring_Boot_Start] [           main] o.s.b.f.s.DefaultListableBeanFactory     : Returning cached instance of singleton bean 'org.springframework.boot.autoconfigure.task.TaskExecutorConfigurations$SimpleAsyncTaskExecutorBuilderConfiguration'
2025-07-30T17:03:40.988+05:30 TRACE 16196 --- [Spring_Boot_Start] [           main] o.s.b.f.s.DefaultListableBeanFactory     : Returning cached instance of singleton bean 'simpleAsyncTaskExecutorBuilder'
2025-07-30T17:03:40.988+05:30 TRACE 16196 --- [Spring_Boot_Start] [           main] o.s.b.f.s.DefaultListableBeanFactory     : Returning cached instance of singleton bean 'org.springframework.boot.autoconfigure.task.TaskExecutorConfigurations$AsyncConfigurerConfiguration'
2025-07-30T17:03:40.988+05:30 TRACE 16196 --- [Spring_Boot_Start] [           main] o.s.b.f.s.DefaultListableBeanFactory     : Returning cached instance of singleton bean 'applicationTaskExecutorAsyncConfigurer'
2025-07-30T17:03:40.988+05:30 TRACE 16196 --- [Spring_Boot_Start] [           main] o.s.b.f.s.DefaultListableBeanFactory     : Returning cached instance of singleton bean 'org.springframework.boot.autoconfigure.task.TaskExecutorConfigurations$TaskExecutorConfiguration'
2025-07-30T17:03:40.988+05:30 TRACE 16196 --- [Spring_Boot_Start] [           main] o.s.b.f.s.DefaultListableBeanFactory     : Returning cached instance of singleton bean 'applicationTaskExecutor'
2025-07-30T17:03:40.988+05:30 TRACE 16196 --- [Spring_Boot_Start] [           main] o.s.b.f.s.DefaultListableBeanFactory     : Returning cached instance of singleton bean 'org.springframework.boot.autoconfigure.task.TaskExecutorConfigurations$BootstrapExecutorConfiguration'
2025-07-30T17:03:40.988+05:30 TRACE 16196 --- [Spring_Boot_Start] [           main] o.s.b.f.s.DefaultListableBeanFactory     : Returning cached instance of singleton bean 'bootstrapExecutorAliasPostProcessor'
2025-07-30T17:03:40.988+05:30 TRACE 16196 --- [Spring_Boot_Start] [           main] o.s.b.f.s.DefaultListableBeanFactory     : Returning cached instance of singleton bean 'org.springframework.boot.autoconfigure.task.TaskExecutionAutoConfiguration'
2025-07-30T17:03:40.988+05:30 TRACE 16196 --- [Spring_Boot_Start] [           main] o.s.b.f.s.DefaultListableBeanFactory     : Returning cached instance of singleton bean 'spring.task.execution-org.springframework.boot.autoconfigure.task.TaskExecutionProperties'
2025-07-30T17:03:40.988+05:30 TRACE 16196 --- [Spring_Boot_Start] [           main] o.s.b.f.s.DefaultListableBeanFactory     : Returning cached instance of singleton bean 'org.springframework.boot.autoconfigure.web.servlet.error.ErrorMvcAutoConfiguration$WhitelabelErrorViewConfiguration'
2025-07-30T17:03:40.988+05:30 TRACE 16196 --- [Spring_Boot_Start] [           main] o.s.b.f.s.DefaultListableBeanFactory     : Returning cached instance of singleton bean 'error'
2025-07-30T17:03:40.988+05:30 TRACE 16196 --- [Spring_Boot_Start] [           main] o.s.b.f.s.DefaultListableBeanFactory     : Returning cached instance of singleton bean 'beanNameViewResolver'
2025-07-30T17:03:40.988+05:30 TRACE 16196 --- [Spring_Boot_Start] [           main] o.s.b.f.s.DefaultListableBeanFactory     : Returning cached instance of singleton bean 'org.springframework.boot.autoconfigure.web.servlet.error.ErrorMvcAutoConfiguration$DefaultErrorViewResolverConfiguration'
2025-07-30T17:03:40.988+05:30 TRACE 16196 --- [Spring_Boot_Start] [           main] o.s.b.f.s.DefaultListableBeanFactory     : Returning cached instance of singleton bean 'conventionErrorViewResolver'
2025-07-30T17:03:40.988+05:30 TRACE 16196 --- [Spring_Boot_Start] [           main] o.s.b.f.s.DefaultListableBeanFactory     : Returning cached instance of singleton bean 'spring.web-org.springframework.boot.autoconfigure.web.WebProperties'
2025-07-30T17:03:40.989+05:30 TRACE 16196 --- [Spring_Boot_Start] [           main] o.s.b.f.s.DefaultListableBeanFactory     : Returning cached instance of singleton bean 'org.springframework.boot.autoconfigure.web.servlet.error.ErrorMvcAutoConfiguration'
2025-07-30T17:03:40.989+05:30 TRACE 16196 --- [Spring_Boot_Start] [           main] o.s.b.f.s.DefaultListableBeanFactory     : Returning cached instance of singleton bean 'errorAttributes'
2025-07-30T17:03:40.989+05:30 TRACE 16196 --- [Spring_Boot_Start] [           main] o.s.b.f.s.DefaultListableBeanFactory     : Returning cached instance of singleton bean 'basicErrorController'
2025-07-30T17:03:40.989+05:30 TRACE 16196 --- [Spring_Boot_Start] [           main] o.s.b.f.s.DefaultListableBeanFactory     : Returning cached instance of singleton bean 'errorPageCustomizer'
2025-07-30T17:03:40.989+05:30 TRACE 16196 --- [Spring_Boot_Start] [           main] o.s.b.f.s.DefaultListableBeanFactory     : Returning cached instance of singleton bean 'preserveErrorControllerTargetClassPostProcessor'
2025-07-30T17:03:40.989+05:30 TRACE 16196 --- [Spring_Boot_Start] [           main] o.s.b.f.s.DefaultListableBeanFactory     : Returning cached instance of singleton bean 'org.springframework.boot.autoconfigure.web.servlet.WebMvcAutoConfiguration$EnableWebMvcConfiguration'
2025-07-30T17:03:40.989+05:30 TRACE 16196 --- [Spring_Boot_Start] [           main] o.s.b.f.s.DefaultListableBeanFactory     : Returning cached instance of singleton bean 'welcomePageHandlerMapping'
2025-07-30T17:03:40.989+05:30 TRACE 16196 --- [Spring_Boot_Start] [           main] o.s.b.f.s.DefaultListableBeanFactory     : Returning cached instance of singleton bean 'welcomePageNotAcceptableHandlerMapping'
2025-07-30T17:03:40.989+05:30 TRACE 16196 --- [Spring_Boot_Start] [           main] o.s.b.f.s.DefaultListableBeanFactory     : Returning cached instance of singleton bean 'localeResolver'
2025-07-30T17:03:40.989+05:30 TRACE 16196 --- [Spring_Boot_Start] [           main] o.s.b.f.s.DefaultListableBeanFactory     : Returning cached instance of singleton bean 'themeResolver'
2025-07-30T17:03:40.989+05:30 TRACE 16196 --- [Spring_Boot_Start] [           main] o.s.b.f.s.DefaultListableBeanFactory     : Returning cached instance of singleton bean 'flashMapManager'
2025-07-30T17:03:40.989+05:30 TRACE 16196 --- [Spring_Boot_Start] [           main] o.s.b.f.s.DefaultListableBeanFactory     : Returning cached instance of singleton bean 'viewNameTranslator'
2025-07-30T17:03:40.989+05:30 TRACE 16196 --- [Spring_Boot_Start] [           main] o.s.b.f.s.DefaultListableBeanFactory     : Returning cached instance of singleton bean 'mvcConversionService'
2025-07-30T17:03:40.989+05:30 TRACE 16196 --- [Spring_Boot_Start] [           main] o.s.b.f.s.DefaultListableBeanFactory     : Returning cached instance of singleton bean 'mvcValidator'
2025-07-30T17:03:40.989+05:30 TRACE 16196 --- [Spring_Boot_Start] [           main] o.s.b.f.s.DefaultListableBeanFactory     : Returning cached instance of singleton bean 'mvcContentNegotiationManager'
2025-07-30T17:03:40.989+05:30 TRACE 16196 --- [Spring_Boot_Start] [           main] o.s.b.f.s.DefaultListableBeanFactory     : Returning cached instance of singleton bean 'requestMappingHandlerMapping'
2025-07-30T17:03:40.989+05:30 TRACE 16196 --- [Spring_Boot_Start] [           main] o.s.b.f.s.DefaultListableBeanFactory     : Returning cached instance of singleton bean 'mvcPatternParser'
2025-07-30T17:03:40.989+05:30 TRACE 16196 --- [Spring_Boot_Start] [           main] o.s.b.f.s.DefaultListableBeanFactory     : Returning cached instance of singleton bean 'mvcUrlPathHelper'
2025-07-30T17:03:40.989+05:30 TRACE 16196 --- [Spring_Boot_Start] [           main] o.s.b.f.s.DefaultListableBeanFactory     : Returning cached instance of singleton bean 'mvcPathMatcher'
2025-07-30T17:03:40.989+05:30 TRACE 16196 --- [Spring_Boot_Start] [           main] o.s.b.f.s.DefaultListableBeanFactory     : Returning cached instance of singleton bean 'viewControllerHandlerMapping'
2025-07-30T17:03:40.989+05:30 TRACE 16196 --- [Spring_Boot_Start] [           main] o.s.b.f.s.DefaultListableBeanFactory     : Returning cached instance of singleton bean 'beanNameHandlerMapping'
2025-07-30T17:03:40.989+05:30 TRACE 16196 --- [Spring_Boot_Start] [           main] o.s.b.f.s.DefaultListableBeanFactory     : Returning cached instance of singleton bean 'routerFunctionMapping'
2025-07-30T17:03:40.989+05:30 TRACE 16196 --- [Spring_Boot_Start] [           main] o.s.b.f.s.DefaultListableBeanFactory     : Returning cached instance of singleton bean 'resourceHandlerMapping'
2025-07-30T17:03:40.989+05:30 TRACE 16196 --- [Spring_Boot_Start] [           main] o.s.b.f.s.DefaultListableBeanFactory     : Returning cached instance of singleton bean 'mvcResourceUrlProvider'
2025-07-30T17:03:40.989+05:30 TRACE 16196 --- [Spring_Boot_Start] [           main] o.s.b.f.s.DefaultListableBeanFactory     : Returning cached instance of singleton bean 'defaultServletHandlerMapping'
2025-07-30T17:03:40.989+05:30 TRACE 16196 --- [Spring_Boot_Start] [           main] o.s.b.f.s.DefaultListableBeanFactory     : Returning cached instance of singleton bean 'requestMappingHandlerAdapter'
2025-07-30T17:03:40.989+05:30 TRACE 16196 --- [Spring_Boot_Start] [           main] o.s.b.f.s.DefaultListableBeanFactory     : Returning cached instance of singleton bean 'handlerFunctionAdapter'
2025-07-30T17:03:40.989+05:30 TRACE 16196 --- [Spring_Boot_Start] [           main] o.s.b.f.s.DefaultListableBeanFactory     : Returning cached instance of singleton bean 'mvcUriComponentsContributor'
2025-07-30T17:03:40.989+05:30 TRACE 16196 --- [Spring_Boot_Start] [           main] o.s.b.f.s.DefaultListableBeanFactory     : Returning cached instance of singleton bean 'httpRequestHandlerAdapter'
2025-07-30T17:03:40.989+05:30 TRACE 16196 --- [Spring_Boot_Start] [           main] o.s.b.f.s.DefaultListableBeanFactory     : Returning cached instance of singleton bean 'simpleControllerHandlerAdapter'
2025-07-30T17:03:40.989+05:30 TRACE 16196 --- [Spring_Boot_Start] [           main] o.s.b.f.s.DefaultListableBeanFactory     : Returning cached instance of singleton bean 'handlerExceptionResolver'
2025-07-30T17:03:40.989+05:30 TRACE 16196 --- [Spring_Boot_Start] [           main] o.s.b.f.s.DefaultListableBeanFactory     : Returning cached instance of singleton bean 'mvcViewResolver'
2025-07-30T17:03:40.989+05:30 TRACE 16196 --- [Spring_Boot_Start] [           main] o.s.b.f.s.DefaultListableBeanFactory     : Returning cached instance of singleton bean 'org.springframework.boot.autoconfigure.web.servlet.WebMvcAutoConfiguration$WebMvcAutoConfigurationAdapter'
2025-07-30T17:03:40.989+05:30 TRACE 16196 --- [Spring_Boot_Start] [           main] o.s.b.f.s.DefaultListableBeanFactory     : Returning cached instance of singleton bean 'defaultViewResolver'
2025-07-30T17:03:40.989+05:30 TRACE 16196 --- [Spring_Boot_Start] [           main] o.s.b.f.s.DefaultListableBeanFactory     : Returning cached instance of singleton bean 'viewResolver'
2025-07-30T17:03:40.989+05:30 TRACE 16196 --- [Spring_Boot_Start] [           main] o.s.b.f.s.DefaultListableBeanFactory     : Returning cached instance of singleton bean 'requestContextFilter'
2025-07-30T17:03:40.989+05:30 TRACE 16196 --- [Spring_Boot_Start] [           main] o.s.b.f.s.DefaultListableBeanFactory     : Returning cached instance of singleton bean 'org.springframework.boot.autoconfigure.web.servlet.WebMvcAutoConfiguration'
2025-07-30T17:03:40.989+05:30 TRACE 16196 --- [Spring_Boot_Start] [           main] o.s.b.f.s.DefaultListableBeanFactory     : Returning cached instance of singleton bean 'formContentFilter'
2025-07-30T17:03:40.990+05:30 TRACE 16196 --- [Spring_Boot_Start] [           main] o.s.b.f.s.DefaultListableBeanFactory     : Returning cached instance of singleton bean 'org.springframework.boot.autoconfigure.aop.AopAutoConfiguration$ClassProxyingConfiguration'
2025-07-30T17:03:40.990+05:30 TRACE 16196 --- [Spring_Boot_Start] [           main] o.s.b.f.s.DefaultListableBeanFactory     : Returning cached instance of singleton bean 'forceAutoProxyCreatorToUseClassProxying'
2025-07-30T17:03:40.990+05:30 TRACE 16196 --- [Spring_Boot_Start] [           main] o.s.b.f.s.DefaultListableBeanFactory     : Returning cached instance of singleton bean 'org.springframework.boot.autoconfigure.aop.AopAutoConfiguration'
2025-07-30T17:03:40.990+05:30 TRACE 16196 --- [Spring_Boot_Start] [           main] o.s.b.f.s.DefaultListableBeanFactory     : Returning cached instance of singleton bean 'org.springframework.boot.autoconfigure.availability.ApplicationAvailabilityAutoConfiguration'
2025-07-30T17:03:40.990+05:30 TRACE 16196 --- [Spring_Boot_Start] [           main] o.s.b.f.s.DefaultListableBeanFactory     : Returning cached instance of singleton bean 'applicationAvailability'
2025-07-30T17:03:40.990+05:30 TRACE 16196 --- [Spring_Boot_Start] [           main] o.s.b.f.s.DefaultListableBeanFactory     : Returning cached instance of singleton bean 'org.springframework.boot.autoconfigure.jackson.JacksonAutoConfiguration$Jackson2ObjectMapperBuilderCustomizerConfiguration'
2025-07-30T17:03:40.990+05:30 TRACE 16196 --- [Spring_Boot_Start] [           main] o.s.b.f.s.DefaultListableBeanFactory     : Returning cached instance of singleton bean 'standardJacksonObjectMapperBuilderCustomizer'
2025-07-30T17:03:40.990+05:30 TRACE 16196 --- [Spring_Boot_Start] [           main] o.s.b.f.s.DefaultListableBeanFactory     : Returning cached instance of singleton bean 'spring.jackson-org.springframework.boot.autoconfigure.jackson.JacksonProperties'
2025-07-30T17:03:40.990+05:30 TRACE 16196 --- [Spring_Boot_Start] [           main] o.s.b.f.s.DefaultListableBeanFactory     : Returning cached instance of singleton bean 'org.springframework.boot.autoconfigure.jackson.JacksonAutoConfiguration$JacksonObjectMapperBuilderConfiguration'
2025-07-30T17:03:40.990+05:30 TRACE 16196 --- [Spring_Boot_Start] [           main] o.s.b.f.s.DefaultListableBeanFactory     : Returning cached instance of singleton bean 'org.springframework.boot.autoconfigure.jackson.JacksonAutoConfiguration$ParameterNamesModuleConfiguration'
2025-07-30T17:03:40.990+05:30 TRACE 16196 --- [Spring_Boot_Start] [           main] o.s.b.f.s.DefaultListableBeanFactory     : Returning cached instance of singleton bean 'parameterNamesModule'
2025-07-30T17:03:40.990+05:30 TRACE 16196 --- [Spring_Boot_Start] [           main] o.s.b.f.s.DefaultListableBeanFactory     : Returning cached instance of singleton bean 'org.springframework.boot.autoconfigure.jackson.JacksonAutoConfiguration$JacksonObjectMapperConfiguration'
2025-07-30T17:03:40.990+05:30 TRACE 16196 --- [Spring_Boot_Start] [           main] o.s.b.f.s.DefaultListableBeanFactory     : Returning cached instance of singleton bean 'jacksonObjectMapper'
2025-07-30T17:03:40.990+05:30 TRACE 16196 --- [Spring_Boot_Start] [           main] o.s.b.f.s.DefaultListableBeanFactory     : Returning cached instance of singleton bean 'org.springframework.boot.autoconfigure.jackson.JacksonAutoConfiguration$JacksonMixinConfiguration'
2025-07-30T17:03:40.990+05:30 TRACE 16196 --- [Spring_Boot_Start] [           main] o.s.b.f.s.DefaultListableBeanFactory     : Returning cached instance of singleton bean 'jsonMixinModuleEntries'
2025-07-30T17:03:40.990+05:30 TRACE 16196 --- [Spring_Boot_Start] [           main] o.s.b.f.s.DefaultListableBeanFactory     : Returning cached instance of singleton bean 'jsonMixinModule'
2025-07-30T17:03:40.990+05:30 TRACE 16196 --- [Spring_Boot_Start] [           main] o.s.b.f.s.DefaultListableBeanFactory     : Returning cached instance of singleton bean 'org.springframework.boot.autoconfigure.jackson.JacksonAutoConfiguration'
2025-07-30T17:03:40.990+05:30 TRACE 16196 --- [Spring_Boot_Start] [           main] o.s.b.f.s.DefaultListableBeanFactory     : Returning cached instance of singleton bean 'jsonComponentModule'
2025-07-30T17:03:40.990+05:30 TRACE 16196 --- [Spring_Boot_Start] [           main] o.s.b.f.s.DefaultListableBeanFactory     : Returning cached instance of singleton bean 'org.springframework.boot.autoconfigure.context.ConfigurationPropertiesAutoConfiguration'
2025-07-30T17:03:40.990+05:30 TRACE 16196 --- [Spring_Boot_Start] [           main] o.s.b.f.s.DefaultListableBeanFactory     : Returning cached instance of singleton bean 'org.springframework.boot.autoconfigure.context.LifecycleAutoConfiguration'
2025-07-30T17:03:40.990+05:30 TRACE 16196 --- [Spring_Boot_Start] [           main] o.s.b.f.s.DefaultListableBeanFactory     : Returning cached instance of singleton bean 'lifecycleProcessor'
2025-07-30T17:03:40.990+05:30 TRACE 16196 --- [Spring_Boot_Start] [           main] o.s.b.f.s.DefaultListableBeanFactory     : Returning cached instance of singleton bean 'spring.lifecycle-org.springframework.boot.autoconfigure.context.LifecycleProperties'
2025-07-30T17:03:40.990+05:30 TRACE 16196 --- [Spring_Boot_Start] [           main] o.s.b.f.s.DefaultListableBeanFactory     : Returning cached instance of singleton bean 'org.springframework.boot.autoconfigure.http.HttpMessageConvertersAutoConfiguration$StringHttpMessageConverterConfiguration'
2025-07-30T17:03:40.990+05:30 TRACE 16196 --- [Spring_Boot_Start] [           main] o.s.b.f.s.DefaultListableBeanFactory     : Returning cached instance of singleton bean 'stringHttpMessageConverter'
2025-07-30T17:03:40.990+05:30 TRACE 16196 --- [Spring_Boot_Start] [           main] o.s.b.f.s.DefaultListableBeanFactory     : Returning cached instance of singleton bean 'org.springframework.boot.autoconfigure.http.JacksonHttpMessageConvertersConfiguration$MappingJackson2HttpMessageConverterConfiguration'
2025-07-30T17:03:40.990+05:30 TRACE 16196 --- [Spring_Boot_Start] [           main] o.s.b.f.s.DefaultListableBeanFactory     : Returning cached instance of singleton bean 'mappingJackson2HttpMessageConverter'
2025-07-30T17:03:40.991+05:30 TRACE 16196 --- [Spring_Boot_Start] [           main] o.s.b.f.s.DefaultListableBeanFactory     : Returning cached instance of singleton bean 'org.springframework.boot.autoconfigure.http.JacksonHttpMessageConvertersConfiguration'
2025-07-30T17:03:40.991+05:30 TRACE 16196 --- [Spring_Boot_Start] [           main] o.s.b.f.s.DefaultListableBeanFactory     : Returning cached instance of singleton bean 'org.springframework.boot.autoconfigure.http.HttpMessageConvertersAutoConfiguration'
2025-07-30T17:03:40.991+05:30 TRACE 16196 --- [Spring_Boot_Start] [           main] o.s.b.f.s.DefaultListableBeanFactory     : Returning cached instance of singleton bean 'messageConverters'
2025-07-30T17:03:40.991+05:30 TRACE 16196 --- [Spring_Boot_Start] [           main] o.s.b.f.s.DefaultListableBeanFactory     : Returning cached instance of singleton bean 'org.springframework.boot.autoconfigure.http.client.HttpClientAutoConfiguration'
2025-07-30T17:03:40.991+05:30 TRACE 16196 --- [Spring_Boot_Start] [           main] o.s.b.f.s.DefaultListableBeanFactory     : Returning cached instance of singleton bean 'clientHttpRequestFactoryBuilder'
2025-07-30T17:03:40.991+05:30 TRACE 16196 --- [Spring_Boot_Start] [           main] o.s.b.f.s.DefaultListableBeanFactory     : Returning cached instance of singleton bean 'clientHttpRequestFactorySettings'
2025-07-30T17:03:40.991+05:30 TRACE 16196 --- [Spring_Boot_Start] [           main] o.s.b.f.s.DefaultListableBeanFactory     : Returning cached instance of singleton bean 'spring.http.client-org.springframework.boot.autoconfigure.http.client.HttpClientProperties'
2025-07-30T17:03:40.991+05:30 TRACE 16196 --- [Spring_Boot_Start] [           main] o.s.b.f.s.DefaultListableBeanFactory     : Returning cached instance of singleton bean 'org.springframework.boot.autoconfigure.info.ProjectInfoAutoConfiguration'
2025-07-30T17:03:40.991+05:30 TRACE 16196 --- [Spring_Boot_Start] [           main] o.s.b.f.s.DefaultListableBeanFactory     : Returning cached instance of singleton bean 'spring.info-org.springframework.boot.autoconfigure.info.ProjectInfoProperties'
2025-07-30T17:03:40.991+05:30 TRACE 16196 --- [Spring_Boot_Start] [           main] o.s.b.f.s.DefaultListableBeanFactory     : Returning cached instance of singleton bean 'org.springframework.boot.autoconfigure.sql.init.SqlInitializationAutoConfiguration'
2025-07-30T17:03:40.991+05:30 TRACE 16196 --- [Spring_Boot_Start] [           main] o.s.b.f.s.DefaultListableBeanFactory     : Returning cached instance of singleton bean 'spring.sql.init-org.springframework.boot.autoconfigure.sql.init.SqlInitializationProperties'
2025-07-30T17:03:40.991+05:30 TRACE 16196 --- [Spring_Boot_Start] [           main] o.s.b.f.s.DefaultListableBeanFactory     : Returning cached instance of singleton bean 'org.springframework.boot.sql.init.dependency.DatabaseInitializationDependencyConfigurer$DependsOnDatabaseInitializationPostProcessor'
2025-07-30T17:03:40.991+05:30 TRACE 16196 --- [Spring_Boot_Start] [           main] o.s.b.f.s.DefaultListableBeanFactory     : Returning cached instance of singleton bean 'org.springframework.boot.autoconfigure.task.TaskSchedulingConfigurations$ThreadPoolTaskSchedulerBuilderConfiguration'
2025-07-30T17:03:40.991+05:30 TRACE 16196 --- [Spring_Boot_Start] [           main] o.s.b.f.s.DefaultListableBeanFactory     : Returning cached instance of singleton bean 'threadPoolTaskSchedulerBuilder'
2025-07-30T17:03:40.991+05:30 TRACE 16196 --- [Spring_Boot_Start] [           main] o.s.b.f.s.DefaultListableBeanFactory     : Returning cached instance of singleton bean 'org.springframework.boot.autoconfigure.task.TaskSchedulingConfigurations$SimpleAsyncTaskSchedulerBuilderConfiguration'
2025-07-30T17:03:40.991+05:30 TRACE 16196 --- [Spring_Boot_Start] [           main] o.s.b.f.s.DefaultListableBeanFactory     : Returning cached instance of singleton bean 'simpleAsyncTaskSchedulerBuilder'
2025-07-30T17:03:40.991+05:30 TRACE 16196 --- [Spring_Boot_Start] [           main] o.s.b.f.s.DefaultListableBeanFactory     : Returning cached instance of singleton bean 'org.springframework.boot.autoconfigure.task.TaskSchedulingAutoConfiguration'
2025-07-30T17:03:40.991+05:30 TRACE 16196 --- [Spring_Boot_Start] [           main] o.s.b.f.s.DefaultListableBeanFactory     : Returning cached instance of singleton bean 'spring.task.scheduling-org.springframework.boot.autoconfigure.task.TaskSchedulingProperties'
2025-07-30T17:03:40.991+05:30 TRACE 16196 --- [Spring_Boot_Start] [           main] o.s.b.f.s.DefaultListableBeanFactory     : Returning cached instance of singleton bean 'org.springframework.boot.autoconfigure.web.client.RestClientAutoConfiguration'
2025-07-30T17:03:40.991+05:30 TRACE 16196 --- [Spring_Boot_Start] [           main] o.s.b.f.s.DefaultListableBeanFactory     : Returning cached instance of singleton bean 'httpMessageConvertersRestClientCustomizer'
2025-07-30T17:03:40.991+05:30 TRACE 16196 --- [Spring_Boot_Start] [           main] o.s.b.f.s.DefaultListableBeanFactory     : Returning cached instance of singleton bean 'restClientSsl'
2025-07-30T17:03:40.991+05:30 TRACE 16196 --- [Spring_Boot_Start] [           main] o.s.b.f.s.DefaultListableBeanFactory     : Returning cached instance of singleton bean 'restClientBuilderConfigurer'
2025-07-30T17:03:40.991+05:30 TRACE 16196 --- [Spring_Boot_Start] [           main] o.s.b.f.s.DefaultListableBeanFactory     : Returning cached instance of singleton bean 'org.springframework.boot.autoconfigure.web.client.RestTemplateAutoConfiguration'
2025-07-30T17:03:40.991+05:30 TRACE 16196 --- [Spring_Boot_Start] [           main] o.s.b.f.s.DefaultListableBeanFactory     : Returning cached instance of singleton bean 'org.springframework.boot.autoconfigure.web.servlet.HttpEncodingAutoConfiguration'
2025-07-30T17:03:40.991+05:30 TRACE 16196 --- [Spring_Boot_Start] [           main] o.s.b.f.s.DefaultListableBeanFactory     : Returning cached instance of singleton bean 'characterEncodingFilter'
2025-07-30T17:03:40.991+05:30 TRACE 16196 --- [Spring_Boot_Start] [           main] o.s.b.f.s.DefaultListableBeanFactory     : Returning cached instance of singleton bean 'localeCharsetMappingsCustomizer'
2025-07-30T17:03:40.991+05:30 TRACE 16196 --- [Spring_Boot_Start] [           main] o.s.b.f.s.DefaultListableBeanFactory     : Returning cached instance of singleton bean 'org.springframework.boot.autoconfigure.web.servlet.MultipartAutoConfiguration'
2025-07-30T17:03:40.991+05:30 TRACE 16196 --- [Spring_Boot_Start] [           main] o.s.b.f.s.DefaultListableBeanFactory     : Returning cached instance of singleton bean 'multipartConfigElement'
2025-07-30T17:03:40.991+05:30 TRACE 16196 --- [Spring_Boot_Start] [           main] o.s.b.f.s.DefaultListableBeanFactory     : Returning cached instance of singleton bean 'multipartResolver'
2025-07-30T17:03:40.991+05:30 TRACE 16196 --- [Spring_Boot_Start] [           main] o.s.b.f.s.DefaultListableBeanFactory     : Returning cached instance of singleton bean 'spring.servlet.multipart-org.springframework.boot.autoconfigure.web.servlet.MultipartProperties'
2025-07-30T17:03:40.991+05:30 TRACE 16196 --- [Spring_Boot_Start] [           main] o.s.b.f.s.DefaultListableBeanFactory     : Returning cached instance of singleton bean 'org.springframework.aop.config.internalAutoProxyCreator'
2025-07-30T17:03:40.993+05:30 TRACE 16196 --- [Spring_Boot_Start] [           main] o.s.test.context.TestContextManager      : beforeTestExecution(): instance [com.Spring_Boot_Start.Spring_Boot_Start.SpringBootStartApplicationTests@2fd954f], method [void com.Spring_Boot_Start.Spring_Boot_Start.SpringBootStartApplicationTests.contextLoads()]
2025-07-30T17:03:40.994+05:30 TRACE 16196 --- [Spring_Boot_Start] [           main] c.DefaultCacheAwareContextLoaderDelegate : Retrieved ApplicationContext [1970779713] from cache with key [WebMergedContextConfiguration@62b93086 testClass = com.Spring_Boot_Start.Spring_Boot_Start.SpringBootStartApplicationTests, locations = [], classes = [com.Spring_Boot_Start.Spring_Boot_Start.SpringBootStartApplication], contextInitializerClasses = [], activeProfiles = [], propertySourceDescriptors = [], propertySourceProperties = ["org.springframework.boot.test.context.SpringBootTestContextBootstrapper=true"], contextCustomizers = [org.springframework.boot.test.context.filter.ExcludeFilterContextCustomizer@4b741d6d, org.springframework.boot.test.json.DuplicateJsonObjectContextCustomizerFactory$DuplicateJsonObjectContextCustomizer@7674f035, org.springframework.boot.test.mock.mockito.MockitoContextCustomizer@0, org.springframework.boot.test.web.client.TestRestTemplateContextCustomizer@1cf6d1be, org.springframework.boot.test.web.reactor.netty.DisableReactorResourceFactoryGlobalResourcesContextCustomizerFactory$DisableReactorResourceFactoryGlobalResourcesContextCustomizerCustomizer@4c60d6e9, org.springframework.boot.test.autoconfigure.OnFailureConditionReportContextCustomizerFactory$OnFailureConditionReportContextCustomizer@1349883, org.springframework.boot.test.autoconfigure.actuate.observability.ObservabilityContextCustomizerFactory$DisableObservabilityContextCustomizer@1f, org.springframework.boot.test.autoconfigure.properties.PropertyMappingContextCustomizer@0, org.springframework.boot.test.autoconfigure.web.servlet.WebDriverContextCustomizer@268f106e, org.springframework.test.context.support.DynamicPropertiesContextCustomizer@0, org.springframework.boot.test.context.SpringBootTestAnnotation@9f0191c7], resourceBasePath = "src/main/webapp", contextLoader = org.springframework.boot.test.context.SpringBootContextLoader, parent = null]
2025-07-30T17:03:40.994+05:30 DEBUG 16196 --- [Spring_Boot_Start] [           main] org.springframework.test.context.cache   : Spring test ApplicationContext cache statistics: [DefaultContextCache@254449bb size = 1, maxSize = 32, parentContextCount = 0, hitCount = 6, missCount = 1, failureCount = 0]
2025-07-30T17:03:41.006+05:30 TRACE 16196 --- [Spring_Boot_Start] [           main] o.s.test.context.TestContextManager      : afterTestExecution(): instance [com.Spring_Boot_Start.Spring_Boot_Start.SpringBootStartApplicationTests@2fd954f], method [void com.Spring_Boot_Start.Spring_Boot_Start.SpringBootStartApplicationTests.contextLoads()], exception [null]
2025-07-30T17:03:41.007+05:30 TRACE 16196 --- [Spring_Boot_Start] [           main] c.DefaultCacheAwareContextLoaderDelegate : Retrieved ApplicationContext [1970779713] from cache with key [WebMergedContextConfiguration@62b93086 testClass = com.Spring_Boot_Start.Spring_Boot_Start.SpringBootStartApplicationTests, locations = [], classes = [com.Spring_Boot_Start.Spring_Boot_Start.SpringBootStartApplication], contextInitializerClasses = [], activeProfiles = [], propertySourceDescriptors = [], propertySourceProperties = ["org.springframework.boot.test.context.SpringBootTestContextBootstrapper=true"], contextCustomizers = [org.springframework.boot.test.context.filter.ExcludeFilterContextCustomizer@4b741d6d, org.springframework.boot.test.json.DuplicateJsonObjectContextCustomizerFactory$DuplicateJsonObjectContextCustomizer@7674f035, org.springframework.boot.test.mock.mockito.MockitoContextCustomizer@0, org.springframework.boot.test.web.client.TestRestTemplateContextCustomizer@1cf6d1be, org.springframework.boot.test.web.reactor.netty.DisableReactorResourceFactoryGlobalResourcesContextCustomizerFactory$DisableReactorResourceFactoryGlobalResourcesContextCustomizerCustomizer@4c60d6e9, org.springframework.boot.test.autoconfigure.OnFailureConditionReportContextCustomizerFactory$OnFailureConditionReportContextCustomizer@1349883, org.springframework.boot.test.autoconfigure.actuate.observability.ObservabilityContextCustomizerFactory$DisableObservabilityContextCustomizer@1f, org.springframework.boot.test.autoconfigure.properties.PropertyMappingContextCustomizer@0, org.springframework.boot.test.autoconfigure.web.servlet.WebDriverContextCustomizer@268f106e, org.springframework.test.context.support.DynamicPropertiesContextCustomizer@0, org.springframework.boot.test.context.SpringBootTestAnnotation@9f0191c7], resourceBasePath = "src/main/webapp", contextLoader = org.springframework.boot.test.context.SpringBootContextLoader, parent = null]
2025-07-30T17:03:41.008+05:30 DEBUG 16196 --- [Spring_Boot_Start] [           main] org.springframework.test.context.cache   : Spring test ApplicationContext cache statistics: [DefaultContextCache@254449bb size = 1, maxSize = 32, parentContextCount = 0, hitCount = 7, missCount = 1, failureCount = 0]
2025-07-30T17:03:41.009+05:30 TRACE 16196 --- [Spring_Boot_Start] [           main] o.s.test.context.TestContextManager      : afterTestMethod(): instance [com.Spring_Boot_Start.Spring_Boot_Start.SpringBootStartApplicationTests@2fd954f], method [void com.Spring_Boot_Start.Spring_Boot_Start.SpringBootStartApplicationTests.contextLoads()], exception [null]
2025-07-30T17:03:41.009+05:30 TRACE 16196 --- [Spring_Boot_Start] [           main] c.DefaultCacheAwareContextLoaderDelegate : Retrieved ApplicationContext [1970779713] from cache with key [WebMergedContextConfiguration@62b93086 testClass = com.Spring_Boot_Start.Spring_Boot_Start.SpringBootStartApplicationTests, locations = [], classes = [com.Spring_Boot_Start.Spring_Boot_Start.SpringBootStartApplication], contextInitializerClasses = [], activeProfiles = [], propertySourceDescriptors = [], propertySourceProperties = ["org.springframework.boot.test.context.SpringBootTestContextBootstrapper=true"], contextCustomizers = [org.springframework.boot.test.context.filter.ExcludeFilterContextCustomizer@4b741d6d, org.springframework.boot.test.json.DuplicateJsonObjectContextCustomizerFactory$DuplicateJsonObjectContextCustomizer@7674f035, org.springframework.boot.test.mock.mockito.MockitoContextCustomizer@0, org.springframework.boot.test.web.client.TestRestTemplateContextCustomizer@1cf6d1be, org.springframework.boot.test.web.reactor.netty.DisableReactorResourceFactoryGlobalResourcesContextCustomizerFactory$DisableReactorResourceFactoryGlobalResourcesContextCustomizerCustomizer@4c60d6e9, org.springframework.boot.test.autoconfigure.OnFailureConditionReportContextCustomizerFactory$OnFailureConditionReportContextCustomizer@1349883, org.springframework.boot.test.autoconfigure.actuate.observability.ObservabilityContextCustomizerFactory$DisableObservabilityContextCustomizer@1f, org.springframework.boot.test.autoconfigure.properties.PropertyMappingContextCustomizer@0, org.springframework.boot.test.autoconfigure.web.servlet.WebDriverContextCustomizer@268f106e, org.springframework.test.context.support.DynamicPropertiesContextCustomizer@0, org.springframework.boot.test.context.SpringBootTestAnnotation@9f0191c7], resourceBasePath = "src/main/webapp", contextLoader = org.springframework.boot.test.context.SpringBootContextLoader, parent = null]
2025-07-30T17:03:41.009+05:30 DEBUG 16196 --- [Spring_Boot_Start] [           main] org.springframework.test.context.cache   : Spring test ApplicationContext cache statistics: [DefaultContextCache@254449bb size = 1, maxSize = 32, parentContextCount = 0, hitCount = 8, missCount = 1, failureCount = 0]
2025-07-30T17:03:41.009+05:30 TRACE 16196 --- [Spring_Boot_Start] [           main] o.s.b.f.s.DefaultListableBeanFactory     : Returning cached instance of singleton bean 'org.springframework.boot.test.mock.mockito.MockitoPostProcessor$SpyPostProcessor'
2025-07-30T17:03:41.009+05:30 TRACE 16196 --- [Spring_Boot_Start] [           main] o.s.b.f.s.DefaultListableBeanFactory     : Returning cached instance of singleton bean 'org.springframework.boot.test.mock.mockito.MockitoPostProcessor'
2025-07-30T17:03:41.009+05:30 TRACE 16196 --- [Spring_Boot_Start] [           main] o.s.b.f.s.DefaultListableBeanFactory     : Returning cached instance of singleton bean 'org.springframework.test.context.support.internalDynamicPropertyRegistrarBeanInitializer'
2025-07-30T17:03:41.009+05:30 TRACE 16196 --- [Spring_Boot_Start] [           main] o.s.b.f.s.DefaultListableBeanFactory     : Returning cached instance of singleton bean 'org.springframework.context.annotation.internalConfigurationAnnotationProcessor'
2025-07-30T17:03:41.009+05:30 TRACE 16196 --- [Spring_Boot_Start] [           main] o.s.b.f.s.DefaultListableBeanFactory     : Returning cached instance of singleton bean 'org.springframework.context.annotation.internalAutowiredAnnotationProcessor'
2025-07-30T17:03:41.009+05:30 TRACE 16196 --- [Spring_Boot_Start] [           main] o.s.b.f.s.DefaultListableBeanFactory     : Returning cached instance of singleton bean 'org.springframework.context.annotation.internalCommonAnnotationProcessor'
2025-07-30T17:03:41.009+05:30 TRACE 16196 --- [Spring_Boot_Start] [           main] o.s.b.f.s.DefaultListableBeanFactory     : Returning cached instance of singleton bean 'org.springframework.context.event.internalEventListenerProcessor'
2025-07-30T17:03:41.009+05:30 TRACE 16196 --- [Spring_Boot_Start] [           main] o.s.b.f.s.DefaultListableBeanFactory     : Returning cached instance of singleton bean 'org.springframework.context.event.internalEventListenerFactory'
2025-07-30T17:03:41.009+05:30 TRACE 16196 --- [Spring_Boot_Start] [           main] o.s.b.f.s.DefaultListableBeanFactory     : Returning cached instance of singleton bean 'springBootStartApplication'
2025-07-30T17:03:41.009+05:30 TRACE 16196 --- [Spring_Boot_Start] [           main] o.s.b.f.s.DefaultListableBeanFactory     : Returning cached instance of singleton bean 'org.springframework.boot.autoconfigure.internalCachingMetadataReaderFactory'
2025-07-30T17:03:41.009+05:30 TRACE 16196 --- [Spring_Boot_Start] [           main] o.s.b.f.s.DefaultListableBeanFactory     : Returning cached instance of singleton bean 'org.springframework.boot.autoconfigure.internalCachingMetadataReaderFactory'
2025-07-30T17:03:41.010+05:30 TRACE 16196 --- [Spring_Boot_Start] [           main] o.s.b.f.s.DefaultListableBeanFactory     : Returning cached instance of singleton bean 'courseController'
2025-07-30T17:03:41.010+05:30 TRACE 16196 --- [Spring_Boot_Start] [           main] o.s.b.f.s.DefaultListableBeanFactory     : Returning cached instance of singleton bean 'currencyConfigController'
2025-07-30T17:03:41.010+05:30 TRACE 16196 --- [Spring_Boot_Start] [           main] o.s.b.f.s.DefaultListableBeanFactory     : Returning cached instance of singleton bean 'currencyServiceConfig'
2025-07-30T17:03:41.010+05:30 TRACE 16196 --- [Spring_Boot_Start] [           main] o.s.b.f.s.DefaultListableBeanFactory     : Returning cached instance of singleton bean 'org.springframework.boot.autoconfigure.AutoConfigurationPackages'
2025-07-30T17:03:41.010+05:30 TRACE 16196 --- [Spring_Boot_Start] [           main] o.s.b.f.s.DefaultListableBeanFactory     : Returning cached instance of singleton bean 'org.springframework.boot.autoconfigure.context.PropertyPlaceholderAutoConfiguration'
2025-07-30T17:03:41.010+05:30 TRACE 16196 --- [Spring_Boot_Start] [           main] o.s.b.f.s.DefaultListableBeanFactory     : Returning cached instance of singleton bean 'propertySourcesPlaceholderConfigurer'
2025-07-30T17:03:41.010+05:30 TRACE 16196 --- [Spring_Boot_Start] [           main] o.s.b.f.s.DefaultListableBeanFactory     : Returning cached instance of singleton bean 'org.springframework.boot.autoconfigure.ssl.SslAutoConfiguration'
2025-07-30T17:03:41.010+05:30 TRACE 16196 --- [Spring_Boot_Start] [           main] o.s.b.f.s.DefaultListableBeanFactory     : Returning cached instance of singleton bean 'fileWatcher'
2025-07-30T17:03:41.010+05:30 TRACE 16196 --- [Spring_Boot_Start] [           main] o.s.b.f.s.DefaultListableBeanFactory     : Returning cached instance of singleton bean 'sslPropertiesSslBundleRegistrar'
2025-07-30T17:03:41.010+05:30 TRACE 16196 --- [Spring_Boot_Start] [           main] o.s.b.f.s.DefaultListableBeanFactory     : Returning cached instance of singleton bean 'sslBundleRegistry'
2025-07-30T17:03:41.010+05:30 TRACE 16196 --- [Spring_Boot_Start] [           main] o.s.b.f.s.DefaultListableBeanFactory     : Returning cached instance of singleton bean 'org.springframework.boot.context.properties.ConfigurationPropertiesBindingPostProcessor'
2025-07-30T17:03:41.010+05:30 TRACE 16196 --- [Spring_Boot_Start] [           main] o.s.b.f.s.DefaultListableBeanFactory     : Returning cached instance of singleton bean 'org.springframework.boot.context.internalConfigurationPropertiesBinder'
2025-07-30T17:03:41.010+05:30 TRACE 16196 --- [Spring_Boot_Start] [           main] o.s.b.f.s.DefaultListableBeanFactory     : Returning cached instance of singleton bean 'org.springframework.boot.context.internalConfigurationPropertiesBinder'
2025-07-30T17:03:41.010+05:30 TRACE 16196 --- [Spring_Boot_Start] [           main] o.s.b.f.s.DefaultListableBeanFactory     : Returning cached instance of singleton bean 'org.springframework.boot.context.properties.BoundConfigurationProperties'
2025-07-30T17:03:41.010+05:30 TRACE 16196 --- [Spring_Boot_Start] [           main] o.s.b.f.s.DefaultListableBeanFactory     : Returning cached instance of singleton bean 'org.springframework.boot.context.properties.EnableConfigurationPropertiesRegistrar.methodValidationExcludeFilter'
2025-07-30T17:03:41.010+05:30 TRACE 16196 --- [Spring_Boot_Start] [           main] o.s.b.f.s.DefaultListableBeanFactory     : Returning cached instance of singleton bean 'spring.ssl-org.springframework.boot.autoconfigure.ssl.SslProperties'
2025-07-30T17:03:41.010+05:30 TRACE 16196 --- [Spring_Boot_Start] [           main] o.s.b.f.s.DefaultListableBeanFactory     : Returning cached instance of singleton bean 'org.springframework.boot.autoconfigure.websocket.servlet.WebSocketServletAutoConfiguration$TomcatWebSocketConfiguration'
2025-07-30T17:03:41.010+05:30 TRACE 16196 --- [Spring_Boot_Start] [           main] o.s.b.f.s.DefaultListableBeanFactory     : Returning cached instance of singleton bean 'websocketServletWebServerCustomizer'
2025-07-30T17:03:41.010+05:30 TRACE 16196 --- [Spring_Boot_Start] [           main] o.s.b.f.s.DefaultListableBeanFactory     : Returning cached instance of singleton bean 'org.springframework.boot.autoconfigure.websocket.servlet.WebSocketServletAutoConfiguration'
2025-07-30T17:03:41.010+05:30 TRACE 16196 --- [Spring_Boot_Start] [           main] o.s.b.f.s.DefaultListableBeanFactory     : Returning cached instance of singleton bean 'org.springframework.boot.autoconfigure.web.servlet.ServletWebServerFactoryConfiguration$EmbeddedTomcat'
2025-07-30T17:03:41.010+05:30 TRACE 16196 --- [Spring_Boot_Start] [           main] o.s.b.f.s.DefaultListableBeanFactory     : Returning cached instance of singleton bean 'tomcatServletWebServerFactory'
2025-07-30T17:03:41.010+05:30 TRACE 16196 --- [Spring_Boot_Start] [           main] o.s.b.f.s.DefaultListableBeanFactory     : Returning cached instance of singleton bean 'org.springframework.boot.autoconfigure.web.servlet.ServletWebServerFactoryAutoConfiguration'
2025-07-30T17:03:41.010+05:30 TRACE 16196 --- [Spring_Boot_Start] [           main] o.s.b.f.s.DefaultListableBeanFactory     : Returning cached instance of singleton bean 'servletWebServerFactoryCustomizer'
2025-07-30T17:03:41.010+05:30 TRACE 16196 --- [Spring_Boot_Start] [           main] o.s.b.f.s.DefaultListableBeanFactory     : Returning cached instance of singleton bean 'tomcatServletWebServerFactoryCustomizer'
2025-07-30T17:03:41.010+05:30 TRACE 16196 --- [Spring_Boot_Start] [           main] o.s.b.f.s.DefaultListableBeanFactory     : Returning cached instance of singleton bean 'server-org.springframework.boot.autoconfigure.web.ServerProperties'
2025-07-30T17:03:41.010+05:30 TRACE 16196 --- [Spring_Boot_Start] [           main] o.s.b.f.s.DefaultListableBeanFactory     : Returning cached instance of singleton bean 'webServerFactoryCustomizerBeanPostProcessor'
2025-07-30T17:03:41.010+05:30 TRACE 16196 --- [Spring_Boot_Start] [           main] o.s.b.f.s.DefaultListableBeanFactory     : Returning cached instance of singleton bean 'errorPageRegistrarBeanPostProcessor'
2025-07-30T17:03:41.010+05:30 TRACE 16196 --- [Spring_Boot_Start] [           main] o.s.b.f.s.DefaultListableBeanFactory     : Returning cached instance of singleton bean 'org.springframework.boot.autoconfigure.web.servlet.DispatcherServletAutoConfiguration$DispatcherServletConfiguration'
2025-07-30T17:03:41.010+05:30 TRACE 16196 --- [Spring_Boot_Start] [           main] o.s.b.f.s.DefaultListableBeanFactory     : Returning cached instance of singleton bean 'dispatcherServlet'
2025-07-30T17:03:41.010+05:30 TRACE 16196 --- [Spring_Boot_Start] [           main] o.s.b.f.s.DefaultListableBeanFactory     : Returning cached instance of singleton bean 'spring.mvc-org.springframework.boot.autoconfigure.web.servlet.WebMvcProperties'
2025-07-30T17:03:41.010+05:30 TRACE 16196 --- [Spring_Boot_Start] [           main] o.s.b.f.s.DefaultListableBeanFactory     : Returning cached instance of singleton bean 'org.springframework.boot.autoconfigure.web.servlet.DispatcherServletAutoConfiguration$DispatcherServletRegistrationConfiguration'
2025-07-30T17:03:41.010+05:30 TRACE 16196 --- [Spring_Boot_Start] [           main] o.s.b.f.s.DefaultListableBeanFactory     : Returning cached instance of singleton bean 'dispatcherServletRegistration'
2025-07-30T17:03:41.010+05:30 TRACE 16196 --- [Spring_Boot_Start] [           main] o.s.b.f.s.DefaultListableBeanFactory     : Returning cached instance of singleton bean 'org.springframework.boot.autoconfigure.web.servlet.DispatcherServletAutoConfiguration'
2025-07-30T17:03:41.010+05:30 TRACE 16196 --- [Spring_Boot_Start] [           main] o.s.b.f.s.DefaultListableBeanFactory     : Returning cached instance of singleton bean 'org.springframework.boot.autoconfigure.task.TaskExecutorConfigurations$ThreadPoolTaskExecutorBuilderConfiguration'
2025-07-30T17:03:41.010+05:30 TRACE 16196 --- [Spring_Boot_Start] [           main] o.s.b.f.s.DefaultListableBeanFactory     : Returning cached instance of singleton bean 'threadPoolTaskExecutorBuilder'
2025-07-30T17:03:41.010+05:30 TRACE 16196 --- [Spring_Boot_Start] [           main] o.s.b.f.s.DefaultListableBeanFactory     : Returning cached instance of singleton bean 'org.springframework.boot.autoconfigure.task.TaskExecutorConfigurations$SimpleAsyncTaskExecutorBuilderConfiguration'
2025-07-30T17:03:41.010+05:30 TRACE 16196 --- [Spring_Boot_Start] [           main] o.s.b.f.s.DefaultListableBeanFactory     : Returning cached instance of singleton bean 'simpleAsyncTaskExecutorBuilder'
2025-07-30T17:03:41.010+05:30 TRACE 16196 --- [Spring_Boot_Start] [           main] o.s.b.f.s.DefaultListableBeanFactory     : Returning cached instance of singleton bean 'org.springframework.boot.autoconfigure.task.TaskExecutorConfigurations$AsyncConfigurerConfiguration'
2025-07-30T17:03:41.010+05:30 TRACE 16196 --- [Spring_Boot_Start] [           main] o.s.b.f.s.DefaultListableBeanFactory     : Returning cached instance of singleton bean 'applicationTaskExecutorAsyncConfigurer'
2025-07-30T17:03:41.010+05:30 TRACE 16196 --- [Spring_Boot_Start] [           main] o.s.b.f.s.DefaultListableBeanFactory     : Returning cached instance of singleton bean 'org.springframework.boot.autoconfigure.task.TaskExecutorConfigurations$TaskExecutorConfiguration'
2025-07-30T17:03:41.010+05:30 TRACE 16196 --- [Spring_Boot_Start] [           main] o.s.b.f.s.DefaultListableBeanFactory     : Returning cached instance of singleton bean 'applicationTaskExecutor'
2025-07-30T17:03:41.010+05:30 TRACE 16196 --- [Spring_Boot_Start] [           main] o.s.b.f.s.DefaultListableBeanFactory     : Returning cached instance of singleton bean 'org.springframework.boot.autoconfigure.task.TaskExecutorConfigurations$BootstrapExecutorConfiguration'
2025-07-30T17:03:41.010+05:30 TRACE 16196 --- [Spring_Boot_Start] [           main] o.s.b.f.s.DefaultListableBeanFactory     : Returning cached instance of singleton bean 'bootstrapExecutorAliasPostProcessor'
2025-07-30T17:03:41.010+05:30 TRACE 16196 --- [Spring_Boot_Start] [           main] o.s.b.f.s.DefaultListableBeanFactory     : Returning cached instance of singleton bean 'org.springframework.boot.autoconfigure.task.TaskExecutionAutoConfiguration'
2025-07-30T17:03:41.010+05:30 TRACE 16196 --- [Spring_Boot_Start] [           main] o.s.b.f.s.DefaultListableBeanFactory     : Returning cached instance of singleton bean 'spring.task.execution-org.springframework.boot.autoconfigure.task.TaskExecutionProperties'
2025-07-30T17:03:41.010+05:30 TRACE 16196 --- [Spring_Boot_Start] [           main] o.s.b.f.s.DefaultListableBeanFactory     : Returning cached instance of singleton bean 'org.springframework.boot.autoconfigure.web.servlet.error.ErrorMvcAutoConfiguration$WhitelabelErrorViewConfiguration'
2025-07-30T17:03:41.010+05:30 TRACE 16196 --- [Spring_Boot_Start] [           main] o.s.b.f.s.DefaultListableBeanFactory     : Returning cached instance of singleton bean 'error'
2025-07-30T17:03:41.010+05:30 TRACE 16196 --- [Spring_Boot_Start] [           main] o.s.b.f.s.DefaultListableBeanFactory     : Returning cached instance of singleton bean 'beanNameViewResolver'
2025-07-30T17:03:41.010+05:30 TRACE 16196 --- [Spring_Boot_Start] [           main] o.s.b.f.s.DefaultListableBeanFactory     : Returning cached instance of singleton bean 'org.springframework.boot.autoconfigure.web.servlet.error.ErrorMvcAutoConfiguration$DefaultErrorViewResolverConfiguration'
2025-07-30T17:03:41.010+05:30 TRACE 16196 --- [Spring_Boot_Start] [           main] o.s.b.f.s.DefaultListableBeanFactory     : Returning cached instance of singleton bean 'conventionErrorViewResolver'
2025-07-30T17:03:41.010+05:30 TRACE 16196 --- [Spring_Boot_Start] [           main] o.s.b.f.s.DefaultListableBeanFactory     : Returning cached instance of singleton bean 'spring.web-org.springframework.boot.autoconfigure.web.WebProperties'
2025-07-30T17:03:41.011+05:30 TRACE 16196 --- [Spring_Boot_Start] [           main] o.s.b.f.s.DefaultListableBeanFactory     : Returning cached instance of singleton bean 'org.springframework.boot.autoconfigure.web.servlet.error.ErrorMvcAutoConfiguration'
2025-07-30T17:03:41.011+05:30 TRACE 16196 --- [Spring_Boot_Start] [           main] o.s.b.f.s.DefaultListableBeanFactory     : Returning cached instance of singleton bean 'errorAttributes'
2025-07-30T17:03:41.011+05:30 TRACE 16196 --- [Spring_Boot_Start] [           main] o.s.b.f.s.DefaultListableBeanFactory     : Returning cached instance of singleton bean 'basicErrorController'
2025-07-30T17:03:41.011+05:30 TRACE 16196 --- [Spring_Boot_Start] [           main] o.s.b.f.s.DefaultListableBeanFactory     : Returning cached instance of singleton bean 'errorPageCustomizer'
2025-07-30T17:03:41.011+05:30 TRACE 16196 --- [Spring_Boot_Start] [           main] o.s.b.f.s.DefaultListableBeanFactory     : Returning cached instance of singleton bean 'preserveErrorControllerTargetClassPostProcessor'
2025-07-30T17:03:41.011+05:30 TRACE 16196 --- [Spring_Boot_Start] [           main] o.s.b.f.s.DefaultListableBeanFactory     : Returning cached instance of singleton bean 'org.springframework.boot.autoconfigure.web.servlet.WebMvcAutoConfiguration$EnableWebMvcConfiguration'
2025-07-30T17:03:41.011+05:30 TRACE 16196 --- [Spring_Boot_Start] [           main] o.s.b.f.s.DefaultListableBeanFactory     : Returning cached instance of singleton bean 'welcomePageHandlerMapping'
2025-07-30T17:03:41.011+05:30 TRACE 16196 --- [Spring_Boot_Start] [           main] o.s.b.f.s.DefaultListableBeanFactory     : Returning cached instance of singleton bean 'welcomePageNotAcceptableHandlerMapping'
2025-07-30T17:03:41.011+05:30 TRACE 16196 --- [Spring_Boot_Start] [           main] o.s.b.f.s.DefaultListableBeanFactory     : Returning cached instance of singleton bean 'localeResolver'
2025-07-30T17:03:41.011+05:30 TRACE 16196 --- [Spring_Boot_Start] [           main] o.s.b.f.s.DefaultListableBeanFactory     : Returning cached instance of singleton bean 'themeResolver'
2025-07-30T17:03:41.011+05:30 TRACE 16196 --- [Spring_Boot_Start] [           main] o.s.b.f.s.DefaultListableBeanFactory     : Returning cached instance of singleton bean 'flashMapManager'
2025-07-30T17:03:41.011+05:30 TRACE 16196 --- [Spring_Boot_Start] [           main] o.s.b.f.s.DefaultListableBeanFactory     : Returning cached instance of singleton bean 'viewNameTranslator'
2025-07-30T17:03:41.011+05:30 TRACE 16196 --- [Spring_Boot_Start] [           main] o.s.b.f.s.DefaultListableBeanFactory     : Returning cached instance of singleton bean 'mvcConversionService'
2025-07-30T17:03:41.011+05:30 TRACE 16196 --- [Spring_Boot_Start] [           main] o.s.b.f.s.DefaultListableBeanFactory     : Returning cached instance of singleton bean 'mvcValidator'
2025-07-30T17:03:41.011+05:30 TRACE 16196 --- [Spring_Boot_Start] [           main] o.s.b.f.s.DefaultListableBeanFactory     : Returning cached instance of singleton bean 'mvcContentNegotiationManager'
2025-07-30T17:03:41.011+05:30 TRACE 16196 --- [Spring_Boot_Start] [           main] o.s.b.f.s.DefaultListableBeanFactory     : Returning cached instance of singleton bean 'requestMappingHandlerMapping'
2025-07-30T17:03:41.011+05:30 TRACE 16196 --- [Spring_Boot_Start] [           main] o.s.b.f.s.DefaultListableBeanFactory     : Returning cached instance of singleton bean 'mvcPatternParser'
2025-07-30T17:03:41.011+05:30 TRACE 16196 --- [Spring_Boot_Start] [           main] o.s.b.f.s.DefaultListableBeanFactory     : Returning cached instance of singleton bean 'mvcUrlPathHelper'
2025-07-30T17:03:41.011+05:30 TRACE 16196 --- [Spring_Boot_Start] [           main] o.s.b.f.s.DefaultListableBeanFactory     : Returning cached instance of singleton bean 'mvcPathMatcher'
2025-07-30T17:03:41.011+05:30 TRACE 16196 --- [Spring_Boot_Start] [           main] o.s.b.f.s.DefaultListableBeanFactory     : Returning cached instance of singleton bean 'viewControllerHandlerMapping'
2025-07-30T17:03:41.011+05:30 TRACE 16196 --- [Spring_Boot_Start] [           main] o.s.b.f.s.DefaultListableBeanFactory     : Returning cached instance of singleton bean 'beanNameHandlerMapping'
2025-07-30T17:03:41.011+05:30 TRACE 16196 --- [Spring_Boot_Start] [           main] o.s.b.f.s.DefaultListableBeanFactory     : Returning cached instance of singleton bean 'routerFunctionMapping'
2025-07-30T17:03:41.011+05:30 TRACE 16196 --- [Spring_Boot_Start] [           main] o.s.b.f.s.DefaultListableBeanFactory     : Returning cached instance of singleton bean 'resourceHandlerMapping'
2025-07-30T17:03:41.011+05:30 TRACE 16196 --- [Spring_Boot_Start] [           main] o.s.b.f.s.DefaultListableBeanFactory     : Returning cached instance of singleton bean 'mvcResourceUrlProvider'
2025-07-30T17:03:41.011+05:30 TRACE 16196 --- [Spring_Boot_Start] [           main] o.s.b.f.s.DefaultListableBeanFactory     : Returning cached instance of singleton bean 'defaultServletHandlerMapping'
2025-07-30T17:03:41.011+05:30 TRACE 16196 --- [Spring_Boot_Start] [           main] o.s.b.f.s.DefaultListableBeanFactory     : Returning cached instance of singleton bean 'requestMappingHandlerAdapter'
2025-07-30T17:03:41.011+05:30 TRACE 16196 --- [Spring_Boot_Start] [           main] o.s.b.f.s.DefaultListableBeanFactory     : Returning cached instance of singleton bean 'handlerFunctionAdapter'
2025-07-30T17:03:41.011+05:30 TRACE 16196 --- [Spring_Boot_Start] [           main] o.s.b.f.s.DefaultListableBeanFactory     : Returning cached instance of singleton bean 'mvcUriComponentsContributor'
2025-07-30T17:03:41.011+05:30 TRACE 16196 --- [Spring_Boot_Start] [           main] o.s.b.f.s.DefaultListableBeanFactory     : Returning cached instance of singleton bean 'httpRequestHandlerAdapter'
2025-07-30T17:03:41.012+05:30 TRACE 16196 --- [Spring_Boot_Start] [           main] o.s.b.f.s.DefaultListableBeanFactory     : Returning cached instance of singleton bean 'simpleControllerHandlerAdapter'
2025-07-30T17:03:41.012+05:30 TRACE 16196 --- [Spring_Boot_Start] [           main] o.s.b.f.s.DefaultListableBeanFactory     : Returning cached instance of singleton bean 'handlerExceptionResolver'
2025-07-30T17:03:41.012+05:30 TRACE 16196 --- [Spring_Boot_Start] [           main] o.s.b.f.s.DefaultListableBeanFactory     : Returning cached instance of singleton bean 'mvcViewResolver'
2025-07-30T17:03:41.012+05:30 TRACE 16196 --- [Spring_Boot_Start] [           main] o.s.b.f.s.DefaultListableBeanFactory     : Returning cached instance of singleton bean 'org.springframework.boot.autoconfigure.web.servlet.WebMvcAutoConfiguration$WebMvcAutoConfigurationAdapter'
2025-07-30T17:03:41.012+05:30 TRACE 16196 --- [Spring_Boot_Start] [           main] o.s.b.f.s.DefaultListableBeanFactory     : Returning cached instance of singleton bean 'defaultViewResolver'
2025-07-30T17:03:41.012+05:30 TRACE 16196 --- [Spring_Boot_Start] [           main] o.s.b.f.s.DefaultListableBeanFactory     : Returning cached instance of singleton bean 'viewResolver'
2025-07-30T17:03:41.012+05:30 TRACE 16196 --- [Spring_Boot_Start] [           main] o.s.b.f.s.DefaultListableBeanFactory     : Returning cached instance of singleton bean 'requestContextFilter'
2025-07-30T17:03:41.012+05:30 TRACE 16196 --- [Spring_Boot_Start] [           main] o.s.b.f.s.DefaultListableBeanFactory     : Returning cached instance of singleton bean 'org.springframework.boot.autoconfigure.web.servlet.WebMvcAutoConfiguration'
2025-07-30T17:03:41.012+05:30 TRACE 16196 --- [Spring_Boot_Start] [           main] o.s.b.f.s.DefaultListableBeanFactory     : Returning cached instance of singleton bean 'formContentFilter'
2025-07-30T17:03:41.012+05:30 TRACE 16196 --- [Spring_Boot_Start] [           main] o.s.b.f.s.DefaultListableBeanFactory     : Returning cached instance of singleton bean 'org.springframework.boot.autoconfigure.aop.AopAutoConfiguration$ClassProxyingConfiguration'
2025-07-30T17:03:41.012+05:30 TRACE 16196 --- [Spring_Boot_Start] [           main] o.s.b.f.s.DefaultListableBeanFactory     : Returning cached instance of singleton bean 'forceAutoProxyCreatorToUseClassProxying'
2025-07-30T17:03:41.012+05:30 TRACE 16196 --- [Spring_Boot_Start] [           main] o.s.b.f.s.DefaultListableBeanFactory     : Returning cached instance of singleton bean 'org.springframework.boot.autoconfigure.aop.AopAutoConfiguration'
2025-07-30T17:03:41.012+05:30 TRACE 16196 --- [Spring_Boot_Start] [           main] o.s.b.f.s.DefaultListableBeanFactory     : Returning cached instance of singleton bean 'org.springframework.boot.autoconfigure.availability.ApplicationAvailabilityAutoConfiguration'
2025-07-30T17:03:41.012+05:30 TRACE 16196 --- [Spring_Boot_Start] [           main] o.s.b.f.s.DefaultListableBeanFactory     : Returning cached instance of singleton bean 'applicationAvailability'
2025-07-30T17:03:41.012+05:30 TRACE 16196 --- [Spring_Boot_Start] [           main] o.s.b.f.s.DefaultListableBeanFactory     : Returning cached instance of singleton bean 'org.springframework.boot.autoconfigure.jackson.JacksonAutoConfiguration$Jackson2ObjectMapperBuilderCustomizerConfiguration'
2025-07-30T17:03:41.012+05:30 TRACE 16196 --- [Spring_Boot_Start] [           main] o.s.b.f.s.DefaultListableBeanFactory     : Returning cached instance of singleton bean 'standardJacksonObjectMapperBuilderCustomizer'
2025-07-30T17:03:41.012+05:30 TRACE 16196 --- [Spring_Boot_Start] [           main] o.s.b.f.s.DefaultListableBeanFactory     : Returning cached instance of singleton bean 'spring.jackson-org.springframework.boot.autoconfigure.jackson.JacksonProperties'
2025-07-30T17:03:41.012+05:30 TRACE 16196 --- [Spring_Boot_Start] [           main] o.s.b.f.s.DefaultListableBeanFactory     : Returning cached instance of singleton bean 'org.springframework.boot.autoconfigure.jackson.JacksonAutoConfiguration$JacksonObjectMapperBuilderConfiguration'
2025-07-30T17:03:41.012+05:30 TRACE 16196 --- [Spring_Boot_Start] [           main] o.s.b.f.s.DefaultListableBeanFactory     : Returning cached instance of singleton bean 'org.springframework.boot.autoconfigure.jackson.JacksonAutoConfiguration$ParameterNamesModuleConfiguration'
2025-07-30T17:03:41.013+05:30 TRACE 16196 --- [Spring_Boot_Start] [           main] o.s.b.f.s.DefaultListableBeanFactory     : Returning cached instance of singleton bean 'parameterNamesModule'
2025-07-30T17:03:41.013+05:30 TRACE 16196 --- [Spring_Boot_Start] [           main] o.s.b.f.s.DefaultListableBeanFactory     : Returning cached instance of singleton bean 'org.springframework.boot.autoconfigure.jackson.JacksonAutoConfiguration$JacksonObjectMapperConfiguration'
2025-07-30T17:03:41.013+05:30 TRACE 16196 --- [Spring_Boot_Start] [           main] o.s.b.f.s.DefaultListableBeanFactory     : Returning cached instance of singleton bean 'jacksonObjectMapper'
2025-07-30T17:03:41.013+05:30 TRACE 16196 --- [Spring_Boot_Start] [           main] o.s.b.f.s.DefaultListableBeanFactory     : Returning cached instance of singleton bean 'org.springframework.boot.autoconfigure.jackson.JacksonAutoConfiguration$JacksonMixinConfiguration'
2025-07-30T17:03:41.013+05:30 TRACE 16196 --- [Spring_Boot_Start] [           main] o.s.b.f.s.DefaultListableBeanFactory     : Returning cached instance of singleton bean 'jsonMixinModuleEntries'
2025-07-30T17:03:41.013+05:30 TRACE 16196 --- [Spring_Boot_Start] [           main] o.s.b.f.s.DefaultListableBeanFactory     : Returning cached instance of singleton bean 'jsonMixinModule'
2025-07-30T17:03:41.013+05:30 TRACE 16196 --- [Spring_Boot_Start] [           main] o.s.b.f.s.DefaultListableBeanFactory     : Returning cached instance of singleton bean 'org.springframework.boot.autoconfigure.jackson.JacksonAutoConfiguration'
2025-07-30T17:03:41.013+05:30 TRACE 16196 --- [Spring_Boot_Start] [           main] o.s.b.f.s.DefaultListableBeanFactory     : Returning cached instance of singleton bean 'jsonComponentModule'
2025-07-30T17:03:41.013+05:30 TRACE 16196 --- [Spring_Boot_Start] [           main] o.s.b.f.s.DefaultListableBeanFactory     : Returning cached instance of singleton bean 'org.springframework.boot.autoconfigure.context.ConfigurationPropertiesAutoConfiguration'
2025-07-30T17:03:41.013+05:30 TRACE 16196 --- [Spring_Boot_Start] [           main] o.s.b.f.s.DefaultListableBeanFactory     : Returning cached instance of singleton bean 'org.springframework.boot.autoconfigure.context.LifecycleAutoConfiguration'
2025-07-30T17:03:41.013+05:30 TRACE 16196 --- [Spring_Boot_Start] [           main] o.s.b.f.s.DefaultListableBeanFactory     : Returning cached instance of singleton bean 'lifecycleProcessor'
2025-07-30T17:03:41.013+05:30 TRACE 16196 --- [Spring_Boot_Start] [           main] o.s.b.f.s.DefaultListableBeanFactory     : Returning cached instance of singleton bean 'spring.lifecycle-org.springframework.boot.autoconfigure.context.LifecycleProperties'
2025-07-30T17:03:41.013+05:30 TRACE 16196 --- [Spring_Boot_Start] [           main] o.s.b.f.s.DefaultListableBeanFactory     : Returning cached instance of singleton bean 'org.springframework.boot.autoconfigure.http.HttpMessageConvertersAutoConfiguration$StringHttpMessageConverterConfiguration'
2025-07-30T17:03:41.013+05:30 TRACE 16196 --- [Spring_Boot_Start] [           main] o.s.b.f.s.DefaultListableBeanFactory     : Returning cached instance of singleton bean 'stringHttpMessageConverter'
2025-07-30T17:03:41.013+05:30 TRACE 16196 --- [Spring_Boot_Start] [           main] o.s.b.f.s.DefaultListableBeanFactory     : Returning cached instance of singleton bean 'org.springframework.boot.autoconfigure.http.JacksonHttpMessageConvertersConfiguration$MappingJackson2HttpMessageConverterConfiguration'
2025-07-30T17:03:41.013+05:30 TRACE 16196 --- [Spring_Boot_Start] [           main] o.s.b.f.s.DefaultListableBeanFactory     : Returning cached instance of singleton bean 'mappingJackson2HttpMessageConverter'
2025-07-30T17:03:41.013+05:30 TRACE 16196 --- [Spring_Boot_Start] [           main] o.s.b.f.s.DefaultListableBeanFactory     : Returning cached instance of singleton bean 'org.springframework.boot.autoconfigure.http.JacksonHttpMessageConvertersConfiguration'
2025-07-30T17:03:41.013+05:30 TRACE 16196 --- [Spring_Boot_Start] [           main] o.s.b.f.s.DefaultListableBeanFactory     : Returning cached instance of singleton bean 'org.springframework.boot.autoconfigure.http.HttpMessageConvertersAutoConfiguration'
2025-07-30T17:03:41.013+05:30 TRACE 16196 --- [Spring_Boot_Start] [           main] o.s.b.f.s.DefaultListableBeanFactory     : Returning cached instance of singleton bean 'messageConverters'
2025-07-30T17:03:41.013+05:30 TRACE 16196 --- [Spring_Boot_Start] [           main] o.s.b.f.s.DefaultListableBeanFactory     : Returning cached instance of singleton bean 'org.springframework.boot.autoconfigure.http.client.HttpClientAutoConfiguration'
2025-07-30T17:03:41.013+05:30 TRACE 16196 --- [Spring_Boot_Start] [           main] o.s.b.f.s.DefaultListableBeanFactory     : Returning cached instance of singleton bean 'clientHttpRequestFactoryBuilder'
2025-07-30T17:03:41.014+05:30 TRACE 16196 --- [Spring_Boot_Start] [           main] o.s.b.f.s.DefaultListableBeanFactory     : Returning cached instance of singleton bean 'clientHttpRequestFactorySettings'
2025-07-30T17:03:41.014+05:30 TRACE 16196 --- [Spring_Boot_Start] [           main] o.s.b.f.s.DefaultListableBeanFactory     : Returning cached instance of singleton bean 'spring.http.client-org.springframework.boot.autoconfigure.http.client.HttpClientProperties'
2025-07-30T17:03:41.014+05:30 TRACE 16196 --- [Spring_Boot_Start] [           main] o.s.b.f.s.DefaultListableBeanFactory     : Returning cached instance of singleton bean 'org.springframework.boot.autoconfigure.info.ProjectInfoAutoConfiguration'
2025-07-30T17:03:41.014+05:30 TRACE 16196 --- [Spring_Boot_Start] [           main] o.s.b.f.s.DefaultListableBeanFactory     : Returning cached instance of singleton bean 'spring.info-org.springframework.boot.autoconfigure.info.ProjectInfoProperties'
2025-07-30T17:03:41.014+05:30 TRACE 16196 --- [Spring_Boot_Start] [           main] o.s.b.f.s.DefaultListableBeanFactory     : Returning cached instance of singleton bean 'org.springframework.boot.autoconfigure.sql.init.SqlInitializationAutoConfiguration'
2025-07-30T17:03:41.014+05:30 TRACE 16196 --- [Spring_Boot_Start] [           main] o.s.b.f.s.DefaultListableBeanFactory     : Returning cached instance of singleton bean 'spring.sql.init-org.springframework.boot.autoconfigure.sql.init.SqlInitializationProperties'
2025-07-30T17:03:41.014+05:30 TRACE 16196 --- [Spring_Boot_Start] [           main] o.s.b.f.s.DefaultListableBeanFactory     : Returning cached instance of singleton bean 'org.springframework.boot.sql.init.dependency.DatabaseInitializationDependencyConfigurer$DependsOnDatabaseInitializationPostProcessor'
2025-07-30T17:03:41.014+05:30 TRACE 16196 --- [Spring_Boot_Start] [           main] o.s.b.f.s.DefaultListableBeanFactory     : Returning cached instance of singleton bean 'org.springframework.boot.autoconfigure.task.TaskSchedulingConfigurations$ThreadPoolTaskSchedulerBuilderConfiguration'
2025-07-30T17:03:41.014+05:30 TRACE 16196 --- [Spring_Boot_Start] [           main] o.s.b.f.s.DefaultListableBeanFactory     : Returning cached instance of singleton bean 'threadPoolTaskSchedulerBuilder'
2025-07-30T17:03:41.014+05:30 TRACE 16196 --- [Spring_Boot_Start] [           main] o.s.b.f.s.DefaultListableBeanFactory     : Returning cached instance of singleton bean 'org.springframework.boot.autoconfigure.task.TaskSchedulingConfigurations$SimpleAsyncTaskSchedulerBuilderConfiguration'
2025-07-30T17:03:41.014+05:30 TRACE 16196 --- [Spring_Boot_Start] [           main] o.s.b.f.s.DefaultListableBeanFactory     : Returning cached instance of singleton bean 'simpleAsyncTaskSchedulerBuilder'
2025-07-30T17:03:41.014+05:30 TRACE 16196 --- [Spring_Boot_Start] [           main] o.s.b.f.s.DefaultListableBeanFactory     : Returning cached instance of singleton bean 'org.springframework.boot.autoconfigure.task.TaskSchedulingAutoConfiguration'
2025-07-30T17:03:41.014+05:30 TRACE 16196 --- [Spring_Boot_Start] [           main] o.s.b.f.s.DefaultListableBeanFactory     : Returning cached instance of singleton bean 'spring.task.scheduling-org.springframework.boot.autoconfigure.task.TaskSchedulingProperties'
2025-07-30T17:03:41.014+05:30 TRACE 16196 --- [Spring_Boot_Start] [           main] o.s.b.f.s.DefaultListableBeanFactory     : Returning cached instance of singleton bean 'org.springframework.boot.autoconfigure.web.client.RestClientAutoConfiguration'
2025-07-30T17:03:41.014+05:30 TRACE 16196 --- [Spring_Boot_Start] [           main] o.s.b.f.s.DefaultListableBeanFactory     : Returning cached instance of singleton bean 'httpMessageConvertersRestClientCustomizer'
2025-07-30T17:03:41.014+05:30 TRACE 16196 --- [Spring_Boot_Start] [           main] o.s.b.f.s.DefaultListableBeanFactory     : Returning cached instance of singleton bean 'restClientSsl'
2025-07-30T17:03:41.014+05:30 TRACE 16196 --- [Spring_Boot_Start] [           main] o.s.b.f.s.DefaultListableBeanFactory     : Returning cached instance of singleton bean 'restClientBuilderConfigurer'
2025-07-30T17:03:41.014+05:30 TRACE 16196 --- [Spring_Boot_Start] [           main] o.s.b.f.s.DefaultListableBeanFactory     : Returning cached instance of singleton bean 'org.springframework.boot.autoconfigure.web.client.RestTemplateAutoConfiguration'
2025-07-30T17:03:41.014+05:30 TRACE 16196 --- [Spring_Boot_Start] [           main] o.s.b.f.s.DefaultListableBeanFactory     : Returning cached instance of singleton bean 'org.springframework.boot.autoconfigure.web.servlet.HttpEncodingAutoConfiguration'
2025-07-30T17:03:41.014+05:30 TRACE 16196 --- [Spring_Boot_Start] [           main] o.s.b.f.s.DefaultListableBeanFactory     : Returning cached instance of singleton bean 'characterEncodingFilter'
2025-07-30T17:03:41.014+05:30 TRACE 16196 --- [Spring_Boot_Start] [           main] o.s.b.f.s.DefaultListableBeanFactory     : Returning cached instance of singleton bean 'localeCharsetMappingsCustomizer'
2025-07-30T17:03:41.014+05:30 TRACE 16196 --- [Spring_Boot_Start] [           main] o.s.b.f.s.DefaultListableBeanFactory     : Returning cached instance of singleton bean 'org.springframework.boot.autoconfigure.web.servlet.MultipartAutoConfiguration'
2025-07-30T17:03:41.014+05:30 TRACE 16196 --- [Spring_Boot_Start] [           main] o.s.b.f.s.DefaultListableBeanFactory     : Returning cached instance of singleton bean 'multipartConfigElement'
2025-07-30T17:03:41.014+05:30 TRACE 16196 --- [Spring_Boot_Start] [           main] o.s.b.f.s.DefaultListableBeanFactory     : Returning cached instance of singleton bean 'multipartResolver'
2025-07-30T17:03:41.014+05:30 TRACE 16196 --- [Spring_Boot_Start] [           main] o.s.b.f.s.DefaultListableBeanFactory     : Returning cached instance of singleton bean 'spring.servlet.multipart-org.springframework.boot.autoconfigure.web.servlet.MultipartProperties'
2025-07-30T17:03:41.014+05:30 TRACE 16196 --- [Spring_Boot_Start] [           main] o.s.b.f.s.DefaultListableBeanFactory     : Returning cached instance of singleton bean 'org.springframework.aop.config.internalAutoProxyCreator'
2025-07-30T17:03:41.015+05:30 TRACE 16196 --- [Spring_Boot_Start] [           main] c.DefaultCacheAwareContextLoaderDelegate : Retrieved ApplicationContext [1970779713] from cache with key [WebMergedContextConfiguration@62b93086 testClass = com.Spring_Boot_Start.Spring_Boot_Start.SpringBootStartApplicationTests, locations = [], classes = [com.Spring_Boot_Start.Spring_Boot_Start.SpringBootStartApplication], contextInitializerClasses = [], activeProfiles = [], propertySourceDescriptors = [], propertySourceProperties = ["org.springframework.boot.test.context.SpringBootTestContextBootstrapper=true"], contextCustomizers = [org.springframework.boot.test.context.filter.ExcludeFilterContextCustomizer@4b741d6d, org.springframework.boot.test.json.DuplicateJsonObjectContextCustomizerFactory$DuplicateJsonObjectContextCustomizer@7674f035, org.springframework.boot.test.mock.mockito.MockitoContextCustomizer@0, org.springframework.boot.test.web.client.TestRestTemplateContextCustomizer@1cf6d1be, org.springframework.boot.test.web.reactor.netty.DisableReactorResourceFactoryGlobalResourcesContextCustomizerFactory$DisableReactorResourceFactoryGlobalResourcesContextCustomizerCustomizer@4c60d6e9, org.springframework.boot.test.autoconfigure.OnFailureConditionReportContextCustomizerFactory$OnFailureConditionReportContextCustomizer@1349883, org.springframework.boot.test.autoconfigure.actuate.observability.ObservabilityContextCustomizerFactory$DisableObservabilityContextCustomizer@1f, org.springframework.boot.test.autoconfigure.properties.PropertyMappingContextCustomizer@0, org.springframework.boot.test.autoconfigure.web.servlet.WebDriverContextCustomizer@268f106e, org.springframework.test.context.support.DynamicPropertiesContextCustomizer@0, org.springframework.boot.test.context.SpringBootTestAnnotation@9f0191c7], resourceBasePath = "src/main/webapp", contextLoader = org.springframework.boot.test.context.SpringBootContextLoader, parent = null]
2025-07-30T17:03:41.015+05:30 DEBUG 16196 --- [Spring_Boot_Start] [           main] org.springframework.test.context.cache   : Spring test ApplicationContext cache statistics: [DefaultContextCache@254449bb size = 1, maxSize = 32, parentContextCount = 0, hitCount = 9, missCount = 1, failureCount = 0]
2025-07-30T17:03:41.015+05:30 TRACE 16196 --- [Spring_Boot_Start] [           main] c.DefaultCacheAwareContextLoaderDelegate : Retrieved ApplicationContext [1970779713] from cache with key [WebMergedContextConfiguration@62b93086 testClass = com.Spring_Boot_Start.Spring_Boot_Start.SpringBootStartApplicationTests, locations = [], classes = [com.Spring_Boot_Start.Spring_Boot_Start.SpringBootStartApplication], contextInitializerClasses = [], activeProfiles = [], propertySourceDescriptors = [], propertySourceProperties = ["org.springframework.boot.test.context.SpringBootTestContextBootstrapper=true"], contextCustomizers = [org.springframework.boot.test.context.filter.ExcludeFilterContextCustomizer@4b741d6d, org.springframework.boot.test.json.DuplicateJsonObjectContextCustomizerFactory$DuplicateJsonObjectContextCustomizer@7674f035, org.springframework.boot.test.mock.mockito.MockitoContextCustomizer@0, org.springframework.boot.test.web.client.TestRestTemplateContextCustomizer@1cf6d1be, org.springframework.boot.test.web.reactor.netty.DisableReactorResourceFactoryGlobalResourcesContextCustomizerFactory$DisableReactorResourceFactoryGlobalResourcesContextCustomizerCustomizer@4c60d6e9, org.springframework.boot.test.autoconfigure.OnFailureConditionReportContextCustomizerFactory$OnFailureConditionReportContextCustomizer@1349883, org.springframework.boot.test.autoconfigure.actuate.observability.ObservabilityContextCustomizerFactory$DisableObservabilityContextCustomizer@1f, org.springframework.boot.test.autoconfigure.properties.PropertyMappingContextCustomizer@0, org.springframework.boot.test.autoconfigure.web.servlet.WebDriverContextCustomizer@268f106e, org.springframework.test.context.support.DynamicPropertiesContextCustomizer@0, org.springframework.boot.test.context.SpringBootTestAnnotation@9f0191c7], resourceBasePath = "src/main/webapp", contextLoader = org.springframework.boot.test.context.SpringBootContextLoader, parent = null]
2025-07-30T17:03:41.015+05:30 DEBUG 16196 --- [Spring_Boot_Start] [           main] org.springframework.test.context.cache   : Spring test ApplicationContext cache statistics: [DefaultContextCache@254449bb size = 1, maxSize = 32, parentContextCount = 0, hitCount = 10, missCount = 1, failureCount = 0]
2025-07-30T17:03:41.017+05:30 TRACE 16196 --- [Spring_Boot_Start] [           main] o.s.b.f.s.DefaultListableBeanFactory     : No bean named 'org.springframework.boot.test.autoconfigure.web.servlet.SpringBootMockMvcBuilderCustomizer$DeferredLinesWriter' found in org.springframework.beans.factory.support.DefaultListableBeanFactory@1286528d: defining beans [org.springframework.boot.test.mock.mockito.MockitoPostProcessor$SpyPostProcessor,org.springframework.boot.test.mock.mockito.MockitoPostProcessor,org.springframework.test.context.support.internalDynamicPropertyRegistrarBeanInitializer,org.springframework.context.annotation.internalConfigurationAnnotationProcessor,org.springframework.context.annotation.internalAutowiredAnnotationProcessor,org.springframework.context.annotation.internalCommonAnnotationProcessor,org.springframework.context.event.internalEventListenerProcessor,org.springframework.context.event.internalEventListenerFactory,springBootStartApplication,org.springframework.boot.autoconfigure.internalCachingMetadataReaderFactory,courseController,currencyConfigController,currencyServiceConfig,org.springframework.boot.autoconfigure.AutoConfigurationPackages,org.springframework.boot.autoconfigure.context.PropertyPlaceholderAutoConfiguration,propertySourcesPlaceholderConfigurer,org.springframework.boot.autoconfigure.ssl.SslAutoConfiguration,fileWatcher,sslPropertiesSslBundleRegistrar,sslBundleRegistry,org.springframework.boot.context.properties.ConfigurationPropertiesBindingPostProcessor,org.springframework.boot.context.internalConfigurationPropertiesBinder,org.springframework.boot.context.properties.BoundConfigurationProperties,org.springframework.boot.context.properties.EnableConfigurationPropertiesRegistrar.methodValidationExcludeFilter,spring.ssl-org.springframework.boot.autoconfigure.ssl.SslProperties,org.springframework.boot.autoconfigure.websocket.servlet.WebSocketServletAutoConfiguration$TomcatWebSocketConfiguration,websocketServletWebServerCustomizer,org.springframework.boot.autoconfigure.websocket.servlet.WebSocketServletAutoConfiguration,org.springframework.boot.autoconfigure.web.servlet.ServletWebServerFactoryConfiguration$EmbeddedTomcat,tomcatServletWebServerFactory,org.springframework.boot.autoconfigure.web.servlet.ServletWebServerFactoryAutoConfiguration,servletWebServerFactoryCustomizer,tomcatServletWebServerFactoryCustomizer,server-org.springframework.boot.autoconfigure.web.ServerProperties,webServerFactoryCustomizerBeanPostProcessor,errorPageRegistrarBeanPostProcessor,org.springframework.boot.autoconfigure.web.servlet.DispatcherServletAutoConfiguration$DispatcherServletConfiguration,dispatcherServlet,spring.mvc-org.springframework.boot.autoconfigure.web.servlet.WebMvcProperties,org.springframework.boot.autoconfigure.web.servlet.DispatcherServletAutoConfiguration$DispatcherServletRegistrationConfiguration,dispatcherServletRegistration,org.springframework.boot.autoconfigure.web.servlet.DispatcherServletAutoConfiguration,org.springframework.boot.autoconfigure.task.TaskExecutorConfigurations$ThreadPoolTaskExecutorBuilderConfiguration,threadPoolTaskExecutorBuilder,org.springframework.boot.autoconfigure.task.TaskExecutorConfigurations$SimpleAsyncTaskExecutorBuilderConfiguration,simpleAsyncTaskExecutorBuilder,org.springframework.boot.autoconfigure.task.TaskExecutorConfigurations$AsyncConfigurerConfiguration,applicationTaskExecutorAsyncConfigurer,org.springframework.boot.autoconfigure.task.TaskExecutorConfigurations$TaskExecutorConfiguration,applicationTaskExecutor,org.springframework.boot.autoconfigure.task.TaskExecutorConfigurations$BootstrapExecutorConfiguration,bootstrapExecutorAliasPostProcessor,org.springframework.boot.autoconfigure.task.TaskExecutionAutoConfiguration,spring.task.execution-org.springframework.boot.autoconfigure.task.TaskExecutionProperties,org.springframework.boot.autoconfigure.web.servlet.error.ErrorMvcAutoConfiguration$WhitelabelErrorViewConfiguration,error,beanNameViewResolver,org.springframework.boot.autoconfigure.web.servlet.error.ErrorMvcAutoConfiguration$DefaultErrorViewResolverConfiguration,conventionErrorViewResolver,spring.web-org.springframework.boot.autoconfigure.web.WebProperties,org.springframework.boot.autoconfigure.web.servlet.error.ErrorMvcAutoConfiguration,errorAttributes,basicErrorController,errorPageCustomizer,preserveErrorControllerTargetClassPostProcessor,org.springframework.boot.autoconfigure.web.servlet.WebMvcAutoConfiguration$EnableWebMvcConfiguration,welcomePageHandlerMapping,welcomePageNotAcceptableHandlerMapping,localeResolver,themeResolver,flashMapManager,viewNameTranslator,mvcConversionService,mvcValidator,mvcContentNegotiationManager,requestMappingHandlerMapping,mvcPatternParser,mvcUrlPathHelper,mvcPathMatcher,viewControllerHandlerMapping,beanNameHandlerMapping,routerFunctionMapping,resourceHandlerMapping,mvcResourceUrlProvider,defaultServletHandlerMapping,requestMappingHandlerAdapter,handlerFunctionAdapter,mvcUriComponentsContributor,httpRequestHandlerAdapter,simpleControllerHandlerAdapter,handlerExceptionResolver,mvcViewResolver,mvcHandlerMappingIntrospector,org.springframework.boot.autoconfigure.web.servlet.WebMvcAutoConfiguration$WebMvcAutoConfigurationAdapter,defaultViewResolver,viewResolver,requestContextFilter,org.springframework.boot.autoconfigure.web.servlet.WebMvcAutoConfiguration,formContentFilter,org.springframework.boot.autoconfigure.aop.AopAutoConfiguration$ClassProxyingConfiguration,forceAutoProxyCreatorToUseClassProxying,org.springframework.boot.autoconfigure.aop.AopAutoConfiguration,org.springframework.boot.autoconfigure.availability.ApplicationAvailabilityAutoConfiguration,applicationAvailability,org.springframework.boot.autoconfigure.jackson.JacksonAutoConfiguration$Jackson2ObjectMapperBuilderCustomizerConfiguration,standardJacksonObjectMapperBuilderCustomizer,spring.jackson-org.springframework.boot.autoconfigure.jackson.JacksonProperties,org.springframework.boot.autoconfigure.jackson.JacksonAutoConfiguration$JacksonObjectMapperBuilderConfiguration,jacksonObjectMapperBuilder,org.springframework.boot.autoconfigure.jackson.JacksonAutoConfiguration$ParameterNamesModuleConfiguration,parameterNamesModule,org.springframework.boot.autoconfigure.jackson.JacksonAutoConfiguration$JacksonObjectMapperConfiguration,jacksonObjectMapper,org.springframework.boot.autoconfigure.jackson.JacksonAutoConfiguration$JacksonMixinConfiguration,jsonMixinModuleEntries,jsonMixinModule,org.springframework.boot.autoconfigure.jackson.JacksonAutoConfiguration,jsonComponentModule,org.springframework.boot.autoconfigure.context.ConfigurationPropertiesAutoConfiguration,org.springframework.boot.autoconfigure.context.LifecycleAutoConfiguration,lifecycleProcessor,spring.lifecycle-org.springframework.boot.autoconfigure.context.LifecycleProperties,org.springframework.boot.autoconfigure.http.HttpMessageConvertersAutoConfiguration$StringHttpMessageConverterConfiguration,stringHttpMessageConverter,org.springframework.boot.autoconfigure.http.JacksonHttpMessageConvertersConfiguration$MappingJackson2HttpMessageConverterConfiguration,mappingJackson2HttpMessageConverter,org.springframework.boot.autoconfigure.http.JacksonHttpMessageConvertersConfiguration,org.springframework.boot.autoconfigure.http.HttpMessageConvertersAutoConfiguration,messageConverters,org.springframework.boot.autoconfigure.http.client.HttpClientAutoConfiguration,clientHttpRequestFactoryBuilder,clientHttpRequestFactorySettings,spring.http.client-org.springframework.boot.autoconfigure.http.client.HttpClientProperties,org.springframework.boot.autoconfigure.info.ProjectInfoAutoConfiguration,spring.info-org.springframework.boot.autoconfigure.info.ProjectInfoProperties,org.springframework.boot.autoconfigure.sql.init.SqlInitializationAutoConfiguration,spring.sql.init-org.springframework.boot.autoconfigure.sql.init.SqlInitializationProperties,org.springframework.boot.sql.init.dependency.DatabaseInitializationDependencyConfigurer$DependsOnDatabaseInitializationPostProcessor,org.springframework.boot.autoconfigure.task.TaskSchedulingConfigurations$ThreadPoolTaskSchedulerBuilderConfiguration,threadPoolTaskSchedulerBuilder,org.springframework.boot.autoconfigure.task.TaskSchedulingConfigurations$SimpleAsyncTaskSchedulerBuilderConfiguration,simpleAsyncTaskSchedulerBuilder,org.springframework.boot.autoconfigure.task.TaskSchedulingAutoConfiguration,spring.task.scheduling-org.springframework.boot.autoconfigure.task.TaskSchedulingProperties,org.springframework.boot.autoconfigure.web.client.RestClientAutoConfiguration,httpMessageConvertersRestClientCustomizer,restClientSsl,restClientBuilderConfigurer,restClientBuilder,org.springframework.boot.autoconfigure.web.client.RestTemplateAutoConfiguration,restTemplateBuilderConfigurer,restTemplateBuilder,org.springframework.boot.autoconfigure.web.servlet.HttpEncodingAutoConfiguration,characterEncodingFilter,localeCharsetMappingsCustomizer,org.springframework.boot.autoconfigure.web.servlet.MultipartAutoConfiguration,multipartConfigElement,multipartResolver,spring.servlet.multipart-org.springframework.boot.autoconfigure.web.servlet.MultipartProperties,org.springframework.aop.config.internalAutoProxyCreator]; root of factory hierarchy
2025-07-30T17:03:41.017+05:30 TRACE 16196 --- [Spring_Boot_Start] [           main] c.DefaultCacheAwareContextLoaderDelegate : Retrieved ApplicationContext [1970779713] from cache with key [WebMergedContextConfiguration@62b93086 testClass = com.Spring_Boot_Start.Spring_Boot_Start.SpringBootStartApplicationTests, locations = [], classes = [com.Spring_Boot_Start.Spring_Boot_Start.SpringBootStartApplication], contextInitializerClasses = [], activeProfiles = [], propertySourceDescriptors = [], propertySourceProperties = ["org.springframework.boot.test.context.SpringBootTestContextBootstrapper=true"], contextCustomizers = [org.springframework.boot.test.context.filter.ExcludeFilterContextCustomizer@4b741d6d, org.springframework.boot.test.json.DuplicateJsonObjectContextCustomizerFactory$DuplicateJsonObjectContextCustomizer@7674f035, org.springframework.boot.test.mock.mockito.MockitoContextCustomizer@0, org.springframework.boot.test.web.client.TestRestTemplateContextCustomizer@1cf6d1be, org.springframework.boot.test.web.reactor.netty.DisableReactorResourceFactoryGlobalResourcesContextCustomizerFactory$DisableReactorResourceFactoryGlobalResourcesContextCustomizerCustomizer@4c60d6e9, org.springframework.boot.test.autoconfigure.OnFailureConditionReportContextCustomizerFactory$OnFailureConditionReportContextCustomizer@1349883, org.springframework.boot.test.autoconfigure.actuate.observability.ObservabilityContextCustomizerFactory$DisableObservabilityContextCustomizer@1f, org.springframework.boot.test.autoconfigure.properties.PropertyMappingContextCustomizer@0, org.springframework.boot.test.autoconfigure.web.servlet.WebDriverContextCustomizer@268f106e, org.springframework.test.context.support.DynamicPropertiesContextCustomizer@0, org.springframework.boot.test.context.SpringBootTestAnnotation@9f0191c7], resourceBasePath = "src/main/webapp", contextLoader = org.springframework.boot.test.context.SpringBootContextLoader, parent = null]
2025-07-30T17:03:41.017+05:30 DEBUG 16196 --- [Spring_Boot_Start] [           main] org.springframework.test.context.cache   : Spring test ApplicationContext cache statistics: [DefaultContextCache@254449bb size = 1, maxSize = 32, parentContextCount = 0, hitCount = 11, missCount = 1, failureCount = 0]
2025-07-30T17:03:41.019+05:30 TRACE 16196 --- [Spring_Boot_Start] [           main] c.DefaultCacheAwareContextLoaderDelegate : Retrieved ApplicationContext [1970779713] from cache with key [WebMergedContextConfiguration@62b93086 testClass = com.Spring_Boot_Start.Spring_Boot_Start.SpringBootStartApplicationTests, locations = [], classes = [com.Spring_Boot_Start.Spring_Boot_Start.SpringBootStartApplication], contextInitializerClasses = [], activeProfiles = [], propertySourceDescriptors = [], propertySourceProperties = ["org.springframework.boot.test.context.SpringBootTestContextBootstrapper=true"], contextCustomizers = [org.springframework.boot.test.context.filter.ExcludeFilterContextCustomizer@4b741d6d, org.springframework.boot.test.json.DuplicateJsonObjectContextCustomizerFactory$DuplicateJsonObjectContextCustomizer@7674f035, org.springframework.boot.test.mock.mockito.MockitoContextCustomizer@0, org.springframework.boot.test.web.client.TestRestTemplateContextCustomizer@1cf6d1be, org.springframework.boot.test.web.reactor.netty.DisableReactorResourceFactoryGlobalResourcesContextCustomizerFactory$DisableReactorResourceFactoryGlobalResourcesContextCustomizerCustomizer@4c60d6e9, org.springframework.boot.test.autoconfigure.OnFailureConditionReportContextCustomizerFactory$OnFailureConditionReportContextCustomizer@1349883, org.springframework.boot.test.autoconfigure.actuate.observability.ObservabilityContextCustomizerFactory$DisableObservabilityContextCustomizer@1f, org.springframework.boot.test.autoconfigure.properties.PropertyMappingContextCustomizer@0, org.springframework.boot.test.autoconfigure.web.servlet.WebDriverContextCustomizer@268f106e, org.springframework.test.context.support.DynamicPropertiesContextCustomizer@0, org.springframework.boot.test.context.SpringBootTestAnnotation@9f0191c7], resourceBasePath = "src/main/webapp", contextLoader = org.springframework.boot.test.context.SpringBootContextLoader, parent = null]
2025-07-30T17:03:41.019+05:30 DEBUG 16196 --- [Spring_Boot_Start] [           main] org.springframework.test.context.cache   : Spring test ApplicationContext cache statistics: [DefaultContextCache@254449bb size = 1, maxSize = 32, parentContextCount = 0, hitCount = 12, missCount = 1, failureCount = 0]
2025-07-30T17:03:41.019+05:30 TRACE 16196 --- [Spring_Boot_Start] [           main] o.s.b.f.s.DefaultListableBeanFactory     : Returning cached instance of singleton bean 'org.springframework.boot.test.mock.mockito.MockitoPostProcessor$SpyPostProcessor'
2025-07-30T17:03:41.019+05:30 TRACE 16196 --- [Spring_Boot_Start] [           main] o.s.b.f.s.DefaultListableBeanFactory     : Returning cached instance of singleton bean 'org.springframework.boot.test.mock.mockito.MockitoPostProcessor'
2025-07-30T17:03:41.019+05:30 TRACE 16196 --- [Spring_Boot_Start] [           main] o.s.b.f.s.DefaultListableBeanFactory     : Returning cached instance of singleton bean 'org.springframework.test.context.support.internalDynamicPropertyRegistrarBeanInitializer'
2025-07-30T17:03:41.019+05:30 TRACE 16196 --- [Spring_Boot_Start] [           main] o.s.b.f.s.DefaultListableBeanFactory     : Returning cached instance of singleton bean 'org.springframework.context.annotation.internalConfigurationAnnotationProcessor'
2025-07-30T17:03:41.019+05:30 TRACE 16196 --- [Spring_Boot_Start] [           main] o.s.b.f.s.DefaultListableBeanFactory     : Returning cached instance of singleton bean 'org.springframework.context.annotation.internalAutowiredAnnotationProcessor'
2025-07-30T17:03:41.019+05:30 TRACE 16196 --- [Spring_Boot_Start] [           main] o.s.b.f.s.DefaultListableBeanFactory     : Returning cached instance of singleton bean 'org.springframework.context.annotation.internalCommonAnnotationProcessor'
2025-07-30T17:03:41.019+05:30 TRACE 16196 --- [Spring_Boot_Start] [           main] o.s.b.f.s.DefaultListableBeanFactory     : Returning cached instance of singleton bean 'org.springframework.context.event.internalEventListenerProcessor'
2025-07-30T17:03:41.019+05:30 TRACE 16196 --- [Spring_Boot_Start] [           main] o.s.b.f.s.DefaultListableBeanFactory     : Returning cached instance of singleton bean 'org.springframework.context.event.internalEventListenerFactory'
2025-07-30T17:03:41.019+05:30 TRACE 16196 --- [Spring_Boot_Start] [           main] o.s.b.f.s.DefaultListableBeanFactory     : Returning cached instance of singleton bean 'springBootStartApplication'
2025-07-30T17:03:41.019+05:30 TRACE 16196 --- [Spring_Boot_Start] [           main] o.s.b.f.s.DefaultListableBeanFactory     : Returning cached instance of singleton bean 'org.springframework.boot.autoconfigure.internalCachingMetadataReaderFactory'
2025-07-30T17:03:41.019+05:30 TRACE 16196 --- [Spring_Boot_Start] [           main] o.s.b.f.s.DefaultListableBeanFactory     : Returning cached instance of singleton bean 'org.springframework.boot.autoconfigure.internalCachingMetadataReaderFactory'
2025-07-30T17:03:41.019+05:30 TRACE 16196 --- [Spring_Boot_Start] [           main] o.s.b.f.s.DefaultListableBeanFactory     : Returning cached instance of singleton bean 'courseController'
2025-07-30T17:03:41.019+05:30 TRACE 16196 --- [Spring_Boot_Start] [           main] o.s.b.f.s.DefaultListableBeanFactory     : Returning cached instance of singleton bean 'currencyConfigController'
2025-07-30T17:03:41.019+05:30 TRACE 16196 --- [Spring_Boot_Start] [           main] o.s.b.f.s.DefaultListableBeanFactory     : Returning cached instance of singleton bean 'currencyServiceConfig'
2025-07-30T17:03:41.019+05:30 TRACE 16196 --- [Spring_Boot_Start] [           main] o.s.b.f.s.DefaultListableBeanFactory     : Returning cached instance of singleton bean 'org.springframework.boot.autoconfigure.AutoConfigurationPackages'
2025-07-30T17:03:41.019+05:30 TRACE 16196 --- [Spring_Boot_Start] [           main] o.s.b.f.s.DefaultListableBeanFactory     : Returning cached instance of singleton bean 'org.springframework.boot.autoconfigure.context.PropertyPlaceholderAutoConfiguration'
2025-07-30T17:03:41.019+05:30 TRACE 16196 --- [Spring_Boot_Start] [           main] o.s.b.f.s.DefaultListableBeanFactory     : Returning cached instance of singleton bean 'propertySourcesPlaceholderConfigurer'
2025-07-30T17:03:41.019+05:30 TRACE 16196 --- [Spring_Boot_Start] [           main] o.s.b.f.s.DefaultListableBeanFactory     : Returning cached instance of singleton bean 'org.springframework.boot.autoconfigure.ssl.SslAutoConfiguration'
2025-07-30T17:03:41.019+05:30 TRACE 16196 --- [Spring_Boot_Start] [           main] o.s.b.f.s.DefaultListableBeanFactory     : Returning cached instance of singleton bean 'fileWatcher'
2025-07-30T17:03:41.019+05:30 TRACE 16196 --- [Spring_Boot_Start] [           main] o.s.b.f.s.DefaultListableBeanFactory     : Returning cached instance of singleton bean 'sslPropertiesSslBundleRegistrar'
2025-07-30T17:03:41.019+05:30 TRACE 16196 --- [Spring_Boot_Start] [           main] o.s.b.f.s.DefaultListableBeanFactory     : Returning cached instance of singleton bean 'sslBundleRegistry'
2025-07-30T17:03:41.019+05:30 TRACE 16196 --- [Spring_Boot_Start] [           main] o.s.b.f.s.DefaultListableBeanFactory     : Returning cached instance of singleton bean 'org.springframework.boot.context.properties.ConfigurationPropertiesBindingPostProcessor'
2025-07-30T17:03:41.019+05:30 TRACE 16196 --- [Spring_Boot_Start] [           main] o.s.b.f.s.DefaultListableBeanFactory     : Returning cached instance of singleton bean 'org.springframework.boot.context.internalConfigurationPropertiesBinder'
2025-07-30T17:03:41.019+05:30 TRACE 16196 --- [Spring_Boot_Start] [           main] o.s.b.f.s.DefaultListableBeanFactory     : Returning cached instance of singleton bean 'org.springframework.boot.context.internalConfigurationPropertiesBinder'
2025-07-30T17:03:41.019+05:30 TRACE 16196 --- [Spring_Boot_Start] [           main] o.s.b.f.s.DefaultListableBeanFactory     : Returning cached instance of singleton bean 'org.springframework.boot.context.properties.BoundConfigurationProperties'
2025-07-30T17:03:41.019+05:30 TRACE 16196 --- [Spring_Boot_Start] [           main] o.s.b.f.s.DefaultListableBeanFactory     : Returning cached instance of singleton bean 'org.springframework.boot.context.properties.EnableConfigurationPropertiesRegistrar.methodValidationExcludeFilter'
2025-07-30T17:03:41.019+05:30 TRACE 16196 --- [Spring_Boot_Start] [           main] o.s.b.f.s.DefaultListableBeanFactory     : Returning cached instance of singleton bean 'spring.ssl-org.springframework.boot.autoconfigure.ssl.SslProperties'
2025-07-30T17:03:41.019+05:30 TRACE 16196 --- [Spring_Boot_Start] [           main] o.s.b.f.s.DefaultListableBeanFactory     : Returning cached instance of singleton bean 'org.springframework.boot.autoconfigure.websocket.servlet.WebSocketServletAutoConfiguration$TomcatWebSocketConfiguration'
2025-07-30T17:03:41.019+05:30 TRACE 16196 --- [Spring_Boot_Start] [           main] o.s.b.f.s.DefaultListableBeanFactory     : Returning cached instance of singleton bean 'websocketServletWebServerCustomizer'
2025-07-30T17:03:41.019+05:30 TRACE 16196 --- [Spring_Boot_Start] [           main] o.s.b.f.s.DefaultListableBeanFactory     : Returning cached instance of singleton bean 'org.springframework.boot.autoconfigure.websocket.servlet.WebSocketServletAutoConfiguration'
2025-07-30T17:03:41.019+05:30 TRACE 16196 --- [Spring_Boot_Start] [           main] o.s.b.f.s.DefaultListableBeanFactory     : Returning cached instance of singleton bean 'org.springframework.boot.autoconfigure.web.servlet.ServletWebServerFactoryConfiguration$EmbeddedTomcat'
2025-07-30T17:03:41.019+05:30 TRACE 16196 --- [Spring_Boot_Start] [           main] o.s.b.f.s.DefaultListableBeanFactory     : Returning cached instance of singleton bean 'tomcatServletWebServerFactory'
2025-07-30T17:03:41.019+05:30 TRACE 16196 --- [Spring_Boot_Start] [           main] o.s.b.f.s.DefaultListableBeanFactory     : Returning cached instance of singleton bean 'org.springframework.boot.autoconfigure.web.servlet.ServletWebServerFactoryAutoConfiguration'
2025-07-30T17:03:41.019+05:30 TRACE 16196 --- [Spring_Boot_Start] [           main] o.s.b.f.s.DefaultListableBeanFactory     : Returning cached instance of singleton bean 'servletWebServerFactoryCustomizer'
2025-07-30T17:03:41.020+05:30 TRACE 16196 --- [Spring_Boot_Start] [           main] o.s.b.f.s.DefaultListableBeanFactory     : Returning cached instance of singleton bean 'tomcatServletWebServerFactoryCustomizer'
2025-07-30T17:03:41.020+05:30 TRACE 16196 --- [Spring_Boot_Start] [           main] o.s.b.f.s.DefaultListableBeanFactory     : Returning cached instance of singleton bean 'server-org.springframework.boot.autoconfigure.web.ServerProperties'
2025-07-30T17:03:41.020+05:30 TRACE 16196 --- [Spring_Boot_Start] [           main] o.s.b.f.s.DefaultListableBeanFactory     : Returning cached instance of singleton bean 'webServerFactoryCustomizerBeanPostProcessor'
2025-07-30T17:03:41.020+05:30 TRACE 16196 --- [Spring_Boot_Start] [           main] o.s.b.f.s.DefaultListableBeanFactory     : Returning cached instance of singleton bean 'errorPageRegistrarBeanPostProcessor'
2025-07-30T17:03:41.020+05:30 TRACE 16196 --- [Spring_Boot_Start] [           main] o.s.b.f.s.DefaultListableBeanFactory     : Returning cached instance of singleton bean 'org.springframework.boot.autoconfigure.web.servlet.DispatcherServletAutoConfiguration$DispatcherServletConfiguration'
2025-07-30T17:03:41.020+05:30 TRACE 16196 --- [Spring_Boot_Start] [           main] o.s.b.f.s.DefaultListableBeanFactory     : Returning cached instance of singleton bean 'dispatcherServlet'
2025-07-30T17:03:41.020+05:30 TRACE 16196 --- [Spring_Boot_Start] [           main] o.s.b.f.s.DefaultListableBeanFactory     : Returning cached instance of singleton bean 'spring.mvc-org.springframework.boot.autoconfigure.web.servlet.WebMvcProperties'
2025-07-30T17:03:41.020+05:30 TRACE 16196 --- [Spring_Boot_Start] [           main] o.s.b.f.s.DefaultListableBeanFactory     : Returning cached instance of singleton bean 'org.springframework.boot.autoconfigure.web.servlet.DispatcherServletAutoConfiguration$DispatcherServletRegistrationConfiguration'
2025-07-30T17:03:41.020+05:30 TRACE 16196 --- [Spring_Boot_Start] [           main] o.s.b.f.s.DefaultListableBeanFactory     : Returning cached instance of singleton bean 'dispatcherServletRegistration'
2025-07-30T17:03:41.020+05:30 TRACE 16196 --- [Spring_Boot_Start] [           main] o.s.b.f.s.DefaultListableBeanFactory     : Returning cached instance of singleton bean 'org.springframework.boot.autoconfigure.web.servlet.DispatcherServletAutoConfiguration'
2025-07-30T17:03:41.020+05:30 TRACE 16196 --- [Spring_Boot_Start] [           main] o.s.b.f.s.DefaultListableBeanFactory     : Returning cached instance of singleton bean 'org.springframework.boot.autoconfigure.task.TaskExecutorConfigurations$ThreadPoolTaskExecutorBuilderConfiguration'
2025-07-30T17:03:41.020+05:30 TRACE 16196 --- [Spring_Boot_Start] [           main] o.s.b.f.s.DefaultListableBeanFactory     : Returning cached instance of singleton bean 'threadPoolTaskExecutorBuilder'
2025-07-30T17:03:41.020+05:30 TRACE 16196 --- [Spring_Boot_Start] [           main] o.s.b.f.s.DefaultListableBeanFactory     : Returning cached instance of singleton bean 'org.springframework.boot.autoconfigure.task.TaskExecutorConfigurations$SimpleAsyncTaskExecutorBuilderConfiguration'
2025-07-30T17:03:41.020+05:30 TRACE 16196 --- [Spring_Boot_Start] [           main] o.s.b.f.s.DefaultListableBeanFactory     : Returning cached instance of singleton bean 'simpleAsyncTaskExecutorBuilder'
2025-07-30T17:03:41.020+05:30 TRACE 16196 --- [Spring_Boot_Start] [           main] o.s.b.f.s.DefaultListableBeanFactory     : Returning cached instance of singleton bean 'org.springframework.boot.autoconfigure.task.TaskExecutorConfigurations$AsyncConfigurerConfiguration'
2025-07-30T17:03:41.020+05:30 TRACE 16196 --- [Spring_Boot_Start] [           main] o.s.b.f.s.DefaultListableBeanFactory     : Returning cached instance of singleton bean 'applicationTaskExecutorAsyncConfigurer'
2025-07-30T17:03:41.020+05:30 TRACE 16196 --- [Spring_Boot_Start] [           main] o.s.b.f.s.DefaultListableBeanFactory     : Returning cached instance of singleton bean 'org.springframework.boot.autoconfigure.task.TaskExecutorConfigurations$TaskExecutorConfiguration'
2025-07-30T17:03:41.020+05:30 TRACE 16196 --- [Spring_Boot_Start] [           main] o.s.b.f.s.DefaultListableBeanFactory     : Returning cached instance of singleton bean 'applicationTaskExecutor'
2025-07-30T17:03:41.020+05:30 TRACE 16196 --- [Spring_Boot_Start] [           main] o.s.b.f.s.DefaultListableBeanFactory     : Returning cached instance of singleton bean 'org.springframework.boot.autoconfigure.task.TaskExecutorConfigurations$BootstrapExecutorConfiguration'
2025-07-30T17:03:41.020+05:30 TRACE 16196 --- [Spring_Boot_Start] [           main] o.s.b.f.s.DefaultListableBeanFactory     : Returning cached instance of singleton bean 'bootstrapExecutorAliasPostProcessor'
2025-07-30T17:03:41.020+05:30 TRACE 16196 --- [Spring_Boot_Start] [           main] o.s.b.f.s.DefaultListableBeanFactory     : Returning cached instance of singleton bean 'org.springframework.boot.autoconfigure.task.TaskExecutionAutoConfiguration'
2025-07-30T17:03:41.020+05:30 TRACE 16196 --- [Spring_Boot_Start] [           main] o.s.b.f.s.DefaultListableBeanFactory     : Returning cached instance of singleton bean 'spring.task.execution-org.springframework.boot.autoconfigure.task.TaskExecutionProperties'
2025-07-30T17:03:41.020+05:30 TRACE 16196 --- [Spring_Boot_Start] [           main] o.s.b.f.s.DefaultListableBeanFactory     : Returning cached instance of singleton bean 'org.springframework.boot.autoconfigure.web.servlet.error.ErrorMvcAutoConfiguration$WhitelabelErrorViewConfiguration'
2025-07-30T17:03:41.020+05:30 TRACE 16196 --- [Spring_Boot_Start] [           main] o.s.b.f.s.DefaultListableBeanFactory     : Returning cached instance of singleton bean 'error'
2025-07-30T17:03:41.020+05:30 TRACE 16196 --- [Spring_Boot_Start] [           main] o.s.b.f.s.DefaultListableBeanFactory     : Returning cached instance of singleton bean 'beanNameViewResolver'
2025-07-30T17:03:41.020+05:30 TRACE 16196 --- [Spring_Boot_Start] [           main] o.s.b.f.s.DefaultListableBeanFactory     : Returning cached instance of singleton bean 'org.springframework.boot.autoconfigure.web.servlet.error.ErrorMvcAutoConfiguration$DefaultErrorViewResolverConfiguration'
2025-07-30T17:03:41.020+05:30 TRACE 16196 --- [Spring_Boot_Start] [           main] o.s.b.f.s.DefaultListableBeanFactory     : Returning cached instance of singleton bean 'conventionErrorViewResolver'
2025-07-30T17:03:41.020+05:30 TRACE 16196 --- [Spring_Boot_Start] [           main] o.s.b.f.s.DefaultListableBeanFactory     : Returning cached instance of singleton bean 'spring.web-org.springframework.boot.autoconfigure.web.WebProperties'
2025-07-30T17:03:41.020+05:30 TRACE 16196 --- [Spring_Boot_Start] [           main] o.s.b.f.s.DefaultListableBeanFactory     : Returning cached instance of singleton bean 'org.springframework.boot.autoconfigure.web.servlet.error.ErrorMvcAutoConfiguration'
2025-07-30T17:03:41.020+05:30 TRACE 16196 --- [Spring_Boot_Start] [           main] o.s.b.f.s.DefaultListableBeanFactory     : Returning cached instance of singleton bean 'errorAttributes'
2025-07-30T17:03:41.020+05:30 TRACE 16196 --- [Spring_Boot_Start] [           main] o.s.b.f.s.DefaultListableBeanFactory     : Returning cached instance of singleton bean 'basicErrorController'
2025-07-30T17:03:41.020+05:30 TRACE 16196 --- [Spring_Boot_Start] [           main] o.s.b.f.s.DefaultListableBeanFactory     : Returning cached instance of singleton bean 'errorPageCustomizer'
2025-07-30T17:03:41.020+05:30 TRACE 16196 --- [Spring_Boot_Start] [           main] o.s.b.f.s.DefaultListableBeanFactory     : Returning cached instance of singleton bean 'preserveErrorControllerTargetClassPostProcessor'
2025-07-30T17:03:41.020+05:30 TRACE 16196 --- [Spring_Boot_Start] [           main] o.s.b.f.s.DefaultListableBeanFactory     : Returning cached instance of singleton bean 'org.springframework.boot.autoconfigure.web.servlet.WebMvcAutoConfiguration$EnableWebMvcConfiguration'
2025-07-30T17:03:41.020+05:30 TRACE 16196 --- [Spring_Boot_Start] [           main] o.s.b.f.s.DefaultListableBeanFactory     : Returning cached instance of singleton bean 'welcomePageHandlerMapping'
2025-07-30T17:03:41.020+05:30 TRACE 16196 --- [Spring_Boot_Start] [           main] o.s.b.f.s.DefaultListableBeanFactory     : Returning cached instance of singleton bean 'welcomePageNotAcceptableHandlerMapping'
2025-07-30T17:03:41.020+05:30 TRACE 16196 --- [Spring_Boot_Start] [           main] o.s.b.f.s.DefaultListableBeanFactory     : Returning cached instance of singleton bean 'localeResolver'
2025-07-30T17:03:41.020+05:30 TRACE 16196 --- [Spring_Boot_Start] [           main] o.s.b.f.s.DefaultListableBeanFactory     : Returning cached instance of singleton bean 'themeResolver'
2025-07-30T17:03:41.020+05:30 TRACE 16196 --- [Spring_Boot_Start] [           main] o.s.b.f.s.DefaultListableBeanFactory     : Returning cached instance of singleton bean 'flashMapManager'
2025-07-30T17:03:41.021+05:30 TRACE 16196 --- [Spring_Boot_Start] [           main] o.s.b.f.s.DefaultListableBeanFactory     : Returning cached instance of singleton bean 'viewNameTranslator'
2025-07-30T17:03:41.021+05:30 TRACE 16196 --- [Spring_Boot_Start] [           main] o.s.b.f.s.DefaultListableBeanFactory     : Returning cached instance of singleton bean 'mvcConversionService'
2025-07-30T17:03:41.021+05:30 TRACE 16196 --- [Spring_Boot_Start] [           main] o.s.b.f.s.DefaultListableBeanFactory     : Returning cached instance of singleton bean 'mvcValidator'
2025-07-30T17:03:41.021+05:30 TRACE 16196 --- [Spring_Boot_Start] [           main] o.s.b.f.s.DefaultListableBeanFactory     : Returning cached instance of singleton bean 'mvcContentNegotiationManager'
2025-07-30T17:03:41.021+05:30 TRACE 16196 --- [Spring_Boot_Start] [           main] o.s.b.f.s.DefaultListableBeanFactory     : Returning cached instance of singleton bean 'requestMappingHandlerMapping'
2025-07-30T17:03:41.021+05:30 TRACE 16196 --- [Spring_Boot_Start] [           main] o.s.b.f.s.DefaultListableBeanFactory     : Returning cached instance of singleton bean 'mvcPatternParser'
2025-07-30T17:03:41.021+05:30 TRACE 16196 --- [Spring_Boot_Start] [           main] o.s.b.f.s.DefaultListableBeanFactory     : Returning cached instance of singleton bean 'mvcUrlPathHelper'
2025-07-30T17:03:41.021+05:30 TRACE 16196 --- [Spring_Boot_Start] [           main] o.s.b.f.s.DefaultListableBeanFactory     : Returning cached instance of singleton bean 'mvcPathMatcher'
2025-07-30T17:03:41.021+05:30 TRACE 16196 --- [Spring_Boot_Start] [           main] o.s.b.f.s.DefaultListableBeanFactory     : Returning cached instance of singleton bean 'viewControllerHandlerMapping'
2025-07-30T17:03:41.021+05:30 TRACE 16196 --- [Spring_Boot_Start] [           main] o.s.b.f.s.DefaultListableBeanFactory     : Returning cached instance of singleton bean 'beanNameHandlerMapping'
2025-07-30T17:03:41.021+05:30 TRACE 16196 --- [Spring_Boot_Start] [           main] o.s.b.f.s.DefaultListableBeanFactory     : Returning cached instance of singleton bean 'routerFunctionMapping'
2025-07-30T17:03:41.021+05:30 TRACE 16196 --- [Spring_Boot_Start] [           main] o.s.b.f.s.DefaultListableBeanFactory     : Returning cached instance of singleton bean 'resourceHandlerMapping'
2025-07-30T17:03:41.021+05:30 TRACE 16196 --- [Spring_Boot_Start] [           main] o.s.b.f.s.DefaultListableBeanFactory     : Returning cached instance of singleton bean 'mvcResourceUrlProvider'
2025-07-30T17:03:41.021+05:30 TRACE 16196 --- [Spring_Boot_Start] [           main] o.s.b.f.s.DefaultListableBeanFactory     : Returning cached instance of singleton bean 'defaultServletHandlerMapping'
2025-07-30T17:03:41.021+05:30 TRACE 16196 --- [Spring_Boot_Start] [           main] o.s.b.f.s.DefaultListableBeanFactory     : Returning cached instance of singleton bean 'requestMappingHandlerAdapter'
2025-07-30T17:03:41.021+05:30 TRACE 16196 --- [Spring_Boot_Start] [           main] o.s.b.f.s.DefaultListableBeanFactory     : Returning cached instance of singleton bean 'handlerFunctionAdapter'
2025-07-30T17:03:41.021+05:30 TRACE 16196 --- [Spring_Boot_Start] [           main] o.s.b.f.s.DefaultListableBeanFactory     : Returning cached instance of singleton bean 'mvcUriComponentsContributor'
2025-07-30T17:03:41.021+05:30 TRACE 16196 --- [Spring_Boot_Start] [           main] o.s.b.f.s.DefaultListableBeanFactory     : Returning cached instance of singleton bean 'httpRequestHandlerAdapter'
2025-07-30T17:03:41.021+05:30 TRACE 16196 --- [Spring_Boot_Start] [           main] o.s.b.f.s.DefaultListableBeanFactory     : Returning cached instance of singleton bean 'simpleControllerHandlerAdapter'
2025-07-30T17:03:41.021+05:30 TRACE 16196 --- [Spring_Boot_Start] [           main] o.s.b.f.s.DefaultListableBeanFactory     : Returning cached instance of singleton bean 'handlerExceptionResolver'
2025-07-30T17:03:41.021+05:30 TRACE 16196 --- [Spring_Boot_Start] [           main] o.s.b.f.s.DefaultListableBeanFactory     : Returning cached instance of singleton bean 'mvcViewResolver'
2025-07-30T17:03:41.021+05:30 TRACE 16196 --- [Spring_Boot_Start] [           main] o.s.b.f.s.DefaultListableBeanFactory     : Returning cached instance of singleton bean 'org.springframework.boot.autoconfigure.web.servlet.WebMvcAutoConfiguration$WebMvcAutoConfigurationAdapter'
2025-07-30T17:03:41.021+05:30 TRACE 16196 --- [Spring_Boot_Start] [           main] o.s.b.f.s.DefaultListableBeanFactory     : Returning cached instance of singleton bean 'defaultViewResolver'
2025-07-30T17:03:41.021+05:30 TRACE 16196 --- [Spring_Boot_Start] [           main] o.s.b.f.s.DefaultListableBeanFactory     : Returning cached instance of singleton bean 'viewResolver'
2025-07-30T17:03:41.021+05:30 TRACE 16196 --- [Spring_Boot_Start] [           main] o.s.b.f.s.DefaultListableBeanFactory     : Returning cached instance of singleton bean 'requestContextFilter'
2025-07-30T17:03:41.021+05:30 TRACE 16196 --- [Spring_Boot_Start] [           main] o.s.b.f.s.DefaultListableBeanFactory     : Returning cached instance of singleton bean 'org.springframework.boot.autoconfigure.web.servlet.WebMvcAutoConfiguration'
2025-07-30T17:03:41.021+05:30 TRACE 16196 --- [Spring_Boot_Start] [           main] o.s.b.f.s.DefaultListableBeanFactory     : Returning cached instance of singleton bean 'formContentFilter'
2025-07-30T17:03:41.021+05:30 TRACE 16196 --- [Spring_Boot_Start] [           main] o.s.b.f.s.DefaultListableBeanFactory     : Returning cached instance of singleton bean 'org.springframework.boot.autoconfigure.aop.AopAutoConfiguration$ClassProxyingConfiguration'
2025-07-30T17:03:41.022+05:30 TRACE 16196 --- [Spring_Boot_Start] [           main] o.s.b.f.s.DefaultListableBeanFactory     : Returning cached instance of singleton bean 'forceAutoProxyCreatorToUseClassProxying'
2025-07-30T17:03:41.022+05:30 TRACE 16196 --- [Spring_Boot_Start] [           main] o.s.b.f.s.DefaultListableBeanFactory     : Returning cached instance of singleton bean 'org.springframework.boot.autoconfigure.aop.AopAutoConfiguration'
2025-07-30T17:03:41.022+05:30 TRACE 16196 --- [Spring_Boot_Start] [           main] o.s.b.f.s.DefaultListableBeanFactory     : Returning cached instance of singleton bean 'org.springframework.boot.autoconfigure.availability.ApplicationAvailabilityAutoConfiguration'
2025-07-30T17:03:41.022+05:30 TRACE 16196 --- [Spring_Boot_Start] [           main] o.s.b.f.s.DefaultListableBeanFactory     : Returning cached instance of singleton bean 'applicationAvailability'
2025-07-30T17:03:41.022+05:30 TRACE 16196 --- [Spring_Boot_Start] [           main] o.s.b.f.s.DefaultListableBeanFactory     : Returning cached instance of singleton bean 'org.springframework.boot.autoconfigure.jackson.JacksonAutoConfiguration$Jackson2ObjectMapperBuilderCustomizerConfiguration'
2025-07-30T17:03:41.022+05:30 TRACE 16196 --- [Spring_Boot_Start] [           main] o.s.b.f.s.DefaultListableBeanFactory     : Returning cached instance of singleton bean 'standardJacksonObjectMapperBuilderCustomizer'
2025-07-30T17:03:41.022+05:30 TRACE 16196 --- [Spring_Boot_Start] [           main] o.s.b.f.s.DefaultListableBeanFactory     : Returning cached instance of singleton bean 'spring.jackson-org.springframework.boot.autoconfigure.jackson.JacksonProperties'
2025-07-30T17:03:41.022+05:30 TRACE 16196 --- [Spring_Boot_Start] [           main] o.s.b.f.s.DefaultListableBeanFactory     : Returning cached instance of singleton bean 'org.springframework.boot.autoconfigure.jackson.JacksonAutoConfiguration$JacksonObjectMapperBuilderConfiguration'
2025-07-30T17:03:41.022+05:30 TRACE 16196 --- [Spring_Boot_Start] [           main] o.s.b.f.s.DefaultListableBeanFactory     : Returning cached instance of singleton bean 'org.springframework.boot.autoconfigure.jackson.JacksonAutoConfiguration$ParameterNamesModuleConfiguration'
2025-07-30T17:03:41.022+05:30 TRACE 16196 --- [Spring_Boot_Start] [           main] o.s.b.f.s.DefaultListableBeanFactory     : Returning cached instance of singleton bean 'parameterNamesModule'
2025-07-30T17:03:41.022+05:30 TRACE 16196 --- [Spring_Boot_Start] [           main] o.s.b.f.s.DefaultListableBeanFactory     : Returning cached instance of singleton bean 'org.springframework.boot.autoconfigure.jackson.JacksonAutoConfiguration$JacksonObjectMapperConfiguration'
2025-07-30T17:03:41.022+05:30 TRACE 16196 --- [Spring_Boot_Start] [           main] o.s.b.f.s.DefaultListableBeanFactory     : Returning cached instance of singleton bean 'jacksonObjectMapper'
2025-07-30T17:03:41.022+05:30 TRACE 16196 --- [Spring_Boot_Start] [           main] o.s.b.f.s.DefaultListableBeanFactory     : Returning cached instance of singleton bean 'org.springframework.boot.autoconfigure.jackson.JacksonAutoConfiguration$JacksonMixinConfiguration'
2025-07-30T17:03:41.022+05:30 TRACE 16196 --- [Spring_Boot_Start] [           main] o.s.b.f.s.DefaultListableBeanFactory     : Returning cached instance of singleton bean 'jsonMixinModuleEntries'
2025-07-30T17:03:41.022+05:30 TRACE 16196 --- [Spring_Boot_Start] [           main] o.s.b.f.s.DefaultListableBeanFactory     : Returning cached instance of singleton bean 'jsonMixinModule'
2025-07-30T17:03:41.022+05:30 TRACE 16196 --- [Spring_Boot_Start] [           main] o.s.b.f.s.DefaultListableBeanFactory     : Returning cached instance of singleton bean 'org.springframework.boot.autoconfigure.jackson.JacksonAutoConfiguration'
2025-07-30T17:03:41.022+05:30 TRACE 16196 --- [Spring_Boot_Start] [           main] o.s.b.f.s.DefaultListableBeanFactory     : Returning cached instance of singleton bean 'jsonComponentModule'
2025-07-30T17:03:41.022+05:30 TRACE 16196 --- [Spring_Boot_Start] [           main] o.s.b.f.s.DefaultListableBeanFactory     : Returning cached instance of singleton bean 'org.springframework.boot.autoconfigure.context.ConfigurationPropertiesAutoConfiguration'
2025-07-30T17:03:41.022+05:30 TRACE 16196 --- [Spring_Boot_Start] [           main] o.s.b.f.s.DefaultListableBeanFactory     : Returning cached instance of singleton bean 'org.springframework.boot.autoconfigure.context.LifecycleAutoConfiguration'
2025-07-30T17:03:41.022+05:30 TRACE 16196 --- [Spring_Boot_Start] [           main] o.s.b.f.s.DefaultListableBeanFactory     : Returning cached instance of singleton bean 'lifecycleProcessor'
2025-07-30T17:03:41.022+05:30 TRACE 16196 --- [Spring_Boot_Start] [           main] o.s.b.f.s.DefaultListableBeanFactory     : Returning cached instance of singleton bean 'spring.lifecycle-org.springframework.boot.autoconfigure.context.LifecycleProperties'
2025-07-30T17:03:41.022+05:30 TRACE 16196 --- [Spring_Boot_Start] [           main] o.s.b.f.s.DefaultListableBeanFactory     : Returning cached instance of singleton bean 'org.springframework.boot.autoconfigure.http.HttpMessageConvertersAutoConfiguration$StringHttpMessageConverterConfiguration'
2025-07-30T17:03:41.022+05:30 TRACE 16196 --- [Spring_Boot_Start] [           main] o.s.b.f.s.DefaultListableBeanFactory     : Returning cached instance of singleton bean 'stringHttpMessageConverter'
2025-07-30T17:03:41.022+05:30 TRACE 16196 --- [Spring_Boot_Start] [           main] o.s.b.f.s.DefaultListableBeanFactory     : Returning cached instance of singleton bean 'org.springframework.boot.autoconfigure.http.JacksonHttpMessageConvertersConfiguration$MappingJackson2HttpMessageConverterConfiguration'
2025-07-30T17:03:41.022+05:30 TRACE 16196 --- [Spring_Boot_Start] [           main] o.s.b.f.s.DefaultListableBeanFactory     : Returning cached instance of singleton bean 'mappingJackson2HttpMessageConverter'
2025-07-30T17:03:41.022+05:30 TRACE 16196 --- [Spring_Boot_Start] [           main] o.s.b.f.s.DefaultListableBeanFactory     : Returning cached instance of singleton bean 'org.springframework.boot.autoconfigure.http.JacksonHttpMessageConvertersConfiguration'
2025-07-30T17:03:41.022+05:30 TRACE 16196 --- [Spring_Boot_Start] [           main] o.s.b.f.s.DefaultListableBeanFactory     : Returning cached instance of singleton bean 'org.springframework.boot.autoconfigure.http.HttpMessageConvertersAutoConfiguration'
2025-07-30T17:03:41.022+05:30 TRACE 16196 --- [Spring_Boot_Start] [           main] o.s.b.f.s.DefaultListableBeanFactory     : Returning cached instance of singleton bean 'messageConverters'
2025-07-30T17:03:41.022+05:30 TRACE 16196 --- [Spring_Boot_Start] [           main] o.s.b.f.s.DefaultListableBeanFactory     : Returning cached instance of singleton bean 'org.springframework.boot.autoconfigure.http.client.HttpClientAutoConfiguration'
2025-07-30T17:03:41.022+05:30 TRACE 16196 --- [Spring_Boot_Start] [           main] o.s.b.f.s.DefaultListableBeanFactory     : Returning cached instance of singleton bean 'clientHttpRequestFactoryBuilder'
2025-07-30T17:03:41.022+05:30 TRACE 16196 --- [Spring_Boot_Start] [           main] o.s.b.f.s.DefaultListableBeanFactory     : Returning cached instance of singleton bean 'clientHttpRequestFactorySettings'
2025-07-30T17:03:41.022+05:30 TRACE 16196 --- [Spring_Boot_Start] [           main] o.s.b.f.s.DefaultListableBeanFactory     : Returning cached instance of singleton bean 'spring.http.client-org.springframework.boot.autoconfigure.http.client.HttpClientProperties'
2025-07-30T17:03:41.023+05:30 TRACE 16196 --- [Spring_Boot_Start] [           main] o.s.b.f.s.DefaultListableBeanFactory     : Returning cached instance of singleton bean 'org.springframework.boot.autoconfigure.info.ProjectInfoAutoConfiguration'
2025-07-30T17:03:41.023+05:30 TRACE 16196 --- [Spring_Boot_Start] [           main] o.s.b.f.s.DefaultListableBeanFactory     : Returning cached instance of singleton bean 'spring.info-org.springframework.boot.autoconfigure.info.ProjectInfoProperties'
2025-07-30T17:03:41.023+05:30 TRACE 16196 --- [Spring_Boot_Start] [           main] o.s.b.f.s.DefaultListableBeanFactory     : Returning cached instance of singleton bean 'org.springframework.boot.autoconfigure.sql.init.SqlInitializationAutoConfiguration'
2025-07-30T17:03:41.023+05:30 TRACE 16196 --- [Spring_Boot_Start] [           main] o.s.b.f.s.DefaultListableBeanFactory     : Returning cached instance of singleton bean 'spring.sql.init-org.springframework.boot.autoconfigure.sql.init.SqlInitializationProperties'
2025-07-30T17:03:41.023+05:30 TRACE 16196 --- [Spring_Boot_Start] [           main] o.s.b.f.s.DefaultListableBeanFactory     : Returning cached instance of singleton bean 'org.springframework.boot.sql.init.dependency.DatabaseInitializationDependencyConfigurer$DependsOnDatabaseInitializationPostProcessor'
2025-07-30T17:03:41.023+05:30 TRACE 16196 --- [Spring_Boot_Start] [           main] o.s.b.f.s.DefaultListableBeanFactory     : Returning cached instance of singleton bean 'org.springframework.boot.autoconfigure.task.TaskSchedulingConfigurations$ThreadPoolTaskSchedulerBuilderConfiguration'
2025-07-30T17:03:41.023+05:30 TRACE 16196 --- [Spring_Boot_Start] [           main] o.s.b.f.s.DefaultListableBeanFactory     : Returning cached instance of singleton bean 'threadPoolTaskSchedulerBuilder'
2025-07-30T17:03:41.023+05:30 TRACE 16196 --- [Spring_Boot_Start] [           main] o.s.b.f.s.DefaultListableBeanFactory     : Returning cached instance of singleton bean 'org.springframework.boot.autoconfigure.task.TaskSchedulingConfigurations$SimpleAsyncTaskSchedulerBuilderConfiguration'
2025-07-30T17:03:41.023+05:30 TRACE 16196 --- [Spring_Boot_Start] [           main] o.s.b.f.s.DefaultListableBeanFactory     : Returning cached instance of singleton bean 'simpleAsyncTaskSchedulerBuilder'
2025-07-30T17:03:41.023+05:30 TRACE 16196 --- [Spring_Boot_Start] [           main] o.s.b.f.s.DefaultListableBeanFactory     : Returning cached instance of singleton bean 'org.springframework.boot.autoconfigure.task.TaskSchedulingAutoConfiguration'
2025-07-30T17:03:41.023+05:30 TRACE 16196 --- [Spring_Boot_Start] [           main] o.s.b.f.s.DefaultListableBeanFactory     : Returning cached instance of singleton bean 'spring.task.scheduling-org.springframework.boot.autoconfigure.task.TaskSchedulingProperties'
2025-07-30T17:03:41.023+05:30 TRACE 16196 --- [Spring_Boot_Start] [           main] o.s.b.f.s.DefaultListableBeanFactory     : Returning cached instance of singleton bean 'org.springframework.boot.autoconfigure.web.client.RestClientAutoConfiguration'
2025-07-30T17:03:41.023+05:30 TRACE 16196 --- [Spring_Boot_Start] [           main] o.s.b.f.s.DefaultListableBeanFactory     : Returning cached instance of singleton bean 'httpMessageConvertersRestClientCustomizer'
2025-07-30T17:03:41.023+05:30 TRACE 16196 --- [Spring_Boot_Start] [           main] o.s.b.f.s.DefaultListableBeanFactory     : Returning cached instance of singleton bean 'restClientSsl'
2025-07-30T17:03:41.023+05:30 TRACE 16196 --- [Spring_Boot_Start] [           main] o.s.b.f.s.DefaultListableBeanFactory     : Returning cached instance of singleton bean 'restClientBuilderConfigurer'
2025-07-30T17:03:41.023+05:30 TRACE 16196 --- [Spring_Boot_Start] [           main] o.s.b.f.s.DefaultListableBeanFactory     : Returning cached instance of singleton bean 'org.springframework.boot.autoconfigure.web.client.RestTemplateAutoConfiguration'
2025-07-30T17:03:41.023+05:30 TRACE 16196 --- [Spring_Boot_Start] [           main] o.s.b.f.s.DefaultListableBeanFactory     : Returning cached instance of singleton bean 'org.springframework.boot.autoconfigure.web.servlet.HttpEncodingAutoConfiguration'
2025-07-30T17:03:41.023+05:30 TRACE 16196 --- [Spring_Boot_Start] [           main] o.s.b.f.s.DefaultListableBeanFactory     : Returning cached instance of singleton bean 'characterEncodingFilter'
2025-07-30T17:03:41.023+05:30 TRACE 16196 --- [Spring_Boot_Start] [           main] o.s.b.f.s.DefaultListableBeanFactory     : Returning cached instance of singleton bean 'localeCharsetMappingsCustomizer'
2025-07-30T17:03:41.023+05:30 TRACE 16196 --- [Spring_Boot_Start] [           main] o.s.b.f.s.DefaultListableBeanFactory     : Returning cached instance of singleton bean 'org.springframework.boot.autoconfigure.web.servlet.MultipartAutoConfiguration'
2025-07-30T17:03:41.023+05:30 TRACE 16196 --- [Spring_Boot_Start] [           main] o.s.b.f.s.DefaultListableBeanFactory     : Returning cached instance of singleton bean 'multipartConfigElement'
2025-07-30T17:03:41.023+05:30 TRACE 16196 --- [Spring_Boot_Start] [           main] o.s.b.f.s.DefaultListableBeanFactory     : Returning cached instance of singleton bean 'multipartResolver'
2025-07-30T17:03:41.023+05:30 TRACE 16196 --- [Spring_Boot_Start] [           main] o.s.b.f.s.DefaultListableBeanFactory     : Returning cached instance of singleton bean 'spring.servlet.multipart-org.springframework.boot.autoconfigure.web.servlet.MultipartProperties'
2025-07-30T17:03:41.023+05:30 TRACE 16196 --- [Spring_Boot_Start] [           main] o.s.b.f.s.DefaultListableBeanFactory     : Returning cached instance of singleton bean 'org.springframework.aop.config.internalAutoProxyCreator'
2025-07-30T17:03:41.023+05:30 TRACE 16196 --- [Spring_Boot_Start] [           main] o.s.b.f.s.DefaultListableBeanFactory     : Returning cached instance of singleton bean 'org.springframework.boot.test.mock.mockito.MockitoBeans'
2025-07-30T17:03:41.025+05:30 TRACE 16196 --- [Spring_Boot_Start] [           main] c.DefaultCacheAwareContextLoaderDelegate : Retrieved ApplicationContext [1970779713] from cache with key [WebMergedContextConfiguration@62b93086 testClass = com.Spring_Boot_Start.Spring_Boot_Start.SpringBootStartApplicationTests, locations = [], classes = [com.Spring_Boot_Start.Spring_Boot_Start.SpringBootStartApplication], contextInitializerClasses = [], activeProfiles = [], propertySourceDescriptors = [], propertySourceProperties = ["org.springframework.boot.test.context.SpringBootTestContextBootstrapper=true"], contextCustomizers = [org.springframework.boot.test.context.filter.ExcludeFilterContextCustomizer@4b741d6d, org.springframework.boot.test.json.DuplicateJsonObjectContextCustomizerFactory$DuplicateJsonObjectContextCustomizer@7674f035, org.springframework.boot.test.mock.mockito.MockitoContextCustomizer@0, org.springframework.boot.test.web.client.TestRestTemplateContextCustomizer@1cf6d1be, org.springframework.boot.test.web.reactor.netty.DisableReactorResourceFactoryGlobalResourcesContextCustomizerFactory$DisableReactorResourceFactoryGlobalResourcesContextCustomizerCustomizer@4c60d6e9, org.springframework.boot.test.autoconfigure.OnFailureConditionReportContextCustomizerFactory$OnFailureConditionReportContextCustomizer@1349883, org.springframework.boot.test.autoconfigure.actuate.observability.ObservabilityContextCustomizerFactory$DisableObservabilityContextCustomizer@1f, org.springframework.boot.test.autoconfigure.properties.PropertyMappingContextCustomizer@0, org.springframework.boot.test.autoconfigure.web.servlet.WebDriverContextCustomizer@268f106e, org.springframework.test.context.support.DynamicPropertiesContextCustomizer@0, org.springframework.boot.test.context.SpringBootTestAnnotation@9f0191c7], resourceBasePath = "src/main/webapp", contextLoader = org.springframework.boot.test.context.SpringBootContextLoader, parent = null]
2025-07-30T17:03:41.025+05:30 DEBUG 16196 --- [Spring_Boot_Start] [           main] org.springframework.test.context.cache   : Spring test ApplicationContext cache statistics: [DefaultContextCache@254449bb size = 1, maxSize = 32, parentContextCount = 0, hitCount = 13, missCount = 1, failureCount = 0]
2025-07-30T17:03:41.026+05:30 TRACE 16196 --- [Spring_Boot_Start] [           main] .c.s.DirtiesContextTestExecutionListener : After test method: context [DefaultTestContext@29ebbdf4 testClass = com.Spring_Boot_Start.Spring_Boot_Start.SpringBootStartApplicationTests, testInstance = com.Spring_Boot_Start.Spring_Boot_Start.SpringBootStartApplicationTests@2fd954f, testMethod = contextLoads(), testException = null, mergedContextConfiguration = [WebMergedContextConfiguration@62b93086 testClass = com.Spring_Boot_Start.Spring_Boot_Start.SpringBootStartApplicationTests, locations = [], classes = [com.Spring_Boot_Start.Spring_Boot_Start.SpringBootStartApplication], contextInitializerClasses = [], activeProfiles = [], propertySourceDescriptors = [], propertySourceProperties = ["org.springframework.boot.test.context.SpringBootTestContextBootstrapper=true"], contextCustomizers = [org.springframework.boot.test.context.filter.ExcludeFilterContextCustomizer@4b741d6d, org.springframework.boot.test.json.DuplicateJsonObjectContextCustomizerFactory$DuplicateJsonObjectContextCustomizer@7674f035, org.springframework.boot.test.mock.mockito.MockitoContextCustomizer@0, org.springframework.boot.test.web.client.TestRestTemplateContextCustomizer@1cf6d1be, org.springframework.boot.test.web.reactor.netty.DisableReactorResourceFactoryGlobalResourcesContextCustomizerFactory$DisableReactorResourceFactoryGlobalResourcesContextCustomizerCustomizer@4c60d6e9, org.springframework.boot.test.autoconfigure.OnFailureConditionReportContextCustomizerFactory$OnFailureConditionReportContextCustomizer@1349883, org.springframework.boot.test.autoconfigure.actuate.observability.ObservabilityContextCustomizerFactory$DisableObservabilityContextCustomizer@1f, org.springframework.boot.test.autoconfigure.properties.PropertyMappingContextCustomizer@0, org.springframework.boot.test.autoconfigure.web.servlet.WebDriverContextCustomizer@268f106e, org.springframework.test.context.support.DynamicPropertiesContextCustomizer@0, org.springframework.boot.test.context.SpringBootTestAnnotation@9f0191c7], resourceBasePath = "src/main/webapp", contextLoader = org.springframework.boot.test.context.SpringBootContextLoader, parent = null], attributes = {"org.springframework.test.context.web.ServletTestExecutionListener.activateListener" -> true, "org.springframework.test.context.web.ServletTestExecutionListener.populatedRequestContextHolder" -> true, "org.springframework.test.context.web.ServletTestExecutionListener.resetRequestContextHolder" -> true, "org.springframework.test.context.event.ApplicationEventsTestExecutionListener.recordApplicationEvents" -> false}], class annotated with @DirtiesContext [false] with mode [null], method annotated with @DirtiesContext [false] with mode [null]
2025-07-30T17:03:41.026+05:30 TRACE 16196 --- [Spring_Boot_Start] [           main] o.s.t.c.w.ServletTestExecutionListener   : Resetting RequestContextHolder for test context [DefaultTestContext@29ebbdf4 testClass = com.Spring_Boot_Start.Spring_Boot_Start.SpringBootStartApplicationTests, testInstance = com.Spring_Boot_Start.Spring_Boot_Start.SpringBootStartApplicationTests@2fd954f, testMethod = contextLoads(), testException = null, mergedContextConfiguration = [WebMergedContextConfiguration@62b93086 testClass = com.Spring_Boot_Start.Spring_Boot_Start.SpringBootStartApplicationTests, locations = [], classes = [com.Spring_Boot_Start.Spring_Boot_Start.SpringBootStartApplication], contextInitializerClasses = [], activeProfiles = [], propertySourceDescriptors = [], propertySourceProperties = ["org.springframework.boot.test.context.SpringBootTestContextBootstrapper=true"], contextCustomizers = [org.springframework.boot.test.context.filter.ExcludeFilterContextCustomizer@4b741d6d, org.springframework.boot.test.json.DuplicateJsonObjectContextCustomizerFactory$DuplicateJsonObjectContextCustomizer@7674f035, org.springframework.boot.test.mock.mockito.MockitoContextCustomizer@0, org.springframework.boot.test.web.client.TestRestTemplateContextCustomizer@1cf6d1be, org.springframework.boot.test.web.reactor.netty.DisableReactorResourceFactoryGlobalResourcesContextCustomizerFactory$DisableReactorResourceFactoryGlobalResourcesContextCustomizerCustomizer@4c60d6e9, org.springframework.boot.test.autoconfigure.OnFailureConditionReportContextCustomizerFactory$OnFailureConditionReportContextCustomizer@1349883, org.springframework.boot.test.autoconfigure.actuate.observability.ObservabilityContextCustomizerFactory$DisableObservabilityContextCustomizer@1f, org.springframework.boot.test.autoconfigure.properties.PropertyMappingContextCustomizer@0, org.springframework.boot.test.autoconfigure.web.servlet.WebDriverContextCustomizer@268f106e, org.springframework.test.context.support.DynamicPropertiesContextCustomizer@0, org.springframework.boot.test.context.SpringBootTestAnnotation@9f0191c7], resourceBasePath = "src/main/webapp", contextLoader = org.springframework.boot.test.context.SpringBootContextLoader, parent = null], attributes = {"org.springframework.test.context.web.ServletTestExecutionListener.activateListener" -> true, "org.springframework.test.context.web.ServletTestExecutionListener.populatedRequestContextHolder" -> true, "org.springframework.test.context.web.ServletTestExecutionListener.resetRequestContextHolder" -> true, "org.springframework.test.context.event.ApplicationEventsTestExecutionListener.recordApplicationEvents" -> false}]
]]></system-out>
    <system-err><![CDATA[Mockito is currently self-attaching to enable the inline-mock-maker. This will no longer work in future releases of the JDK. Please add Mockito as an agent to your build as described in Mockito's documentation: https://javadoc.io/doc/org.mockito/mockito-core/latest/org.mockito/org/mockito/Mockito.html#0.3
WARNING: A Java agent has been loaded dynamically (C:\Users\Rutik Darekar\.m2\repository\net\bytebuddy\byte-buddy-agent\1.17.6\byte-buddy-agent-1.17.6.jar)
WARNING: If a serviceability tool is in use, please run with -XX:+EnableDynamicAgentLoading to hide this warning
WARNING: If a serviceability tool is not in use, please run with -Djdk.instrument.traceUsage for more information
WARNING: Dynamic loading of agents will be disallowed by default in a future release
]]></system-err>
  </testcase>
</testsuite>